ARM GAS  C:\Users\LAIR\AppData\Local\Temp\ccVGLeHl.s 			page 1


   1              		.cpu cortex-m0
   2              		.fpu softvfp
   3              		.eabi_attribute 20, 1
   4              		.eabi_attribute 21, 1
   5              		.eabi_attribute 23, 3
   6              		.eabi_attribute 24, 1
   7              		.eabi_attribute 25, 1
   8              		.eabi_attribute 26, 1
   9              		.eabi_attribute 30, 1
  10              		.eabi_attribute 34, 0
  11              		.eabi_attribute 18, 4
  12              		.code	16
  13              		.file	"ADC_PM.c"
  14              		.text
  15              	.Ltext0:
  16              		.cfi_sections	.debug_frame
  17              		.section	.text.ADC_SaveConfig,"ax",%progbits
  18              		.align	2
  19              		.global	ADC_SaveConfig
  20              		.code	16
  21              		.thumb_func
  22              		.type	ADC_SaveConfig, %function
  23              	ADC_SaveConfig:
  24              	.LFB1:
  25              		.file 1 ".\\Generated_Source\\PSoC4\\ADC_PM.c"
   1:.\Generated_Source\PSoC4/ADC_PM.c **** /*******************************************************************************
   2:.\Generated_Source\PSoC4/ADC_PM.c **** * File Name: ADC_PM.c
   3:.\Generated_Source\PSoC4/ADC_PM.c **** * Version 2.40
   4:.\Generated_Source\PSoC4/ADC_PM.c **** *
   5:.\Generated_Source\PSoC4/ADC_PM.c **** * Description:
   6:.\Generated_Source\PSoC4/ADC_PM.c **** *  This file provides Sleep/WakeUp APIs functionality.
   7:.\Generated_Source\PSoC4/ADC_PM.c **** *
   8:.\Generated_Source\PSoC4/ADC_PM.c **** * Note:
   9:.\Generated_Source\PSoC4/ADC_PM.c **** *
  10:.\Generated_Source\PSoC4/ADC_PM.c **** ********************************************************************************
  11:.\Generated_Source\PSoC4/ADC_PM.c **** * Copyright 2008-2015, Cypress Semiconductor Corporation.  All rights reserved.
  12:.\Generated_Source\PSoC4/ADC_PM.c **** * You may use this file only in accordance with the license, terms, conditions,
  13:.\Generated_Source\PSoC4/ADC_PM.c **** * disclaimers, and limitations in the end user license agreement accompanying
  14:.\Generated_Source\PSoC4/ADC_PM.c **** * the software package with which this file was provided.
  15:.\Generated_Source\PSoC4/ADC_PM.c **** *******************************************************************************/
  16:.\Generated_Source\PSoC4/ADC_PM.c **** 
  17:.\Generated_Source\PSoC4/ADC_PM.c **** #include "ADC.h"
  18:.\Generated_Source\PSoC4/ADC_PM.c **** 
  19:.\Generated_Source\PSoC4/ADC_PM.c **** 
  20:.\Generated_Source\PSoC4/ADC_PM.c **** /***************************************
  21:.\Generated_Source\PSoC4/ADC_PM.c **** * Local data allocation
  22:.\Generated_Source\PSoC4/ADC_PM.c **** ***************************************/
  23:.\Generated_Source\PSoC4/ADC_PM.c **** 
  24:.\Generated_Source\PSoC4/ADC_PM.c **** static ADC_BACKUP_STRUCT  ADC_backup =
  25:.\Generated_Source\PSoC4/ADC_PM.c **** {
  26:.\Generated_Source\PSoC4/ADC_PM.c ****     ADC_DISABLED
  27:.\Generated_Source\PSoC4/ADC_PM.c **** };
  28:.\Generated_Source\PSoC4/ADC_PM.c **** 
  29:.\Generated_Source\PSoC4/ADC_PM.c **** 
  30:.\Generated_Source\PSoC4/ADC_PM.c **** /*******************************************************************************
  31:.\Generated_Source\PSoC4/ADC_PM.c **** * Function Name: ADC_SaveConfig
  32:.\Generated_Source\PSoC4/ADC_PM.c **** ********************************************************************************
ARM GAS  C:\Users\LAIR\AppData\Local\Temp\ccVGLeHl.s 			page 2


  33:.\Generated_Source\PSoC4/ADC_PM.c **** *
  34:.\Generated_Source\PSoC4/ADC_PM.c **** * Summary:
  35:.\Generated_Source\PSoC4/ADC_PM.c **** *  Saves the current user configuration.
  36:.\Generated_Source\PSoC4/ADC_PM.c **** *
  37:.\Generated_Source\PSoC4/ADC_PM.c **** * Parameters:
  38:.\Generated_Source\PSoC4/ADC_PM.c **** *  None.
  39:.\Generated_Source\PSoC4/ADC_PM.c **** *
  40:.\Generated_Source\PSoC4/ADC_PM.c **** * Return:
  41:.\Generated_Source\PSoC4/ADC_PM.c **** *  None.
  42:.\Generated_Source\PSoC4/ADC_PM.c **** *
  43:.\Generated_Source\PSoC4/ADC_PM.c **** *******************************************************************************/
  44:.\Generated_Source\PSoC4/ADC_PM.c **** void ADC_SaveConfig(void)
  45:.\Generated_Source\PSoC4/ADC_PM.c **** {
  26              		.loc 1 45 0
  27              		.cfi_startproc
  46:.\Generated_Source\PSoC4/ADC_PM.c ****     /* All configuration registers are marked as [reset_all_retention] */
  47:.\Generated_Source\PSoC4/ADC_PM.c **** }
  28              		.loc 1 47 0
  29              		@ sp needed
  30 0000 7047     		bx	lr
  31              		.cfi_endproc
  32              	.LFE1:
  33              		.size	ADC_SaveConfig, .-ADC_SaveConfig
  34 0002 C046     		.section	.text.ADC_RestoreConfig,"ax",%progbits
  35              		.align	2
  36              		.global	ADC_RestoreConfig
  37              		.code	16
  38              		.thumb_func
  39              		.type	ADC_RestoreConfig, %function
  40              	ADC_RestoreConfig:
  41              	.LFB2:
  48:.\Generated_Source\PSoC4/ADC_PM.c **** 
  49:.\Generated_Source\PSoC4/ADC_PM.c **** 
  50:.\Generated_Source\PSoC4/ADC_PM.c **** /*******************************************************************************
  51:.\Generated_Source\PSoC4/ADC_PM.c **** * Function Name: ADC_RestoreConfig
  52:.\Generated_Source\PSoC4/ADC_PM.c **** ********************************************************************************
  53:.\Generated_Source\PSoC4/ADC_PM.c **** *
  54:.\Generated_Source\PSoC4/ADC_PM.c **** * Summary:
  55:.\Generated_Source\PSoC4/ADC_PM.c **** *  Restores the current user configuration.
  56:.\Generated_Source\PSoC4/ADC_PM.c **** *
  57:.\Generated_Source\PSoC4/ADC_PM.c **** * Parameters:
  58:.\Generated_Source\PSoC4/ADC_PM.c **** *  None.
  59:.\Generated_Source\PSoC4/ADC_PM.c **** *
  60:.\Generated_Source\PSoC4/ADC_PM.c **** * Return:
  61:.\Generated_Source\PSoC4/ADC_PM.c **** *  None.
  62:.\Generated_Source\PSoC4/ADC_PM.c **** *
  63:.\Generated_Source\PSoC4/ADC_PM.c **** *******************************************************************************/
  64:.\Generated_Source\PSoC4/ADC_PM.c **** void ADC_RestoreConfig(void)
  65:.\Generated_Source\PSoC4/ADC_PM.c **** {
  42              		.loc 1 65 0
  43              		.cfi_startproc
  66:.\Generated_Source\PSoC4/ADC_PM.c ****     /* All congiguration registers are marked as [reset_all_retention] */
  67:.\Generated_Source\PSoC4/ADC_PM.c **** }
  44              		.loc 1 67 0
  45              		@ sp needed
  46 0000 7047     		bx	lr
  47              		.cfi_endproc
ARM GAS  C:\Users\LAIR\AppData\Local\Temp\ccVGLeHl.s 			page 3


  48              	.LFE2:
  49              		.size	ADC_RestoreConfig, .-ADC_RestoreConfig
  50 0002 C046     		.section	.text.ADC_Sleep,"ax",%progbits
  51              		.align	2
  52              		.global	ADC_Sleep
  53              		.code	16
  54              		.thumb_func
  55              		.type	ADC_Sleep, %function
  56              	ADC_Sleep:
  57              	.LFB3:
  68:.\Generated_Source\PSoC4/ADC_PM.c **** 
  69:.\Generated_Source\PSoC4/ADC_PM.c **** 
  70:.\Generated_Source\PSoC4/ADC_PM.c **** /*******************************************************************************
  71:.\Generated_Source\PSoC4/ADC_PM.c **** * Function Name: ADC_Sleep
  72:.\Generated_Source\PSoC4/ADC_PM.c **** ********************************************************************************
  73:.\Generated_Source\PSoC4/ADC_PM.c **** *
  74:.\Generated_Source\PSoC4/ADC_PM.c **** * Summary:
  75:.\Generated_Source\PSoC4/ADC_PM.c **** *  Stops the ADC operation and saves the configuration registers and component
  76:.\Generated_Source\PSoC4/ADC_PM.c **** *  enable state. Should be called just prior to entering sleep.
  77:.\Generated_Source\PSoC4/ADC_PM.c **** *
  78:.\Generated_Source\PSoC4/ADC_PM.c **** * Parameters:
  79:.\Generated_Source\PSoC4/ADC_PM.c **** *  None.
  80:.\Generated_Source\PSoC4/ADC_PM.c **** *
  81:.\Generated_Source\PSoC4/ADC_PM.c **** * Return:
  82:.\Generated_Source\PSoC4/ADC_PM.c **** *  None.
  83:.\Generated_Source\PSoC4/ADC_PM.c **** *
  84:.\Generated_Source\PSoC4/ADC_PM.c **** * Global Variables:
  85:.\Generated_Source\PSoC4/ADC_PM.c **** *  ADC_backup - modified.
  86:.\Generated_Source\PSoC4/ADC_PM.c **** *
  87:.\Generated_Source\PSoC4/ADC_PM.c **** *******************************************************************************/
  88:.\Generated_Source\PSoC4/ADC_PM.c **** void ADC_Sleep(void)
  89:.\Generated_Source\PSoC4/ADC_PM.c **** {
  58              		.loc 1 89 0
  59              		.cfi_startproc
  60 0000 08B5     		push	{r3, lr}
  61              		.cfi_def_cfa_offset 8
  62              		.cfi_offset 3, -8
  63              		.cfi_offset 14, -4
  90:.\Generated_Source\PSoC4/ADC_PM.c ****     /* During deepsleep/ hibernate mode keep SARMUX active, i.e. do not open
  91:.\Generated_Source\PSoC4/ADC_PM.c ****     *   all switches (disconnect), to be used for ADFT
  92:.\Generated_Source\PSoC4/ADC_PM.c ****     */
  93:.\Generated_Source\PSoC4/ADC_PM.c ****     ADC_SAR_DFT_CTRL_REG |= ADC_ADFT_OVERRIDE;
  64              		.loc 1 93 0
  65 0002 164A     		ldr	r2, .L8
  66 0004 1368     		ldr	r3, [r2]
  67 0006 8021     		mov	r1, #128
  68 0008 0906     		lsl	r1, r1, #24
  69 000a 0B43     		orr	r3, r1
  70 000c 1360     		str	r3, [r2]
  94:.\Generated_Source\PSoC4/ADC_PM.c ****     if((ADC_SAR_CTRL_REG  & ADC_ENABLE) != 0u)
  71              		.loc 1 94 0
  72 000e 144B     		ldr	r3, .L8+4
  73 0010 1B68     		ldr	r3, [r3]
  74 0012 002B     		cmp	r3, #0
  75 0014 1DDA     		bge	.L4
  95:.\Generated_Source\PSoC4/ADC_PM.c ****     {
  96:.\Generated_Source\PSoC4/ADC_PM.c ****         if((ADC_SAR_SAMPLE_CTRL_REG & ADC_CONTINUOUS_EN) != 0u)
ARM GAS  C:\Users\LAIR\AppData\Local\Temp\ccVGLeHl.s 			page 4


  76              		.loc 1 96 0
  77 0016 134B     		ldr	r3, .L8+8
  78 0018 1B68     		ldr	r3, [r3]
  79 001a DB03     		lsl	r3, r3, #15
  80 001c 03D5     		bpl	.L5
  97:.\Generated_Source\PSoC4/ADC_PM.c ****         {
  98:.\Generated_Source\PSoC4/ADC_PM.c ****             ADC_backup.enableState = ADC_ENABLED | ADC_STARTED;
  81              		.loc 1 98 0
  82 001e 0322     		mov	r2, #3
  83 0020 114B     		ldr	r3, .L8+12
  84 0022 1A70     		strb	r2, [r3]
  85 0024 02E0     		b	.L6
  86              	.L5:
  99:.\Generated_Source\PSoC4/ADC_PM.c ****         }
 100:.\Generated_Source\PSoC4/ADC_PM.c ****         else
 101:.\Generated_Source\PSoC4/ADC_PM.c ****         {
 102:.\Generated_Source\PSoC4/ADC_PM.c ****             ADC_backup.enableState = ADC_ENABLED;
  87              		.loc 1 102 0
  88 0026 0122     		mov	r2, #1
  89 0028 0F4B     		ldr	r3, .L8+12
  90 002a 1A70     		strb	r2, [r3]
  91              	.L6:
 103:.\Generated_Source\PSoC4/ADC_PM.c ****         }
 104:.\Generated_Source\PSoC4/ADC_PM.c ****         ADC_StopConvert();
  92              		.loc 1 104 0
  93 002c FFF7FEFF 		bl	ADC_StopConvert
  94              	.LVL0:
 105:.\Generated_Source\PSoC4/ADC_PM.c ****         ADC_Stop();
  95              		.loc 1 105 0
  96 0030 FFF7FEFF 		bl	ADC_Stop
  97              	.LVL1:
 106:.\Generated_Source\PSoC4/ADC_PM.c ****         
 107:.\Generated_Source\PSoC4/ADC_PM.c ****         /* Disable the SAR internal pump before entering the chip low power mode */
 108:.\Generated_Source\PSoC4/ADC_PM.c ****         if((ADC_SAR_CTRL_REG & ADC_BOOSTPUMP_EN) != 0u)
  98              		.loc 1 108 0
  99 0034 0A4B     		ldr	r3, .L8+4
 100 0036 1B68     		ldr	r3, [r3]
 101 0038 DB02     		lsl	r3, r3, #11
 102 003a 0DD5     		bpl	.L3
 109:.\Generated_Source\PSoC4/ADC_PM.c ****         {
 110:.\Generated_Source\PSoC4/ADC_PM.c ****             ADC_SAR_CTRL_REG &= (uint32)~ADC_BOOSTPUMP_EN;
 103              		.loc 1 110 0
 104 003c 084A     		ldr	r2, .L8+4
 105 003e 1168     		ldr	r1, [r2]
 106 0040 0A4B     		ldr	r3, .L8+16
 107 0042 0B40     		and	r3, r1
 108 0044 1360     		str	r3, [r2]
 111:.\Generated_Source\PSoC4/ADC_PM.c ****             ADC_backup.enableState |= ADC_BOOSTPUMP_ENABLED;
 109              		.loc 1 111 0
 110 0046 084A     		ldr	r2, .L8+12
 111 0048 1178     		ldrb	r1, [r2]
 112 004a 0423     		mov	r3, #4
 113 004c 0B43     		orr	r3, r1
 114 004e 1370     		strb	r3, [r2]
 115 0050 02E0     		b	.L3
 116              	.L4:
 112:.\Generated_Source\PSoC4/ADC_PM.c ****         }
ARM GAS  C:\Users\LAIR\AppData\Local\Temp\ccVGLeHl.s 			page 5


 113:.\Generated_Source\PSoC4/ADC_PM.c ****     }
 114:.\Generated_Source\PSoC4/ADC_PM.c ****     else
 115:.\Generated_Source\PSoC4/ADC_PM.c ****     {
 116:.\Generated_Source\PSoC4/ADC_PM.c ****         ADC_backup.enableState = ADC_DISABLED;
 117              		.loc 1 116 0
 118 0052 0022     		mov	r2, #0
 119 0054 044B     		ldr	r3, .L8+12
 120 0056 1A70     		strb	r2, [r3]
 121              	.L3:
 117:.\Generated_Source\PSoC4/ADC_PM.c ****     }
 118:.\Generated_Source\PSoC4/ADC_PM.c **** }
 122              		.loc 1 118 0
 123              		@ sp needed
 124 0058 08BD     		pop	{r3, pc}
 125              	.L9:
 126 005a C046     		.align	2
 127              	.L8:
 128 005c 30003A40 		.word	1077542960
 129 0060 00003A40 		.word	1077542912
 130 0064 04003A40 		.word	1077542916
 131 0068 00000000 		.word	.LANCHOR0
 132 006c FFFFEFFF 		.word	-1048577
 133              		.cfi_endproc
 134              	.LFE3:
 135              		.size	ADC_Sleep, .-ADC_Sleep
 136              		.section	.text.ADC_Wakeup,"ax",%progbits
 137              		.align	2
 138              		.global	ADC_Wakeup
 139              		.code	16
 140              		.thumb_func
 141              		.type	ADC_Wakeup, %function
 142              	ADC_Wakeup:
 143              	.LFB4:
 119:.\Generated_Source\PSoC4/ADC_PM.c **** 
 120:.\Generated_Source\PSoC4/ADC_PM.c **** 
 121:.\Generated_Source\PSoC4/ADC_PM.c **** /*******************************************************************************
 122:.\Generated_Source\PSoC4/ADC_PM.c **** * Function Name: ADC_Wakeup
 123:.\Generated_Source\PSoC4/ADC_PM.c **** ********************************************************************************
 124:.\Generated_Source\PSoC4/ADC_PM.c **** *
 125:.\Generated_Source\PSoC4/ADC_PM.c **** * Summary:
 126:.\Generated_Source\PSoC4/ADC_PM.c **** *  Restores the component enable state and configuration registers.
 127:.\Generated_Source\PSoC4/ADC_PM.c **** *  This should be called just after awaking from sleep mode.
 128:.\Generated_Source\PSoC4/ADC_PM.c **** *
 129:.\Generated_Source\PSoC4/ADC_PM.c **** * Parameters:
 130:.\Generated_Source\PSoC4/ADC_PM.c **** *  None.
 131:.\Generated_Source\PSoC4/ADC_PM.c **** *
 132:.\Generated_Source\PSoC4/ADC_PM.c **** * Return:
 133:.\Generated_Source\PSoC4/ADC_PM.c **** *  None.
 134:.\Generated_Source\PSoC4/ADC_PM.c **** *
 135:.\Generated_Source\PSoC4/ADC_PM.c **** * Global Variables:
 136:.\Generated_Source\PSoC4/ADC_PM.c **** *  ADC_backup - used.
 137:.\Generated_Source\PSoC4/ADC_PM.c **** *
 138:.\Generated_Source\PSoC4/ADC_PM.c **** *******************************************************************************/
 139:.\Generated_Source\PSoC4/ADC_PM.c **** void ADC_Wakeup(void)
 140:.\Generated_Source\PSoC4/ADC_PM.c **** {
 144              		.loc 1 140 0
 145              		.cfi_startproc
ARM GAS  C:\Users\LAIR\AppData\Local\Temp\ccVGLeHl.s 			page 6


 146 0000 08B5     		push	{r3, lr}
 147              		.cfi_def_cfa_offset 8
 148              		.cfi_offset 3, -8
 149              		.cfi_offset 14, -4
 141:.\Generated_Source\PSoC4/ADC_PM.c ****     ADC_SAR_DFT_CTRL_REG &= (uint32)~ADC_ADFT_OVERRIDE;
 150              		.loc 1 141 0
 151 0002 0D4A     		ldr	r2, .L13
 152 0004 1368     		ldr	r3, [r2]
 153 0006 5B00     		lsl	r3, r3, #1
 154 0008 5B08     		lsr	r3, r3, #1
 155 000a 1360     		str	r3, [r2]
 142:.\Generated_Source\PSoC4/ADC_PM.c ****     if(ADC_backup.enableState != ADC_DISABLED)
 156              		.loc 1 142 0
 157 000c 0B4B     		ldr	r3, .L13+4
 158 000e 1B78     		ldrb	r3, [r3]
 159 0010 002B     		cmp	r3, #0
 160 0012 0FD0     		beq	.L10
 143:.\Generated_Source\PSoC4/ADC_PM.c ****     {
 144:.\Generated_Source\PSoC4/ADC_PM.c ****         /* Enable the SAR internal pump  */
 145:.\Generated_Source\PSoC4/ADC_PM.c ****         if((ADC_backup.enableState & ADC_BOOSTPUMP_ENABLED) != 0u)
 161              		.loc 1 145 0
 162 0014 5B07     		lsl	r3, r3, #29
 163 0016 05D5     		bpl	.L12
 146:.\Generated_Source\PSoC4/ADC_PM.c ****         {
 147:.\Generated_Source\PSoC4/ADC_PM.c ****             ADC_SAR_CTRL_REG |= ADC_BOOSTPUMP_EN;
 164              		.loc 1 147 0
 165 0018 094A     		ldr	r2, .L13+8
 166 001a 1368     		ldr	r3, [r2]
 167 001c 8021     		mov	r1, #128
 168 001e 4903     		lsl	r1, r1, #13
 169 0020 0B43     		orr	r3, r1
 170 0022 1360     		str	r3, [r2]
 171              	.L12:
 148:.\Generated_Source\PSoC4/ADC_PM.c ****         }
 149:.\Generated_Source\PSoC4/ADC_PM.c ****         ADC_Enable();
 172              		.loc 1 149 0
 173 0024 FFF7FEFF 		bl	ADC_Enable
 174              	.LVL2:
 150:.\Generated_Source\PSoC4/ADC_PM.c ****         if((ADC_backup.enableState & ADC_STARTED) != 0u)
 175              		.loc 1 150 0
 176 0028 044B     		ldr	r3, .L13+4
 177 002a 1B78     		ldrb	r3, [r3]
 178 002c 9B07     		lsl	r3, r3, #30
 179 002e 01D5     		bpl	.L10
 151:.\Generated_Source\PSoC4/ADC_PM.c ****         {
 152:.\Generated_Source\PSoC4/ADC_PM.c ****             ADC_StartConvert();
 180              		.loc 1 152 0
 181 0030 FFF7FEFF 		bl	ADC_StartConvert
 182              	.LVL3:
 183              	.L10:
 153:.\Generated_Source\PSoC4/ADC_PM.c ****         }
 154:.\Generated_Source\PSoC4/ADC_PM.c ****     }
 155:.\Generated_Source\PSoC4/ADC_PM.c **** }
 184              		.loc 1 155 0
 185              		@ sp needed
 186 0034 08BD     		pop	{r3, pc}
 187              	.L14:
ARM GAS  C:\Users\LAIR\AppData\Local\Temp\ccVGLeHl.s 			page 7


 188 0036 C046     		.align	2
 189              	.L13:
 190 0038 30003A40 		.word	1077542960
 191 003c 00000000 		.word	.LANCHOR0
 192 0040 00003A40 		.word	1077542912
 193              		.cfi_endproc
 194              	.LFE4:
 195              		.size	ADC_Wakeup, .-ADC_Wakeup
 196              		.bss
 197              		.align	2
 198              		.set	.LANCHOR0,. + 0
 199              		.type	ADC_backup, %object
 200              		.size	ADC_backup, 1
 201              	ADC_backup:
 202 0000 00       		.space	1
 203 0001 000000   		.text
 204              	.Letext0:
 205              		.file 2 ".\\Generated_Source\\PSoC4\\cytypes.h"
 206              		.file 3 ".\\Generated_Source\\PSoC4\\ADC.h"
 207              		.section	.debug_info,"",%progbits
 208              	.Ldebug_info0:
 209 0000 6C010000 		.4byte	0x16c
 210 0004 0400     		.2byte	0x4
 211 0006 00000000 		.4byte	.Ldebug_abbrev0
 212 000a 04       		.byte	0x4
 213 000b 01       		.uleb128 0x1
 214 000c 67010000 		.4byte	.LASF25
 215 0010 01       		.byte	0x1
 216 0011 62000000 		.4byte	.LASF26
 217 0015 0D010000 		.4byte	.LASF27
 218 0019 00000000 		.4byte	.Ldebug_ranges0+0
 219 001d 00000000 		.4byte	0
 220 0021 00000000 		.4byte	.Ldebug_line0
 221 0025 02       		.uleb128 0x2
 222 0026 01       		.byte	0x1
 223 0027 06       		.byte	0x6
 224 0028 13020000 		.4byte	.LASF0
 225 002c 02       		.uleb128 0x2
 226 002d 01       		.byte	0x1
 227 002e 08       		.byte	0x8
 228 002f 3C000000 		.4byte	.LASF1
 229 0033 02       		.uleb128 0x2
 230 0034 02       		.byte	0x2
 231 0035 05       		.byte	0x5
 232 0036 95000000 		.4byte	.LASF2
 233 003a 02       		.uleb128 0x2
 234 003b 02       		.byte	0x2
 235 003c 07       		.byte	0x7
 236 003d 23000000 		.4byte	.LASF3
 237 0041 02       		.uleb128 0x2
 238 0042 04       		.byte	0x4
 239 0043 05       		.byte	0x5
 240 0044 05020000 		.4byte	.LASF4
 241 0048 02       		.uleb128 0x2
 242 0049 04       		.byte	0x4
 243 004a 07       		.byte	0x7
 244 004b 4A000000 		.4byte	.LASF5
ARM GAS  C:\Users\LAIR\AppData\Local\Temp\ccVGLeHl.s 			page 8


 245 004f 02       		.uleb128 0x2
 246 0050 08       		.byte	0x8
 247 0051 05       		.byte	0x5
 248 0052 00000000 		.4byte	.LASF6
 249 0056 02       		.uleb128 0x2
 250 0057 08       		.byte	0x8
 251 0058 07       		.byte	0x7
 252 0059 CA000000 		.4byte	.LASF7
 253 005d 03       		.uleb128 0x3
 254 005e 04       		.byte	0x4
 255 005f 05       		.byte	0x5
 256 0060 696E7400 		.ascii	"int\000"
 257 0064 02       		.uleb128 0x2
 258 0065 04       		.byte	0x4
 259 0066 07       		.byte	0x7
 260 0067 B2000000 		.4byte	.LASF8
 261 006b 04       		.uleb128 0x4
 262 006c 5C000000 		.4byte	.LASF9
 263 0070 02       		.byte	0x2
 264 0071 9801     		.2byte	0x198
 265 0073 2C000000 		.4byte	0x2c
 266 0077 04       		.uleb128 0x4
 267 0078 9F000000 		.4byte	.LASF10
 268 007c 02       		.byte	0x2
 269 007d 9A01     		.2byte	0x19a
 270 007f 48000000 		.4byte	0x48
 271 0083 02       		.uleb128 0x2
 272 0084 04       		.byte	0x4
 273 0085 04       		.byte	0x4
 274 0086 36000000 		.4byte	.LASF11
 275 008a 02       		.uleb128 0x2
 276 008b 08       		.byte	0x8
 277 008c 04       		.byte	0x4
 278 008d 8E000000 		.4byte	.LASF12
 279 0091 02       		.uleb128 0x2
 280 0092 01       		.byte	0x1
 281 0093 08       		.byte	0x8
 282 0094 0E020000 		.4byte	.LASF13
 283 0098 04       		.uleb128 0x4
 284 0099 0E000000 		.4byte	.LASF14
 285 009d 02       		.byte	0x2
 286 009e 4402     		.2byte	0x244
 287 00a0 A4000000 		.4byte	0xa4
 288 00a4 05       		.uleb128 0x5
 289 00a5 77000000 		.4byte	0x77
 290 00a9 02       		.uleb128 0x2
 291 00aa 04       		.byte	0x4
 292 00ab 07       		.byte	0x7
 293 00ac E1000000 		.4byte	.LASF15
 294 00b0 06       		.uleb128 0x6
 295 00b1 01       		.byte	0x1
 296 00b2 03       		.byte	0x3
 297 00b3 1E       		.byte	0x1e
 298 00b4 C5000000 		.4byte	0xc5
 299 00b8 07       		.uleb128 0x7
 300 00b9 A6000000 		.4byte	.LASF28
 301 00bd 03       		.byte	0x3
ARM GAS  C:\Users\LAIR\AppData\Local\Temp\ccVGLeHl.s 			page 9


 302 00be 20       		.byte	0x20
 303 00bf 6B000000 		.4byte	0x6b
 304 00c3 00       		.byte	0
 305 00c4 00       		.byte	0
 306 00c5 08       		.uleb128 0x8
 307 00c6 FB000000 		.4byte	.LASF16
 308 00ca 03       		.byte	0x3
 309 00cb 21       		.byte	0x21
 310 00cc B0000000 		.4byte	0xb0
 311 00d0 09       		.uleb128 0x9
 312 00d1 14000000 		.4byte	.LASF17
 313 00d5 01       		.byte	0x1
 314 00d6 2C       		.byte	0x2c
 315 00d7 00000000 		.4byte	.LFB1
 316 00db 02000000 		.4byte	.LFE1-.LFB1
 317 00df 01       		.uleb128 0x1
 318 00e0 9C       		.byte	0x9c
 319 00e1 09       		.uleb128 0x9
 320 00e2 55010000 		.4byte	.LASF18
 321 00e6 01       		.byte	0x1
 322 00e7 40       		.byte	0x40
 323 00e8 00000000 		.4byte	.LFB2
 324 00ec 02000000 		.4byte	.LFE2-.LFB2
 325 00f0 01       		.uleb128 0x1
 326 00f1 9C       		.byte	0x9c
 327 00f2 0A       		.uleb128 0xa
 328 00f3 84000000 		.4byte	.LASF19
 329 00f7 01       		.byte	0x1
 330 00f8 58       		.byte	0x58
 331 00f9 00000000 		.4byte	.LFB3
 332 00fd 70000000 		.4byte	.LFE3-.LFB3
 333 0101 01       		.uleb128 0x1
 334 0102 9C       		.byte	0x9c
 335 0103 1A010000 		.4byte	0x11a
 336 0107 0B       		.uleb128 0xb
 337 0108 30000000 		.4byte	.LVL0
 338 010c 53010000 		.4byte	0x153
 339 0110 0B       		.uleb128 0xb
 340 0111 34000000 		.4byte	.LVL1
 341 0115 5A010000 		.4byte	0x15a
 342 0119 00       		.byte	0
 343 011a 0A       		.uleb128 0xa
 344 011b 2A020000 		.4byte	.LASF20
 345 011f 01       		.byte	0x1
 346 0120 8B       		.byte	0x8b
 347 0121 00000000 		.4byte	.LFB4
 348 0125 44000000 		.4byte	.LFE4-.LFB4
 349 0129 01       		.uleb128 0x1
 350 012a 9C       		.byte	0x9c
 351 012b 42010000 		.4byte	0x142
 352 012f 0B       		.uleb128 0xb
 353 0130 28000000 		.4byte	.LVL2
 354 0134 61010000 		.4byte	0x161
 355 0138 0B       		.uleb128 0xb
 356 0139 34000000 		.4byte	.LVL3
 357 013d 68010000 		.4byte	0x168
 358 0141 00       		.byte	0
ARM GAS  C:\Users\LAIR\AppData\Local\Temp\ccVGLeHl.s 			page 10


 359 0142 0C       		.uleb128 0xc
 360 0143 1F020000 		.4byte	.LASF29
 361 0147 01       		.byte	0x1
 362 0148 18       		.byte	0x18
 363 0149 C5000000 		.4byte	0xc5
 364 014d 05       		.uleb128 0x5
 365 014e 03       		.byte	0x3
 366 014f 00000000 		.4byte	ADC_backup
 367 0153 0D       		.uleb128 0xd
 368 0154 F5010000 		.4byte	.LASF21
 369 0158 03       		.byte	0x3
 370 0159 9D       		.byte	0x9d
 371 015a 0D       		.uleb128 0xd
 372 015b 35020000 		.4byte	.LASF22
 373 015f 03       		.byte	0x3
 374 0160 99       		.byte	0x99
 375 0161 0D       		.uleb128 0xd
 376 0162 BF000000 		.4byte	.LASF23
 377 0166 03       		.byte	0x3
 378 0167 9B       		.byte	0x9b
 379 0168 0D       		.uleb128 0xd
 380 0169 EA000000 		.4byte	.LASF24
 381 016d 03       		.byte	0x3
 382 016e 9C       		.byte	0x9c
 383 016f 00       		.byte	0
 384              		.section	.debug_abbrev,"",%progbits
 385              	.Ldebug_abbrev0:
 386 0000 01       		.uleb128 0x1
 387 0001 11       		.uleb128 0x11
 388 0002 01       		.byte	0x1
 389 0003 25       		.uleb128 0x25
 390 0004 0E       		.uleb128 0xe
 391 0005 13       		.uleb128 0x13
 392 0006 0B       		.uleb128 0xb
 393 0007 03       		.uleb128 0x3
 394 0008 0E       		.uleb128 0xe
 395 0009 1B       		.uleb128 0x1b
 396 000a 0E       		.uleb128 0xe
 397 000b 55       		.uleb128 0x55
 398 000c 17       		.uleb128 0x17
 399 000d 11       		.uleb128 0x11
 400 000e 01       		.uleb128 0x1
 401 000f 10       		.uleb128 0x10
 402 0010 17       		.uleb128 0x17
 403 0011 00       		.byte	0
 404 0012 00       		.byte	0
 405 0013 02       		.uleb128 0x2
 406 0014 24       		.uleb128 0x24
 407 0015 00       		.byte	0
 408 0016 0B       		.uleb128 0xb
 409 0017 0B       		.uleb128 0xb
 410 0018 3E       		.uleb128 0x3e
 411 0019 0B       		.uleb128 0xb
 412 001a 03       		.uleb128 0x3
 413 001b 0E       		.uleb128 0xe
 414 001c 00       		.byte	0
 415 001d 00       		.byte	0
ARM GAS  C:\Users\LAIR\AppData\Local\Temp\ccVGLeHl.s 			page 11


 416 001e 03       		.uleb128 0x3
 417 001f 24       		.uleb128 0x24
 418 0020 00       		.byte	0
 419 0021 0B       		.uleb128 0xb
 420 0022 0B       		.uleb128 0xb
 421 0023 3E       		.uleb128 0x3e
 422 0024 0B       		.uleb128 0xb
 423 0025 03       		.uleb128 0x3
 424 0026 08       		.uleb128 0x8
 425 0027 00       		.byte	0
 426 0028 00       		.byte	0
 427 0029 04       		.uleb128 0x4
 428 002a 16       		.uleb128 0x16
 429 002b 00       		.byte	0
 430 002c 03       		.uleb128 0x3
 431 002d 0E       		.uleb128 0xe
 432 002e 3A       		.uleb128 0x3a
 433 002f 0B       		.uleb128 0xb
 434 0030 3B       		.uleb128 0x3b
 435 0031 05       		.uleb128 0x5
 436 0032 49       		.uleb128 0x49
 437 0033 13       		.uleb128 0x13
 438 0034 00       		.byte	0
 439 0035 00       		.byte	0
 440 0036 05       		.uleb128 0x5
 441 0037 35       		.uleb128 0x35
 442 0038 00       		.byte	0
 443 0039 49       		.uleb128 0x49
 444 003a 13       		.uleb128 0x13
 445 003b 00       		.byte	0
 446 003c 00       		.byte	0
 447 003d 06       		.uleb128 0x6
 448 003e 13       		.uleb128 0x13
 449 003f 01       		.byte	0x1
 450 0040 0B       		.uleb128 0xb
 451 0041 0B       		.uleb128 0xb
 452 0042 3A       		.uleb128 0x3a
 453 0043 0B       		.uleb128 0xb
 454 0044 3B       		.uleb128 0x3b
 455 0045 0B       		.uleb128 0xb
 456 0046 01       		.uleb128 0x1
 457 0047 13       		.uleb128 0x13
 458 0048 00       		.byte	0
 459 0049 00       		.byte	0
 460 004a 07       		.uleb128 0x7
 461 004b 0D       		.uleb128 0xd
 462 004c 00       		.byte	0
 463 004d 03       		.uleb128 0x3
 464 004e 0E       		.uleb128 0xe
 465 004f 3A       		.uleb128 0x3a
 466 0050 0B       		.uleb128 0xb
 467 0051 3B       		.uleb128 0x3b
 468 0052 0B       		.uleb128 0xb
 469 0053 49       		.uleb128 0x49
 470 0054 13       		.uleb128 0x13
 471 0055 38       		.uleb128 0x38
 472 0056 0B       		.uleb128 0xb
ARM GAS  C:\Users\LAIR\AppData\Local\Temp\ccVGLeHl.s 			page 12


 473 0057 00       		.byte	0
 474 0058 00       		.byte	0
 475 0059 08       		.uleb128 0x8
 476 005a 16       		.uleb128 0x16
 477 005b 00       		.byte	0
 478 005c 03       		.uleb128 0x3
 479 005d 0E       		.uleb128 0xe
 480 005e 3A       		.uleb128 0x3a
 481 005f 0B       		.uleb128 0xb
 482 0060 3B       		.uleb128 0x3b
 483 0061 0B       		.uleb128 0xb
 484 0062 49       		.uleb128 0x49
 485 0063 13       		.uleb128 0x13
 486 0064 00       		.byte	0
 487 0065 00       		.byte	0
 488 0066 09       		.uleb128 0x9
 489 0067 2E       		.uleb128 0x2e
 490 0068 00       		.byte	0
 491 0069 3F       		.uleb128 0x3f
 492 006a 19       		.uleb128 0x19
 493 006b 03       		.uleb128 0x3
 494 006c 0E       		.uleb128 0xe
 495 006d 3A       		.uleb128 0x3a
 496 006e 0B       		.uleb128 0xb
 497 006f 3B       		.uleb128 0x3b
 498 0070 0B       		.uleb128 0xb
 499 0071 27       		.uleb128 0x27
 500 0072 19       		.uleb128 0x19
 501 0073 11       		.uleb128 0x11
 502 0074 01       		.uleb128 0x1
 503 0075 12       		.uleb128 0x12
 504 0076 06       		.uleb128 0x6
 505 0077 40       		.uleb128 0x40
 506 0078 18       		.uleb128 0x18
 507 0079 9742     		.uleb128 0x2117
 508 007b 19       		.uleb128 0x19
 509 007c 00       		.byte	0
 510 007d 00       		.byte	0
 511 007e 0A       		.uleb128 0xa
 512 007f 2E       		.uleb128 0x2e
 513 0080 01       		.byte	0x1
 514 0081 3F       		.uleb128 0x3f
 515 0082 19       		.uleb128 0x19
 516 0083 03       		.uleb128 0x3
 517 0084 0E       		.uleb128 0xe
 518 0085 3A       		.uleb128 0x3a
 519 0086 0B       		.uleb128 0xb
 520 0087 3B       		.uleb128 0x3b
 521 0088 0B       		.uleb128 0xb
 522 0089 27       		.uleb128 0x27
 523 008a 19       		.uleb128 0x19
 524 008b 11       		.uleb128 0x11
 525 008c 01       		.uleb128 0x1
 526 008d 12       		.uleb128 0x12
 527 008e 06       		.uleb128 0x6
 528 008f 40       		.uleb128 0x40
 529 0090 18       		.uleb128 0x18
ARM GAS  C:\Users\LAIR\AppData\Local\Temp\ccVGLeHl.s 			page 13


 530 0091 9742     		.uleb128 0x2117
 531 0093 19       		.uleb128 0x19
 532 0094 01       		.uleb128 0x1
 533 0095 13       		.uleb128 0x13
 534 0096 00       		.byte	0
 535 0097 00       		.byte	0
 536 0098 0B       		.uleb128 0xb
 537 0099 898201   		.uleb128 0x4109
 538 009c 00       		.byte	0
 539 009d 11       		.uleb128 0x11
 540 009e 01       		.uleb128 0x1
 541 009f 31       		.uleb128 0x31
 542 00a0 13       		.uleb128 0x13
 543 00a1 00       		.byte	0
 544 00a2 00       		.byte	0
 545 00a3 0C       		.uleb128 0xc
 546 00a4 34       		.uleb128 0x34
 547 00a5 00       		.byte	0
 548 00a6 03       		.uleb128 0x3
 549 00a7 0E       		.uleb128 0xe
 550 00a8 3A       		.uleb128 0x3a
 551 00a9 0B       		.uleb128 0xb
 552 00aa 3B       		.uleb128 0x3b
 553 00ab 0B       		.uleb128 0xb
 554 00ac 49       		.uleb128 0x49
 555 00ad 13       		.uleb128 0x13
 556 00ae 02       		.uleb128 0x2
 557 00af 18       		.uleb128 0x18
 558 00b0 00       		.byte	0
 559 00b1 00       		.byte	0
 560 00b2 0D       		.uleb128 0xd
 561 00b3 2E       		.uleb128 0x2e
 562 00b4 00       		.byte	0
 563 00b5 3F       		.uleb128 0x3f
 564 00b6 19       		.uleb128 0x19
 565 00b7 03       		.uleb128 0x3
 566 00b8 0E       		.uleb128 0xe
 567 00b9 3A       		.uleb128 0x3a
 568 00ba 0B       		.uleb128 0xb
 569 00bb 3B       		.uleb128 0x3b
 570 00bc 0B       		.uleb128 0xb
 571 00bd 27       		.uleb128 0x27
 572 00be 19       		.uleb128 0x19
 573 00bf 3C       		.uleb128 0x3c
 574 00c0 19       		.uleb128 0x19
 575 00c1 00       		.byte	0
 576 00c2 00       		.byte	0
 577 00c3 00       		.byte	0
 578              		.section	.debug_aranges,"",%progbits
 579 0000 34000000 		.4byte	0x34
 580 0004 0200     		.2byte	0x2
 581 0006 00000000 		.4byte	.Ldebug_info0
 582 000a 04       		.byte	0x4
 583 000b 00       		.byte	0
 584 000c 0000     		.2byte	0
 585 000e 0000     		.2byte	0
 586 0010 00000000 		.4byte	.LFB1
ARM GAS  C:\Users\LAIR\AppData\Local\Temp\ccVGLeHl.s 			page 14


 587 0014 02000000 		.4byte	.LFE1-.LFB1
 588 0018 00000000 		.4byte	.LFB2
 589 001c 02000000 		.4byte	.LFE2-.LFB2
 590 0020 00000000 		.4byte	.LFB3
 591 0024 70000000 		.4byte	.LFE3-.LFB3
 592 0028 00000000 		.4byte	.LFB4
 593 002c 44000000 		.4byte	.LFE4-.LFB4
 594 0030 00000000 		.4byte	0
 595 0034 00000000 		.4byte	0
 596              		.section	.debug_ranges,"",%progbits
 597              	.Ldebug_ranges0:
 598 0000 00000000 		.4byte	.LFB1
 599 0004 02000000 		.4byte	.LFE1
 600 0008 00000000 		.4byte	.LFB2
 601 000c 02000000 		.4byte	.LFE2
 602 0010 00000000 		.4byte	.LFB3
 603 0014 70000000 		.4byte	.LFE3
 604 0018 00000000 		.4byte	.LFB4
 605 001c 44000000 		.4byte	.LFE4
 606 0020 00000000 		.4byte	0
 607 0024 00000000 		.4byte	0
 608              		.section	.debug_line,"",%progbits
 609              	.Ldebug_line0:
 610 0000 A9000000 		.section	.debug_str,"MS",%progbits,1
 610      02004E00 
 610      00000201 
 610      FB0E0D00 
 610      01010101 
 611              	.LASF6:
 612 0000 6C6F6E67 		.ascii	"long long int\000"
 612      206C6F6E 
 612      6720696E 
 612      7400
 613              	.LASF14:
 614 000e 72656733 		.ascii	"reg32\000"
 614      3200
 615              	.LASF17:
 616 0014 4144435F 		.ascii	"ADC_SaveConfig\000"
 616      53617665 
 616      436F6E66 
 616      696700
 617              	.LASF3:
 618 0023 73686F72 		.ascii	"short unsigned int\000"
 618      7420756E 
 618      7369676E 
 618      65642069 
 618      6E7400
 619              	.LASF11:
 620 0036 666C6F61 		.ascii	"float\000"
 620      7400
 621              	.LASF1:
 622 003c 756E7369 		.ascii	"unsigned char\000"
 622      676E6564 
 622      20636861 
 622      7200
 623              	.LASF5:
 624 004a 6C6F6E67 		.ascii	"long unsigned int\000"
ARM GAS  C:\Users\LAIR\AppData\Local\Temp\ccVGLeHl.s 			page 15


 624      20756E73 
 624      69676E65 
 624      6420696E 
 624      7400
 625              	.LASF9:
 626 005c 75696E74 		.ascii	"uint8\000"
 626      3800
 627              	.LASF26:
 628 0062 2E5C4765 		.ascii	".\\Generated_Source\\PSoC4\\ADC_PM.c\000"
 628      6E657261 
 628      7465645F 
 628      536F7572 
 628      63655C50 
 629              	.LASF19:
 630 0084 4144435F 		.ascii	"ADC_Sleep\000"
 630      536C6565 
 630      7000
 631              	.LASF12:
 632 008e 646F7562 		.ascii	"double\000"
 632      6C6500
 633              	.LASF2:
 634 0095 73686F72 		.ascii	"short int\000"
 634      7420696E 
 634      7400
 635              	.LASF10:
 636 009f 75696E74 		.ascii	"uint32\000"
 636      333200
 637              	.LASF28:
 638 00a6 656E6162 		.ascii	"enableState\000"
 638      6C655374 
 638      61746500 
 639              	.LASF8:
 640 00b2 756E7369 		.ascii	"unsigned int\000"
 640      676E6564 
 640      20696E74 
 640      00
 641              	.LASF23:
 642 00bf 4144435F 		.ascii	"ADC_Enable\000"
 642      456E6162 
 642      6C6500
 643              	.LASF7:
 644 00ca 6C6F6E67 		.ascii	"long long unsigned int\000"
 644      206C6F6E 
 644      6720756E 
 644      7369676E 
 644      65642069 
 645              	.LASF15:
 646 00e1 73697A65 		.ascii	"sizetype\000"
 646      74797065 
 646      00
 647              	.LASF24:
 648 00ea 4144435F 		.ascii	"ADC_StartConvert\000"
 648      53746172 
 648      74436F6E 
 648      76657274 
 648      00
 649              	.LASF16:
ARM GAS  C:\Users\LAIR\AppData\Local\Temp\ccVGLeHl.s 			page 16


 650 00fb 4144435F 		.ascii	"ADC_BACKUP_STRUCT\000"
 650      4241434B 
 650      55505F53 
 650      54525543 
 650      5400
 651              	.LASF27:
 652 010d 433A5C55 		.ascii	"C:\\Users\\LAIR\\Documents\\GitHub\\ARC-Controller\\"
 652      73657273 
 652      5C4C4149 
 652      525C446F 
 652      63756D65 
 653 013b 50536F43 		.ascii	"PSoC-Code\\ARC-EMBED.cydsn\000"
 653      2D436F64 
 653      655C4152 
 653      432D454D 
 653      4245442E 
 654              	.LASF18:
 655 0155 4144435F 		.ascii	"ADC_RestoreConfig\000"
 655      52657374 
 655      6F726543 
 655      6F6E6669 
 655      6700
 656              	.LASF25:
 657 0167 474E5520 		.ascii	"GNU C 4.9.3 20150303 (release) [ARM/embedded-4_9-br"
 657      4320342E 
 657      392E3320 
 657      32303135 
 657      30333033 
 658 019a 616E6368 		.ascii	"anch revision 221220] -mcpu=cortex-m0 -mthumb -g -O"
 658      20726576 
 658      6973696F 
 658      6E203232 
 658      31323230 
 659 01cd 67202D66 		.ascii	"g -ffunction-sections -ffat-lto-objects\000"
 659      66756E63 
 659      74696F6E 
 659      2D736563 
 659      74696F6E 
 660              	.LASF21:
 661 01f5 4144435F 		.ascii	"ADC_StopConvert\000"
 661      53746F70 
 661      436F6E76 
 661      65727400 
 662              	.LASF4:
 663 0205 6C6F6E67 		.ascii	"long int\000"
 663      20696E74 
 663      00
 664              	.LASF13:
 665 020e 63686172 		.ascii	"char\000"
 665      00
 666              	.LASF0:
 667 0213 7369676E 		.ascii	"signed char\000"
 667      65642063 
 667      68617200 
 668              	.LASF29:
 669 021f 4144435F 		.ascii	"ADC_backup\000"
 669      6261636B 
ARM GAS  C:\Users\LAIR\AppData\Local\Temp\ccVGLeHl.s 			page 17


 669      757000
 670              	.LASF20:
 671 022a 4144435F 		.ascii	"ADC_Wakeup\000"
 671      57616B65 
 671      757000
 672              	.LASF22:
 673 0235 4144435F 		.ascii	"ADC_Stop\000"
 673      53746F70 
 673      00
 674              		.ident	"GCC: (GNU Tools for ARM Embedded Processors) 4.9.3 20150303 (release) [ARM/embedded-4_9-br
