ARM GAS  C:\Users\LAIR\AppData\Local\Temp\ccztDGig.s 			page 1


   1              		.cpu cortex-m0
   2              		.fpu softvfp
   3              		.eabi_attribute 20, 1
   4              		.eabi_attribute 21, 1
   5              		.eabi_attribute 23, 3
   6              		.eabi_attribute 24, 1
   7              		.eabi_attribute 25, 1
   8              		.eabi_attribute 26, 1
   9              		.eabi_attribute 30, 1
  10              		.eabi_attribute 34, 0
  11              		.eabi_attribute 18, 4
  12              		.code	16
  13              		.file	"ADC_IRQ.c"
  14              		.text
  15              	.Ltext0:
  16              		.cfi_sections	.debug_frame
  17              		.section	.text.ADC_IRQ_Interrupt,"ax",%progbits
  18              		.align	2
  19              		.global	ADC_IRQ_Interrupt
  20              		.code	16
  21              		.thumb_func
  22              		.type	ADC_IRQ_Interrupt, %function
  23              	ADC_IRQ_Interrupt:
  24              	.LFB4:
  25              		.file 1 ".\\Generated_Source\\PSoC4\\ADC_IRQ.c"
   1:.\Generated_Source\PSoC4/ADC_IRQ.c **** /*******************************************************************************
   2:.\Generated_Source\PSoC4/ADC_IRQ.c **** * File Name: ADC_IRQ.c  
   3:.\Generated_Source\PSoC4/ADC_IRQ.c **** * Version 1.70
   4:.\Generated_Source\PSoC4/ADC_IRQ.c **** *
   5:.\Generated_Source\PSoC4/ADC_IRQ.c **** *  Description:
   6:.\Generated_Source\PSoC4/ADC_IRQ.c **** *   API for controlling the state of an interrupt.
   7:.\Generated_Source\PSoC4/ADC_IRQ.c **** *
   8:.\Generated_Source\PSoC4/ADC_IRQ.c **** *
   9:.\Generated_Source\PSoC4/ADC_IRQ.c **** *  Note:
  10:.\Generated_Source\PSoC4/ADC_IRQ.c **** *
  11:.\Generated_Source\PSoC4/ADC_IRQ.c **** ********************************************************************************
  12:.\Generated_Source\PSoC4/ADC_IRQ.c **** * Copyright 2008-2015, Cypress Semiconductor Corporation.  All rights reserved.
  13:.\Generated_Source\PSoC4/ADC_IRQ.c **** * You may use this file only in accordance with the license, terms, conditions, 
  14:.\Generated_Source\PSoC4/ADC_IRQ.c **** * disclaimers, and limitations in the end user license agreement accompanying 
  15:.\Generated_Source\PSoC4/ADC_IRQ.c **** * the software package with which this file was provided.
  16:.\Generated_Source\PSoC4/ADC_IRQ.c **** *******************************************************************************/
  17:.\Generated_Source\PSoC4/ADC_IRQ.c **** 
  18:.\Generated_Source\PSoC4/ADC_IRQ.c **** 
  19:.\Generated_Source\PSoC4/ADC_IRQ.c **** #include <cydevice_trm.h>
  20:.\Generated_Source\PSoC4/ADC_IRQ.c **** #include <CyLib.h>
  21:.\Generated_Source\PSoC4/ADC_IRQ.c **** #include <ADC_IRQ.h>
  22:.\Generated_Source\PSoC4/ADC_IRQ.c **** #include "cyapicallbacks.h"
  23:.\Generated_Source\PSoC4/ADC_IRQ.c **** 
  24:.\Generated_Source\PSoC4/ADC_IRQ.c **** #if !defined(ADC_IRQ__REMOVED) /* Check for removal by optimization */
  25:.\Generated_Source\PSoC4/ADC_IRQ.c **** 
  26:.\Generated_Source\PSoC4/ADC_IRQ.c **** /*******************************************************************************
  27:.\Generated_Source\PSoC4/ADC_IRQ.c **** *  Place your includes, defines and code here 
  28:.\Generated_Source\PSoC4/ADC_IRQ.c **** ********************************************************************************/
  29:.\Generated_Source\PSoC4/ADC_IRQ.c **** /* `#START ADC_IRQ_intc` */
  30:.\Generated_Source\PSoC4/ADC_IRQ.c **** 
  31:.\Generated_Source\PSoC4/ADC_IRQ.c **** /* `#END` */
  32:.\Generated_Source\PSoC4/ADC_IRQ.c **** 
ARM GAS  C:\Users\LAIR\AppData\Local\Temp\ccztDGig.s 			page 2


  33:.\Generated_Source\PSoC4/ADC_IRQ.c **** extern cyisraddress CyRamVectors[CYINT_IRQ_BASE + CY_NUM_INTERRUPTS];
  34:.\Generated_Source\PSoC4/ADC_IRQ.c **** 
  35:.\Generated_Source\PSoC4/ADC_IRQ.c **** /* Declared in startup, used to set unused interrupts to. */
  36:.\Generated_Source\PSoC4/ADC_IRQ.c **** CY_ISR_PROTO(IntDefaultHandler);
  37:.\Generated_Source\PSoC4/ADC_IRQ.c **** 
  38:.\Generated_Source\PSoC4/ADC_IRQ.c **** 
  39:.\Generated_Source\PSoC4/ADC_IRQ.c **** /*******************************************************************************
  40:.\Generated_Source\PSoC4/ADC_IRQ.c **** * Function Name: ADC_IRQ_Start
  41:.\Generated_Source\PSoC4/ADC_IRQ.c **** ********************************************************************************
  42:.\Generated_Source\PSoC4/ADC_IRQ.c **** *
  43:.\Generated_Source\PSoC4/ADC_IRQ.c **** * Summary:
  44:.\Generated_Source\PSoC4/ADC_IRQ.c **** *  Set up the interrupt and enable it. This function disables the interrupt, 
  45:.\Generated_Source\PSoC4/ADC_IRQ.c **** *  sets the default interrupt vector, sets the priority from the value in the
  46:.\Generated_Source\PSoC4/ADC_IRQ.c **** *  Design Wide Resources Interrupt Editor, then enables the interrupt to the 
  47:.\Generated_Source\PSoC4/ADC_IRQ.c **** *  interrupt controller.
  48:.\Generated_Source\PSoC4/ADC_IRQ.c **** *
  49:.\Generated_Source\PSoC4/ADC_IRQ.c **** * Parameters:  
  50:.\Generated_Source\PSoC4/ADC_IRQ.c **** *   None
  51:.\Generated_Source\PSoC4/ADC_IRQ.c **** *
  52:.\Generated_Source\PSoC4/ADC_IRQ.c **** * Return:
  53:.\Generated_Source\PSoC4/ADC_IRQ.c **** *   None
  54:.\Generated_Source\PSoC4/ADC_IRQ.c **** *
  55:.\Generated_Source\PSoC4/ADC_IRQ.c **** *******************************************************************************/
  56:.\Generated_Source\PSoC4/ADC_IRQ.c **** void ADC_IRQ_Start(void)
  57:.\Generated_Source\PSoC4/ADC_IRQ.c **** {
  58:.\Generated_Source\PSoC4/ADC_IRQ.c ****     /* For all we know the interrupt is active. */
  59:.\Generated_Source\PSoC4/ADC_IRQ.c ****     ADC_IRQ_Disable();
  60:.\Generated_Source\PSoC4/ADC_IRQ.c **** 
  61:.\Generated_Source\PSoC4/ADC_IRQ.c ****     /* Set the ISR to point to the ADC_IRQ Interrupt. */
  62:.\Generated_Source\PSoC4/ADC_IRQ.c ****     ADC_IRQ_SetVector(&ADC_IRQ_Interrupt);
  63:.\Generated_Source\PSoC4/ADC_IRQ.c **** 
  64:.\Generated_Source\PSoC4/ADC_IRQ.c ****     /* Set the priority. */
  65:.\Generated_Source\PSoC4/ADC_IRQ.c ****     ADC_IRQ_SetPriority((uint8)ADC_IRQ_INTC_PRIOR_NUMBER);
  66:.\Generated_Source\PSoC4/ADC_IRQ.c **** 
  67:.\Generated_Source\PSoC4/ADC_IRQ.c ****     /* Enable it. */
  68:.\Generated_Source\PSoC4/ADC_IRQ.c ****     ADC_IRQ_Enable();
  69:.\Generated_Source\PSoC4/ADC_IRQ.c **** }
  70:.\Generated_Source\PSoC4/ADC_IRQ.c **** 
  71:.\Generated_Source\PSoC4/ADC_IRQ.c **** 
  72:.\Generated_Source\PSoC4/ADC_IRQ.c **** /*******************************************************************************
  73:.\Generated_Source\PSoC4/ADC_IRQ.c **** * Function Name: ADC_IRQ_StartEx
  74:.\Generated_Source\PSoC4/ADC_IRQ.c **** ********************************************************************************
  75:.\Generated_Source\PSoC4/ADC_IRQ.c **** *
  76:.\Generated_Source\PSoC4/ADC_IRQ.c **** * Summary:
  77:.\Generated_Source\PSoC4/ADC_IRQ.c **** *  Sets up the interrupt and enables it. This function disables the interrupt,
  78:.\Generated_Source\PSoC4/ADC_IRQ.c **** *  sets the interrupt vector based on the address passed in, sets the priority 
  79:.\Generated_Source\PSoC4/ADC_IRQ.c **** *  from the value in the Design Wide Resources Interrupt Editor, then enables 
  80:.\Generated_Source\PSoC4/ADC_IRQ.c **** *  the interrupt to the interrupt controller.
  81:.\Generated_Source\PSoC4/ADC_IRQ.c **** *  
  82:.\Generated_Source\PSoC4/ADC_IRQ.c **** *  When defining ISR functions, the CY_ISR and CY_ISR_PROTO macros should be 
  83:.\Generated_Source\PSoC4/ADC_IRQ.c **** *  used to provide consistent definition across compilers:
  84:.\Generated_Source\PSoC4/ADC_IRQ.c **** *  
  85:.\Generated_Source\PSoC4/ADC_IRQ.c **** *  Function definition example:
  86:.\Generated_Source\PSoC4/ADC_IRQ.c **** *   CY_ISR(MyISR)
  87:.\Generated_Source\PSoC4/ADC_IRQ.c **** *   {
  88:.\Generated_Source\PSoC4/ADC_IRQ.c **** *   }
  89:.\Generated_Source\PSoC4/ADC_IRQ.c **** *   Function prototype example:
ARM GAS  C:\Users\LAIR\AppData\Local\Temp\ccztDGig.s 			page 3


  90:.\Generated_Source\PSoC4/ADC_IRQ.c **** *   CY_ISR_PROTO(MyISR);
  91:.\Generated_Source\PSoC4/ADC_IRQ.c **** *
  92:.\Generated_Source\PSoC4/ADC_IRQ.c **** * Parameters:  
  93:.\Generated_Source\PSoC4/ADC_IRQ.c **** *   address: Address of the ISR to set in the interrupt vector table.
  94:.\Generated_Source\PSoC4/ADC_IRQ.c **** *
  95:.\Generated_Source\PSoC4/ADC_IRQ.c **** * Return:
  96:.\Generated_Source\PSoC4/ADC_IRQ.c **** *   None
  97:.\Generated_Source\PSoC4/ADC_IRQ.c **** *
  98:.\Generated_Source\PSoC4/ADC_IRQ.c **** *******************************************************************************/
  99:.\Generated_Source\PSoC4/ADC_IRQ.c **** void ADC_IRQ_StartEx(cyisraddress address)
 100:.\Generated_Source\PSoC4/ADC_IRQ.c **** {
 101:.\Generated_Source\PSoC4/ADC_IRQ.c ****     /* For all we know the interrupt is active. */
 102:.\Generated_Source\PSoC4/ADC_IRQ.c ****     ADC_IRQ_Disable();
 103:.\Generated_Source\PSoC4/ADC_IRQ.c **** 
 104:.\Generated_Source\PSoC4/ADC_IRQ.c ****     /* Set the ISR to point to the ADC_IRQ Interrupt. */
 105:.\Generated_Source\PSoC4/ADC_IRQ.c ****     ADC_IRQ_SetVector(address);
 106:.\Generated_Source\PSoC4/ADC_IRQ.c **** 
 107:.\Generated_Source\PSoC4/ADC_IRQ.c ****     /* Set the priority. */
 108:.\Generated_Source\PSoC4/ADC_IRQ.c ****     ADC_IRQ_SetPriority((uint8)ADC_IRQ_INTC_PRIOR_NUMBER);
 109:.\Generated_Source\PSoC4/ADC_IRQ.c **** 
 110:.\Generated_Source\PSoC4/ADC_IRQ.c ****     /* Enable it. */
 111:.\Generated_Source\PSoC4/ADC_IRQ.c ****     ADC_IRQ_Enable();
 112:.\Generated_Source\PSoC4/ADC_IRQ.c **** }
 113:.\Generated_Source\PSoC4/ADC_IRQ.c **** 
 114:.\Generated_Source\PSoC4/ADC_IRQ.c **** 
 115:.\Generated_Source\PSoC4/ADC_IRQ.c **** /*******************************************************************************
 116:.\Generated_Source\PSoC4/ADC_IRQ.c **** * Function Name: ADC_IRQ_Stop
 117:.\Generated_Source\PSoC4/ADC_IRQ.c **** ********************************************************************************
 118:.\Generated_Source\PSoC4/ADC_IRQ.c **** *
 119:.\Generated_Source\PSoC4/ADC_IRQ.c **** * Summary:
 120:.\Generated_Source\PSoC4/ADC_IRQ.c **** *   Disables and removes the interrupt.
 121:.\Generated_Source\PSoC4/ADC_IRQ.c **** *
 122:.\Generated_Source\PSoC4/ADC_IRQ.c **** * Parameters:  
 123:.\Generated_Source\PSoC4/ADC_IRQ.c **** *   None
 124:.\Generated_Source\PSoC4/ADC_IRQ.c **** *
 125:.\Generated_Source\PSoC4/ADC_IRQ.c **** * Return:
 126:.\Generated_Source\PSoC4/ADC_IRQ.c **** *   None
 127:.\Generated_Source\PSoC4/ADC_IRQ.c **** *
 128:.\Generated_Source\PSoC4/ADC_IRQ.c **** *******************************************************************************/
 129:.\Generated_Source\PSoC4/ADC_IRQ.c **** void ADC_IRQ_Stop(void)
 130:.\Generated_Source\PSoC4/ADC_IRQ.c **** {
 131:.\Generated_Source\PSoC4/ADC_IRQ.c ****     /* Disable this interrupt. */
 132:.\Generated_Source\PSoC4/ADC_IRQ.c ****     ADC_IRQ_Disable();
 133:.\Generated_Source\PSoC4/ADC_IRQ.c **** 
 134:.\Generated_Source\PSoC4/ADC_IRQ.c ****     /* Set the ISR to point to the passive one. */
 135:.\Generated_Source\PSoC4/ADC_IRQ.c ****     ADC_IRQ_SetVector(&IntDefaultHandler);
 136:.\Generated_Source\PSoC4/ADC_IRQ.c **** }
 137:.\Generated_Source\PSoC4/ADC_IRQ.c **** 
 138:.\Generated_Source\PSoC4/ADC_IRQ.c **** 
 139:.\Generated_Source\PSoC4/ADC_IRQ.c **** /*******************************************************************************
 140:.\Generated_Source\PSoC4/ADC_IRQ.c **** * Function Name: ADC_IRQ_Interrupt
 141:.\Generated_Source\PSoC4/ADC_IRQ.c **** ********************************************************************************
 142:.\Generated_Source\PSoC4/ADC_IRQ.c **** *
 143:.\Generated_Source\PSoC4/ADC_IRQ.c **** * Summary:
 144:.\Generated_Source\PSoC4/ADC_IRQ.c **** *   The default Interrupt Service Routine for ADC_IRQ.
 145:.\Generated_Source\PSoC4/ADC_IRQ.c **** *
 146:.\Generated_Source\PSoC4/ADC_IRQ.c **** *   Add custom code between the START and END comments to keep the next version
ARM GAS  C:\Users\LAIR\AppData\Local\Temp\ccztDGig.s 			page 4


 147:.\Generated_Source\PSoC4/ADC_IRQ.c **** *   of this file from over-writing your code.
 148:.\Generated_Source\PSoC4/ADC_IRQ.c **** *
 149:.\Generated_Source\PSoC4/ADC_IRQ.c **** *   Note You may use either the default ISR by using this API, or you may define
 150:.\Generated_Source\PSoC4/ADC_IRQ.c **** *   your own separate ISR through ISR_StartEx().
 151:.\Generated_Source\PSoC4/ADC_IRQ.c **** *
 152:.\Generated_Source\PSoC4/ADC_IRQ.c **** * Parameters:  
 153:.\Generated_Source\PSoC4/ADC_IRQ.c **** *   None
 154:.\Generated_Source\PSoC4/ADC_IRQ.c **** *
 155:.\Generated_Source\PSoC4/ADC_IRQ.c **** * Return:
 156:.\Generated_Source\PSoC4/ADC_IRQ.c **** *   None
 157:.\Generated_Source\PSoC4/ADC_IRQ.c **** *
 158:.\Generated_Source\PSoC4/ADC_IRQ.c **** *******************************************************************************/
 159:.\Generated_Source\PSoC4/ADC_IRQ.c **** CY_ISR(ADC_IRQ_Interrupt)
 160:.\Generated_Source\PSoC4/ADC_IRQ.c **** {
  26              		.loc 1 160 0
  27              		.cfi_startproc
 161:.\Generated_Source\PSoC4/ADC_IRQ.c ****     #ifdef ADC_IRQ_INTERRUPT_INTERRUPT_CALLBACK
 162:.\Generated_Source\PSoC4/ADC_IRQ.c ****         ADC_IRQ_Interrupt_InterruptCallback();
 163:.\Generated_Source\PSoC4/ADC_IRQ.c ****     #endif /* ADC_IRQ_INTERRUPT_INTERRUPT_CALLBACK */ 
 164:.\Generated_Source\PSoC4/ADC_IRQ.c **** 
 165:.\Generated_Source\PSoC4/ADC_IRQ.c ****     /*  Place your Interrupt code here. */
 166:.\Generated_Source\PSoC4/ADC_IRQ.c ****     /* `#START ADC_IRQ_Interrupt` */
 167:.\Generated_Source\PSoC4/ADC_IRQ.c **** 
 168:.\Generated_Source\PSoC4/ADC_IRQ.c ****     /* `#END` */
 169:.\Generated_Source\PSoC4/ADC_IRQ.c **** }
  28              		.loc 1 169 0
  29              		@ sp needed
  30 0000 7047     		bx	lr
  31              		.cfi_endproc
  32              	.LFE4:
  33              		.size	ADC_IRQ_Interrupt, .-ADC_IRQ_Interrupt
  34 0002 C046     		.section	.text.ADC_IRQ_SetVector,"ax",%progbits
  35              		.align	2
  36              		.global	ADC_IRQ_SetVector
  37              		.code	16
  38              		.thumb_func
  39              		.type	ADC_IRQ_SetVector, %function
  40              	ADC_IRQ_SetVector:
  41              	.LFB5:
 170:.\Generated_Source\PSoC4/ADC_IRQ.c **** 
 171:.\Generated_Source\PSoC4/ADC_IRQ.c **** 
 172:.\Generated_Source\PSoC4/ADC_IRQ.c **** /*******************************************************************************
 173:.\Generated_Source\PSoC4/ADC_IRQ.c **** * Function Name: ADC_IRQ_SetVector
 174:.\Generated_Source\PSoC4/ADC_IRQ.c **** ********************************************************************************
 175:.\Generated_Source\PSoC4/ADC_IRQ.c **** *
 176:.\Generated_Source\PSoC4/ADC_IRQ.c **** * Summary:
 177:.\Generated_Source\PSoC4/ADC_IRQ.c **** *   Change the ISR vector for the Interrupt. Note calling ADC_IRQ_Start
 178:.\Generated_Source\PSoC4/ADC_IRQ.c **** *   will override any effect this method would have had. To set the vector 
 179:.\Generated_Source\PSoC4/ADC_IRQ.c **** *   before the component has been started use ADC_IRQ_StartEx instead.
 180:.\Generated_Source\PSoC4/ADC_IRQ.c **** * 
 181:.\Generated_Source\PSoC4/ADC_IRQ.c **** *   When defining ISR functions, the CY_ISR and CY_ISR_PROTO macros should be 
 182:.\Generated_Source\PSoC4/ADC_IRQ.c **** *   used to provide consistent definition across compilers:
 183:.\Generated_Source\PSoC4/ADC_IRQ.c **** *
 184:.\Generated_Source\PSoC4/ADC_IRQ.c **** *   Function definition example:
 185:.\Generated_Source\PSoC4/ADC_IRQ.c **** *   CY_ISR(MyISR)
 186:.\Generated_Source\PSoC4/ADC_IRQ.c **** *   {
 187:.\Generated_Source\PSoC4/ADC_IRQ.c **** *   }
ARM GAS  C:\Users\LAIR\AppData\Local\Temp\ccztDGig.s 			page 5


 188:.\Generated_Source\PSoC4/ADC_IRQ.c **** *
 189:.\Generated_Source\PSoC4/ADC_IRQ.c **** *   Function prototype example:
 190:.\Generated_Source\PSoC4/ADC_IRQ.c **** *     CY_ISR_PROTO(MyISR);
 191:.\Generated_Source\PSoC4/ADC_IRQ.c **** *
 192:.\Generated_Source\PSoC4/ADC_IRQ.c **** * Parameters:
 193:.\Generated_Source\PSoC4/ADC_IRQ.c **** *   address: Address of the ISR to set in the interrupt vector table.
 194:.\Generated_Source\PSoC4/ADC_IRQ.c **** *
 195:.\Generated_Source\PSoC4/ADC_IRQ.c **** * Return:
 196:.\Generated_Source\PSoC4/ADC_IRQ.c **** *   None
 197:.\Generated_Source\PSoC4/ADC_IRQ.c **** *
 198:.\Generated_Source\PSoC4/ADC_IRQ.c **** *******************************************************************************/
 199:.\Generated_Source\PSoC4/ADC_IRQ.c **** void ADC_IRQ_SetVector(cyisraddress address)
 200:.\Generated_Source\PSoC4/ADC_IRQ.c **** {
  42              		.loc 1 200 0
  43              		.cfi_startproc
  44              	.LVL0:
 201:.\Generated_Source\PSoC4/ADC_IRQ.c ****     CyRamVectors[CYINT_IRQ_BASE + ADC_IRQ__INTC_NUMBER] = address;
  45              		.loc 1 201 0
  46 0000 8423     		mov	r3, #132
  47 0002 014A     		ldr	r2, .L3
  48 0004 D050     		str	r0, [r2, r3]
 202:.\Generated_Source\PSoC4/ADC_IRQ.c **** }
  49              		.loc 1 202 0
  50              		@ sp needed
  51 0006 7047     		bx	lr
  52              	.L4:
  53              		.align	2
  54              	.L3:
  55 0008 00000000 		.word	CyRamVectors
  56              		.cfi_endproc
  57              	.LFE5:
  58              		.size	ADC_IRQ_SetVector, .-ADC_IRQ_SetVector
  59              		.section	.text.ADC_IRQ_GetVector,"ax",%progbits
  60              		.align	2
  61              		.global	ADC_IRQ_GetVector
  62              		.code	16
  63              		.thumb_func
  64              		.type	ADC_IRQ_GetVector, %function
  65              	ADC_IRQ_GetVector:
  66              	.LFB6:
 203:.\Generated_Source\PSoC4/ADC_IRQ.c **** 
 204:.\Generated_Source\PSoC4/ADC_IRQ.c **** 
 205:.\Generated_Source\PSoC4/ADC_IRQ.c **** /*******************************************************************************
 206:.\Generated_Source\PSoC4/ADC_IRQ.c **** * Function Name: ADC_IRQ_GetVector
 207:.\Generated_Source\PSoC4/ADC_IRQ.c **** ********************************************************************************
 208:.\Generated_Source\PSoC4/ADC_IRQ.c **** *
 209:.\Generated_Source\PSoC4/ADC_IRQ.c **** * Summary:
 210:.\Generated_Source\PSoC4/ADC_IRQ.c **** *   Gets the "address" of the current ISR vector for the Interrupt.
 211:.\Generated_Source\PSoC4/ADC_IRQ.c **** *
 212:.\Generated_Source\PSoC4/ADC_IRQ.c **** * Parameters:
 213:.\Generated_Source\PSoC4/ADC_IRQ.c **** *   None
 214:.\Generated_Source\PSoC4/ADC_IRQ.c **** *
 215:.\Generated_Source\PSoC4/ADC_IRQ.c **** * Return:
 216:.\Generated_Source\PSoC4/ADC_IRQ.c **** *   Address of the ISR in the interrupt vector table.
 217:.\Generated_Source\PSoC4/ADC_IRQ.c **** *
 218:.\Generated_Source\PSoC4/ADC_IRQ.c **** *******************************************************************************/
 219:.\Generated_Source\PSoC4/ADC_IRQ.c **** cyisraddress ADC_IRQ_GetVector(void)
ARM GAS  C:\Users\LAIR\AppData\Local\Temp\ccztDGig.s 			page 6


 220:.\Generated_Source\PSoC4/ADC_IRQ.c **** {
  67              		.loc 1 220 0
  68              		.cfi_startproc
 221:.\Generated_Source\PSoC4/ADC_IRQ.c ****     return CyRamVectors[CYINT_IRQ_BASE + ADC_IRQ__INTC_NUMBER];
  69              		.loc 1 221 0
  70 0000 8423     		mov	r3, #132
  71 0002 014A     		ldr	r2, .L6
  72 0004 D058     		ldr	r0, [r2, r3]
 222:.\Generated_Source\PSoC4/ADC_IRQ.c **** }
  73              		.loc 1 222 0
  74              		@ sp needed
  75 0006 7047     		bx	lr
  76              	.L7:
  77              		.align	2
  78              	.L6:
  79 0008 00000000 		.word	CyRamVectors
  80              		.cfi_endproc
  81              	.LFE6:
  82              		.size	ADC_IRQ_GetVector, .-ADC_IRQ_GetVector
  83              		.section	.text.ADC_IRQ_SetPriority,"ax",%progbits
  84              		.align	2
  85              		.global	ADC_IRQ_SetPriority
  86              		.code	16
  87              		.thumb_func
  88              		.type	ADC_IRQ_SetPriority, %function
  89              	ADC_IRQ_SetPriority:
  90              	.LFB7:
 223:.\Generated_Source\PSoC4/ADC_IRQ.c **** 
 224:.\Generated_Source\PSoC4/ADC_IRQ.c **** 
 225:.\Generated_Source\PSoC4/ADC_IRQ.c **** /*******************************************************************************
 226:.\Generated_Source\PSoC4/ADC_IRQ.c **** * Function Name: ADC_IRQ_SetPriority
 227:.\Generated_Source\PSoC4/ADC_IRQ.c **** ********************************************************************************
 228:.\Generated_Source\PSoC4/ADC_IRQ.c **** *
 229:.\Generated_Source\PSoC4/ADC_IRQ.c **** * Summary:
 230:.\Generated_Source\PSoC4/ADC_IRQ.c **** *   Sets the Priority of the Interrupt. 
 231:.\Generated_Source\PSoC4/ADC_IRQ.c **** *
 232:.\Generated_Source\PSoC4/ADC_IRQ.c **** *   Note calling ADC_IRQ_Start or ADC_IRQ_StartEx will 
 233:.\Generated_Source\PSoC4/ADC_IRQ.c **** *   override any effect this API would have had. This API should only be called
 234:.\Generated_Source\PSoC4/ADC_IRQ.c **** *   after ADC_IRQ_Start or ADC_IRQ_StartEx has been called. 
 235:.\Generated_Source\PSoC4/ADC_IRQ.c **** *   To set the initial priority for the component, use the Design-Wide Resources
 236:.\Generated_Source\PSoC4/ADC_IRQ.c **** *   Interrupt Editor.
 237:.\Generated_Source\PSoC4/ADC_IRQ.c **** *
 238:.\Generated_Source\PSoC4/ADC_IRQ.c **** *   Note This API has no effect on Non-maskable interrupt NMI).
 239:.\Generated_Source\PSoC4/ADC_IRQ.c **** *
 240:.\Generated_Source\PSoC4/ADC_IRQ.c **** * Parameters:
 241:.\Generated_Source\PSoC4/ADC_IRQ.c **** *   priority: Priority of the interrupt, 0 being the highest priority
 242:.\Generated_Source\PSoC4/ADC_IRQ.c **** *             PSoC 3 and PSoC 5LP: Priority is from 0 to 7.
 243:.\Generated_Source\PSoC4/ADC_IRQ.c **** *             PSoC 4: Priority is from 0 to 3.
 244:.\Generated_Source\PSoC4/ADC_IRQ.c **** *
 245:.\Generated_Source\PSoC4/ADC_IRQ.c **** * Return:
 246:.\Generated_Source\PSoC4/ADC_IRQ.c **** *   None
 247:.\Generated_Source\PSoC4/ADC_IRQ.c **** *
 248:.\Generated_Source\PSoC4/ADC_IRQ.c **** *******************************************************************************/
 249:.\Generated_Source\PSoC4/ADC_IRQ.c **** void ADC_IRQ_SetPriority(uint8 priority)
 250:.\Generated_Source\PSoC4/ADC_IRQ.c **** {
  91              		.loc 1 250 0
  92              		.cfi_startproc
ARM GAS  C:\Users\LAIR\AppData\Local\Temp\ccztDGig.s 			page 7


  93              	.LVL1:
  94 0000 10B5     		push	{r4, lr}
  95              		.cfi_def_cfa_offset 8
  96              		.cfi_offset 4, -8
  97              		.cfi_offset 14, -4
  98 0002 041C     		mov	r4, r0
  99              	.LVL2:
 251:.\Generated_Source\PSoC4/ADC_IRQ.c **** 	uint8 interruptState;
 252:.\Generated_Source\PSoC4/ADC_IRQ.c ****     uint32 priorityOffset = ((ADC_IRQ__INTC_NUMBER % 4u) * 8u) + 6u;
 253:.\Generated_Source\PSoC4/ADC_IRQ.c ****     
 254:.\Generated_Source\PSoC4/ADC_IRQ.c **** 	interruptState = CyEnterCriticalSection();
 100              		.loc 1 254 0
 101 0004 FFF7FEFF 		bl	CyEnterCriticalSection
 102              	.LVL3:
 255:.\Generated_Source\PSoC4/ADC_IRQ.c ****     *ADC_IRQ_INTC_PRIOR = (*ADC_IRQ_INTC_PRIOR & (uint32)(~ADC_IRQ__INTC_PRIOR_MASK)) |
 103              		.loc 1 255 0
 104 0008 044A     		ldr	r2, .L9
 105 000a 1168     		ldr	r1, [r2]
 106 000c 044B     		ldr	r3, .L9+4
 107 000e 0B40     		and	r3, r1
 256:.\Generated_Source\PSoC4/ADC_IRQ.c ****                                     ((uint32)priority << priorityOffset);
 108              		.loc 1 256 0
 109 0010 A403     		lsl	r4, r4, #14
 255:.\Generated_Source\PSoC4/ADC_IRQ.c ****     *ADC_IRQ_INTC_PRIOR = (*ADC_IRQ_INTC_PRIOR & (uint32)(~ADC_IRQ__INTC_PRIOR_MASK)) |
 110              		.loc 1 255 0
 111 0012 1C43     		orr	r4, r3
 112 0014 1460     		str	r4, [r2]
 257:.\Generated_Source\PSoC4/ADC_IRQ.c **** 	CyExitCriticalSection(interruptState);
 113              		.loc 1 257 0
 114 0016 FFF7FEFF 		bl	CyExitCriticalSection
 115              	.LVL4:
 258:.\Generated_Source\PSoC4/ADC_IRQ.c **** }
 116              		.loc 1 258 0
 117              		@ sp needed
 118 001a 10BD     		pop	{r4, pc}
 119              	.L10:
 120              		.align	2
 121              	.L9:
 122 001c 10E400E0 		.word	-536812528
 123 0020 FF3FFFFF 		.word	-49153
 124              		.cfi_endproc
 125              	.LFE7:
 126              		.size	ADC_IRQ_SetPriority, .-ADC_IRQ_SetPriority
 127              		.section	.text.ADC_IRQ_GetPriority,"ax",%progbits
 128              		.align	2
 129              		.global	ADC_IRQ_GetPriority
 130              		.code	16
 131              		.thumb_func
 132              		.type	ADC_IRQ_GetPriority, %function
 133              	ADC_IRQ_GetPriority:
 134              	.LFB8:
 259:.\Generated_Source\PSoC4/ADC_IRQ.c **** 
 260:.\Generated_Source\PSoC4/ADC_IRQ.c **** 
 261:.\Generated_Source\PSoC4/ADC_IRQ.c **** /*******************************************************************************
 262:.\Generated_Source\PSoC4/ADC_IRQ.c **** * Function Name: ADC_IRQ_GetPriority
 263:.\Generated_Source\PSoC4/ADC_IRQ.c **** ********************************************************************************
 264:.\Generated_Source\PSoC4/ADC_IRQ.c **** *
ARM GAS  C:\Users\LAIR\AppData\Local\Temp\ccztDGig.s 			page 8


 265:.\Generated_Source\PSoC4/ADC_IRQ.c **** * Summary:
 266:.\Generated_Source\PSoC4/ADC_IRQ.c **** *   Gets the Priority of the Interrupt.
 267:.\Generated_Source\PSoC4/ADC_IRQ.c **** *
 268:.\Generated_Source\PSoC4/ADC_IRQ.c **** * Parameters:
 269:.\Generated_Source\PSoC4/ADC_IRQ.c **** *   None
 270:.\Generated_Source\PSoC4/ADC_IRQ.c **** *
 271:.\Generated_Source\PSoC4/ADC_IRQ.c **** * Return:
 272:.\Generated_Source\PSoC4/ADC_IRQ.c **** *   Priority of the interrupt, 0 being the highest priority
 273:.\Generated_Source\PSoC4/ADC_IRQ.c **** *    PSoC 3 and PSoC 5LP: Priority is from 0 to 7.
 274:.\Generated_Source\PSoC4/ADC_IRQ.c **** *    PSoC 4: Priority is from 0 to 3.
 275:.\Generated_Source\PSoC4/ADC_IRQ.c **** *
 276:.\Generated_Source\PSoC4/ADC_IRQ.c **** *******************************************************************************/
 277:.\Generated_Source\PSoC4/ADC_IRQ.c **** uint8 ADC_IRQ_GetPriority(void)
 278:.\Generated_Source\PSoC4/ADC_IRQ.c **** {
 135              		.loc 1 278 0
 136              		.cfi_startproc
 137              	.LVL5:
 279:.\Generated_Source\PSoC4/ADC_IRQ.c ****     uint32 priority;
 280:.\Generated_Source\PSoC4/ADC_IRQ.c **** 	uint32 priorityOffset = ((ADC_IRQ__INTC_NUMBER % 4u) * 8u) + 6u;
 281:.\Generated_Source\PSoC4/ADC_IRQ.c **** 
 282:.\Generated_Source\PSoC4/ADC_IRQ.c ****     priority = (*ADC_IRQ_INTC_PRIOR & ADC_IRQ__INTC_PRIOR_MASK) >> priorityOffset;
 138              		.loc 1 282 0
 139 0000 024B     		ldr	r3, .L12
 140 0002 1868     		ldr	r0, [r3]
 141 0004 0004     		lsl	r0, r0, #16
 142              	.LVL6:
 283:.\Generated_Source\PSoC4/ADC_IRQ.c **** 
 284:.\Generated_Source\PSoC4/ADC_IRQ.c ****     return (uint8)priority;
 143              		.loc 1 284 0
 144 0006 800F     		lsr	r0, r0, #30
 145              	.LVL7:
 285:.\Generated_Source\PSoC4/ADC_IRQ.c **** }
 146              		.loc 1 285 0
 147              		@ sp needed
 148 0008 7047     		bx	lr
 149              	.L13:
 150 000a C046     		.align	2
 151              	.L12:
 152 000c 10E400E0 		.word	-536812528
 153              		.cfi_endproc
 154              	.LFE8:
 155              		.size	ADC_IRQ_GetPriority, .-ADC_IRQ_GetPriority
 156              		.section	.text.ADC_IRQ_Enable,"ax",%progbits
 157              		.align	2
 158              		.global	ADC_IRQ_Enable
 159              		.code	16
 160              		.thumb_func
 161              		.type	ADC_IRQ_Enable, %function
 162              	ADC_IRQ_Enable:
 163              	.LFB9:
 286:.\Generated_Source\PSoC4/ADC_IRQ.c **** 
 287:.\Generated_Source\PSoC4/ADC_IRQ.c **** 
 288:.\Generated_Source\PSoC4/ADC_IRQ.c **** /*******************************************************************************
 289:.\Generated_Source\PSoC4/ADC_IRQ.c **** * Function Name: ADC_IRQ_Enable
 290:.\Generated_Source\PSoC4/ADC_IRQ.c **** ********************************************************************************
 291:.\Generated_Source\PSoC4/ADC_IRQ.c **** *
 292:.\Generated_Source\PSoC4/ADC_IRQ.c **** * Summary:
ARM GAS  C:\Users\LAIR\AppData\Local\Temp\ccztDGig.s 			page 9


 293:.\Generated_Source\PSoC4/ADC_IRQ.c **** *   Enables the interrupt to the interrupt controller. Do not call this function
 294:.\Generated_Source\PSoC4/ADC_IRQ.c **** *   unless ISR_Start() has been called or the functionality of the ISR_Start() 
 295:.\Generated_Source\PSoC4/ADC_IRQ.c **** *   function, which sets the vector and the priority, has been called.
 296:.\Generated_Source\PSoC4/ADC_IRQ.c **** *
 297:.\Generated_Source\PSoC4/ADC_IRQ.c **** * Parameters:
 298:.\Generated_Source\PSoC4/ADC_IRQ.c **** *   None
 299:.\Generated_Source\PSoC4/ADC_IRQ.c **** *
 300:.\Generated_Source\PSoC4/ADC_IRQ.c **** * Return:
 301:.\Generated_Source\PSoC4/ADC_IRQ.c **** *   None
 302:.\Generated_Source\PSoC4/ADC_IRQ.c **** *
 303:.\Generated_Source\PSoC4/ADC_IRQ.c **** *******************************************************************************/
 304:.\Generated_Source\PSoC4/ADC_IRQ.c **** void ADC_IRQ_Enable(void)
 305:.\Generated_Source\PSoC4/ADC_IRQ.c **** {
 164              		.loc 1 305 0
 165              		.cfi_startproc
 306:.\Generated_Source\PSoC4/ADC_IRQ.c ****     /* Enable the general interrupt. */
 307:.\Generated_Source\PSoC4/ADC_IRQ.c ****     *ADC_IRQ_INTC_SET_EN = ADC_IRQ__INTC_MASK;
 166              		.loc 1 307 0
 167 0000 8022     		mov	r2, #128
 168 0002 9202     		lsl	r2, r2, #10
 169 0004 014B     		ldr	r3, .L15
 170 0006 1A60     		str	r2, [r3]
 308:.\Generated_Source\PSoC4/ADC_IRQ.c **** }
 171              		.loc 1 308 0
 172              		@ sp needed
 173 0008 7047     		bx	lr
 174              	.L16:
 175 000a C046     		.align	2
 176              	.L15:
 177 000c 00E100E0 		.word	-536813312
 178              		.cfi_endproc
 179              	.LFE9:
 180              		.size	ADC_IRQ_Enable, .-ADC_IRQ_Enable
 181              		.section	.text.ADC_IRQ_GetState,"ax",%progbits
 182              		.align	2
 183              		.global	ADC_IRQ_GetState
 184              		.code	16
 185              		.thumb_func
 186              		.type	ADC_IRQ_GetState, %function
 187              	ADC_IRQ_GetState:
 188              	.LFB10:
 309:.\Generated_Source\PSoC4/ADC_IRQ.c **** 
 310:.\Generated_Source\PSoC4/ADC_IRQ.c **** 
 311:.\Generated_Source\PSoC4/ADC_IRQ.c **** /*******************************************************************************
 312:.\Generated_Source\PSoC4/ADC_IRQ.c **** * Function Name: ADC_IRQ_GetState
 313:.\Generated_Source\PSoC4/ADC_IRQ.c **** ********************************************************************************
 314:.\Generated_Source\PSoC4/ADC_IRQ.c **** *
 315:.\Generated_Source\PSoC4/ADC_IRQ.c **** * Summary:
 316:.\Generated_Source\PSoC4/ADC_IRQ.c **** *   Gets the state (enabled, disabled) of the Interrupt.
 317:.\Generated_Source\PSoC4/ADC_IRQ.c **** *
 318:.\Generated_Source\PSoC4/ADC_IRQ.c **** * Parameters:
 319:.\Generated_Source\PSoC4/ADC_IRQ.c **** *   None
 320:.\Generated_Source\PSoC4/ADC_IRQ.c **** *
 321:.\Generated_Source\PSoC4/ADC_IRQ.c **** * Return:
 322:.\Generated_Source\PSoC4/ADC_IRQ.c **** *   1 if enabled, 0 if disabled.
 323:.\Generated_Source\PSoC4/ADC_IRQ.c **** *
 324:.\Generated_Source\PSoC4/ADC_IRQ.c **** *******************************************************************************/
ARM GAS  C:\Users\LAIR\AppData\Local\Temp\ccztDGig.s 			page 10


 325:.\Generated_Source\PSoC4/ADC_IRQ.c **** uint8 ADC_IRQ_GetState(void)
 326:.\Generated_Source\PSoC4/ADC_IRQ.c **** {
 189              		.loc 1 326 0
 190              		.cfi_startproc
 327:.\Generated_Source\PSoC4/ADC_IRQ.c ****     /* Get the state of the general interrupt. */
 328:.\Generated_Source\PSoC4/ADC_IRQ.c ****     return ((*ADC_IRQ_INTC_SET_EN & (uint32)ADC_IRQ__INTC_MASK) != 0u) ? 1u:0u;
 191              		.loc 1 328 0
 192 0000 034B     		ldr	r3, .L20
 193 0002 1B68     		ldr	r3, [r3]
 194 0004 9B03     		lsl	r3, r3, #14
 195 0006 01D5     		bpl	.L19
 196 0008 0120     		mov	r0, #1
 197 000a 00E0     		b	.L18
 198              	.L19:
 199 000c 0020     		mov	r0, #0
 200              	.L18:
 329:.\Generated_Source\PSoC4/ADC_IRQ.c **** }
 201              		.loc 1 329 0 discriminator 4
 202              		@ sp needed
 203 000e 7047     		bx	lr
 204              	.L21:
 205              		.align	2
 206              	.L20:
 207 0010 00E100E0 		.word	-536813312
 208              		.cfi_endproc
 209              	.LFE10:
 210              		.size	ADC_IRQ_GetState, .-ADC_IRQ_GetState
 211              		.section	.text.ADC_IRQ_Disable,"ax",%progbits
 212              		.align	2
 213              		.global	ADC_IRQ_Disable
 214              		.code	16
 215              		.thumb_func
 216              		.type	ADC_IRQ_Disable, %function
 217              	ADC_IRQ_Disable:
 218              	.LFB11:
 330:.\Generated_Source\PSoC4/ADC_IRQ.c **** 
 331:.\Generated_Source\PSoC4/ADC_IRQ.c **** 
 332:.\Generated_Source\PSoC4/ADC_IRQ.c **** /*******************************************************************************
 333:.\Generated_Source\PSoC4/ADC_IRQ.c **** * Function Name: ADC_IRQ_Disable
 334:.\Generated_Source\PSoC4/ADC_IRQ.c **** ********************************************************************************
 335:.\Generated_Source\PSoC4/ADC_IRQ.c **** *
 336:.\Generated_Source\PSoC4/ADC_IRQ.c **** * Summary:
 337:.\Generated_Source\PSoC4/ADC_IRQ.c **** *   Disables the Interrupt in the interrupt controller.
 338:.\Generated_Source\PSoC4/ADC_IRQ.c **** *
 339:.\Generated_Source\PSoC4/ADC_IRQ.c **** * Parameters:
 340:.\Generated_Source\PSoC4/ADC_IRQ.c **** *   None
 341:.\Generated_Source\PSoC4/ADC_IRQ.c **** *
 342:.\Generated_Source\PSoC4/ADC_IRQ.c **** * Return:
 343:.\Generated_Source\PSoC4/ADC_IRQ.c **** *   None
 344:.\Generated_Source\PSoC4/ADC_IRQ.c **** *
 345:.\Generated_Source\PSoC4/ADC_IRQ.c **** *******************************************************************************/
 346:.\Generated_Source\PSoC4/ADC_IRQ.c **** void ADC_IRQ_Disable(void)
 347:.\Generated_Source\PSoC4/ADC_IRQ.c **** {
 219              		.loc 1 347 0
 220              		.cfi_startproc
 348:.\Generated_Source\PSoC4/ADC_IRQ.c ****     /* Disable the general interrupt. */
 349:.\Generated_Source\PSoC4/ADC_IRQ.c ****     *ADC_IRQ_INTC_CLR_EN = ADC_IRQ__INTC_MASK;
ARM GAS  C:\Users\LAIR\AppData\Local\Temp\ccztDGig.s 			page 11


 221              		.loc 1 349 0
 222 0000 8022     		mov	r2, #128
 223 0002 9202     		lsl	r2, r2, #10
 224 0004 014B     		ldr	r3, .L23
 225 0006 1A60     		str	r2, [r3]
 350:.\Generated_Source\PSoC4/ADC_IRQ.c **** }
 226              		.loc 1 350 0
 227              		@ sp needed
 228 0008 7047     		bx	lr
 229              	.L24:
 230 000a C046     		.align	2
 231              	.L23:
 232 000c 80E100E0 		.word	-536813184
 233              		.cfi_endproc
 234              	.LFE11:
 235              		.size	ADC_IRQ_Disable, .-ADC_IRQ_Disable
 236              		.section	.text.ADC_IRQ_Start,"ax",%progbits
 237              		.align	2
 238              		.global	ADC_IRQ_Start
 239              		.code	16
 240              		.thumb_func
 241              		.type	ADC_IRQ_Start, %function
 242              	ADC_IRQ_Start:
 243              	.LFB1:
  57:.\Generated_Source\PSoC4/ADC_IRQ.c ****     /* For all we know the interrupt is active. */
 244              		.loc 1 57 0
 245              		.cfi_startproc
 246 0000 08B5     		push	{r3, lr}
 247              		.cfi_def_cfa_offset 8
 248              		.cfi_offset 3, -8
 249              		.cfi_offset 14, -4
  59:.\Generated_Source\PSoC4/ADC_IRQ.c **** 
 250              		.loc 1 59 0
 251 0002 FFF7FEFF 		bl	ADC_IRQ_Disable
 252              	.LVL8:
  62:.\Generated_Source\PSoC4/ADC_IRQ.c **** 
 253              		.loc 1 62 0
 254 0006 0448     		ldr	r0, .L26
 255 0008 FFF7FEFF 		bl	ADC_IRQ_SetVector
 256              	.LVL9:
  65:.\Generated_Source\PSoC4/ADC_IRQ.c **** 
 257              		.loc 1 65 0
 258 000c 0320     		mov	r0, #3
 259 000e FFF7FEFF 		bl	ADC_IRQ_SetPriority
 260              	.LVL10:
  68:.\Generated_Source\PSoC4/ADC_IRQ.c **** }
 261              		.loc 1 68 0
 262 0012 FFF7FEFF 		bl	ADC_IRQ_Enable
 263              	.LVL11:
  69:.\Generated_Source\PSoC4/ADC_IRQ.c **** 
 264              		.loc 1 69 0
 265              		@ sp needed
 266 0016 08BD     		pop	{r3, pc}
 267              	.L27:
 268              		.align	2
 269              	.L26:
 270 0018 00000000 		.word	ADC_IRQ_Interrupt
ARM GAS  C:\Users\LAIR\AppData\Local\Temp\ccztDGig.s 			page 12


 271              		.cfi_endproc
 272              	.LFE1:
 273              		.size	ADC_IRQ_Start, .-ADC_IRQ_Start
 274              		.section	.text.ADC_IRQ_StartEx,"ax",%progbits
 275              		.align	2
 276              		.global	ADC_IRQ_StartEx
 277              		.code	16
 278              		.thumb_func
 279              		.type	ADC_IRQ_StartEx, %function
 280              	ADC_IRQ_StartEx:
 281              	.LFB2:
 100:.\Generated_Source\PSoC4/ADC_IRQ.c ****     /* For all we know the interrupt is active. */
 282              		.loc 1 100 0
 283              		.cfi_startproc
 284              	.LVL12:
 285 0000 10B5     		push	{r4, lr}
 286              		.cfi_def_cfa_offset 8
 287              		.cfi_offset 4, -8
 288              		.cfi_offset 14, -4
 289 0002 041C     		mov	r4, r0
 102:.\Generated_Source\PSoC4/ADC_IRQ.c **** 
 290              		.loc 1 102 0
 291 0004 FFF7FEFF 		bl	ADC_IRQ_Disable
 292              	.LVL13:
 105:.\Generated_Source\PSoC4/ADC_IRQ.c **** 
 293              		.loc 1 105 0
 294 0008 201C     		mov	r0, r4
 295 000a FFF7FEFF 		bl	ADC_IRQ_SetVector
 296              	.LVL14:
 108:.\Generated_Source\PSoC4/ADC_IRQ.c **** 
 297              		.loc 1 108 0
 298 000e 0320     		mov	r0, #3
 299 0010 FFF7FEFF 		bl	ADC_IRQ_SetPriority
 300              	.LVL15:
 111:.\Generated_Source\PSoC4/ADC_IRQ.c **** }
 301              		.loc 1 111 0
 302 0014 FFF7FEFF 		bl	ADC_IRQ_Enable
 303              	.LVL16:
 112:.\Generated_Source\PSoC4/ADC_IRQ.c **** 
 304              		.loc 1 112 0
 305              		@ sp needed
 306              	.LVL17:
 307 0018 10BD     		pop	{r4, pc}
 308              		.cfi_endproc
 309              	.LFE2:
 310              		.size	ADC_IRQ_StartEx, .-ADC_IRQ_StartEx
 311 001a C046     		.section	.text.ADC_IRQ_Stop,"ax",%progbits
 312              		.align	2
 313              		.global	ADC_IRQ_Stop
 314              		.code	16
 315              		.thumb_func
 316              		.type	ADC_IRQ_Stop, %function
 317              	ADC_IRQ_Stop:
 318              	.LFB3:
 130:.\Generated_Source\PSoC4/ADC_IRQ.c ****     /* Disable this interrupt. */
 319              		.loc 1 130 0
 320              		.cfi_startproc
ARM GAS  C:\Users\LAIR\AppData\Local\Temp\ccztDGig.s 			page 13


 321 0000 08B5     		push	{r3, lr}
 322              		.cfi_def_cfa_offset 8
 323              		.cfi_offset 3, -8
 324              		.cfi_offset 14, -4
 132:.\Generated_Source\PSoC4/ADC_IRQ.c **** 
 325              		.loc 1 132 0
 326 0002 FFF7FEFF 		bl	ADC_IRQ_Disable
 327              	.LVL18:
 135:.\Generated_Source\PSoC4/ADC_IRQ.c **** }
 328              		.loc 1 135 0
 329 0006 0248     		ldr	r0, .L30
 330 0008 FFF7FEFF 		bl	ADC_IRQ_SetVector
 331              	.LVL19:
 136:.\Generated_Source\PSoC4/ADC_IRQ.c **** 
 332              		.loc 1 136 0
 333              		@ sp needed
 334 000c 08BD     		pop	{r3, pc}
 335              	.L31:
 336 000e C046     		.align	2
 337              	.L30:
 338 0010 00000000 		.word	IntDefaultHandler
 339              		.cfi_endproc
 340              	.LFE3:
 341              		.size	ADC_IRQ_Stop, .-ADC_IRQ_Stop
 342              		.section	.text.ADC_IRQ_SetPending,"ax",%progbits
 343              		.align	2
 344              		.global	ADC_IRQ_SetPending
 345              		.code	16
 346              		.thumb_func
 347              		.type	ADC_IRQ_SetPending, %function
 348              	ADC_IRQ_SetPending:
 349              	.LFB12:
 351:.\Generated_Source\PSoC4/ADC_IRQ.c **** 
 352:.\Generated_Source\PSoC4/ADC_IRQ.c **** 
 353:.\Generated_Source\PSoC4/ADC_IRQ.c **** /*******************************************************************************
 354:.\Generated_Source\PSoC4/ADC_IRQ.c **** * Function Name: ADC_IRQ_SetPending
 355:.\Generated_Source\PSoC4/ADC_IRQ.c **** ********************************************************************************
 356:.\Generated_Source\PSoC4/ADC_IRQ.c **** *
 357:.\Generated_Source\PSoC4/ADC_IRQ.c **** * Summary:
 358:.\Generated_Source\PSoC4/ADC_IRQ.c **** *   Causes the Interrupt to enter the pending state, a software method of
 359:.\Generated_Source\PSoC4/ADC_IRQ.c **** *   generating the interrupt.
 360:.\Generated_Source\PSoC4/ADC_IRQ.c **** *
 361:.\Generated_Source\PSoC4/ADC_IRQ.c **** * Parameters:
 362:.\Generated_Source\PSoC4/ADC_IRQ.c **** *   None
 363:.\Generated_Source\PSoC4/ADC_IRQ.c **** *
 364:.\Generated_Source\PSoC4/ADC_IRQ.c **** * Return:
 365:.\Generated_Source\PSoC4/ADC_IRQ.c **** *   None
 366:.\Generated_Source\PSoC4/ADC_IRQ.c **** *
 367:.\Generated_Source\PSoC4/ADC_IRQ.c **** * Side Effects:
 368:.\Generated_Source\PSoC4/ADC_IRQ.c **** *   If interrupts are enabled and the interrupt is set up properly, the ISR is
 369:.\Generated_Source\PSoC4/ADC_IRQ.c **** *   entered (depending on the priority of this interrupt and other pending 
 370:.\Generated_Source\PSoC4/ADC_IRQ.c **** *   interrupts).
 371:.\Generated_Source\PSoC4/ADC_IRQ.c **** *
 372:.\Generated_Source\PSoC4/ADC_IRQ.c **** *******************************************************************************/
 373:.\Generated_Source\PSoC4/ADC_IRQ.c **** void ADC_IRQ_SetPending(void)
 374:.\Generated_Source\PSoC4/ADC_IRQ.c **** {
 350              		.loc 1 374 0
ARM GAS  C:\Users\LAIR\AppData\Local\Temp\ccztDGig.s 			page 14


 351              		.cfi_startproc
 375:.\Generated_Source\PSoC4/ADC_IRQ.c ****     *ADC_IRQ_INTC_SET_PD = ADC_IRQ__INTC_MASK;
 352              		.loc 1 375 0
 353 0000 8022     		mov	r2, #128
 354 0002 9202     		lsl	r2, r2, #10
 355 0004 014B     		ldr	r3, .L33
 356 0006 1A60     		str	r2, [r3]
 376:.\Generated_Source\PSoC4/ADC_IRQ.c **** }
 357              		.loc 1 376 0
 358              		@ sp needed
 359 0008 7047     		bx	lr
 360              	.L34:
 361 000a C046     		.align	2
 362              	.L33:
 363 000c 00E200E0 		.word	-536813056
 364              		.cfi_endproc
 365              	.LFE12:
 366              		.size	ADC_IRQ_SetPending, .-ADC_IRQ_SetPending
 367              		.section	.text.ADC_IRQ_ClearPending,"ax",%progbits
 368              		.align	2
 369              		.global	ADC_IRQ_ClearPending
 370              		.code	16
 371              		.thumb_func
 372              		.type	ADC_IRQ_ClearPending, %function
 373              	ADC_IRQ_ClearPending:
 374              	.LFB13:
 377:.\Generated_Source\PSoC4/ADC_IRQ.c **** 
 378:.\Generated_Source\PSoC4/ADC_IRQ.c **** 
 379:.\Generated_Source\PSoC4/ADC_IRQ.c **** /*******************************************************************************
 380:.\Generated_Source\PSoC4/ADC_IRQ.c **** * Function Name: ADC_IRQ_ClearPending
 381:.\Generated_Source\PSoC4/ADC_IRQ.c **** ********************************************************************************
 382:.\Generated_Source\PSoC4/ADC_IRQ.c **** *
 383:.\Generated_Source\PSoC4/ADC_IRQ.c **** * Summary:
 384:.\Generated_Source\PSoC4/ADC_IRQ.c **** *   Clears a pending interrupt in the interrupt controller.
 385:.\Generated_Source\PSoC4/ADC_IRQ.c **** *
 386:.\Generated_Source\PSoC4/ADC_IRQ.c **** *   Note Some interrupt sources are clear-on-read and require the block 
 387:.\Generated_Source\PSoC4/ADC_IRQ.c **** *   interrupt/status register to be read/cleared with the appropriate block API 
 388:.\Generated_Source\PSoC4/ADC_IRQ.c **** *   (GPIO, UART, and so on). Otherwise the ISR will continue to remain in 
 389:.\Generated_Source\PSoC4/ADC_IRQ.c **** *   pending state even though the interrupt itself is cleared using this API.
 390:.\Generated_Source\PSoC4/ADC_IRQ.c **** *
 391:.\Generated_Source\PSoC4/ADC_IRQ.c **** * Parameters:
 392:.\Generated_Source\PSoC4/ADC_IRQ.c **** *   None
 393:.\Generated_Source\PSoC4/ADC_IRQ.c **** *
 394:.\Generated_Source\PSoC4/ADC_IRQ.c **** * Return:
 395:.\Generated_Source\PSoC4/ADC_IRQ.c **** *   None
 396:.\Generated_Source\PSoC4/ADC_IRQ.c **** *
 397:.\Generated_Source\PSoC4/ADC_IRQ.c **** *******************************************************************************/
 398:.\Generated_Source\PSoC4/ADC_IRQ.c **** void ADC_IRQ_ClearPending(void)
 399:.\Generated_Source\PSoC4/ADC_IRQ.c **** {
 375              		.loc 1 399 0
 376              		.cfi_startproc
 400:.\Generated_Source\PSoC4/ADC_IRQ.c ****     *ADC_IRQ_INTC_CLR_PD = ADC_IRQ__INTC_MASK;
 377              		.loc 1 400 0
 378 0000 8022     		mov	r2, #128
 379 0002 9202     		lsl	r2, r2, #10
 380 0004 014B     		ldr	r3, .L36
 381 0006 1A60     		str	r2, [r3]
ARM GAS  C:\Users\LAIR\AppData\Local\Temp\ccztDGig.s 			page 15


 401:.\Generated_Source\PSoC4/ADC_IRQ.c **** }
 382              		.loc 1 401 0
 383              		@ sp needed
 384 0008 7047     		bx	lr
 385              	.L37:
 386 000a C046     		.align	2
 387              	.L36:
 388 000c 80E200E0 		.word	-536812928
 389              		.cfi_endproc
 390              	.LFE13:
 391              		.size	ADC_IRQ_ClearPending, .-ADC_IRQ_ClearPending
 392              		.text
 393              	.Letext0:
 394              		.file 2 "Generated_Source\\PSoC4/cytypes.h"
 395              		.file 3 "Generated_Source\\PSoC4/CyLib.h"
 396              		.section	.debug_info,"",%progbits
 397              	.Ldebug_info0:
 398 0000 FC020000 		.4byte	0x2fc
 399 0004 0400     		.2byte	0x4
 400 0006 00000000 		.4byte	.Ldebug_abbrev0
 401 000a 04       		.byte	0x4
 402 000b 01       		.uleb128 0x1
 403 000c 0E020000 		.4byte	.LASF33
 404 0010 01       		.byte	0x1
 405 0011 56000000 		.4byte	.LASF34
 406 0015 C6010000 		.4byte	.LASF35
 407 0019 00000000 		.4byte	.Ldebug_ranges0+0
 408 001d 00000000 		.4byte	0
 409 0021 00000000 		.4byte	.Ldebug_line0
 410 0025 02       		.uleb128 0x2
 411 0026 01       		.byte	0x1
 412 0027 06       		.byte	0x6
 413 0028 D3020000 		.4byte	.LASF0
 414 002c 02       		.uleb128 0x2
 415 002d 01       		.byte	0x1
 416 002e 08       		.byte	0x8
 417 002f BA000000 		.4byte	.LASF1
 418 0033 02       		.uleb128 0x2
 419 0034 02       		.byte	0x2
 420 0035 05       		.byte	0x5
 421 0036 9C020000 		.4byte	.LASF2
 422 003a 02       		.uleb128 0x2
 423 003b 02       		.byte	0x2
 424 003c 07       		.byte	0x7
 425 003d 32000000 		.4byte	.LASF3
 426 0041 02       		.uleb128 0x2
 427 0042 04       		.byte	0x4
 428 0043 05       		.byte	0x5
 429 0044 C5020000 		.4byte	.LASF4
 430 0048 02       		.uleb128 0x2
 431 0049 04       		.byte	0x4
 432 004a 07       		.byte	0x7
 433 004b D7000000 		.4byte	.LASF5
 434 004f 02       		.uleb128 0x2
 435 0050 08       		.byte	0x8
 436 0051 05       		.byte	0x5
 437 0052 B8010000 		.4byte	.LASF6
ARM GAS  C:\Users\LAIR\AppData\Local\Temp\ccztDGig.s 			page 16


 438 0056 02       		.uleb128 0x2
 439 0057 08       		.byte	0x8
 440 0058 07       		.byte	0x7
 441 0059 A3000000 		.4byte	.LASF7
 442 005d 03       		.uleb128 0x3
 443 005e 04       		.byte	0x4
 444 005f 05       		.byte	0x5
 445 0060 696E7400 		.ascii	"int\000"
 446 0064 02       		.uleb128 0x2
 447 0065 04       		.byte	0x4
 448 0066 07       		.byte	0x7
 449 0067 67010000 		.4byte	.LASF8
 450 006b 04       		.uleb128 0x4
 451 006c E9000000 		.4byte	.LASF9
 452 0070 02       		.byte	0x2
 453 0071 9801     		.2byte	0x198
 454 0073 2C000000 		.4byte	0x2c
 455 0077 04       		.uleb128 0x4
 456 0078 49010000 		.4byte	.LASF10
 457 007c 02       		.byte	0x2
 458 007d 9A01     		.2byte	0x19a
 459 007f 48000000 		.4byte	0x48
 460 0083 02       		.uleb128 0x2
 461 0084 04       		.byte	0x4
 462 0085 04       		.byte	0x4
 463 0086 9D000000 		.4byte	.LASF11
 464 008a 02       		.uleb128 0x2
 465 008b 08       		.byte	0x8
 466 008c 04       		.byte	0x4
 467 008d 20010000 		.4byte	.LASF12
 468 0091 02       		.uleb128 0x2
 469 0092 01       		.byte	0x1
 470 0093 08       		.byte	0x8
 471 0094 CE020000 		.4byte	.LASF13
 472 0098 04       		.uleb128 0x4
 473 0099 00000000 		.4byte	.LASF14
 474 009d 02       		.byte	0x2
 475 009e 4402     		.2byte	0x244
 476 00a0 A4000000 		.4byte	0xa4
 477 00a4 05       		.uleb128 0x5
 478 00a5 77000000 		.4byte	0x77
 479 00a9 04       		.uleb128 0x4
 480 00aa 92010000 		.4byte	.LASF15
 481 00ae 02       		.byte	0x2
 482 00af 5402     		.2byte	0x254
 483 00b1 B5000000 		.4byte	0xb5
 484 00b5 06       		.uleb128 0x6
 485 00b6 04       		.byte	0x4
 486 00b7 BB000000 		.4byte	0xbb
 487 00bb 07       		.uleb128 0x7
 488 00bc 02       		.uleb128 0x2
 489 00bd 04       		.byte	0x4
 490 00be 07       		.byte	0x7
 491 00bf AF010000 		.4byte	.LASF16
 492 00c3 08       		.uleb128 0x8
 493 00c4 8B000000 		.4byte	.LASF23
 494 00c8 01       		.byte	0x1
ARM GAS  C:\Users\LAIR\AppData\Local\Temp\ccztDGig.s 			page 17


 495 00c9 9F       		.byte	0x9f
 496 00ca 00000000 		.4byte	.LFB4
 497 00ce 02000000 		.4byte	.LFE4-.LFB4
 498 00d2 01       		.uleb128 0x1
 499 00d3 9C       		.byte	0x9c
 500 00d4 09       		.uleb128 0x9
 501 00d5 20000000 		.4byte	.LASF17
 502 00d9 01       		.byte	0x1
 503 00da C7       		.byte	0xc7
 504 00db 00000000 		.4byte	.LFB5
 505 00df 0C000000 		.4byte	.LFE5-.LFB5
 506 00e3 01       		.uleb128 0x1
 507 00e4 9C       		.byte	0x9c
 508 00e5 F7000000 		.4byte	0xf7
 509 00e9 0A       		.uleb128 0xa
 510 00ea 74010000 		.4byte	.LASF19
 511 00ee 01       		.byte	0x1
 512 00ef C7       		.byte	0xc7
 513 00f0 A9000000 		.4byte	0xa9
 514 00f4 01       		.uleb128 0x1
 515 00f5 50       		.byte	0x50
 516 00f6 00       		.byte	0
 517 00f7 0B       		.uleb128 0xb
 518 00f8 79000000 		.4byte	.LASF25
 519 00fc 01       		.byte	0x1
 520 00fd DB       		.byte	0xdb
 521 00fe A9000000 		.4byte	0xa9
 522 0102 00000000 		.4byte	.LFB6
 523 0106 0C000000 		.4byte	.LFE6-.LFB6
 524 010a 01       		.uleb128 0x1
 525 010b 9C       		.byte	0x9c
 526 010c 09       		.uleb128 0x9
 527 010d DF020000 		.4byte	.LASF18
 528 0111 01       		.byte	0x1
 529 0112 F9       		.byte	0xf9
 530 0113 00000000 		.4byte	.LFB7
 531 0117 24000000 		.4byte	.LFE7-.LFB7
 532 011b 01       		.uleb128 0x1
 533 011c 9C       		.byte	0x9c
 534 011d 5E010000 		.4byte	0x15e
 535 0121 0C       		.uleb128 0xc
 536 0122 EF000000 		.4byte	.LASF20
 537 0126 01       		.byte	0x1
 538 0127 F9       		.byte	0xf9
 539 0128 6B000000 		.4byte	0x6b
 540 012c 00000000 		.4byte	.LLST0
 541 0130 0D       		.uleb128 0xd
 542 0131 C8000000 		.4byte	.LASF21
 543 0135 01       		.byte	0x1
 544 0136 FB       		.byte	0xfb
 545 0137 6B000000 		.4byte	0x6b
 546 013b 21000000 		.4byte	.LLST1
 547 013f 0E       		.uleb128 0xe
 548 0140 B6020000 		.4byte	.LASF22
 549 0144 01       		.byte	0x1
 550 0145 FC       		.byte	0xfc
 551 0146 77000000 		.4byte	0x77
ARM GAS  C:\Users\LAIR\AppData\Local\Temp\ccztDGig.s 			page 18


 552 014a 0E       		.byte	0xe
 553 014b 0F       		.uleb128 0xf
 554 014c 08000000 		.4byte	.LVL3
 555 0150 E7020000 		.4byte	0x2e7
 556 0154 0F       		.uleb128 0xf
 557 0155 1A000000 		.4byte	.LVL4
 558 0159 F2020000 		.4byte	0x2f2
 559 015d 00       		.byte	0
 560 015e 10       		.uleb128 0x10
 561 015f 35010000 		.4byte	.LASF36
 562 0163 01       		.byte	0x1
 563 0164 1501     		.2byte	0x115
 564 0166 6B000000 		.4byte	0x6b
 565 016a 00000000 		.4byte	.LFB8
 566 016e 10000000 		.4byte	.LFE8-.LFB8
 567 0172 01       		.uleb128 0x1
 568 0173 9C       		.byte	0x9c
 569 0174 96010000 		.4byte	0x196
 570 0178 11       		.uleb128 0x11
 571 0179 EF000000 		.4byte	.LASF20
 572 017d 01       		.byte	0x1
 573 017e 1701     		.2byte	0x117
 574 0180 77000000 		.4byte	0x77
 575 0184 34000000 		.4byte	.LLST2
 576 0188 12       		.uleb128 0x12
 577 0189 B6020000 		.4byte	.LASF22
 578 018d 01       		.byte	0x1
 579 018e 1801     		.2byte	0x118
 580 0190 77000000 		.4byte	0x77
 581 0194 0E       		.byte	0xe
 582 0195 00       		.byte	0
 583 0196 13       		.uleb128 0x13
 584 0197 F3020000 		.4byte	.LASF24
 585 019b 01       		.byte	0x1
 586 019c 3001     		.2byte	0x130
 587 019e 00000000 		.4byte	.LFB9
 588 01a2 10000000 		.4byte	.LFE9-.LFB9
 589 01a6 01       		.uleb128 0x1
 590 01a7 9C       		.byte	0x9c
 591 01a8 14       		.uleb128 0x14
 592 01a9 45000000 		.4byte	.LASF26
 593 01ad 01       		.byte	0x1
 594 01ae 4501     		.2byte	0x145
 595 01b0 6B000000 		.4byte	0x6b
 596 01b4 00000000 		.4byte	.LFB10
 597 01b8 14000000 		.4byte	.LFE10-.LFB10
 598 01bc 01       		.uleb128 0x1
 599 01bd 9C       		.byte	0x9c
 600 01be 13       		.uleb128 0x13
 601 01bf A6020000 		.4byte	.LASF27
 602 01c3 01       		.byte	0x1
 603 01c4 5A01     		.2byte	0x15a
 604 01c6 00000000 		.4byte	.LFB11
 605 01ca 10000000 		.4byte	.LFE11-.LFB11
 606 01ce 01       		.uleb128 0x1
 607 01cf 9C       		.byte	0x9c
 608 01d0 09       		.uleb128 0x9
ARM GAS  C:\Users\LAIR\AppData\Local\Temp\ccztDGig.s 			page 19


 609 01d1 27010000 		.4byte	.LASF28
 610 01d5 01       		.byte	0x1
 611 01d6 38       		.byte	0x38
 612 01d7 00000000 		.4byte	.LFB1
 613 01db 1C000000 		.4byte	.LFE1-.LFB1
 614 01df 01       		.uleb128 0x1
 615 01e0 9C       		.byte	0x9c
 616 01e1 22020000 		.4byte	0x222
 617 01e5 0F       		.uleb128 0xf
 618 01e6 06000000 		.4byte	.LVL8
 619 01ea BE010000 		.4byte	0x1be
 620 01ee 15       		.uleb128 0x15
 621 01ef 0C000000 		.4byte	.LVL9
 622 01f3 D4000000 		.4byte	0xd4
 623 01f7 05020000 		.4byte	0x205
 624 01fb 16       		.uleb128 0x16
 625 01fc 01       		.uleb128 0x1
 626 01fd 50       		.byte	0x50
 627 01fe 05       		.uleb128 0x5
 628 01ff 03       		.byte	0x3
 629 0200 00000000 		.4byte	ADC_IRQ_Interrupt
 630 0204 00       		.byte	0
 631 0205 15       		.uleb128 0x15
 632 0206 12000000 		.4byte	.LVL10
 633 020a 0C010000 		.4byte	0x10c
 634 020e 18020000 		.4byte	0x218
 635 0212 16       		.uleb128 0x16
 636 0213 01       		.uleb128 0x1
 637 0214 50       		.byte	0x50
 638 0215 01       		.uleb128 0x1
 639 0216 33       		.byte	0x33
 640 0217 00       		.byte	0
 641 0218 0F       		.uleb128 0xf
 642 0219 16000000 		.4byte	.LVL11
 643 021d 96010000 		.4byte	0x196
 644 0221 00       		.byte	0
 645 0222 09       		.uleb128 0x9
 646 0223 9F010000 		.4byte	.LASF29
 647 0227 01       		.byte	0x1
 648 0228 63       		.byte	0x63
 649 0229 00000000 		.4byte	.LFB2
 650 022d 1A000000 		.4byte	.LFE2-.LFB2
 651 0231 01       		.uleb128 0x1
 652 0232 9C       		.byte	0x9c
 653 0233 80020000 		.4byte	0x280
 654 0237 0C       		.uleb128 0xc
 655 0238 74010000 		.4byte	.LASF19
 656 023c 01       		.byte	0x1
 657 023d 63       		.byte	0x63
 658 023e A9000000 		.4byte	0xa9
 659 0242 56000000 		.4byte	.LLST3
 660 0246 0F       		.uleb128 0xf
 661 0247 08000000 		.4byte	.LVL13
 662 024b BE010000 		.4byte	0x1be
 663 024f 15       		.uleb128 0x15
 664 0250 0E000000 		.4byte	.LVL14
 665 0254 D4000000 		.4byte	0xd4
ARM GAS  C:\Users\LAIR\AppData\Local\Temp\ccztDGig.s 			page 20


 666 0258 63020000 		.4byte	0x263
 667 025c 16       		.uleb128 0x16
 668 025d 01       		.uleb128 0x1
 669 025e 50       		.byte	0x50
 670 025f 02       		.uleb128 0x2
 671 0260 74       		.byte	0x74
 672 0261 00       		.sleb128 0
 673 0262 00       		.byte	0
 674 0263 15       		.uleb128 0x15
 675 0264 14000000 		.4byte	.LVL15
 676 0268 0C010000 		.4byte	0x10c
 677 026c 76020000 		.4byte	0x276
 678 0270 16       		.uleb128 0x16
 679 0271 01       		.uleb128 0x1
 680 0272 50       		.byte	0x50
 681 0273 01       		.uleb128 0x1
 682 0274 33       		.byte	0x33
 683 0275 00       		.byte	0
 684 0276 0F       		.uleb128 0xf
 685 0277 18000000 		.4byte	.LVL16
 686 027b 96010000 		.4byte	0x196
 687 027f 00       		.byte	0
 688 0280 09       		.uleb128 0x9
 689 0281 13000000 		.4byte	.LASF30
 690 0285 01       		.byte	0x1
 691 0286 81       		.byte	0x81
 692 0287 00000000 		.4byte	.LFB3
 693 028b 14000000 		.4byte	.LFE3-.LFB3
 694 028f 01       		.uleb128 0x1
 695 0290 9C       		.byte	0x9c
 696 0291 A8020000 		.4byte	0x2a8
 697 0295 0F       		.uleb128 0xf
 698 0296 06000000 		.4byte	.LVL18
 699 029a BE010000 		.4byte	0x1be
 700 029e 0F       		.uleb128 0xf
 701 029f 0C000000 		.4byte	.LVL19
 702 02a3 D4000000 		.4byte	0xd4
 703 02a7 00       		.byte	0
 704 02a8 13       		.uleb128 0x13
 705 02a9 F8000000 		.4byte	.LASF31
 706 02ad 01       		.byte	0x1
 707 02ae 7501     		.2byte	0x175
 708 02b0 00000000 		.4byte	.LFB12
 709 02b4 10000000 		.4byte	.LFE12-.LFB12
 710 02b8 01       		.uleb128 0x1
 711 02b9 9C       		.byte	0x9c
 712 02ba 13       		.uleb128 0x13
 713 02bb 0B010000 		.4byte	.LASF32
 714 02bf 01       		.byte	0x1
 715 02c0 8E01     		.2byte	0x18e
 716 02c2 00000000 		.4byte	.LFB13
 717 02c6 10000000 		.4byte	.LFE13-.LFB13
 718 02ca 01       		.uleb128 0x1
 719 02cb 9C       		.byte	0x9c
 720 02cc 17       		.uleb128 0x17
 721 02cd A9000000 		.4byte	0xa9
 722 02d1 DC020000 		.4byte	0x2dc
ARM GAS  C:\Users\LAIR\AppData\Local\Temp\ccztDGig.s 			page 21


 723 02d5 18       		.uleb128 0x18
 724 02d6 BC000000 		.4byte	0xbc
 725 02da 2F       		.byte	0x2f
 726 02db 00       		.byte	0
 727 02dc 19       		.uleb128 0x19
 728 02dd 06000000 		.4byte	.LASF37
 729 02e1 01       		.byte	0x1
 730 02e2 21       		.byte	0x21
 731 02e3 CC020000 		.4byte	0x2cc
 732 02e7 1A       		.uleb128 0x1a
 733 02e8 50010000 		.4byte	.LASF38
 734 02ec 03       		.byte	0x3
 735 02ed E3       		.byte	0xe3
 736 02ee 6B000000 		.4byte	0x6b
 737 02f2 1B       		.uleb128 0x1b
 738 02f3 7C010000 		.4byte	.LASF39
 739 02f7 03       		.byte	0x3
 740 02f8 E4       		.byte	0xe4
 741 02f9 1C       		.uleb128 0x1c
 742 02fa 6B000000 		.4byte	0x6b
 743 02fe 00       		.byte	0
 744 02ff 00       		.byte	0
 745              		.section	.debug_abbrev,"",%progbits
 746              	.Ldebug_abbrev0:
 747 0000 01       		.uleb128 0x1
 748 0001 11       		.uleb128 0x11
 749 0002 01       		.byte	0x1
 750 0003 25       		.uleb128 0x25
 751 0004 0E       		.uleb128 0xe
 752 0005 13       		.uleb128 0x13
 753 0006 0B       		.uleb128 0xb
 754 0007 03       		.uleb128 0x3
 755 0008 0E       		.uleb128 0xe
 756 0009 1B       		.uleb128 0x1b
 757 000a 0E       		.uleb128 0xe
 758 000b 55       		.uleb128 0x55
 759 000c 17       		.uleb128 0x17
 760 000d 11       		.uleb128 0x11
 761 000e 01       		.uleb128 0x1
 762 000f 10       		.uleb128 0x10
 763 0010 17       		.uleb128 0x17
 764 0011 00       		.byte	0
 765 0012 00       		.byte	0
 766 0013 02       		.uleb128 0x2
 767 0014 24       		.uleb128 0x24
 768 0015 00       		.byte	0
 769 0016 0B       		.uleb128 0xb
 770 0017 0B       		.uleb128 0xb
 771 0018 3E       		.uleb128 0x3e
 772 0019 0B       		.uleb128 0xb
 773 001a 03       		.uleb128 0x3
 774 001b 0E       		.uleb128 0xe
 775 001c 00       		.byte	0
 776 001d 00       		.byte	0
 777 001e 03       		.uleb128 0x3
 778 001f 24       		.uleb128 0x24
 779 0020 00       		.byte	0
ARM GAS  C:\Users\LAIR\AppData\Local\Temp\ccztDGig.s 			page 22


 780 0021 0B       		.uleb128 0xb
 781 0022 0B       		.uleb128 0xb
 782 0023 3E       		.uleb128 0x3e
 783 0024 0B       		.uleb128 0xb
 784 0025 03       		.uleb128 0x3
 785 0026 08       		.uleb128 0x8
 786 0027 00       		.byte	0
 787 0028 00       		.byte	0
 788 0029 04       		.uleb128 0x4
 789 002a 16       		.uleb128 0x16
 790 002b 00       		.byte	0
 791 002c 03       		.uleb128 0x3
 792 002d 0E       		.uleb128 0xe
 793 002e 3A       		.uleb128 0x3a
 794 002f 0B       		.uleb128 0xb
 795 0030 3B       		.uleb128 0x3b
 796 0031 05       		.uleb128 0x5
 797 0032 49       		.uleb128 0x49
 798 0033 13       		.uleb128 0x13
 799 0034 00       		.byte	0
 800 0035 00       		.byte	0
 801 0036 05       		.uleb128 0x5
 802 0037 35       		.uleb128 0x35
 803 0038 00       		.byte	0
 804 0039 49       		.uleb128 0x49
 805 003a 13       		.uleb128 0x13
 806 003b 00       		.byte	0
 807 003c 00       		.byte	0
 808 003d 06       		.uleb128 0x6
 809 003e 0F       		.uleb128 0xf
 810 003f 00       		.byte	0
 811 0040 0B       		.uleb128 0xb
 812 0041 0B       		.uleb128 0xb
 813 0042 49       		.uleb128 0x49
 814 0043 13       		.uleb128 0x13
 815 0044 00       		.byte	0
 816 0045 00       		.byte	0
 817 0046 07       		.uleb128 0x7
 818 0047 15       		.uleb128 0x15
 819 0048 00       		.byte	0
 820 0049 27       		.uleb128 0x27
 821 004a 19       		.uleb128 0x19
 822 004b 00       		.byte	0
 823 004c 00       		.byte	0
 824 004d 08       		.uleb128 0x8
 825 004e 2E       		.uleb128 0x2e
 826 004f 00       		.byte	0
 827 0050 3F       		.uleb128 0x3f
 828 0051 19       		.uleb128 0x19
 829 0052 03       		.uleb128 0x3
 830 0053 0E       		.uleb128 0xe
 831 0054 3A       		.uleb128 0x3a
 832 0055 0B       		.uleb128 0xb
 833 0056 3B       		.uleb128 0x3b
 834 0057 0B       		.uleb128 0xb
 835 0058 27       		.uleb128 0x27
 836 0059 19       		.uleb128 0x19
ARM GAS  C:\Users\LAIR\AppData\Local\Temp\ccztDGig.s 			page 23


 837 005a 11       		.uleb128 0x11
 838 005b 01       		.uleb128 0x1
 839 005c 12       		.uleb128 0x12
 840 005d 06       		.uleb128 0x6
 841 005e 40       		.uleb128 0x40
 842 005f 18       		.uleb128 0x18
 843 0060 9742     		.uleb128 0x2117
 844 0062 19       		.uleb128 0x19
 845 0063 00       		.byte	0
 846 0064 00       		.byte	0
 847 0065 09       		.uleb128 0x9
 848 0066 2E       		.uleb128 0x2e
 849 0067 01       		.byte	0x1
 850 0068 3F       		.uleb128 0x3f
 851 0069 19       		.uleb128 0x19
 852 006a 03       		.uleb128 0x3
 853 006b 0E       		.uleb128 0xe
 854 006c 3A       		.uleb128 0x3a
 855 006d 0B       		.uleb128 0xb
 856 006e 3B       		.uleb128 0x3b
 857 006f 0B       		.uleb128 0xb
 858 0070 27       		.uleb128 0x27
 859 0071 19       		.uleb128 0x19
 860 0072 11       		.uleb128 0x11
 861 0073 01       		.uleb128 0x1
 862 0074 12       		.uleb128 0x12
 863 0075 06       		.uleb128 0x6
 864 0076 40       		.uleb128 0x40
 865 0077 18       		.uleb128 0x18
 866 0078 9742     		.uleb128 0x2117
 867 007a 19       		.uleb128 0x19
 868 007b 01       		.uleb128 0x1
 869 007c 13       		.uleb128 0x13
 870 007d 00       		.byte	0
 871 007e 00       		.byte	0
 872 007f 0A       		.uleb128 0xa
 873 0080 05       		.uleb128 0x5
 874 0081 00       		.byte	0
 875 0082 03       		.uleb128 0x3
 876 0083 0E       		.uleb128 0xe
 877 0084 3A       		.uleb128 0x3a
 878 0085 0B       		.uleb128 0xb
 879 0086 3B       		.uleb128 0x3b
 880 0087 0B       		.uleb128 0xb
 881 0088 49       		.uleb128 0x49
 882 0089 13       		.uleb128 0x13
 883 008a 02       		.uleb128 0x2
 884 008b 18       		.uleb128 0x18
 885 008c 00       		.byte	0
 886 008d 00       		.byte	0
 887 008e 0B       		.uleb128 0xb
 888 008f 2E       		.uleb128 0x2e
 889 0090 00       		.byte	0
 890 0091 3F       		.uleb128 0x3f
 891 0092 19       		.uleb128 0x19
 892 0093 03       		.uleb128 0x3
 893 0094 0E       		.uleb128 0xe
ARM GAS  C:\Users\LAIR\AppData\Local\Temp\ccztDGig.s 			page 24


 894 0095 3A       		.uleb128 0x3a
 895 0096 0B       		.uleb128 0xb
 896 0097 3B       		.uleb128 0x3b
 897 0098 0B       		.uleb128 0xb
 898 0099 27       		.uleb128 0x27
 899 009a 19       		.uleb128 0x19
 900 009b 49       		.uleb128 0x49
 901 009c 13       		.uleb128 0x13
 902 009d 11       		.uleb128 0x11
 903 009e 01       		.uleb128 0x1
 904 009f 12       		.uleb128 0x12
 905 00a0 06       		.uleb128 0x6
 906 00a1 40       		.uleb128 0x40
 907 00a2 18       		.uleb128 0x18
 908 00a3 9742     		.uleb128 0x2117
 909 00a5 19       		.uleb128 0x19
 910 00a6 00       		.byte	0
 911 00a7 00       		.byte	0
 912 00a8 0C       		.uleb128 0xc
 913 00a9 05       		.uleb128 0x5
 914 00aa 00       		.byte	0
 915 00ab 03       		.uleb128 0x3
 916 00ac 0E       		.uleb128 0xe
 917 00ad 3A       		.uleb128 0x3a
 918 00ae 0B       		.uleb128 0xb
 919 00af 3B       		.uleb128 0x3b
 920 00b0 0B       		.uleb128 0xb
 921 00b1 49       		.uleb128 0x49
 922 00b2 13       		.uleb128 0x13
 923 00b3 02       		.uleb128 0x2
 924 00b4 17       		.uleb128 0x17
 925 00b5 00       		.byte	0
 926 00b6 00       		.byte	0
 927 00b7 0D       		.uleb128 0xd
 928 00b8 34       		.uleb128 0x34
 929 00b9 00       		.byte	0
 930 00ba 03       		.uleb128 0x3
 931 00bb 0E       		.uleb128 0xe
 932 00bc 3A       		.uleb128 0x3a
 933 00bd 0B       		.uleb128 0xb
 934 00be 3B       		.uleb128 0x3b
 935 00bf 0B       		.uleb128 0xb
 936 00c0 49       		.uleb128 0x49
 937 00c1 13       		.uleb128 0x13
 938 00c2 02       		.uleb128 0x2
 939 00c3 17       		.uleb128 0x17
 940 00c4 00       		.byte	0
 941 00c5 00       		.byte	0
 942 00c6 0E       		.uleb128 0xe
 943 00c7 34       		.uleb128 0x34
 944 00c8 00       		.byte	0
 945 00c9 03       		.uleb128 0x3
 946 00ca 0E       		.uleb128 0xe
 947 00cb 3A       		.uleb128 0x3a
 948 00cc 0B       		.uleb128 0xb
 949 00cd 3B       		.uleb128 0x3b
 950 00ce 0B       		.uleb128 0xb
ARM GAS  C:\Users\LAIR\AppData\Local\Temp\ccztDGig.s 			page 25


 951 00cf 49       		.uleb128 0x49
 952 00d0 13       		.uleb128 0x13
 953 00d1 1C       		.uleb128 0x1c
 954 00d2 0B       		.uleb128 0xb
 955 00d3 00       		.byte	0
 956 00d4 00       		.byte	0
 957 00d5 0F       		.uleb128 0xf
 958 00d6 898201   		.uleb128 0x4109
 959 00d9 00       		.byte	0
 960 00da 11       		.uleb128 0x11
 961 00db 01       		.uleb128 0x1
 962 00dc 31       		.uleb128 0x31
 963 00dd 13       		.uleb128 0x13
 964 00de 00       		.byte	0
 965 00df 00       		.byte	0
 966 00e0 10       		.uleb128 0x10
 967 00e1 2E       		.uleb128 0x2e
 968 00e2 01       		.byte	0x1
 969 00e3 3F       		.uleb128 0x3f
 970 00e4 19       		.uleb128 0x19
 971 00e5 03       		.uleb128 0x3
 972 00e6 0E       		.uleb128 0xe
 973 00e7 3A       		.uleb128 0x3a
 974 00e8 0B       		.uleb128 0xb
 975 00e9 3B       		.uleb128 0x3b
 976 00ea 05       		.uleb128 0x5
 977 00eb 27       		.uleb128 0x27
 978 00ec 19       		.uleb128 0x19
 979 00ed 49       		.uleb128 0x49
 980 00ee 13       		.uleb128 0x13
 981 00ef 11       		.uleb128 0x11
 982 00f0 01       		.uleb128 0x1
 983 00f1 12       		.uleb128 0x12
 984 00f2 06       		.uleb128 0x6
 985 00f3 40       		.uleb128 0x40
 986 00f4 18       		.uleb128 0x18
 987 00f5 9742     		.uleb128 0x2117
 988 00f7 19       		.uleb128 0x19
 989 00f8 01       		.uleb128 0x1
 990 00f9 13       		.uleb128 0x13
 991 00fa 00       		.byte	0
 992 00fb 00       		.byte	0
 993 00fc 11       		.uleb128 0x11
 994 00fd 34       		.uleb128 0x34
 995 00fe 00       		.byte	0
 996 00ff 03       		.uleb128 0x3
 997 0100 0E       		.uleb128 0xe
 998 0101 3A       		.uleb128 0x3a
 999 0102 0B       		.uleb128 0xb
 1000 0103 3B       		.uleb128 0x3b
 1001 0104 05       		.uleb128 0x5
 1002 0105 49       		.uleb128 0x49
 1003 0106 13       		.uleb128 0x13
 1004 0107 02       		.uleb128 0x2
 1005 0108 17       		.uleb128 0x17
 1006 0109 00       		.byte	0
 1007 010a 00       		.byte	0
ARM GAS  C:\Users\LAIR\AppData\Local\Temp\ccztDGig.s 			page 26


 1008 010b 12       		.uleb128 0x12
 1009 010c 34       		.uleb128 0x34
 1010 010d 00       		.byte	0
 1011 010e 03       		.uleb128 0x3
 1012 010f 0E       		.uleb128 0xe
 1013 0110 3A       		.uleb128 0x3a
 1014 0111 0B       		.uleb128 0xb
 1015 0112 3B       		.uleb128 0x3b
 1016 0113 05       		.uleb128 0x5
 1017 0114 49       		.uleb128 0x49
 1018 0115 13       		.uleb128 0x13
 1019 0116 1C       		.uleb128 0x1c
 1020 0117 0B       		.uleb128 0xb
 1021 0118 00       		.byte	0
 1022 0119 00       		.byte	0
 1023 011a 13       		.uleb128 0x13
 1024 011b 2E       		.uleb128 0x2e
 1025 011c 00       		.byte	0
 1026 011d 3F       		.uleb128 0x3f
 1027 011e 19       		.uleb128 0x19
 1028 011f 03       		.uleb128 0x3
 1029 0120 0E       		.uleb128 0xe
 1030 0121 3A       		.uleb128 0x3a
 1031 0122 0B       		.uleb128 0xb
 1032 0123 3B       		.uleb128 0x3b
 1033 0124 05       		.uleb128 0x5
 1034 0125 27       		.uleb128 0x27
 1035 0126 19       		.uleb128 0x19
 1036 0127 11       		.uleb128 0x11
 1037 0128 01       		.uleb128 0x1
 1038 0129 12       		.uleb128 0x12
 1039 012a 06       		.uleb128 0x6
 1040 012b 40       		.uleb128 0x40
 1041 012c 18       		.uleb128 0x18
 1042 012d 9742     		.uleb128 0x2117
 1043 012f 19       		.uleb128 0x19
 1044 0130 00       		.byte	0
 1045 0131 00       		.byte	0
 1046 0132 14       		.uleb128 0x14
 1047 0133 2E       		.uleb128 0x2e
 1048 0134 00       		.byte	0
 1049 0135 3F       		.uleb128 0x3f
 1050 0136 19       		.uleb128 0x19
 1051 0137 03       		.uleb128 0x3
 1052 0138 0E       		.uleb128 0xe
 1053 0139 3A       		.uleb128 0x3a
 1054 013a 0B       		.uleb128 0xb
 1055 013b 3B       		.uleb128 0x3b
 1056 013c 05       		.uleb128 0x5
 1057 013d 27       		.uleb128 0x27
 1058 013e 19       		.uleb128 0x19
 1059 013f 49       		.uleb128 0x49
 1060 0140 13       		.uleb128 0x13
 1061 0141 11       		.uleb128 0x11
 1062 0142 01       		.uleb128 0x1
 1063 0143 12       		.uleb128 0x12
 1064 0144 06       		.uleb128 0x6
ARM GAS  C:\Users\LAIR\AppData\Local\Temp\ccztDGig.s 			page 27


 1065 0145 40       		.uleb128 0x40
 1066 0146 18       		.uleb128 0x18
 1067 0147 9742     		.uleb128 0x2117
 1068 0149 19       		.uleb128 0x19
 1069 014a 00       		.byte	0
 1070 014b 00       		.byte	0
 1071 014c 15       		.uleb128 0x15
 1072 014d 898201   		.uleb128 0x4109
 1073 0150 01       		.byte	0x1
 1074 0151 11       		.uleb128 0x11
 1075 0152 01       		.uleb128 0x1
 1076 0153 31       		.uleb128 0x31
 1077 0154 13       		.uleb128 0x13
 1078 0155 01       		.uleb128 0x1
 1079 0156 13       		.uleb128 0x13
 1080 0157 00       		.byte	0
 1081 0158 00       		.byte	0
 1082 0159 16       		.uleb128 0x16
 1083 015a 8A8201   		.uleb128 0x410a
 1084 015d 00       		.byte	0
 1085 015e 02       		.uleb128 0x2
 1086 015f 18       		.uleb128 0x18
 1087 0160 9142     		.uleb128 0x2111
 1088 0162 18       		.uleb128 0x18
 1089 0163 00       		.byte	0
 1090 0164 00       		.byte	0
 1091 0165 17       		.uleb128 0x17
 1092 0166 01       		.uleb128 0x1
 1093 0167 01       		.byte	0x1
 1094 0168 49       		.uleb128 0x49
 1095 0169 13       		.uleb128 0x13
 1096 016a 01       		.uleb128 0x1
 1097 016b 13       		.uleb128 0x13
 1098 016c 00       		.byte	0
 1099 016d 00       		.byte	0
 1100 016e 18       		.uleb128 0x18
 1101 016f 21       		.uleb128 0x21
 1102 0170 00       		.byte	0
 1103 0171 49       		.uleb128 0x49
 1104 0172 13       		.uleb128 0x13
 1105 0173 2F       		.uleb128 0x2f
 1106 0174 0B       		.uleb128 0xb
 1107 0175 00       		.byte	0
 1108 0176 00       		.byte	0
 1109 0177 19       		.uleb128 0x19
 1110 0178 34       		.uleb128 0x34
 1111 0179 00       		.byte	0
 1112 017a 03       		.uleb128 0x3
 1113 017b 0E       		.uleb128 0xe
 1114 017c 3A       		.uleb128 0x3a
 1115 017d 0B       		.uleb128 0xb
 1116 017e 3B       		.uleb128 0x3b
 1117 017f 0B       		.uleb128 0xb
 1118 0180 49       		.uleb128 0x49
 1119 0181 13       		.uleb128 0x13
 1120 0182 3F       		.uleb128 0x3f
 1121 0183 19       		.uleb128 0x19
ARM GAS  C:\Users\LAIR\AppData\Local\Temp\ccztDGig.s 			page 28


 1122 0184 3C       		.uleb128 0x3c
 1123 0185 19       		.uleb128 0x19
 1124 0186 00       		.byte	0
 1125 0187 00       		.byte	0
 1126 0188 1A       		.uleb128 0x1a
 1127 0189 2E       		.uleb128 0x2e
 1128 018a 00       		.byte	0
 1129 018b 3F       		.uleb128 0x3f
 1130 018c 19       		.uleb128 0x19
 1131 018d 03       		.uleb128 0x3
 1132 018e 0E       		.uleb128 0xe
 1133 018f 3A       		.uleb128 0x3a
 1134 0190 0B       		.uleb128 0xb
 1135 0191 3B       		.uleb128 0x3b
 1136 0192 0B       		.uleb128 0xb
 1137 0193 27       		.uleb128 0x27
 1138 0194 19       		.uleb128 0x19
 1139 0195 49       		.uleb128 0x49
 1140 0196 13       		.uleb128 0x13
 1141 0197 3C       		.uleb128 0x3c
 1142 0198 19       		.uleb128 0x19
 1143 0199 00       		.byte	0
 1144 019a 00       		.byte	0
 1145 019b 1B       		.uleb128 0x1b
 1146 019c 2E       		.uleb128 0x2e
 1147 019d 01       		.byte	0x1
 1148 019e 3F       		.uleb128 0x3f
 1149 019f 19       		.uleb128 0x19
 1150 01a0 03       		.uleb128 0x3
 1151 01a1 0E       		.uleb128 0xe
 1152 01a2 3A       		.uleb128 0x3a
 1153 01a3 0B       		.uleb128 0xb
 1154 01a4 3B       		.uleb128 0x3b
 1155 01a5 0B       		.uleb128 0xb
 1156 01a6 27       		.uleb128 0x27
 1157 01a7 19       		.uleb128 0x19
 1158 01a8 3C       		.uleb128 0x3c
 1159 01a9 19       		.uleb128 0x19
 1160 01aa 00       		.byte	0
 1161 01ab 00       		.byte	0
 1162 01ac 1C       		.uleb128 0x1c
 1163 01ad 05       		.uleb128 0x5
 1164 01ae 00       		.byte	0
 1165 01af 49       		.uleb128 0x49
 1166 01b0 13       		.uleb128 0x13
 1167 01b1 00       		.byte	0
 1168 01b2 00       		.byte	0
 1169 01b3 00       		.byte	0
 1170              		.section	.debug_loc,"",%progbits
 1171              	.Ldebug_loc0:
 1172              	.LLST0:
 1173 0000 00000000 		.4byte	.LVL1
 1174 0004 07000000 		.4byte	.LVL3-1
 1175 0008 0100     		.2byte	0x1
 1176 000a 50       		.byte	0x50
 1177 000b 07000000 		.4byte	.LVL3-1
 1178 000f 24000000 		.4byte	.LFE7
ARM GAS  C:\Users\LAIR\AppData\Local\Temp\ccztDGig.s 			page 29


 1179 0013 0400     		.2byte	0x4
 1180 0015 F3       		.byte	0xf3
 1181 0016 01       		.uleb128 0x1
 1182 0017 50       		.byte	0x50
 1183 0018 9F       		.byte	0x9f
 1184 0019 00000000 		.4byte	0
 1185 001d 00000000 		.4byte	0
 1186              	.LLST1:
 1187 0021 08000000 		.4byte	.LVL3
 1188 0025 19000000 		.4byte	.LVL4-1
 1189 0029 0100     		.2byte	0x1
 1190 002b 50       		.byte	0x50
 1191 002c 00000000 		.4byte	0
 1192 0030 00000000 		.4byte	0
 1193              	.LLST2:
 1194 0034 06000000 		.4byte	.LVL6
 1195 0038 08000000 		.4byte	.LVL7
 1196 003c 0500     		.2byte	0x5
 1197 003e 70       		.byte	0x70
 1198 003f 00       		.sleb128 0
 1199 0040 4E       		.byte	0x4e
 1200 0041 25       		.byte	0x25
 1201 0042 9F       		.byte	0x9f
 1202 0043 08000000 		.4byte	.LVL7
 1203 0047 10000000 		.4byte	.LFE8
 1204 004b 0100     		.2byte	0x1
 1205 004d 50       		.byte	0x50
 1206 004e 00000000 		.4byte	0
 1207 0052 00000000 		.4byte	0
 1208              	.LLST3:
 1209 0056 00000000 		.4byte	.LVL12
 1210 005a 07000000 		.4byte	.LVL13-1
 1211 005e 0100     		.2byte	0x1
 1212 0060 50       		.byte	0x50
 1213 0061 07000000 		.4byte	.LVL13-1
 1214 0065 18000000 		.4byte	.LVL17
 1215 0069 0100     		.2byte	0x1
 1216 006b 54       		.byte	0x54
 1217 006c 18000000 		.4byte	.LVL17
 1218 0070 1A000000 		.4byte	.LFE2
 1219 0074 0400     		.2byte	0x4
 1220 0076 F3       		.byte	0xf3
 1221 0077 01       		.uleb128 0x1
 1222 0078 50       		.byte	0x50
 1223 0079 9F       		.byte	0x9f
 1224 007a 00000000 		.4byte	0
 1225 007e 00000000 		.4byte	0
 1226              		.section	.debug_aranges,"",%progbits
 1227 0000 7C000000 		.4byte	0x7c
 1228 0004 0200     		.2byte	0x2
 1229 0006 00000000 		.4byte	.Ldebug_info0
 1230 000a 04       		.byte	0x4
 1231 000b 00       		.byte	0
 1232 000c 0000     		.2byte	0
 1233 000e 0000     		.2byte	0
 1234 0010 00000000 		.4byte	.LFB4
 1235 0014 02000000 		.4byte	.LFE4-.LFB4
ARM GAS  C:\Users\LAIR\AppData\Local\Temp\ccztDGig.s 			page 30


 1236 0018 00000000 		.4byte	.LFB5
 1237 001c 0C000000 		.4byte	.LFE5-.LFB5
 1238 0020 00000000 		.4byte	.LFB6
 1239 0024 0C000000 		.4byte	.LFE6-.LFB6
 1240 0028 00000000 		.4byte	.LFB7
 1241 002c 24000000 		.4byte	.LFE7-.LFB7
 1242 0030 00000000 		.4byte	.LFB8
 1243 0034 10000000 		.4byte	.LFE8-.LFB8
 1244 0038 00000000 		.4byte	.LFB9
 1245 003c 10000000 		.4byte	.LFE9-.LFB9
 1246 0040 00000000 		.4byte	.LFB10
 1247 0044 14000000 		.4byte	.LFE10-.LFB10
 1248 0048 00000000 		.4byte	.LFB11
 1249 004c 10000000 		.4byte	.LFE11-.LFB11
 1250 0050 00000000 		.4byte	.LFB1
 1251 0054 1C000000 		.4byte	.LFE1-.LFB1
 1252 0058 00000000 		.4byte	.LFB2
 1253 005c 1A000000 		.4byte	.LFE2-.LFB2
 1254 0060 00000000 		.4byte	.LFB3
 1255 0064 14000000 		.4byte	.LFE3-.LFB3
 1256 0068 00000000 		.4byte	.LFB12
 1257 006c 10000000 		.4byte	.LFE12-.LFB12
 1258 0070 00000000 		.4byte	.LFB13
 1259 0074 10000000 		.4byte	.LFE13-.LFB13
 1260 0078 00000000 		.4byte	0
 1261 007c 00000000 		.4byte	0
 1262              		.section	.debug_ranges,"",%progbits
 1263              	.Ldebug_ranges0:
 1264 0000 00000000 		.4byte	.LFB4
 1265 0004 02000000 		.4byte	.LFE4
 1266 0008 00000000 		.4byte	.LFB5
 1267 000c 0C000000 		.4byte	.LFE5
 1268 0010 00000000 		.4byte	.LFB6
 1269 0014 0C000000 		.4byte	.LFE6
 1270 0018 00000000 		.4byte	.LFB7
 1271 001c 24000000 		.4byte	.LFE7
 1272 0020 00000000 		.4byte	.LFB8
 1273 0024 10000000 		.4byte	.LFE8
 1274 0028 00000000 		.4byte	.LFB9
 1275 002c 10000000 		.4byte	.LFE9
 1276 0030 00000000 		.4byte	.LFB10
 1277 0034 14000000 		.4byte	.LFE10
 1278 0038 00000000 		.4byte	.LFB11
 1279 003c 10000000 		.4byte	.LFE11
 1280 0040 00000000 		.4byte	.LFB1
 1281 0044 1C000000 		.4byte	.LFE1
 1282 0048 00000000 		.4byte	.LFB2
 1283 004c 1A000000 		.4byte	.LFE2
 1284 0050 00000000 		.4byte	.LFB3
 1285 0054 14000000 		.4byte	.LFE3
 1286 0058 00000000 		.4byte	.LFB12
 1287 005c 10000000 		.4byte	.LFE12
 1288 0060 00000000 		.4byte	.LFB13
 1289 0064 10000000 		.4byte	.LFE13
 1290 0068 00000000 		.4byte	0
 1291 006c 00000000 		.4byte	0
 1292              		.section	.debug_line,"",%progbits
ARM GAS  C:\Users\LAIR\AppData\Local\Temp\ccztDGig.s 			page 31


 1293              	.Ldebug_line0:
 1294 0000 68010000 		.section	.debug_str,"MS",%progbits,1
 1294      02006800 
 1294      00000201 
 1294      FB0E0D00 
 1294      01010101 
 1295              	.LASF14:
 1296 0000 72656733 		.ascii	"reg32\000"
 1296      3200
 1297              	.LASF37:
 1298 0006 43795261 		.ascii	"CyRamVectors\000"
 1298      6D566563 
 1298      746F7273 
 1298      00
 1299              	.LASF30:
 1300 0013 4144435F 		.ascii	"ADC_IRQ_Stop\000"
 1300      4952515F 
 1300      53746F70 
 1300      00
 1301              	.LASF17:
 1302 0020 4144435F 		.ascii	"ADC_IRQ_SetVector\000"
 1302      4952515F 
 1302      53657456 
 1302      6563746F 
 1302      7200
 1303              	.LASF3:
 1304 0032 73686F72 		.ascii	"short unsigned int\000"
 1304      7420756E 
 1304      7369676E 
 1304      65642069 
 1304      6E7400
 1305              	.LASF26:
 1306 0045 4144435F 		.ascii	"ADC_IRQ_GetState\000"
 1306      4952515F 
 1306      47657453 
 1306      74617465 
 1306      00
 1307              	.LASF34:
 1308 0056 2E5C4765 		.ascii	".\\Generated_Source\\PSoC4\\ADC_IRQ.c\000"
 1308      6E657261 
 1308      7465645F 
 1308      536F7572 
 1308      63655C50 
 1309              	.LASF25:
 1310 0079 4144435F 		.ascii	"ADC_IRQ_GetVector\000"
 1310      4952515F 
 1310      47657456 
 1310      6563746F 
 1310      7200
 1311              	.LASF23:
 1312 008b 4144435F 		.ascii	"ADC_IRQ_Interrupt\000"
 1312      4952515F 
 1312      496E7465 
 1312      72727570 
 1312      7400
 1313              	.LASF11:
 1314 009d 666C6F61 		.ascii	"float\000"
ARM GAS  C:\Users\LAIR\AppData\Local\Temp\ccztDGig.s 			page 32


 1314      7400
 1315              	.LASF7:
 1316 00a3 6C6F6E67 		.ascii	"long long unsigned int\000"
 1316      206C6F6E 
 1316      6720756E 
 1316      7369676E 
 1316      65642069 
 1317              	.LASF1:
 1318 00ba 756E7369 		.ascii	"unsigned char\000"
 1318      676E6564 
 1318      20636861 
 1318      7200
 1319              	.LASF21:
 1320 00c8 696E7465 		.ascii	"interruptState\000"
 1320      72727570 
 1320      74537461 
 1320      746500
 1321              	.LASF5:
 1322 00d7 6C6F6E67 		.ascii	"long unsigned int\000"
 1322      20756E73 
 1322      69676E65 
 1322      6420696E 
 1322      7400
 1323              	.LASF9:
 1324 00e9 75696E74 		.ascii	"uint8\000"
 1324      3800
 1325              	.LASF20:
 1326 00ef 7072696F 		.ascii	"priority\000"
 1326      72697479 
 1326      00
 1327              	.LASF31:
 1328 00f8 4144435F 		.ascii	"ADC_IRQ_SetPending\000"
 1328      4952515F 
 1328      53657450 
 1328      656E6469 
 1328      6E6700
 1329              	.LASF32:
 1330 010b 4144435F 		.ascii	"ADC_IRQ_ClearPending\000"
 1330      4952515F 
 1330      436C6561 
 1330      7250656E 
 1330      64696E67 
 1331              	.LASF12:
 1332 0120 646F7562 		.ascii	"double\000"
 1332      6C6500
 1333              	.LASF28:
 1334 0127 4144435F 		.ascii	"ADC_IRQ_Start\000"
 1334      4952515F 
 1334      53746172 
 1334      7400
 1335              	.LASF36:
 1336 0135 4144435F 		.ascii	"ADC_IRQ_GetPriority\000"
 1336      4952515F 
 1336      47657450 
 1336      72696F72 
 1336      69747900 
 1337              	.LASF10:
ARM GAS  C:\Users\LAIR\AppData\Local\Temp\ccztDGig.s 			page 33


 1338 0149 75696E74 		.ascii	"uint32\000"
 1338      333200
 1339              	.LASF38:
 1340 0150 4379456E 		.ascii	"CyEnterCriticalSection\000"
 1340      74657243 
 1340      72697469 
 1340      63616C53 
 1340      65637469 
 1341              	.LASF8:
 1342 0167 756E7369 		.ascii	"unsigned int\000"
 1342      676E6564 
 1342      20696E74 
 1342      00
 1343              	.LASF19:
 1344 0174 61646472 		.ascii	"address\000"
 1344      65737300 
 1345              	.LASF39:
 1346 017c 43794578 		.ascii	"CyExitCriticalSection\000"
 1346      69744372 
 1346      69746963 
 1346      616C5365 
 1346      6374696F 
 1347              	.LASF15:
 1348 0192 63796973 		.ascii	"cyisraddress\000"
 1348      72616464 
 1348      72657373 
 1348      00
 1349              	.LASF29:
 1350 019f 4144435F 		.ascii	"ADC_IRQ_StartEx\000"
 1350      4952515F 
 1350      53746172 
 1350      74457800 
 1351              	.LASF16:
 1352 01af 73697A65 		.ascii	"sizetype\000"
 1352      74797065 
 1352      00
 1353              	.LASF6:
 1354 01b8 6C6F6E67 		.ascii	"long long int\000"
 1354      206C6F6E 
 1354      6720696E 
 1354      7400
 1355              	.LASF35:
 1356 01c6 433A5C55 		.ascii	"C:\\Users\\LAIR\\Documents\\GitHub\\ARC-Controller\\"
 1356      73657273 
 1356      5C4C4149 
 1356      525C446F 
 1356      63756D65 
 1357 01f4 50536F43 		.ascii	"PSoC-Code\\ARC-EMBED.cydsn\000"
 1357      2D436F64 
 1357      655C4152 
 1357      432D454D 
 1357      4245442E 
 1358              	.LASF33:
 1359 020e 474E5520 		.ascii	"GNU C 4.9.3 20150303 (release) [ARM/embedded-4_9-br"
 1359      4320342E 
 1359      392E3320 
 1359      32303135 
ARM GAS  C:\Users\LAIR\AppData\Local\Temp\ccztDGig.s 			page 34


 1359      30333033 
 1360 0241 616E6368 		.ascii	"anch revision 221220] -mcpu=cortex-m0 -mthumb -g -O"
 1360      20726576 
 1360      6973696F 
 1360      6E203232 
 1360      31323230 
 1361 0274 67202D66 		.ascii	"g -ffunction-sections -ffat-lto-objects\000"
 1361      66756E63 
 1361      74696F6E 
 1361      2D736563 
 1361      74696F6E 
 1362              	.LASF2:
 1363 029c 73686F72 		.ascii	"short int\000"
 1363      7420696E 
 1363      7400
 1364              	.LASF27:
 1365 02a6 4144435F 		.ascii	"ADC_IRQ_Disable\000"
 1365      4952515F 
 1365      44697361 
 1365      626C6500 
 1366              	.LASF22:
 1367 02b6 7072696F 		.ascii	"priorityOffset\000"
 1367      72697479 
 1367      4F666673 
 1367      657400
 1368              	.LASF4:
 1369 02c5 6C6F6E67 		.ascii	"long int\000"
 1369      20696E74 
 1369      00
 1370              	.LASF13:
 1371 02ce 63686172 		.ascii	"char\000"
 1371      00
 1372              	.LASF0:
 1373 02d3 7369676E 		.ascii	"signed char\000"
 1373      65642063 
 1373      68617200 
 1374              	.LASF18:
 1375 02df 4144435F 		.ascii	"ADC_IRQ_SetPriority\000"
 1375      4952515F 
 1375      53657450 
 1375      72696F72 
 1375      69747900 
 1376              	.LASF24:
 1377 02f3 4144435F 		.ascii	"ADC_IRQ_Enable\000"
 1377      4952515F 
 1377      456E6162 
 1377      6C6500
 1378              		.ident	"GCC: (GNU Tools for ARM Embedded Processors) 4.9.3 20150303 (release) [ARM/embedded-4_9-br
