ARM GAS  C:\Users\LAIR\AppData\Local\Temp\ccCGDhBQ.s 			page 1


   1              		.cpu cortex-m0
   2              		.fpu softvfp
   3              		.eabi_attribute 20, 1
   4              		.eabi_attribute 21, 1
   5              		.eabi_attribute 23, 3
   6              		.eabi_attribute 24, 1
   7              		.eabi_attribute 25, 1
   8              		.eabi_attribute 26, 1
   9              		.eabi_attribute 30, 1
  10              		.eabi_attribute 34, 0
  11              		.eabi_attribute 18, 4
  12              		.code	16
  13              		.file	"IDAC2.c"
  14              		.text
  15              	.Ltext0:
  16              		.cfi_sections	.debug_frame
  17              		.section	.text.IDAC2_Init,"ax",%progbits
  18              		.align	2
  19              		.global	IDAC2_Init
  20              		.code	16
  21              		.thumb_func
  22              		.type	IDAC2_Init, %function
  23              	IDAC2_Init:
  24              	.LFB1:
  25              		.file 1 ".\\Generated_Source\\PSoC4\\IDAC2.c"
   1:.\Generated_Source\PSoC4/IDAC2.c **** /*******************************************************************************
   2:.\Generated_Source\PSoC4/IDAC2.c **** * File Name: IDAC2.c
   3:.\Generated_Source\PSoC4/IDAC2.c **** * Version 1.10
   4:.\Generated_Source\PSoC4/IDAC2.c **** *
   5:.\Generated_Source\PSoC4/IDAC2.c **** * Description:
   6:.\Generated_Source\PSoC4/IDAC2.c **** *  This file provides the source code of APIs for the IDAC_P4 component.
   7:.\Generated_Source\PSoC4/IDAC2.c **** *
   8:.\Generated_Source\PSoC4/IDAC2.c **** *******************************************************************************
   9:.\Generated_Source\PSoC4/IDAC2.c **** * Copyright 2013-2015, Cypress Semiconductor Corporation.  All rights reserved.
  10:.\Generated_Source\PSoC4/IDAC2.c **** * You may use this file only in accordance with the license, terms, conditions,
  11:.\Generated_Source\PSoC4/IDAC2.c **** * disclaimers, and limitations in the end user license agreement accompanying
  12:.\Generated_Source\PSoC4/IDAC2.c **** * the software package with which this file was provided.
  13:.\Generated_Source\PSoC4/IDAC2.c **** *******************************************************************************/
  14:.\Generated_Source\PSoC4/IDAC2.c **** 
  15:.\Generated_Source\PSoC4/IDAC2.c **** #include "IDAC2.h"
  16:.\Generated_Source\PSoC4/IDAC2.c **** 
  17:.\Generated_Source\PSoC4/IDAC2.c **** uint32 IDAC2_initVar = 0u;
  18:.\Generated_Source\PSoC4/IDAC2.c **** 
  19:.\Generated_Source\PSoC4/IDAC2.c **** 
  20:.\Generated_Source\PSoC4/IDAC2.c **** /*******************************************************************************
  21:.\Generated_Source\PSoC4/IDAC2.c **** * Function Name: IDAC2_Init
  22:.\Generated_Source\PSoC4/IDAC2.c **** ********************************************************************************
  23:.\Generated_Source\PSoC4/IDAC2.c **** *
  24:.\Generated_Source\PSoC4/IDAC2.c **** * Summary:
  25:.\Generated_Source\PSoC4/IDAC2.c **** *  Initializes IDAC registers with initial values provided from customizer.
  26:.\Generated_Source\PSoC4/IDAC2.c **** *
  27:.\Generated_Source\PSoC4/IDAC2.c **** * Parameters:
  28:.\Generated_Source\PSoC4/IDAC2.c **** *  None
  29:.\Generated_Source\PSoC4/IDAC2.c **** *
  30:.\Generated_Source\PSoC4/IDAC2.c **** * Return:
  31:.\Generated_Source\PSoC4/IDAC2.c **** *  None
  32:.\Generated_Source\PSoC4/IDAC2.c **** *
ARM GAS  C:\Users\LAIR\AppData\Local\Temp\ccCGDhBQ.s 			page 2


  33:.\Generated_Source\PSoC4/IDAC2.c **** * Global variables:
  34:.\Generated_Source\PSoC4/IDAC2.c **** *  None
  35:.\Generated_Source\PSoC4/IDAC2.c **** *
  36:.\Generated_Source\PSoC4/IDAC2.c **** *******************************************************************************/
  37:.\Generated_Source\PSoC4/IDAC2.c **** void IDAC2_Init(void)
  38:.\Generated_Source\PSoC4/IDAC2.c **** {
  26              		.loc 1 38 0
  27              		.cfi_startproc
  28 0000 10B5     		push	{r4, lr}
  29              		.cfi_def_cfa_offset 8
  30              		.cfi_offset 4, -8
  31              		.cfi_offset 14, -4
  39:.\Generated_Source\PSoC4/IDAC2.c ****     uint32 regVal;
  40:.\Generated_Source\PSoC4/IDAC2.c ****     uint8 enableInterrupts;
  41:.\Generated_Source\PSoC4/IDAC2.c **** 
  42:.\Generated_Source\PSoC4/IDAC2.c ****     /* Set initial configuration */
  43:.\Generated_Source\PSoC4/IDAC2.c ****     enableInterrupts = CyEnterCriticalSection();
  32              		.loc 1 43 0
  33 0002 FFF7FEFF 		bl	CyEnterCriticalSection
  34              	.LVL0:
  44:.\Generated_Source\PSoC4/IDAC2.c ****     
  45:.\Generated_Source\PSoC4/IDAC2.c ****     #if(IDAC2_MODE_SOURCE == IDAC2_IDAC_POLARITY)
  46:.\Generated_Source\PSoC4/IDAC2.c ****         regVal  = IDAC2_CSD_TRIM1_REG & ~(IDAC2_CSD_IDAC_TRIM1_MASK);
  35              		.loc 1 46 0
  36 0006 0E49     		ldr	r1, .L2
  37 0008 0B68     		ldr	r3, [r1]
  38 000a F022     		mov	r2, #240
  39 000c 9343     		bic	r3, r2
  40 000e 1A1C     		mov	r2, r3
  41              	.LVL1:
  47:.\Generated_Source\PSoC4/IDAC2.c ****         regVal |=  (IDAC2_SFLASH_TRIM1_REG & IDAC2_CSD_IDAC_TRIM1_MASK);
  42              		.loc 1 47 0
  43 0010 0C4B     		ldr	r3, .L2+4
  44 0012 1B78     		ldrb	r3, [r3]
  45 0014 0F24     		mov	r4, #15
  46 0016 A343     		bic	r3, r4
  47 0018 1343     		orr	r3, r2
  48              	.LVL2:
  48:.\Generated_Source\PSoC4/IDAC2.c ****         IDAC2_CSD_TRIM1_REG = regVal;
  49              		.loc 1 48 0
  50 001a 0B60     		str	r3, [r1]
  49:.\Generated_Source\PSoC4/IDAC2.c ****     #else
  50:.\Generated_Source\PSoC4/IDAC2.c ****         regVal  = IDAC2_CSD_TRIM2_REG & ~(IDAC2_CSD_IDAC_TRIM2_MASK);
  51:.\Generated_Source\PSoC4/IDAC2.c ****         regVal |=  (IDAC2_SFLASH_TRIM2_REG & IDAC2_CSD_IDAC_TRIM2_MASK);
  52:.\Generated_Source\PSoC4/IDAC2.c ****         IDAC2_CSD_TRIM2_REG = regVal;
  53:.\Generated_Source\PSoC4/IDAC2.c ****     #endif /* (IDAC2_MODE_SOURCE == IDAC2_IDAC_POLARITY) */
  54:.\Generated_Source\PSoC4/IDAC2.c **** 
  55:.\Generated_Source\PSoC4/IDAC2.c ****     /* clear previous values */
  56:.\Generated_Source\PSoC4/IDAC2.c ****     IDAC2_IDAC_CONTROL_REG &= ((uint32)~((uint32)IDAC2_IDAC_VALUE_MASK <<
  51              		.loc 1 56 0
  52 001c 0A4A     		ldr	r2, .L2+8
  53 001e 1368     		ldr	r3, [r2]
  54              	.LVL3:
  55 0020 1360     		str	r3, [r2]
  56              	.LVL4:
  57:.\Generated_Source\PSoC4/IDAC2.c ****         IDAC2_IDAC_VALUE_POSITION)) | ((uint32)~((uint32)IDAC2_IDAC_MODE_MASK <<
  58:.\Generated_Source\PSoC4/IDAC2.c ****         IDAC2_IDAC_MODE_POSITION))  | ((uint32)~((uint32)IDAC2_IDAC_RANGE_MASK  <<
ARM GAS  C:\Users\LAIR\AppData\Local\Temp\ccCGDhBQ.s 			page 3


  59:.\Generated_Source\PSoC4/IDAC2.c ****         IDAC2_IDAC_RANGE_POSITION));
  60:.\Generated_Source\PSoC4/IDAC2.c **** 
  61:.\Generated_Source\PSoC4/IDAC2.c ****     IDAC2_IDAC_POLARITY_CONTROL_REG &= (~(uint32)((uint32)IDAC2_IDAC_POLARITY_MASK <<
  57              		.loc 1 61 0
  58 0022 0A4B     		ldr	r3, .L2+12
  59 0024 1C68     		ldr	r4, [r3]
  60 0026 0A49     		ldr	r1, .L2+16
  61 0028 2140     		and	r1, r4
  62 002a 1960     		str	r1, [r3]
  62:.\Generated_Source\PSoC4/IDAC2.c ****         IDAC2_IDAC_POLARITY_POSITION));
  63:.\Generated_Source\PSoC4/IDAC2.c **** 
  64:.\Generated_Source\PSoC4/IDAC2.c ****     /* set new configuration */
  65:.\Generated_Source\PSoC4/IDAC2.c ****     IDAC2_IDAC_CONTROL_REG |= (((uint32)IDAC2_IDAC_INIT_VALUE <<
  63              		.loc 1 65 0
  64 002c 1168     		ldr	r1, [r2]
  65 002e 8024     		mov	r4, #128
  66 0030 E404     		lsl	r4, r4, #19
  67 0032 2143     		orr	r1, r4
  68 0034 1160     		str	r1, [r2]
  66:.\Generated_Source\PSoC4/IDAC2.c ****         IDAC2_IDAC_VALUE_POSITION) | ((uint32)IDAC2_IDAC_RANGE <<
  67:.\Generated_Source\PSoC4/IDAC2.c ****         IDAC2_IDAC_RANGE_POSITION));
  68:.\Generated_Source\PSoC4/IDAC2.c **** 
  69:.\Generated_Source\PSoC4/IDAC2.c ****     IDAC2_IDAC_POLARITY_CONTROL_REG |= ((uint32)IDAC2_IDAC_POLARITY <<
  69              		.loc 1 69 0
  70 0036 1A68     		ldr	r2, [r3]
  71 0038 1A60     		str	r2, [r3]
  70:.\Generated_Source\PSoC4/IDAC2.c ****                                                            IDAC2_IDAC_POLARITY_POSITION);
  71:.\Generated_Source\PSoC4/IDAC2.c **** 
  72:.\Generated_Source\PSoC4/IDAC2.c ****     CyExitCriticalSection(enableInterrupts);
  72              		.loc 1 72 0
  73 003a FFF7FEFF 		bl	CyExitCriticalSection
  74              	.LVL5:
  73:.\Generated_Source\PSoC4/IDAC2.c **** 
  74:.\Generated_Source\PSoC4/IDAC2.c **** }
  75              		.loc 1 74 0
  76              		@ sp needed
  77 003e 10BD     		pop	{r4, pc}
  78              	.L3:
  79              		.align	2
  80              	.L2:
  81 0040 00FF2940 		.word	1076494080
  82 0044 60F2FF0F 		.word	268431968
  83 0048 08002940 		.word	1076428808
  84 004c 04002940 		.word	1076428804
  85 0050 FFFFFDFF 		.word	-131073
  86              		.cfi_endproc
  87              	.LFE1:
  88              		.size	IDAC2_Init, .-IDAC2_Init
  89              		.section	.text.IDAC2_Enable,"ax",%progbits
  90              		.align	2
  91              		.global	IDAC2_Enable
  92              		.code	16
  93              		.thumb_func
  94              		.type	IDAC2_Enable, %function
  95              	IDAC2_Enable:
  96              	.LFB2:
  75:.\Generated_Source\PSoC4/IDAC2.c **** 
ARM GAS  C:\Users\LAIR\AppData\Local\Temp\ccCGDhBQ.s 			page 4


  76:.\Generated_Source\PSoC4/IDAC2.c **** 
  77:.\Generated_Source\PSoC4/IDAC2.c **** /*******************************************************************************
  78:.\Generated_Source\PSoC4/IDAC2.c **** * Function Name: IDAC2_Enable
  79:.\Generated_Source\PSoC4/IDAC2.c **** ********************************************************************************
  80:.\Generated_Source\PSoC4/IDAC2.c **** *
  81:.\Generated_Source\PSoC4/IDAC2.c **** * Summary:
  82:.\Generated_Source\PSoC4/IDAC2.c **** *  Enables IDAC operations.
  83:.\Generated_Source\PSoC4/IDAC2.c **** *
  84:.\Generated_Source\PSoC4/IDAC2.c **** * Parameters:
  85:.\Generated_Source\PSoC4/IDAC2.c **** *  None
  86:.\Generated_Source\PSoC4/IDAC2.c **** *
  87:.\Generated_Source\PSoC4/IDAC2.c **** * Return:
  88:.\Generated_Source\PSoC4/IDAC2.c **** *  None
  89:.\Generated_Source\PSoC4/IDAC2.c **** *
  90:.\Generated_Source\PSoC4/IDAC2.c **** * Global variables:
  91:.\Generated_Source\PSoC4/IDAC2.c **** *  None
  92:.\Generated_Source\PSoC4/IDAC2.c **** *
  93:.\Generated_Source\PSoC4/IDAC2.c **** *******************************************************************************/
  94:.\Generated_Source\PSoC4/IDAC2.c **** void IDAC2_Enable(void)
  95:.\Generated_Source\PSoC4/IDAC2.c **** {
  97              		.loc 1 95 0
  98              		.cfi_startproc
  99 0000 08B5     		push	{r3, lr}
 100              		.cfi_def_cfa_offset 8
 101              		.cfi_offset 3, -8
 102              		.cfi_offset 14, -4
  96:.\Generated_Source\PSoC4/IDAC2.c ****     uint8 enableInterrupts;
  97:.\Generated_Source\PSoC4/IDAC2.c **** 
  98:.\Generated_Source\PSoC4/IDAC2.c ****     enableInterrupts = CyEnterCriticalSection();
 103              		.loc 1 98 0
 104 0002 FFF7FEFF 		bl	CyEnterCriticalSection
 105              	.LVL6:
  99:.\Generated_Source\PSoC4/IDAC2.c **** 
 100:.\Generated_Source\PSoC4/IDAC2.c ****     /* Enable the IDAC */
 101:.\Generated_Source\PSoC4/IDAC2.c ****     IDAC2_IDAC_CONTROL_REG |= ((uint32)IDAC2_IDAC_EN_MODE <<
 106              		.loc 1 101 0
 107 0006 074A     		ldr	r2, .L5
 108 0008 1368     		ldr	r3, [r2]
 109 000a C021     		mov	r1, #192
 110 000c 8904     		lsl	r1, r1, #18
 111 000e 0B43     		orr	r3, r1
 112 0010 1360     		str	r3, [r2]
 102:.\Generated_Source\PSoC4/IDAC2.c ****                                                   IDAC2_IDAC_MODE_POSITION);
 103:.\Generated_Source\PSoC4/IDAC2.c ****     IDAC2_IDAC_POLARITY_CONTROL_REG |= ((uint32)IDAC2_IDAC_CSD_EN <<
 113              		.loc 1 103 0
 114 0012 054A     		ldr	r2, .L5+4
 115 0014 1368     		ldr	r3, [r2]
 116 0016 8021     		mov	r1, #128
 117 0018 0906     		lsl	r1, r1, #24
 118 001a 0B43     		orr	r3, r1
 119 001c 1360     		str	r3, [r2]
 104:.\Generated_Source\PSoC4/IDAC2.c ****                                                            IDAC2_IDAC_CSD_EN_POSITION);
 105:.\Generated_Source\PSoC4/IDAC2.c ****     CyExitCriticalSection(enableInterrupts);
 120              		.loc 1 105 0
 121 001e FFF7FEFF 		bl	CyExitCriticalSection
 122              	.LVL7:
 106:.\Generated_Source\PSoC4/IDAC2.c **** 
ARM GAS  C:\Users\LAIR\AppData\Local\Temp\ccCGDhBQ.s 			page 5


 107:.\Generated_Source\PSoC4/IDAC2.c **** }
 123              		.loc 1 107 0
 124              		@ sp needed
 125 0022 08BD     		pop	{r3, pc}
 126              	.L6:
 127              		.align	2
 128              	.L5:
 129 0024 08002940 		.word	1076428808
 130 0028 04002940 		.word	1076428804
 131              		.cfi_endproc
 132              	.LFE2:
 133              		.size	IDAC2_Enable, .-IDAC2_Enable
 134              		.section	.text.IDAC2_Start,"ax",%progbits
 135              		.align	2
 136              		.global	IDAC2_Start
 137              		.code	16
 138              		.thumb_func
 139              		.type	IDAC2_Start, %function
 140              	IDAC2_Start:
 141              	.LFB3:
 108:.\Generated_Source\PSoC4/IDAC2.c **** 
 109:.\Generated_Source\PSoC4/IDAC2.c **** 
 110:.\Generated_Source\PSoC4/IDAC2.c **** /*******************************************************************************
 111:.\Generated_Source\PSoC4/IDAC2.c **** * Function Name: IDAC2_Start
 112:.\Generated_Source\PSoC4/IDAC2.c **** ********************************************************************************
 113:.\Generated_Source\PSoC4/IDAC2.c **** *
 114:.\Generated_Source\PSoC4/IDAC2.c **** * Summary:
 115:.\Generated_Source\PSoC4/IDAC2.c **** *  Starts the IDAC hardware.
 116:.\Generated_Source\PSoC4/IDAC2.c **** *
 117:.\Generated_Source\PSoC4/IDAC2.c **** * Parameters:
 118:.\Generated_Source\PSoC4/IDAC2.c **** *  None
 119:.\Generated_Source\PSoC4/IDAC2.c **** *
 120:.\Generated_Source\PSoC4/IDAC2.c **** * Return:
 121:.\Generated_Source\PSoC4/IDAC2.c **** *  None
 122:.\Generated_Source\PSoC4/IDAC2.c **** *
 123:.\Generated_Source\PSoC4/IDAC2.c **** * Global variables:
 124:.\Generated_Source\PSoC4/IDAC2.c **** *  IDAC2_initVar
 125:.\Generated_Source\PSoC4/IDAC2.c **** *
 126:.\Generated_Source\PSoC4/IDAC2.c **** *******************************************************************************/
 127:.\Generated_Source\PSoC4/IDAC2.c **** void IDAC2_Start(void)
 128:.\Generated_Source\PSoC4/IDAC2.c **** {
 142              		.loc 1 128 0
 143              		.cfi_startproc
 144 0000 08B5     		push	{r3, lr}
 145              		.cfi_def_cfa_offset 8
 146              		.cfi_offset 3, -8
 147              		.cfi_offset 14, -4
 129:.\Generated_Source\PSoC4/IDAC2.c ****     if(0u == IDAC2_initVar)
 148              		.loc 1 129 0
 149 0002 064B     		ldr	r3, .L9
 150 0004 1B68     		ldr	r3, [r3]
 151 0006 002B     		cmp	r3, #0
 152 0008 04D1     		bne	.L8
 130:.\Generated_Source\PSoC4/IDAC2.c ****     {
 131:.\Generated_Source\PSoC4/IDAC2.c ****         IDAC2_Init();
 153              		.loc 1 131 0
 154 000a FFF7FEFF 		bl	IDAC2_Init
ARM GAS  C:\Users\LAIR\AppData\Local\Temp\ccCGDhBQ.s 			page 6


 155              	.LVL8:
 132:.\Generated_Source\PSoC4/IDAC2.c ****         IDAC2_initVar = 1u;
 156              		.loc 1 132 0
 157 000e 0122     		mov	r2, #1
 158 0010 024B     		ldr	r3, .L9
 159 0012 1A60     		str	r2, [r3]
 160              	.L8:
 133:.\Generated_Source\PSoC4/IDAC2.c ****     }
 134:.\Generated_Source\PSoC4/IDAC2.c **** 
 135:.\Generated_Source\PSoC4/IDAC2.c ****     IDAC2_Enable();
 161              		.loc 1 135 0
 162 0014 FFF7FEFF 		bl	IDAC2_Enable
 163              	.LVL9:
 136:.\Generated_Source\PSoC4/IDAC2.c **** 
 137:.\Generated_Source\PSoC4/IDAC2.c **** }
 164              		.loc 1 137 0
 165              		@ sp needed
 166 0018 08BD     		pop	{r3, pc}
 167              	.L10:
 168 001a C046     		.align	2
 169              	.L9:
 170 001c 00000000 		.word	.LANCHOR0
 171              		.cfi_endproc
 172              	.LFE3:
 173              		.size	IDAC2_Start, .-IDAC2_Start
 174              		.section	.text.IDAC2_Stop,"ax",%progbits
 175              		.align	2
 176              		.global	IDAC2_Stop
 177              		.code	16
 178              		.thumb_func
 179              		.type	IDAC2_Stop, %function
 180              	IDAC2_Stop:
 181              	.LFB4:
 138:.\Generated_Source\PSoC4/IDAC2.c **** 
 139:.\Generated_Source\PSoC4/IDAC2.c **** 
 140:.\Generated_Source\PSoC4/IDAC2.c **** /*******************************************************************************
 141:.\Generated_Source\PSoC4/IDAC2.c **** * Function Name: IDAC2_Stop
 142:.\Generated_Source\PSoC4/IDAC2.c **** ********************************************************************************
 143:.\Generated_Source\PSoC4/IDAC2.c **** *
 144:.\Generated_Source\PSoC4/IDAC2.c **** * Summary:
 145:.\Generated_Source\PSoC4/IDAC2.c **** *  Stops the IDAC hardware.
 146:.\Generated_Source\PSoC4/IDAC2.c **** *
 147:.\Generated_Source\PSoC4/IDAC2.c **** * Parameters:
 148:.\Generated_Source\PSoC4/IDAC2.c **** *  None
 149:.\Generated_Source\PSoC4/IDAC2.c **** *
 150:.\Generated_Source\PSoC4/IDAC2.c **** * Return:
 151:.\Generated_Source\PSoC4/IDAC2.c **** *  None
 152:.\Generated_Source\PSoC4/IDAC2.c **** *
 153:.\Generated_Source\PSoC4/IDAC2.c **** * Global variables:
 154:.\Generated_Source\PSoC4/IDAC2.c **** *  None
 155:.\Generated_Source\PSoC4/IDAC2.c **** *
 156:.\Generated_Source\PSoC4/IDAC2.c **** *******************************************************************************/
 157:.\Generated_Source\PSoC4/IDAC2.c **** void IDAC2_Stop(void)
 158:.\Generated_Source\PSoC4/IDAC2.c **** {
 182              		.loc 1 158 0
 183              		.cfi_startproc
 184 0000 08B5     		push	{r3, lr}
ARM GAS  C:\Users\LAIR\AppData\Local\Temp\ccCGDhBQ.s 			page 7


 185              		.cfi_def_cfa_offset 8
 186              		.cfi_offset 3, -8
 187              		.cfi_offset 14, -4
 159:.\Generated_Source\PSoC4/IDAC2.c ****     uint8 enableInterrupts;
 160:.\Generated_Source\PSoC4/IDAC2.c **** 
 161:.\Generated_Source\PSoC4/IDAC2.c ****     enableInterrupts = CyEnterCriticalSection();
 188              		.loc 1 161 0
 189 0002 FFF7FEFF 		bl	CyEnterCriticalSection
 190              	.LVL10:
 162:.\Generated_Source\PSoC4/IDAC2.c **** 
 163:.\Generated_Source\PSoC4/IDAC2.c ****     /* Disable the IDAC */
 164:.\Generated_Source\PSoC4/IDAC2.c ****     IDAC2_IDAC_CONTROL_REG &= ((uint32)~((uint32)IDAC2_IDAC_MODE_MASK <<
 191              		.loc 1 164 0
 192 0006 044A     		ldr	r2, .L12
 193 0008 1168     		ldr	r1, [r2]
 194 000a 044B     		ldr	r3, .L12+4
 195 000c 0B40     		and	r3, r1
 196 000e 1360     		str	r3, [r2]
 165:.\Generated_Source\PSoC4/IDAC2.c ****         IDAC2_IDAC_MODE_POSITION));
 166:.\Generated_Source\PSoC4/IDAC2.c ****     CyExitCriticalSection(enableInterrupts);
 197              		.loc 1 166 0
 198 0010 FFF7FEFF 		bl	CyExitCriticalSection
 199              	.LVL11:
 167:.\Generated_Source\PSoC4/IDAC2.c **** }
 200              		.loc 1 167 0
 201              		@ sp needed
 202 0014 08BD     		pop	{r3, pc}
 203              	.L13:
 204 0016 C046     		.align	2
 205              	.L12:
 206 0018 08002940 		.word	1076428808
 207 001c FFFFFFFC 		.word	-50331649
 208              		.cfi_endproc
 209              	.LFE4:
 210              		.size	IDAC2_Stop, .-IDAC2_Stop
 211              		.section	.text.IDAC2_SetValue,"ax",%progbits
 212              		.align	2
 213              		.global	IDAC2_SetValue
 214              		.code	16
 215              		.thumb_func
 216              		.type	IDAC2_SetValue, %function
 217              	IDAC2_SetValue:
 218              	.LFB5:
 168:.\Generated_Source\PSoC4/IDAC2.c **** 
 169:.\Generated_Source\PSoC4/IDAC2.c **** 
 170:.\Generated_Source\PSoC4/IDAC2.c **** /*******************************************************************************
 171:.\Generated_Source\PSoC4/IDAC2.c **** * Function Name: IDAC2_SetValue
 172:.\Generated_Source\PSoC4/IDAC2.c **** ********************************************************************************
 173:.\Generated_Source\PSoC4/IDAC2.c **** *
 174:.\Generated_Source\PSoC4/IDAC2.c **** * Summary:
 175:.\Generated_Source\PSoC4/IDAC2.c **** *  Sets the IDAC value.
 176:.\Generated_Source\PSoC4/IDAC2.c **** *
 177:.\Generated_Source\PSoC4/IDAC2.c **** * Parameters:
 178:.\Generated_Source\PSoC4/IDAC2.c **** *  uint32 value
 179:.\Generated_Source\PSoC4/IDAC2.c **** *
 180:.\Generated_Source\PSoC4/IDAC2.c **** * Return:
 181:.\Generated_Source\PSoC4/IDAC2.c **** *  None
ARM GAS  C:\Users\LAIR\AppData\Local\Temp\ccCGDhBQ.s 			page 8


 182:.\Generated_Source\PSoC4/IDAC2.c **** *
 183:.\Generated_Source\PSoC4/IDAC2.c **** * Global variables:
 184:.\Generated_Source\PSoC4/IDAC2.c **** *  None
 185:.\Generated_Source\PSoC4/IDAC2.c **** *
 186:.\Generated_Source\PSoC4/IDAC2.c **** *******************************************************************************/
 187:.\Generated_Source\PSoC4/IDAC2.c **** void IDAC2_SetValue(uint32 value)
 188:.\Generated_Source\PSoC4/IDAC2.c **** {
 219              		.loc 1 188 0
 220              		.cfi_startproc
 221              	.LVL12:
 222 0000 10B5     		push	{r4, lr}
 223              		.cfi_def_cfa_offset 8
 224              		.cfi_offset 4, -8
 225              		.cfi_offset 14, -4
 226 0002 041C     		mov	r4, r0
 189:.\Generated_Source\PSoC4/IDAC2.c ****     uint8 enableInterrupts;
 190:.\Generated_Source\PSoC4/IDAC2.c ****     uint32 newRegisterValue;
 191:.\Generated_Source\PSoC4/IDAC2.c **** 
 192:.\Generated_Source\PSoC4/IDAC2.c ****     enableInterrupts = CyEnterCriticalSection();
 227              		.loc 1 192 0
 228 0004 FFF7FEFF 		bl	CyEnterCriticalSection
 229              	.LVL13:
 193:.\Generated_Source\PSoC4/IDAC2.c **** 
 194:.\Generated_Source\PSoC4/IDAC2.c ****     #if(IDAC2_IDAC_VALUE_POSITION != 0u)
 195:.\Generated_Source\PSoC4/IDAC2.c ****         newRegisterValue = ((IDAC2_IDAC_CONTROL_REG & (~(uint32)((uint32)IDAC2_IDAC_VALUE_MASK <<
 230              		.loc 1 195 0
 231 0008 044A     		ldr	r2, .L15
 232 000a 1168     		ldr	r1, [r2]
 233 000c 044B     		ldr	r3, .L15+4
 234 000e 0B40     		and	r3, r1
 196:.\Generated_Source\PSoC4/IDAC2.c ****         IDAC2_IDAC_VALUE_POSITION))) | (value << IDAC2_IDAC_VALUE_POSITION));
 235              		.loc 1 196 0
 236 0010 2404     		lsl	r4, r4, #16
 237              	.LVL14:
 195:.\Generated_Source\PSoC4/IDAC2.c ****         IDAC2_IDAC_VALUE_POSITION))) | (value << IDAC2_IDAC_VALUE_POSITION));
 238              		.loc 1 195 0
 239 0012 1C43     		orr	r4, r3
 240              	.LVL15:
 197:.\Generated_Source\PSoC4/IDAC2.c ****     #else
 198:.\Generated_Source\PSoC4/IDAC2.c ****         newRegisterValue = ((IDAC2_IDAC_CONTROL_REG & (~(uint32)IDAC2_IDAC_VALUE_MASK)) | value);
 199:.\Generated_Source\PSoC4/IDAC2.c ****     #endif /* IDAC2_IDAC_VALUE_POSITION != 0u */
 200:.\Generated_Source\PSoC4/IDAC2.c **** 
 201:.\Generated_Source\PSoC4/IDAC2.c ****     IDAC2_IDAC_CONTROL_REG = newRegisterValue;
 241              		.loc 1 201 0
 242 0014 1460     		str	r4, [r2]
 202:.\Generated_Source\PSoC4/IDAC2.c **** 
 203:.\Generated_Source\PSoC4/IDAC2.c ****     CyExitCriticalSection(enableInterrupts);
 243              		.loc 1 203 0
 244 0016 FFF7FEFF 		bl	CyExitCriticalSection
 245              	.LVL16:
 204:.\Generated_Source\PSoC4/IDAC2.c **** }
 246              		.loc 1 204 0
 247              		@ sp needed
 248              	.LVL17:
 249 001a 10BD     		pop	{r4, pc}
 250              	.L16:
 251              		.align	2
ARM GAS  C:\Users\LAIR\AppData\Local\Temp\ccCGDhBQ.s 			page 9


 252              	.L15:
 253 001c 08002940 		.word	1076428808
 254 0020 FFFF80FF 		.word	-8323073
 255              		.cfi_endproc
 256              	.LFE5:
 257              		.size	IDAC2_SetValue, .-IDAC2_SetValue
 258              		.global	IDAC2_initVar
 259              		.bss
 260              		.align	2
 261              		.set	.LANCHOR0,. + 0
 262              		.type	IDAC2_initVar, %object
 263              		.size	IDAC2_initVar, 4
 264              	IDAC2_initVar:
 265 0000 00000000 		.space	4
 266              		.text
 267              	.Letext0:
 268              		.file 2 ".\\Generated_Source\\PSoC4\\cytypes.h"
 269              		.file 3 ".\\Generated_Source\\PSoC4\\CyLib.h"
 270              		.section	.debug_info,"",%progbits
 271              	.Ldebug_info0:
 272 0000 18020000 		.4byte	0x218
 273 0004 0400     		.2byte	0x4
 274 0006 00000000 		.4byte	.Ldebug_abbrev0
 275 000a 04       		.byte	0x4
 276 000b 01       		.uleb128 0x1
 277 000c 98010000 		.4byte	.LASF25
 278 0010 01       		.byte	0x1
 279 0011 B5000000 		.4byte	.LASF26
 280 0015 43010000 		.4byte	.LASF27
 281 0019 00000000 		.4byte	.Ldebug_ranges0+0
 282 001d 00000000 		.4byte	0
 283 0021 00000000 		.4byte	.Ldebug_line0
 284 0025 02       		.uleb128 0x2
 285 0026 01       		.byte	0x1
 286 0027 06       		.byte	0x6
 287 0028 4A020000 		.4byte	.LASF0
 288 002c 02       		.uleb128 0x2
 289 002d 01       		.byte	0x1
 290 002e 08       		.byte	0x8
 291 002f 3C000000 		.4byte	.LASF1
 292 0033 02       		.uleb128 0x2
 293 0034 02       		.byte	0x2
 294 0035 05       		.byte	0x5
 295 0036 26020000 		.4byte	.LASF2
 296 003a 02       		.uleb128 0x2
 297 003b 02       		.byte	0x2
 298 003c 07       		.byte	0x7
 299 003d 0C000000 		.4byte	.LASF3
 300 0041 02       		.uleb128 0x2
 301 0042 04       		.byte	0x4
 302 0043 05       		.byte	0x5
 303 0044 30020000 		.4byte	.LASF4
 304 0048 02       		.uleb128 0x2
 305 0049 04       		.byte	0x4
 306 004a 07       		.byte	0x7
 307 004b 5A000000 		.4byte	.LASF5
 308 004f 02       		.uleb128 0x2
ARM GAS  C:\Users\LAIR\AppData\Local\Temp\ccCGDhBQ.s 			page 10


 309 0050 08       		.byte	0x8
 310 0051 05       		.byte	0x5
 311 0052 35010000 		.4byte	.LASF6
 312 0056 02       		.uleb128 0x2
 313 0057 08       		.byte	0x8
 314 0058 07       		.byte	0x7
 315 0059 25000000 		.4byte	.LASF7
 316 005d 03       		.uleb128 0x3
 317 005e 04       		.byte	0x4
 318 005f 05       		.byte	0x5
 319 0060 696E7400 		.ascii	"int\000"
 320 0064 02       		.uleb128 0x2
 321 0065 04       		.byte	0x4
 322 0066 07       		.byte	0x7
 323 0067 D6000000 		.4byte	.LASF8
 324 006b 04       		.uleb128 0x4
 325 006c 6C000000 		.4byte	.LASF9
 326 0070 02       		.byte	0x2
 327 0071 9801     		.2byte	0x198
 328 0073 2C000000 		.4byte	0x2c
 329 0077 04       		.uleb128 0x4
 330 0078 AE000000 		.4byte	.LASF10
 331 007c 02       		.byte	0x2
 332 007d 9A01     		.2byte	0x19a
 333 007f 48000000 		.4byte	0x48
 334 0083 02       		.uleb128 0x2
 335 0084 04       		.byte	0x4
 336 0085 04       		.byte	0x4
 337 0086 1F000000 		.4byte	.LASF11
 338 008a 02       		.uleb128 0x2
 339 008b 08       		.byte	0x8
 340 008c 04       		.byte	0x4
 341 008d 91000000 		.4byte	.LASF12
 342 0091 02       		.uleb128 0x2
 343 0092 01       		.byte	0x1
 344 0093 08       		.byte	0x8
 345 0094 39020000 		.4byte	.LASF13
 346 0098 04       		.uleb128 0x4
 347 0099 4A000000 		.4byte	.LASF14
 348 009d 02       		.byte	0x2
 349 009e 4202     		.2byte	0x242
 350 00a0 A4000000 		.4byte	0xa4
 351 00a4 05       		.uleb128 0x5
 352 00a5 6B000000 		.4byte	0x6b
 353 00a9 04       		.uleb128 0x4
 354 00aa 00000000 		.4byte	.LASF15
 355 00ae 02       		.byte	0x2
 356 00af 4402     		.2byte	0x244
 357 00b1 B5000000 		.4byte	0xb5
 358 00b5 05       		.uleb128 0x5
 359 00b6 77000000 		.4byte	0x77
 360 00ba 02       		.uleb128 0x2
 361 00bb 04       		.byte	0x4
 362 00bc 07       		.byte	0x7
 363 00bd 2C010000 		.4byte	.LASF16
 364 00c1 06       		.uleb128 0x6
 365 00c2 4F000000 		.4byte	.LASF19
ARM GAS  C:\Users\LAIR\AppData\Local\Temp\ccCGDhBQ.s 			page 11


 366 00c6 01       		.byte	0x1
 367 00c7 25       		.byte	0x25
 368 00c8 00000000 		.4byte	.LFB1
 369 00cc 54000000 		.4byte	.LFE1-.LFB1
 370 00d0 01       		.uleb128 0x1
 371 00d1 9C       		.byte	0x9c
 372 00d2 07010000 		.4byte	0x107
 373 00d6 07       		.uleb128 0x7
 374 00d7 98000000 		.4byte	.LASF17
 375 00db 01       		.byte	0x1
 376 00dc 27       		.byte	0x27
 377 00dd 77000000 		.4byte	0x77
 378 00e1 00000000 		.4byte	.LLST0
 379 00e5 07       		.uleb128 0x7
 380 00e6 80000000 		.4byte	.LASF18
 381 00ea 01       		.byte	0x1
 382 00eb 28       		.byte	0x28
 383 00ec 6B000000 		.4byte	0x6b
 384 00f0 2A000000 		.4byte	.LLST1
 385 00f4 08       		.uleb128 0x8
 386 00f5 06000000 		.4byte	.LVL0
 387 00f9 03020000 		.4byte	0x203
 388 00fd 08       		.uleb128 0x8
 389 00fe 3E000000 		.4byte	.LVL5
 390 0102 0E020000 		.4byte	0x20e
 391 0106 00       		.byte	0
 392 0107 06       		.uleb128 0x6
 393 0108 8B010000 		.4byte	.LASF20
 394 010c 01       		.byte	0x1
 395 010d 5E       		.byte	0x5e
 396 010e 00000000 		.4byte	.LFB2
 397 0112 2C000000 		.4byte	.LFE2-.LFB2
 398 0116 01       		.uleb128 0x1
 399 0117 9C       		.byte	0x9c
 400 0118 3E010000 		.4byte	0x13e
 401 011c 07       		.uleb128 0x7
 402 011d 80000000 		.4byte	.LASF18
 403 0121 01       		.byte	0x1
 404 0122 60       		.byte	0x60
 405 0123 6B000000 		.4byte	0x6b
 406 0127 3D000000 		.4byte	.LLST2
 407 012b 08       		.uleb128 0x8
 408 012c 06000000 		.4byte	.LVL6
 409 0130 03020000 		.4byte	0x203
 410 0134 08       		.uleb128 0x8
 411 0135 22000000 		.4byte	.LVL7
 412 0139 0E020000 		.4byte	0x20e
 413 013d 00       		.byte	0
 414 013e 06       		.uleb128 0x6
 415 013f 3E020000 		.4byte	.LASF21
 416 0143 01       		.byte	0x1
 417 0144 7F       		.byte	0x7f
 418 0145 00000000 		.4byte	.LFB3
 419 0149 20000000 		.4byte	.LFE3-.LFB3
 420 014d 01       		.uleb128 0x1
 421 014e 9C       		.byte	0x9c
 422 014f 66010000 		.4byte	0x166
ARM GAS  C:\Users\LAIR\AppData\Local\Temp\ccCGDhBQ.s 			page 12


 423 0153 08       		.uleb128 0x8
 424 0154 0E000000 		.4byte	.LVL8
 425 0158 C1000000 		.4byte	0xc1
 426 015c 08       		.uleb128 0x8
 427 015d 18000000 		.4byte	.LVL9
 428 0161 07010000 		.4byte	0x107
 429 0165 00       		.byte	0
 430 0166 06       		.uleb128 0x6
 431 0167 F9000000 		.4byte	.LASF22
 432 016b 01       		.byte	0x1
 433 016c 9D       		.byte	0x9d
 434 016d 00000000 		.4byte	.LFB4
 435 0171 20000000 		.4byte	.LFE4-.LFB4
 436 0175 01       		.uleb128 0x1
 437 0176 9C       		.byte	0x9c
 438 0177 9D010000 		.4byte	0x19d
 439 017b 07       		.uleb128 0x7
 440 017c 80000000 		.4byte	.LASF18
 441 0180 01       		.byte	0x1
 442 0181 9F       		.byte	0x9f
 443 0182 6B000000 		.4byte	0x6b
 444 0186 50000000 		.4byte	.LLST3
 445 018a 08       		.uleb128 0x8
 446 018b 06000000 		.4byte	.LVL10
 447 018f 03020000 		.4byte	0x203
 448 0193 08       		.uleb128 0x8
 449 0194 14000000 		.4byte	.LVL11
 450 0198 0E020000 		.4byte	0x20e
 451 019c 00       		.byte	0
 452 019d 06       		.uleb128 0x6
 453 019e 9F000000 		.4byte	.LASF23
 454 01a2 01       		.byte	0x1
 455 01a3 BB       		.byte	0xbb
 456 01a4 00000000 		.4byte	.LFB5
 457 01a8 24000000 		.4byte	.LFE5-.LFB5
 458 01ac 01       		.uleb128 0x1
 459 01ad 9C       		.byte	0x9c
 460 01ae F2010000 		.4byte	0x1f2
 461 01b2 09       		.uleb128 0x9
 462 01b3 06000000 		.4byte	.LASF28
 463 01b7 01       		.byte	0x1
 464 01b8 BB       		.byte	0xbb
 465 01b9 77000000 		.4byte	0x77
 466 01bd 63000000 		.4byte	.LLST4
 467 01c1 07       		.uleb128 0x7
 468 01c2 80000000 		.4byte	.LASF18
 469 01c6 01       		.byte	0x1
 470 01c7 BD       		.byte	0xbd
 471 01c8 6B000000 		.4byte	0x6b
 472 01cc 8F000000 		.4byte	.LLST5
 473 01d0 07       		.uleb128 0x7
 474 01d1 1B010000 		.4byte	.LASF24
 475 01d5 01       		.byte	0x1
 476 01d6 BE       		.byte	0xbe
 477 01d7 77000000 		.4byte	0x77
 478 01db A2000000 		.4byte	.LLST6
 479 01df 08       		.uleb128 0x8
ARM GAS  C:\Users\LAIR\AppData\Local\Temp\ccCGDhBQ.s 			page 13


 480 01e0 08000000 		.4byte	.LVL13
 481 01e4 03020000 		.4byte	0x203
 482 01e8 08       		.uleb128 0x8
 483 01e9 1A000000 		.4byte	.LVL16
 484 01ed 0E020000 		.4byte	0x20e
 485 01f1 00       		.byte	0
 486 01f2 0A       		.uleb128 0xa
 487 01f3 72000000 		.4byte	.LASF29
 488 01f7 01       		.byte	0x1
 489 01f8 11       		.byte	0x11
 490 01f9 77000000 		.4byte	0x77
 491 01fd 05       		.uleb128 0x5
 492 01fe 03       		.byte	0x3
 493 01ff 00000000 		.4byte	IDAC2_initVar
 494 0203 0B       		.uleb128 0xb
 495 0204 04010000 		.4byte	.LASF30
 496 0208 03       		.byte	0x3
 497 0209 E3       		.byte	0xe3
 498 020a 6B000000 		.4byte	0x6b
 499 020e 0C       		.uleb128 0xc
 500 020f E3000000 		.4byte	.LASF31
 501 0213 03       		.byte	0x3
 502 0214 E4       		.byte	0xe4
 503 0215 0D       		.uleb128 0xd
 504 0216 6B000000 		.4byte	0x6b
 505 021a 00       		.byte	0
 506 021b 00       		.byte	0
 507              		.section	.debug_abbrev,"",%progbits
 508              	.Ldebug_abbrev0:
 509 0000 01       		.uleb128 0x1
 510 0001 11       		.uleb128 0x11
 511 0002 01       		.byte	0x1
 512 0003 25       		.uleb128 0x25
 513 0004 0E       		.uleb128 0xe
 514 0005 13       		.uleb128 0x13
 515 0006 0B       		.uleb128 0xb
 516 0007 03       		.uleb128 0x3
 517 0008 0E       		.uleb128 0xe
 518 0009 1B       		.uleb128 0x1b
 519 000a 0E       		.uleb128 0xe
 520 000b 55       		.uleb128 0x55
 521 000c 17       		.uleb128 0x17
 522 000d 11       		.uleb128 0x11
 523 000e 01       		.uleb128 0x1
 524 000f 10       		.uleb128 0x10
 525 0010 17       		.uleb128 0x17
 526 0011 00       		.byte	0
 527 0012 00       		.byte	0
 528 0013 02       		.uleb128 0x2
 529 0014 24       		.uleb128 0x24
 530 0015 00       		.byte	0
 531 0016 0B       		.uleb128 0xb
 532 0017 0B       		.uleb128 0xb
 533 0018 3E       		.uleb128 0x3e
 534 0019 0B       		.uleb128 0xb
 535 001a 03       		.uleb128 0x3
 536 001b 0E       		.uleb128 0xe
ARM GAS  C:\Users\LAIR\AppData\Local\Temp\ccCGDhBQ.s 			page 14


 537 001c 00       		.byte	0
 538 001d 00       		.byte	0
 539 001e 03       		.uleb128 0x3
 540 001f 24       		.uleb128 0x24
 541 0020 00       		.byte	0
 542 0021 0B       		.uleb128 0xb
 543 0022 0B       		.uleb128 0xb
 544 0023 3E       		.uleb128 0x3e
 545 0024 0B       		.uleb128 0xb
 546 0025 03       		.uleb128 0x3
 547 0026 08       		.uleb128 0x8
 548 0027 00       		.byte	0
 549 0028 00       		.byte	0
 550 0029 04       		.uleb128 0x4
 551 002a 16       		.uleb128 0x16
 552 002b 00       		.byte	0
 553 002c 03       		.uleb128 0x3
 554 002d 0E       		.uleb128 0xe
 555 002e 3A       		.uleb128 0x3a
 556 002f 0B       		.uleb128 0xb
 557 0030 3B       		.uleb128 0x3b
 558 0031 05       		.uleb128 0x5
 559 0032 49       		.uleb128 0x49
 560 0033 13       		.uleb128 0x13
 561 0034 00       		.byte	0
 562 0035 00       		.byte	0
 563 0036 05       		.uleb128 0x5
 564 0037 35       		.uleb128 0x35
 565 0038 00       		.byte	0
 566 0039 49       		.uleb128 0x49
 567 003a 13       		.uleb128 0x13
 568 003b 00       		.byte	0
 569 003c 00       		.byte	0
 570 003d 06       		.uleb128 0x6
 571 003e 2E       		.uleb128 0x2e
 572 003f 01       		.byte	0x1
 573 0040 3F       		.uleb128 0x3f
 574 0041 19       		.uleb128 0x19
 575 0042 03       		.uleb128 0x3
 576 0043 0E       		.uleb128 0xe
 577 0044 3A       		.uleb128 0x3a
 578 0045 0B       		.uleb128 0xb
 579 0046 3B       		.uleb128 0x3b
 580 0047 0B       		.uleb128 0xb
 581 0048 27       		.uleb128 0x27
 582 0049 19       		.uleb128 0x19
 583 004a 11       		.uleb128 0x11
 584 004b 01       		.uleb128 0x1
 585 004c 12       		.uleb128 0x12
 586 004d 06       		.uleb128 0x6
 587 004e 40       		.uleb128 0x40
 588 004f 18       		.uleb128 0x18
 589 0050 9742     		.uleb128 0x2117
 590 0052 19       		.uleb128 0x19
 591 0053 01       		.uleb128 0x1
 592 0054 13       		.uleb128 0x13
 593 0055 00       		.byte	0
ARM GAS  C:\Users\LAIR\AppData\Local\Temp\ccCGDhBQ.s 			page 15


 594 0056 00       		.byte	0
 595 0057 07       		.uleb128 0x7
 596 0058 34       		.uleb128 0x34
 597 0059 00       		.byte	0
 598 005a 03       		.uleb128 0x3
 599 005b 0E       		.uleb128 0xe
 600 005c 3A       		.uleb128 0x3a
 601 005d 0B       		.uleb128 0xb
 602 005e 3B       		.uleb128 0x3b
 603 005f 0B       		.uleb128 0xb
 604 0060 49       		.uleb128 0x49
 605 0061 13       		.uleb128 0x13
 606 0062 02       		.uleb128 0x2
 607 0063 17       		.uleb128 0x17
 608 0064 00       		.byte	0
 609 0065 00       		.byte	0
 610 0066 08       		.uleb128 0x8
 611 0067 898201   		.uleb128 0x4109
 612 006a 00       		.byte	0
 613 006b 11       		.uleb128 0x11
 614 006c 01       		.uleb128 0x1
 615 006d 31       		.uleb128 0x31
 616 006e 13       		.uleb128 0x13
 617 006f 00       		.byte	0
 618 0070 00       		.byte	0
 619 0071 09       		.uleb128 0x9
 620 0072 05       		.uleb128 0x5
 621 0073 00       		.byte	0
 622 0074 03       		.uleb128 0x3
 623 0075 0E       		.uleb128 0xe
 624 0076 3A       		.uleb128 0x3a
 625 0077 0B       		.uleb128 0xb
 626 0078 3B       		.uleb128 0x3b
 627 0079 0B       		.uleb128 0xb
 628 007a 49       		.uleb128 0x49
 629 007b 13       		.uleb128 0x13
 630 007c 02       		.uleb128 0x2
 631 007d 17       		.uleb128 0x17
 632 007e 00       		.byte	0
 633 007f 00       		.byte	0
 634 0080 0A       		.uleb128 0xa
 635 0081 34       		.uleb128 0x34
 636 0082 00       		.byte	0
 637 0083 03       		.uleb128 0x3
 638 0084 0E       		.uleb128 0xe
 639 0085 3A       		.uleb128 0x3a
 640 0086 0B       		.uleb128 0xb
 641 0087 3B       		.uleb128 0x3b
 642 0088 0B       		.uleb128 0xb
 643 0089 49       		.uleb128 0x49
 644 008a 13       		.uleb128 0x13
 645 008b 3F       		.uleb128 0x3f
 646 008c 19       		.uleb128 0x19
 647 008d 02       		.uleb128 0x2
 648 008e 18       		.uleb128 0x18
 649 008f 00       		.byte	0
 650 0090 00       		.byte	0
ARM GAS  C:\Users\LAIR\AppData\Local\Temp\ccCGDhBQ.s 			page 16


 651 0091 0B       		.uleb128 0xb
 652 0092 2E       		.uleb128 0x2e
 653 0093 00       		.byte	0
 654 0094 3F       		.uleb128 0x3f
 655 0095 19       		.uleb128 0x19
 656 0096 03       		.uleb128 0x3
 657 0097 0E       		.uleb128 0xe
 658 0098 3A       		.uleb128 0x3a
 659 0099 0B       		.uleb128 0xb
 660 009a 3B       		.uleb128 0x3b
 661 009b 0B       		.uleb128 0xb
 662 009c 27       		.uleb128 0x27
 663 009d 19       		.uleb128 0x19
 664 009e 49       		.uleb128 0x49
 665 009f 13       		.uleb128 0x13
 666 00a0 3C       		.uleb128 0x3c
 667 00a1 19       		.uleb128 0x19
 668 00a2 00       		.byte	0
 669 00a3 00       		.byte	0
 670 00a4 0C       		.uleb128 0xc
 671 00a5 2E       		.uleb128 0x2e
 672 00a6 01       		.byte	0x1
 673 00a7 3F       		.uleb128 0x3f
 674 00a8 19       		.uleb128 0x19
 675 00a9 03       		.uleb128 0x3
 676 00aa 0E       		.uleb128 0xe
 677 00ab 3A       		.uleb128 0x3a
 678 00ac 0B       		.uleb128 0xb
 679 00ad 3B       		.uleb128 0x3b
 680 00ae 0B       		.uleb128 0xb
 681 00af 27       		.uleb128 0x27
 682 00b0 19       		.uleb128 0x19
 683 00b1 3C       		.uleb128 0x3c
 684 00b2 19       		.uleb128 0x19
 685 00b3 00       		.byte	0
 686 00b4 00       		.byte	0
 687 00b5 0D       		.uleb128 0xd
 688 00b6 05       		.uleb128 0x5
 689 00b7 00       		.byte	0
 690 00b8 49       		.uleb128 0x49
 691 00b9 13       		.uleb128 0x13
 692 00ba 00       		.byte	0
 693 00bb 00       		.byte	0
 694 00bc 00       		.byte	0
 695              		.section	.debug_loc,"",%progbits
 696              	.Ldebug_loc0:
 697              	.LLST0:
 698 0000 10000000 		.4byte	.LVL1
 699 0004 1A000000 		.4byte	.LVL2
 700 0008 0100     		.2byte	0x1
 701 000a 52       		.byte	0x52
 702 000b 1A000000 		.4byte	.LVL2
 703 000f 20000000 		.4byte	.LVL3
 704 0013 0100     		.2byte	0x1
 705 0015 53       		.byte	0x53
 706 0016 20000000 		.4byte	.LVL3
 707 001a 22000000 		.4byte	.LVL4
ARM GAS  C:\Users\LAIR\AppData\Local\Temp\ccCGDhBQ.s 			page 17


 708 001e 0200     		.2byte	0x2
 709 0020 71       		.byte	0x71
 710 0021 00       		.sleb128 0
 711 0022 00000000 		.4byte	0
 712 0026 00000000 		.4byte	0
 713              	.LLST1:
 714 002a 06000000 		.4byte	.LVL0
 715 002e 3D000000 		.4byte	.LVL5-1
 716 0032 0100     		.2byte	0x1
 717 0034 50       		.byte	0x50
 718 0035 00000000 		.4byte	0
 719 0039 00000000 		.4byte	0
 720              	.LLST2:
 721 003d 06000000 		.4byte	.LVL6
 722 0041 21000000 		.4byte	.LVL7-1
 723 0045 0100     		.2byte	0x1
 724 0047 50       		.byte	0x50
 725 0048 00000000 		.4byte	0
 726 004c 00000000 		.4byte	0
 727              	.LLST3:
 728 0050 06000000 		.4byte	.LVL10
 729 0054 13000000 		.4byte	.LVL11-1
 730 0058 0100     		.2byte	0x1
 731 005a 50       		.byte	0x50
 732 005b 00000000 		.4byte	0
 733 005f 00000000 		.4byte	0
 734              	.LLST4:
 735 0063 00000000 		.4byte	.LVL12
 736 0067 07000000 		.4byte	.LVL13-1
 737 006b 0100     		.2byte	0x1
 738 006d 50       		.byte	0x50
 739 006e 07000000 		.4byte	.LVL13-1
 740 0072 12000000 		.4byte	.LVL14
 741 0076 0100     		.2byte	0x1
 742 0078 54       		.byte	0x54
 743 0079 12000000 		.4byte	.LVL14
 744 007d 24000000 		.4byte	.LFE5
 745 0081 0400     		.2byte	0x4
 746 0083 F3       		.byte	0xf3
 747 0084 01       		.uleb128 0x1
 748 0085 50       		.byte	0x50
 749 0086 9F       		.byte	0x9f
 750 0087 00000000 		.4byte	0
 751 008b 00000000 		.4byte	0
 752              	.LLST5:
 753 008f 08000000 		.4byte	.LVL13
 754 0093 19000000 		.4byte	.LVL16-1
 755 0097 0100     		.2byte	0x1
 756 0099 50       		.byte	0x50
 757 009a 00000000 		.4byte	0
 758 009e 00000000 		.4byte	0
 759              	.LLST6:
 760 00a2 14000000 		.4byte	.LVL15
 761 00a6 1A000000 		.4byte	.LVL17
 762 00aa 0100     		.2byte	0x1
 763 00ac 54       		.byte	0x54
 764 00ad 00000000 		.4byte	0
ARM GAS  C:\Users\LAIR\AppData\Local\Temp\ccCGDhBQ.s 			page 18


 765 00b1 00000000 		.4byte	0
 766              		.section	.debug_aranges,"",%progbits
 767 0000 3C000000 		.4byte	0x3c
 768 0004 0200     		.2byte	0x2
 769 0006 00000000 		.4byte	.Ldebug_info0
 770 000a 04       		.byte	0x4
 771 000b 00       		.byte	0
 772 000c 0000     		.2byte	0
 773 000e 0000     		.2byte	0
 774 0010 00000000 		.4byte	.LFB1
 775 0014 54000000 		.4byte	.LFE1-.LFB1
 776 0018 00000000 		.4byte	.LFB2
 777 001c 2C000000 		.4byte	.LFE2-.LFB2
 778 0020 00000000 		.4byte	.LFB3
 779 0024 20000000 		.4byte	.LFE3-.LFB3
 780 0028 00000000 		.4byte	.LFB4
 781 002c 20000000 		.4byte	.LFE4-.LFB4
 782 0030 00000000 		.4byte	.LFB5
 783 0034 24000000 		.4byte	.LFE5-.LFB5
 784 0038 00000000 		.4byte	0
 785 003c 00000000 		.4byte	0
 786              		.section	.debug_ranges,"",%progbits
 787              	.Ldebug_ranges0:
 788 0000 00000000 		.4byte	.LFB1
 789 0004 54000000 		.4byte	.LFE1
 790 0008 00000000 		.4byte	.LFB2
 791 000c 2C000000 		.4byte	.LFE2
 792 0010 00000000 		.4byte	.LFB3
 793 0014 20000000 		.4byte	.LFE3
 794 0018 00000000 		.4byte	.LFB4
 795 001c 20000000 		.4byte	.LFE4
 796 0020 00000000 		.4byte	.LFB5
 797 0024 24000000 		.4byte	.LFE5
 798 0028 00000000 		.4byte	0
 799 002c 00000000 		.4byte	0
 800              		.section	.debug_line,"",%progbits
 801              	.Ldebug_line0:
 802 0000 C3000000 		.section	.debug_str,"MS",%progbits,1
 802      02004F00 
 802      00000201 
 802      FB0E0D00 
 802      01010101 
 803              	.LASF15:
 804 0000 72656733 		.ascii	"reg32\000"
 804      3200
 805              	.LASF28:
 806 0006 76616C75 		.ascii	"value\000"
 806      6500
 807              	.LASF3:
 808 000c 73686F72 		.ascii	"short unsigned int\000"
 808      7420756E 
 808      7369676E 
 808      65642069 
 808      6E7400
 809              	.LASF11:
 810 001f 666C6F61 		.ascii	"float\000"
 810      7400
ARM GAS  C:\Users\LAIR\AppData\Local\Temp\ccCGDhBQ.s 			page 19


 811              	.LASF7:
 812 0025 6C6F6E67 		.ascii	"long long unsigned int\000"
 812      206C6F6E 
 812      6720756E 
 812      7369676E 
 812      65642069 
 813              	.LASF1:
 814 003c 756E7369 		.ascii	"unsigned char\000"
 814      676E6564 
 814      20636861 
 814      7200
 815              	.LASF14:
 816 004a 72656738 		.ascii	"reg8\000"
 816      00
 817              	.LASF19:
 818 004f 49444143 		.ascii	"IDAC2_Init\000"
 818      325F496E 
 818      697400
 819              	.LASF5:
 820 005a 6C6F6E67 		.ascii	"long unsigned int\000"
 820      20756E73 
 820      69676E65 
 820      6420696E 
 820      7400
 821              	.LASF9:
 822 006c 75696E74 		.ascii	"uint8\000"
 822      3800
 823              	.LASF29:
 824 0072 49444143 		.ascii	"IDAC2_initVar\000"
 824      325F696E 
 824      69745661 
 824      7200
 825              	.LASF18:
 826 0080 656E6162 		.ascii	"enableInterrupts\000"
 826      6C65496E 
 826      74657272 
 826      75707473 
 826      00
 827              	.LASF12:
 828 0091 646F7562 		.ascii	"double\000"
 828      6C6500
 829              	.LASF17:
 830 0098 72656756 		.ascii	"regVal\000"
 830      616C00
 831              	.LASF23:
 832 009f 49444143 		.ascii	"IDAC2_SetValue\000"
 832      325F5365 
 832      7456616C 
 832      756500
 833              	.LASF10:
 834 00ae 75696E74 		.ascii	"uint32\000"
 834      333200
 835              	.LASF26:
 836 00b5 2E5C4765 		.ascii	".\\Generated_Source\\PSoC4\\IDAC2.c\000"
 836      6E657261 
 836      7465645F 
 836      536F7572 
ARM GAS  C:\Users\LAIR\AppData\Local\Temp\ccCGDhBQ.s 			page 20


 836      63655C50 
 837              	.LASF8:
 838 00d6 756E7369 		.ascii	"unsigned int\000"
 838      676E6564 
 838      20696E74 
 838      00
 839              	.LASF31:
 840 00e3 43794578 		.ascii	"CyExitCriticalSection\000"
 840      69744372 
 840      69746963 
 840      616C5365 
 840      6374696F 
 841              	.LASF22:
 842 00f9 49444143 		.ascii	"IDAC2_Stop\000"
 842      325F5374 
 842      6F7000
 843              	.LASF30:
 844 0104 4379456E 		.ascii	"CyEnterCriticalSection\000"
 844      74657243 
 844      72697469 
 844      63616C53 
 844      65637469 
 845              	.LASF24:
 846 011b 6E657752 		.ascii	"newRegisterValue\000"
 846      65676973 
 846      74657256 
 846      616C7565 
 846      00
 847              	.LASF16:
 848 012c 73697A65 		.ascii	"sizetype\000"
 848      74797065 
 848      00
 849              	.LASF6:
 850 0135 6C6F6E67 		.ascii	"long long int\000"
 850      206C6F6E 
 850      6720696E 
 850      7400
 851              	.LASF27:
 852 0143 433A5C55 		.ascii	"C:\\Users\\LAIR\\Documents\\GitHub\\ARC-Controller\\"
 852      73657273 
 852      5C4C4149 
 852      525C446F 
 852      63756D65 
 853 0171 50536F43 		.ascii	"PSoC-Code\\ARC-EMBED.cydsn\000"
 853      2D436F64 
 853      655C4152 
 853      432D454D 
 853      4245442E 
 854              	.LASF20:
 855 018b 49444143 		.ascii	"IDAC2_Enable\000"
 855      325F456E 
 855      61626C65 
 855      00
 856              	.LASF25:
 857 0198 474E5520 		.ascii	"GNU C 4.9.3 20150303 (release) [ARM/embedded-4_9-br"
 857      4320342E 
 857      392E3320 
ARM GAS  C:\Users\LAIR\AppData\Local\Temp\ccCGDhBQ.s 			page 21


 857      32303135 
 857      30333033 
 858 01cb 616E6368 		.ascii	"anch revision 221220] -mcpu=cortex-m0 -mthumb -g -O"
 858      20726576 
 858      6973696F 
 858      6E203232 
 858      31323230 
 859 01fe 67202D66 		.ascii	"g -ffunction-sections -ffat-lto-objects\000"
 859      66756E63 
 859      74696F6E 
 859      2D736563 
 859      74696F6E 
 860              	.LASF2:
 861 0226 73686F72 		.ascii	"short int\000"
 861      7420696E 
 861      7400
 862              	.LASF4:
 863 0230 6C6F6E67 		.ascii	"long int\000"
 863      20696E74 
 863      00
 864              	.LASF13:
 865 0239 63686172 		.ascii	"char\000"
 865      00
 866              	.LASF21:
 867 023e 49444143 		.ascii	"IDAC2_Start\000"
 867      325F5374 
 867      61727400 
 868              	.LASF0:
 869 024a 7369676E 		.ascii	"signed char\000"
 869      65642063 
 869      68617200 
 870              		.ident	"GCC: (GNU Tools for ARM Embedded Processors) 4.9.3 20150303 (release) [ARM/embedded-4_9-br
