ARM GAS  C:\Users\LAIR\AppData\Local\Temp\cc9FjP6Q.s 			page 1


   1              		.cpu cortex-m0
   2              		.fpu softvfp
   3              		.eabi_attribute 20, 1
   4              		.eabi_attribute 21, 1
   5              		.eabi_attribute 23, 3
   6              		.eabi_attribute 24, 1
   7              		.eabi_attribute 25, 1
   8              		.eabi_attribute 26, 1
   9              		.eabi_attribute 30, 1
  10              		.eabi_attribute 34, 0
  11              		.eabi_attribute 18, 4
  12              		.code	16
  13              		.file	"USBFS_cls.c"
  14              		.text
  15              	.Ltext0:
  16              		.cfi_sections	.debug_frame
  17              		.section	.text.USBFS_DispatchClassRqst,"ax",%progbits
  18              		.align	2
  19              		.global	USBFS_DispatchClassRqst
  20              		.code	16
  21              		.thumb_func
  22              		.type	USBFS_DispatchClassRqst, %function
  23              	USBFS_DispatchClassRqst:
  24              	.LFB65:
  25              		.file 1 ".\\Generated_Source\\PSoC4\\USBFS_cls.c"
   1:.\Generated_Source\PSoC4/USBFS_cls.c **** /***************************************************************************//**
   2:.\Generated_Source\PSoC4/USBFS_cls.c **** * \file USBFS_cls.c
   3:.\Generated_Source\PSoC4/USBFS_cls.c **** * \version 3.0
   4:.\Generated_Source\PSoC4/USBFS_cls.c **** *
   5:.\Generated_Source\PSoC4/USBFS_cls.c **** * \brief
   6:.\Generated_Source\PSoC4/USBFS_cls.c **** *  This file contains the USB Class request handler.
   7:.\Generated_Source\PSoC4/USBFS_cls.c **** *
   8:.\Generated_Source\PSoC4/USBFS_cls.c **** ********************************************************************************
   9:.\Generated_Source\PSoC4/USBFS_cls.c **** * \copyright
  10:.\Generated_Source\PSoC4/USBFS_cls.c **** * Copyright 2008-2015, Cypress Semiconductor Corporation.  All rights reserved.
  11:.\Generated_Source\PSoC4/USBFS_cls.c **** * You may use this file only in accordance with the license, terms, conditions,
  12:.\Generated_Source\PSoC4/USBFS_cls.c **** * disclaimers, and limitations in the end user license agreement accompanying
  13:.\Generated_Source\PSoC4/USBFS_cls.c **** * the software package with which this file was provided.
  14:.\Generated_Source\PSoC4/USBFS_cls.c **** *******************************************************************************/
  15:.\Generated_Source\PSoC4/USBFS_cls.c **** 
  16:.\Generated_Source\PSoC4/USBFS_cls.c **** #include "USBFS_pvt.h"
  17:.\Generated_Source\PSoC4/USBFS_cls.c **** #include "cyapicallbacks.h"
  18:.\Generated_Source\PSoC4/USBFS_cls.c **** 
  19:.\Generated_Source\PSoC4/USBFS_cls.c **** #if(USBFS_EXTERN_CLS == USBFS_FALSE)
  20:.\Generated_Source\PSoC4/USBFS_cls.c **** 
  21:.\Generated_Source\PSoC4/USBFS_cls.c **** /***************************************
  22:.\Generated_Source\PSoC4/USBFS_cls.c **** * User Implemented Class Driver Declarations.
  23:.\Generated_Source\PSoC4/USBFS_cls.c **** ***************************************/
  24:.\Generated_Source\PSoC4/USBFS_cls.c **** /* `#START USER_DEFINED_CLASS_DECLARATIONS` Place your declaration here */
  25:.\Generated_Source\PSoC4/USBFS_cls.c **** 
  26:.\Generated_Source\PSoC4/USBFS_cls.c **** /* `#END` */
  27:.\Generated_Source\PSoC4/USBFS_cls.c **** 
  28:.\Generated_Source\PSoC4/USBFS_cls.c **** 
  29:.\Generated_Source\PSoC4/USBFS_cls.c **** /*******************************************************************************
  30:.\Generated_Source\PSoC4/USBFS_cls.c **** * Function Name: USBFS_DispatchClassRqst
  31:.\Generated_Source\PSoC4/USBFS_cls.c **** ****************************************************************************//**
  32:.\Generated_Source\PSoC4/USBFS_cls.c **** *  This routine dispatches class specific requests depend on interface class.
ARM GAS  C:\Users\LAIR\AppData\Local\Temp\cc9FjP6Q.s 			page 2


  33:.\Generated_Source\PSoC4/USBFS_cls.c **** *
  34:.\Generated_Source\PSoC4/USBFS_cls.c **** * \return
  35:.\Generated_Source\PSoC4/USBFS_cls.c **** *  requestHandled.
  36:.\Generated_Source\PSoC4/USBFS_cls.c **** *
  37:.\Generated_Source\PSoC4/USBFS_cls.c **** * \reentrant
  38:.\Generated_Source\PSoC4/USBFS_cls.c **** *  No.
  39:.\Generated_Source\PSoC4/USBFS_cls.c **** *
  40:.\Generated_Source\PSoC4/USBFS_cls.c **** *******************************************************************************/
  41:.\Generated_Source\PSoC4/USBFS_cls.c **** uint8 USBFS_DispatchClassRqst(void) 
  42:.\Generated_Source\PSoC4/USBFS_cls.c **** {
  26              		.loc 1 42 0
  27              		.cfi_startproc
  43:.\Generated_Source\PSoC4/USBFS_cls.c ****     uint8 requestHandled;
  44:.\Generated_Source\PSoC4/USBFS_cls.c ****     uint8 interfaceNumber;
  45:.\Generated_Source\PSoC4/USBFS_cls.c **** 
  46:.\Generated_Source\PSoC4/USBFS_cls.c ****     /* Get interface to which request is intended. */
  47:.\Generated_Source\PSoC4/USBFS_cls.c ****     switch (USBFS_bmRequestTypeReg & USBFS_RQST_RCPT_MASK)
  28              		.loc 1 47 0
  29 0000 0C4B     		ldr	r3, .L5
  30 0002 1B68     		ldr	r3, [r3]
  31 0004 0322     		mov	r2, #3
  32 0006 1340     		and	r3, r2
  33 0008 012B     		cmp	r3, #1
  34 000a 02D0     		beq	.L3
  35 000c 022B     		cmp	r3, #2
  36 000e 03D0     		beq	.L4
  37 0010 0DE0     		b	.L2
  38              	.L3:
  48:.\Generated_Source\PSoC4/USBFS_cls.c ****     {
  49:.\Generated_Source\PSoC4/USBFS_cls.c ****         case USBFS_RQST_RCPT_IFC:
  50:.\Generated_Source\PSoC4/USBFS_cls.c ****             /* Class-specific request directed to interface: wIndexLoReg 
  51:.\Generated_Source\PSoC4/USBFS_cls.c ****             * contains interface number.
  52:.\Generated_Source\PSoC4/USBFS_cls.c ****             */
  53:.\Generated_Source\PSoC4/USBFS_cls.c ****             interfaceNumber = (uint8) USBFS_wIndexLoReg;
  39              		.loc 1 53 0
  40 0012 084B     		ldr	r3, .L5
  41 0014 1B69     		ldr	r3, [r3, #16]
  54:.\Generated_Source\PSoC4/USBFS_cls.c ****             break;
  42              		.loc 1 54 0
  43 0016 0AE0     		b	.L2
  44              	.L4:
  55:.\Generated_Source\PSoC4/USBFS_cls.c ****         
  56:.\Generated_Source\PSoC4/USBFS_cls.c ****         case USBFS_RQST_RCPT_EP:
  57:.\Generated_Source\PSoC4/USBFS_cls.c ****             /* Class-specific request directed to endpoint: wIndexLoReg contains 
  58:.\Generated_Source\PSoC4/USBFS_cls.c ****             * endpoint number. Find interface related to endpoint, 
  59:.\Generated_Source\PSoC4/USBFS_cls.c ****             */
  60:.\Generated_Source\PSoC4/USBFS_cls.c ****             interfaceNumber = USBFS_EP[USBFS_wIndexLoReg & USBFS_DIR_UNUSED].interface;
  45              		.loc 1 60 0
  46 0018 064B     		ldr	r3, .L5
  47 001a 1B69     		ldr	r3, [r3, #16]
  48 001c 7F22     		mov	r2, #127
  49 001e 1340     		and	r3, r2
  50 0020 5A00     		lsl	r2, r3, #1
  51 0022 D318     		add	r3, r2, r3
  52 0024 9B00     		lsl	r3, r3, #2
  53 0026 044A     		ldr	r2, .L5+4
  54 0028 D318     		add	r3, r2, r3
ARM GAS  C:\Users\LAIR\AppData\Local\Temp\cc9FjP6Q.s 			page 3


  55 002a 0833     		add	r3, r3, #8
  56 002c 9B78     		ldrb	r3, [r3, #2]
  57              	.LVL0:
  58              	.L2:
  61:.\Generated_Source\PSoC4/USBFS_cls.c ****             break;
  62:.\Generated_Source\PSoC4/USBFS_cls.c ****             
  63:.\Generated_Source\PSoC4/USBFS_cls.c ****         default:
  64:.\Generated_Source\PSoC4/USBFS_cls.c ****             /* Default interface is zero. */
  65:.\Generated_Source\PSoC4/USBFS_cls.c ****             interfaceNumber = 0u;
  66:.\Generated_Source\PSoC4/USBFS_cls.c ****             break;
  67:.\Generated_Source\PSoC4/USBFS_cls.c ****     }
  68:.\Generated_Source\PSoC4/USBFS_cls.c **** 
  69:.\Generated_Source\PSoC4/USBFS_cls.c **** #if (defined(USBFS_ENABLE_HID_CLASS) ||\
  70:.\Generated_Source\PSoC4/USBFS_cls.c ****             defined(USBFS_ENABLE_AUDIO_CLASS) ||\
  71:.\Generated_Source\PSoC4/USBFS_cls.c ****             defined(USBFS_ENABLE_CDC_CLASS) ||\
  72:.\Generated_Source\PSoC4/USBFS_cls.c ****             USBFS_ENABLE_MSC_CLASS)
  73:.\Generated_Source\PSoC4/USBFS_cls.c **** 
  74:.\Generated_Source\PSoC4/USBFS_cls.c ****     /* Handle class request depends on interface type. */
  75:.\Generated_Source\PSoC4/USBFS_cls.c ****     switch (USBFS_interfaceClass[interfaceNumber])
  76:.\Generated_Source\PSoC4/USBFS_cls.c ****     {
  77:.\Generated_Source\PSoC4/USBFS_cls.c ****     #if defined(USBFS_ENABLE_HID_CLASS)
  78:.\Generated_Source\PSoC4/USBFS_cls.c ****         case USBFS_CLASS_HID:
  79:.\Generated_Source\PSoC4/USBFS_cls.c ****             requestHandled = USBFS_DispatchHIDClassRqst();
  80:.\Generated_Source\PSoC4/USBFS_cls.c ****             break;
  81:.\Generated_Source\PSoC4/USBFS_cls.c ****     #endif /* (USBFS_ENABLE_HID_CLASS) */
  82:.\Generated_Source\PSoC4/USBFS_cls.c ****             
  83:.\Generated_Source\PSoC4/USBFS_cls.c ****     #if defined(USBFS_ENABLE_AUDIO_CLASS)
  84:.\Generated_Source\PSoC4/USBFS_cls.c ****         case USBFS_CLASS_AUDIO:
  85:.\Generated_Source\PSoC4/USBFS_cls.c ****             requestHandled = USBFS_DispatchAUDIOClassRqst();
  86:.\Generated_Source\PSoC4/USBFS_cls.c ****             break;
  87:.\Generated_Source\PSoC4/USBFS_cls.c ****     #endif /* (USBFS_CLASS_AUDIO) */
  88:.\Generated_Source\PSoC4/USBFS_cls.c ****             
  89:.\Generated_Source\PSoC4/USBFS_cls.c ****     #if defined(USBFS_ENABLE_CDC_CLASS)
  90:.\Generated_Source\PSoC4/USBFS_cls.c ****         case USBFS_CLASS_CDC:
  91:.\Generated_Source\PSoC4/USBFS_cls.c ****             requestHandled = USBFS_DispatchCDCClassRqst();
  92:.\Generated_Source\PSoC4/USBFS_cls.c ****             break;
  93:.\Generated_Source\PSoC4/USBFS_cls.c ****     #endif /* (USBFS_ENABLE_CDC_CLASS) */
  94:.\Generated_Source\PSoC4/USBFS_cls.c ****         
  95:.\Generated_Source\PSoC4/USBFS_cls.c ****     #if (USBFS_ENABLE_MSC_CLASS)
  96:.\Generated_Source\PSoC4/USBFS_cls.c ****         case USBFS_CLASS_MSD:
  97:.\Generated_Source\PSoC4/USBFS_cls.c ****         #if (USBFS_HANDLE_MSC_REQUESTS)
  98:.\Generated_Source\PSoC4/USBFS_cls.c ****             /* MSC requests are handled by the component. */
  99:.\Generated_Source\PSoC4/USBFS_cls.c ****             requestHandled = USBFS_DispatchMSCClassRqst();
 100:.\Generated_Source\PSoC4/USBFS_cls.c ****         #elif defined(USBFS_DISPATCH_MSC_CLASS_RQST_CALLBACK)
 101:.\Generated_Source\PSoC4/USBFS_cls.c ****             /* MSC requests are handled by user defined callbcak. */
 102:.\Generated_Source\PSoC4/USBFS_cls.c ****             requestHandled = USBFS_DispatchMSCClassRqst_Callback();
 103:.\Generated_Source\PSoC4/USBFS_cls.c ****         #else
 104:.\Generated_Source\PSoC4/USBFS_cls.c ****             /* MSC requests are not handled. */
 105:.\Generated_Source\PSoC4/USBFS_cls.c ****             requestHandled = USBFS_FALSE;
 106:.\Generated_Source\PSoC4/USBFS_cls.c ****         #endif /* (USBFS_HANDLE_MSC_REQUESTS) */
 107:.\Generated_Source\PSoC4/USBFS_cls.c ****             break;
 108:.\Generated_Source\PSoC4/USBFS_cls.c ****     #endif /* (USBFS_ENABLE_MSC_CLASS) */
 109:.\Generated_Source\PSoC4/USBFS_cls.c ****         
 110:.\Generated_Source\PSoC4/USBFS_cls.c ****         default:
 111:.\Generated_Source\PSoC4/USBFS_cls.c ****             /* Request is not handled: unknown class request type. */
 112:.\Generated_Source\PSoC4/USBFS_cls.c ****             requestHandled = USBFS_FALSE;
 113:.\Generated_Source\PSoC4/USBFS_cls.c ****             break;
ARM GAS  C:\Users\LAIR\AppData\Local\Temp\cc9FjP6Q.s 			page 4


 114:.\Generated_Source\PSoC4/USBFS_cls.c ****     }
 115:.\Generated_Source\PSoC4/USBFS_cls.c **** #else /*No class is defined*/
 116:.\Generated_Source\PSoC4/USBFS_cls.c ****     if (0u != interfaceNumber)
 117:.\Generated_Source\PSoC4/USBFS_cls.c ****     {
 118:.\Generated_Source\PSoC4/USBFS_cls.c ****         /* Suppress warning message */
 119:.\Generated_Source\PSoC4/USBFS_cls.c ****     }
 120:.\Generated_Source\PSoC4/USBFS_cls.c ****     requestHandled = USBFS_FALSE;
 121:.\Generated_Source\PSoC4/USBFS_cls.c **** #endif /*HID or AUDIO or MSC or CDC class enabled*/
 122:.\Generated_Source\PSoC4/USBFS_cls.c **** 
 123:.\Generated_Source\PSoC4/USBFS_cls.c ****     /* `#START USER_DEFINED_CLASS_CODE` Place your Class request here */
 124:.\Generated_Source\PSoC4/USBFS_cls.c **** 
 125:.\Generated_Source\PSoC4/USBFS_cls.c ****     /* `#END` */
 126:.\Generated_Source\PSoC4/USBFS_cls.c **** 
 127:.\Generated_Source\PSoC4/USBFS_cls.c **** #ifdef USBFS_DISPATCH_CLASS_RQST_CALLBACK
 128:.\Generated_Source\PSoC4/USBFS_cls.c ****     if (USBFS_FALSE == requestHandled)
 129:.\Generated_Source\PSoC4/USBFS_cls.c ****     {
 130:.\Generated_Source\PSoC4/USBFS_cls.c ****         requestHandled = USBFS_DispatchClassRqst_Callback(interfaceNumber);
 131:.\Generated_Source\PSoC4/USBFS_cls.c ****     }
 132:.\Generated_Source\PSoC4/USBFS_cls.c **** #endif /* (USBFS_DISPATCH_CLASS_RQST_CALLBACK) */
 133:.\Generated_Source\PSoC4/USBFS_cls.c **** 
 134:.\Generated_Source\PSoC4/USBFS_cls.c ****     return (requestHandled);
 135:.\Generated_Source\PSoC4/USBFS_cls.c **** }
  59              		.loc 1 135 0
  60 002e 0020     		mov	r0, #0
  61              		@ sp needed
  62 0030 7047     		bx	lr
  63              	.L6:
  64 0032 C046     		.align	2
  65              	.L5:
  66 0034 00002C40 		.word	1076625408
  67 0038 00000000 		.word	USBFS_EP
  68              		.cfi_endproc
  69              	.LFE65:
  70              		.size	USBFS_DispatchClassRqst, .-USBFS_DispatchClassRqst
  71              		.text
  72              	.Letext0:
  73              		.file 2 ".\\Generated_Source\\PSoC4\\cytypes.h"
  74              		.file 3 ".\\Generated_Source\\PSoC4\\USBFS.h"
  75              		.file 4 ".\\Generated_Source\\PSoC4\\USBFS_pvt.h"
  76              		.section	.debug_info,"",%progbits
  77              	.Ldebug_info0:
  78 0000 A9010000 		.4byte	0x1a9
  79 0004 0400     		.2byte	0x4
  80 0006 00000000 		.4byte	.Ldebug_abbrev0
  81 000a 04       		.byte	0x4
  82 000b 01       		.uleb128 0x1
  83 000c A4010000 		.4byte	.LASF28
  84 0010 01       		.byte	0x1
  85 0011 2F000000 		.4byte	.LASF29
  86 0015 5C010000 		.4byte	.LASF30
  87 0019 00000000 		.4byte	.Ldebug_ranges0+0
  88 001d 00000000 		.4byte	0
  89 0021 00000000 		.4byte	.Ldebug_line0
  90 0025 02       		.uleb128 0x2
  91 0026 01       		.byte	0x1
  92 0027 06       		.byte	0x6
  93 0028 65020000 		.4byte	.LASF0
ARM GAS  C:\Users\LAIR\AppData\Local\Temp\cc9FjP6Q.s 			page 5


  94 002c 02       		.uleb128 0x2
  95 002d 01       		.byte	0x1
  96 002e 08       		.byte	0x8
  97 002f 63000000 		.4byte	.LASF1
  98 0033 02       		.uleb128 0x2
  99 0034 02       		.byte	0x2
 100 0035 05       		.byte	0x5
 101 0036 3D020000 		.4byte	.LASF2
 102 003a 02       		.uleb128 0x2
 103 003b 02       		.byte	0x2
 104 003c 07       		.byte	0x7
 105 003d 00000000 		.4byte	.LASF3
 106 0041 02       		.uleb128 0x2
 107 0042 04       		.byte	0x4
 108 0043 05       		.byte	0x5
 109 0044 57020000 		.4byte	.LASF4
 110 0048 02       		.uleb128 0x2
 111 0049 04       		.byte	0x4
 112 004a 07       		.byte	0x7
 113 004b 89000000 		.4byte	.LASF5
 114 004f 02       		.uleb128 0x2
 115 0050 08       		.byte	0x8
 116 0051 05       		.byte	0x5
 117 0052 4E010000 		.4byte	.LASF6
 118 0056 02       		.uleb128 0x2
 119 0057 08       		.byte	0x8
 120 0058 07       		.byte	0x7
 121 0059 0E010000 		.4byte	.LASF7
 122 005d 03       		.uleb128 0x3
 123 005e 04       		.byte	0x4
 124 005f 05       		.byte	0x5
 125 0060 696E7400 		.ascii	"int\000"
 126 0064 02       		.uleb128 0x2
 127 0065 04       		.byte	0x4
 128 0066 07       		.byte	0x7
 129 0067 01010000 		.4byte	.LASF8
 130 006b 04       		.uleb128 0x4
 131 006c 47020000 		.4byte	.LASF9
 132 0070 02       		.byte	0x2
 133 0071 9801     		.2byte	0x198
 134 0073 2C000000 		.4byte	0x2c
 135 0077 04       		.uleb128 0x4
 136 0078 E8000000 		.4byte	.LASF10
 137 007c 02       		.byte	0x2
 138 007d 9901     		.2byte	0x199
 139 007f 3A000000 		.4byte	0x3a
 140 0083 04       		.uleb128 0x4
 141 0084 FA000000 		.4byte	.LASF11
 142 0088 02       		.byte	0x2
 143 0089 9A01     		.2byte	0x19a
 144 008b 48000000 		.4byte	0x48
 145 008f 02       		.uleb128 0x2
 146 0090 04       		.byte	0x4
 147 0091 04       		.byte	0x4
 148 0092 54000000 		.4byte	.LASF12
 149 0096 02       		.uleb128 0x2
 150 0097 08       		.byte	0x8
ARM GAS  C:\Users\LAIR\AppData\Local\Temp\cc9FjP6Q.s 			page 6


 151 0098 04       		.byte	0x4
 152 0099 CF000000 		.4byte	.LASF13
 153 009d 02       		.uleb128 0x2
 154 009e 01       		.byte	0x1
 155 009f 08       		.byte	0x8
 156 00a0 60020000 		.4byte	.LASF14
 157 00a4 02       		.uleb128 0x2
 158 00a5 04       		.byte	0x4
 159 00a6 07       		.byte	0x7
 160 00a7 3E010000 		.4byte	.LASF15
 161 00ab 05       		.uleb128 0x5
 162 00ac 0C       		.byte	0xc
 163 00ad 03       		.byte	0x3
 164 00ae 8E       		.byte	0x8e
 165 00af 20010000 		.4byte	0x120
 166 00b3 06       		.uleb128 0x6
 167 00b4 D6000000 		.4byte	.LASF16
 168 00b8 03       		.byte	0x3
 169 00b9 90       		.byte	0x90
 170 00ba 6B000000 		.4byte	0x6b
 171 00be 00       		.byte	0
 172 00bf 06       		.uleb128 0x6
 173 00c0 EF000000 		.4byte	.LASF17
 174 00c4 03       		.byte	0x3
 175 00c5 91       		.byte	0x91
 176 00c6 6B000000 		.4byte	0x6b
 177 00ca 01       		.byte	0x1
 178 00cb 06       		.uleb128 0x6
 179 00cc 25010000 		.4byte	.LASF18
 180 00d0 03       		.byte	0x3
 181 00d1 92       		.byte	0x92
 182 00d2 6B000000 		.4byte	0x6b
 183 00d6 02       		.byte	0x2
 184 00d7 06       		.uleb128 0x6
 185 00d8 5A000000 		.4byte	.LASF19
 186 00dc 03       		.byte	0x3
 187 00dd 93       		.byte	0x93
 188 00de 6B000000 		.4byte	0x6b
 189 00e2 03       		.byte	0x3
 190 00e3 06       		.uleb128 0x6
 191 00e4 9B000000 		.4byte	.LASF20
 192 00e8 03       		.byte	0x3
 193 00e9 94       		.byte	0x94
 194 00ea 6B000000 		.4byte	0x6b
 195 00ee 04       		.byte	0x4
 196 00ef 06       		.uleb128 0x6
 197 00f0 47010000 		.4byte	.LASF21
 198 00f4 03       		.byte	0x3
 199 00f5 95       		.byte	0x95
 200 00f6 6B000000 		.4byte	0x6b
 201 00fa 05       		.byte	0x5
 202 00fb 06       		.uleb128 0x6
 203 00fc DD000000 		.4byte	.LASF22
 204 0100 03       		.byte	0x3
 205 0101 96       		.byte	0x96
 206 0102 77000000 		.4byte	0x77
 207 0106 06       		.byte	0x6
ARM GAS  C:\Users\LAIR\AppData\Local\Temp\cc9FjP6Q.s 			page 7


 208 0107 06       		.uleb128 0x6
 209 0108 32020000 		.4byte	.LASF23
 210 010c 03       		.byte	0x3
 211 010d 97       		.byte	0x97
 212 010e 77000000 		.4byte	0x77
 213 0112 08       		.byte	0x8
 214 0113 06       		.uleb128 0x6
 215 0114 4D020000 		.4byte	.LASF24
 216 0118 03       		.byte	0x3
 217 0119 98       		.byte	0x98
 218 011a 6B000000 		.4byte	0x6b
 219 011e 0A       		.byte	0xa
 220 011f 00       		.byte	0
 221 0120 07       		.uleb128 0x7
 222 0121 13000000 		.4byte	.LASF25
 223 0125 03       		.byte	0x3
 224 0126 99       		.byte	0x99
 225 0127 AB000000 		.4byte	0xab
 226 012b 05       		.uleb128 0x5
 227 012c 20       		.byte	0x20
 228 012d 03       		.byte	0x3
 229 012e C6       		.byte	0xc6
 230 012f 40010000 		.4byte	0x140
 231 0133 06       		.uleb128 0x6
 232 0134 28000000 		.4byte	.LASF26
 233 0138 03       		.byte	0x3
 234 0139 C8       		.byte	0xc8
 235 013a 40010000 		.4byte	0x140
 236 013e 00       		.byte	0
 237 013f 00       		.byte	0
 238 0140 08       		.uleb128 0x8
 239 0141 83000000 		.4byte	0x83
 240 0145 50010000 		.4byte	0x150
 241 0149 09       		.uleb128 0x9
 242 014a A4000000 		.4byte	0xa4
 243 014e 07       		.byte	0x7
 244 014f 00       		.byte	0
 245 0150 07       		.uleb128 0x7
 246 0151 B9000000 		.4byte	.LASF27
 247 0155 03       		.byte	0x3
 248 0156 C9       		.byte	0xc9
 249 0157 2B010000 		.4byte	0x12b
 250 015b 0A       		.uleb128 0xa
 251 015c 71000000 		.4byte	.LASF31
 252 0160 01       		.byte	0x1
 253 0161 29       		.byte	0x29
 254 0162 6B000000 		.4byte	0x6b
 255 0166 00000000 		.4byte	.LFB65
 256 016a 3C000000 		.4byte	.LFE65-.LFB65
 257 016e 01       		.uleb128 0x1
 258 016f 9C       		.byte	0x9c
 259 0170 8C010000 		.4byte	0x18c
 260 0174 0B       		.uleb128 0xb
 261 0175 2F010000 		.4byte	.LASF32
 262 0179 01       		.byte	0x1
 263 017a 2B       		.byte	0x2b
 264 017b 6B000000 		.4byte	0x6b
ARM GAS  C:\Users\LAIR\AppData\Local\Temp\cc9FjP6Q.s 			page 8


 265 017f 00       		.byte	0
 266 0180 0C       		.uleb128 0xc
 267 0181 A0000000 		.4byte	.LASF33
 268 0185 01       		.byte	0x1
 269 0186 2C       		.byte	0x2c
 270 0187 6B000000 		.4byte	0x6b
 271 018b 00       		.byte	0
 272 018c 08       		.uleb128 0x8
 273 018d 20010000 		.4byte	0x120
 274 0191 9C010000 		.4byte	0x19c
 275 0195 09       		.uleb128 0x9
 276 0196 A4000000 		.4byte	0xa4
 277 019a 08       		.byte	0x8
 278 019b 00       		.byte	0
 279 019c 0D       		.uleb128 0xd
 280 019d B0000000 		.4byte	.LASF34
 281 01a1 04       		.byte	0x4
 282 01a2 79       		.byte	0x79
 283 01a3 A7010000 		.4byte	0x1a7
 284 01a7 0E       		.uleb128 0xe
 285 01a8 8C010000 		.4byte	0x18c
 286 01ac 00       		.byte	0
 287              		.section	.debug_abbrev,"",%progbits
 288              	.Ldebug_abbrev0:
 289 0000 01       		.uleb128 0x1
 290 0001 11       		.uleb128 0x11
 291 0002 01       		.byte	0x1
 292 0003 25       		.uleb128 0x25
 293 0004 0E       		.uleb128 0xe
 294 0005 13       		.uleb128 0x13
 295 0006 0B       		.uleb128 0xb
 296 0007 03       		.uleb128 0x3
 297 0008 0E       		.uleb128 0xe
 298 0009 1B       		.uleb128 0x1b
 299 000a 0E       		.uleb128 0xe
 300 000b 55       		.uleb128 0x55
 301 000c 17       		.uleb128 0x17
 302 000d 11       		.uleb128 0x11
 303 000e 01       		.uleb128 0x1
 304 000f 10       		.uleb128 0x10
 305 0010 17       		.uleb128 0x17
 306 0011 00       		.byte	0
 307 0012 00       		.byte	0
 308 0013 02       		.uleb128 0x2
 309 0014 24       		.uleb128 0x24
 310 0015 00       		.byte	0
 311 0016 0B       		.uleb128 0xb
 312 0017 0B       		.uleb128 0xb
 313 0018 3E       		.uleb128 0x3e
 314 0019 0B       		.uleb128 0xb
 315 001a 03       		.uleb128 0x3
 316 001b 0E       		.uleb128 0xe
 317 001c 00       		.byte	0
 318 001d 00       		.byte	0
 319 001e 03       		.uleb128 0x3
 320 001f 24       		.uleb128 0x24
 321 0020 00       		.byte	0
ARM GAS  C:\Users\LAIR\AppData\Local\Temp\cc9FjP6Q.s 			page 9


 322 0021 0B       		.uleb128 0xb
 323 0022 0B       		.uleb128 0xb
 324 0023 3E       		.uleb128 0x3e
 325 0024 0B       		.uleb128 0xb
 326 0025 03       		.uleb128 0x3
 327 0026 08       		.uleb128 0x8
 328 0027 00       		.byte	0
 329 0028 00       		.byte	0
 330 0029 04       		.uleb128 0x4
 331 002a 16       		.uleb128 0x16
 332 002b 00       		.byte	0
 333 002c 03       		.uleb128 0x3
 334 002d 0E       		.uleb128 0xe
 335 002e 3A       		.uleb128 0x3a
 336 002f 0B       		.uleb128 0xb
 337 0030 3B       		.uleb128 0x3b
 338 0031 05       		.uleb128 0x5
 339 0032 49       		.uleb128 0x49
 340 0033 13       		.uleb128 0x13
 341 0034 00       		.byte	0
 342 0035 00       		.byte	0
 343 0036 05       		.uleb128 0x5
 344 0037 13       		.uleb128 0x13
 345 0038 01       		.byte	0x1
 346 0039 0B       		.uleb128 0xb
 347 003a 0B       		.uleb128 0xb
 348 003b 3A       		.uleb128 0x3a
 349 003c 0B       		.uleb128 0xb
 350 003d 3B       		.uleb128 0x3b
 351 003e 0B       		.uleb128 0xb
 352 003f 01       		.uleb128 0x1
 353 0040 13       		.uleb128 0x13
 354 0041 00       		.byte	0
 355 0042 00       		.byte	0
 356 0043 06       		.uleb128 0x6
 357 0044 0D       		.uleb128 0xd
 358 0045 00       		.byte	0
 359 0046 03       		.uleb128 0x3
 360 0047 0E       		.uleb128 0xe
 361 0048 3A       		.uleb128 0x3a
 362 0049 0B       		.uleb128 0xb
 363 004a 3B       		.uleb128 0x3b
 364 004b 0B       		.uleb128 0xb
 365 004c 49       		.uleb128 0x49
 366 004d 13       		.uleb128 0x13
 367 004e 38       		.uleb128 0x38
 368 004f 0B       		.uleb128 0xb
 369 0050 00       		.byte	0
 370 0051 00       		.byte	0
 371 0052 07       		.uleb128 0x7
 372 0053 16       		.uleb128 0x16
 373 0054 00       		.byte	0
 374 0055 03       		.uleb128 0x3
 375 0056 0E       		.uleb128 0xe
 376 0057 3A       		.uleb128 0x3a
 377 0058 0B       		.uleb128 0xb
 378 0059 3B       		.uleb128 0x3b
ARM GAS  C:\Users\LAIR\AppData\Local\Temp\cc9FjP6Q.s 			page 10


 379 005a 0B       		.uleb128 0xb
 380 005b 49       		.uleb128 0x49
 381 005c 13       		.uleb128 0x13
 382 005d 00       		.byte	0
 383 005e 00       		.byte	0
 384 005f 08       		.uleb128 0x8
 385 0060 01       		.uleb128 0x1
 386 0061 01       		.byte	0x1
 387 0062 49       		.uleb128 0x49
 388 0063 13       		.uleb128 0x13
 389 0064 01       		.uleb128 0x1
 390 0065 13       		.uleb128 0x13
 391 0066 00       		.byte	0
 392 0067 00       		.byte	0
 393 0068 09       		.uleb128 0x9
 394 0069 21       		.uleb128 0x21
 395 006a 00       		.byte	0
 396 006b 49       		.uleb128 0x49
 397 006c 13       		.uleb128 0x13
 398 006d 2F       		.uleb128 0x2f
 399 006e 0B       		.uleb128 0xb
 400 006f 00       		.byte	0
 401 0070 00       		.byte	0
 402 0071 0A       		.uleb128 0xa
 403 0072 2E       		.uleb128 0x2e
 404 0073 01       		.byte	0x1
 405 0074 3F       		.uleb128 0x3f
 406 0075 19       		.uleb128 0x19
 407 0076 03       		.uleb128 0x3
 408 0077 0E       		.uleb128 0xe
 409 0078 3A       		.uleb128 0x3a
 410 0079 0B       		.uleb128 0xb
 411 007a 3B       		.uleb128 0x3b
 412 007b 0B       		.uleb128 0xb
 413 007c 27       		.uleb128 0x27
 414 007d 19       		.uleb128 0x19
 415 007e 49       		.uleb128 0x49
 416 007f 13       		.uleb128 0x13
 417 0080 11       		.uleb128 0x11
 418 0081 01       		.uleb128 0x1
 419 0082 12       		.uleb128 0x12
 420 0083 06       		.uleb128 0x6
 421 0084 40       		.uleb128 0x40
 422 0085 18       		.uleb128 0x18
 423 0086 9742     		.uleb128 0x2117
 424 0088 19       		.uleb128 0x19
 425 0089 01       		.uleb128 0x1
 426 008a 13       		.uleb128 0x13
 427 008b 00       		.byte	0
 428 008c 00       		.byte	0
 429 008d 0B       		.uleb128 0xb
 430 008e 34       		.uleb128 0x34
 431 008f 00       		.byte	0
 432 0090 03       		.uleb128 0x3
 433 0091 0E       		.uleb128 0xe
 434 0092 3A       		.uleb128 0x3a
 435 0093 0B       		.uleb128 0xb
ARM GAS  C:\Users\LAIR\AppData\Local\Temp\cc9FjP6Q.s 			page 11


 436 0094 3B       		.uleb128 0x3b
 437 0095 0B       		.uleb128 0xb
 438 0096 49       		.uleb128 0x49
 439 0097 13       		.uleb128 0x13
 440 0098 1C       		.uleb128 0x1c
 441 0099 0B       		.uleb128 0xb
 442 009a 00       		.byte	0
 443 009b 00       		.byte	0
 444 009c 0C       		.uleb128 0xc
 445 009d 34       		.uleb128 0x34
 446 009e 00       		.byte	0
 447 009f 03       		.uleb128 0x3
 448 00a0 0E       		.uleb128 0xe
 449 00a1 3A       		.uleb128 0x3a
 450 00a2 0B       		.uleb128 0xb
 451 00a3 3B       		.uleb128 0x3b
 452 00a4 0B       		.uleb128 0xb
 453 00a5 49       		.uleb128 0x49
 454 00a6 13       		.uleb128 0x13
 455 00a7 00       		.byte	0
 456 00a8 00       		.byte	0
 457 00a9 0D       		.uleb128 0xd
 458 00aa 34       		.uleb128 0x34
 459 00ab 00       		.byte	0
 460 00ac 03       		.uleb128 0x3
 461 00ad 0E       		.uleb128 0xe
 462 00ae 3A       		.uleb128 0x3a
 463 00af 0B       		.uleb128 0xb
 464 00b0 3B       		.uleb128 0x3b
 465 00b1 0B       		.uleb128 0xb
 466 00b2 49       		.uleb128 0x49
 467 00b3 13       		.uleb128 0x13
 468 00b4 3F       		.uleb128 0x3f
 469 00b5 19       		.uleb128 0x19
 470 00b6 3C       		.uleb128 0x3c
 471 00b7 19       		.uleb128 0x19
 472 00b8 00       		.byte	0
 473 00b9 00       		.byte	0
 474 00ba 0E       		.uleb128 0xe
 475 00bb 35       		.uleb128 0x35
 476 00bc 00       		.byte	0
 477 00bd 49       		.uleb128 0x49
 478 00be 13       		.uleb128 0x13
 479 00bf 00       		.byte	0
 480 00c0 00       		.byte	0
 481 00c1 00       		.byte	0
 482              		.section	.debug_aranges,"",%progbits
 483 0000 1C000000 		.4byte	0x1c
 484 0004 0200     		.2byte	0x2
 485 0006 00000000 		.4byte	.Ldebug_info0
 486 000a 04       		.byte	0x4
 487 000b 00       		.byte	0
 488 000c 0000     		.2byte	0
 489 000e 0000     		.2byte	0
 490 0010 00000000 		.4byte	.LFB65
 491 0014 3C000000 		.4byte	.LFE65-.LFB65
 492 0018 00000000 		.4byte	0
ARM GAS  C:\Users\LAIR\AppData\Local\Temp\cc9FjP6Q.s 			page 12


 493 001c 00000000 		.4byte	0
 494              		.section	.debug_ranges,"",%progbits
 495              	.Ldebug_ranges0:
 496 0000 00000000 		.4byte	.LFB65
 497 0004 3C000000 		.4byte	.LFE65
 498 0008 00000000 		.4byte	0
 499 000c 00000000 		.4byte	0
 500              		.section	.debug_line,"",%progbits
 501              	.Ldebug_line0:
 502 0000 7F000000 		.section	.debug_str,"MS",%progbits,1
 502      02006200 
 502      00000201 
 502      FB0E0D00 
 502      01010101 
 503              	.LASF3:
 504 0000 73686F72 		.ascii	"short unsigned int\000"
 504      7420756E 
 504      7369676E 
 504      65642069 
 504      6E7400
 505              	.LASF25:
 506 0013 545F5553 		.ascii	"T_USBFS_EP_CTL_BLOCK\000"
 506      4246535F 
 506      45505F43 
 506      544C5F42 
 506      4C4F434B 
 507              	.LASF26:
 508 0028 65704461 		.ascii	"epData\000"
 508      746100
 509              	.LASF29:
 510 002f 2E5C4765 		.ascii	".\\Generated_Source\\PSoC4\\USBFS_cls.c\000"
 510      6E657261 
 510      7465645F 
 510      536F7572 
 510      63655C50 
 511              	.LASF12:
 512 0054 666C6F61 		.ascii	"float\000"
 512      7400
 513              	.LASF19:
 514 005a 6570546F 		.ascii	"epToggle\000"
 514      67676C65 
 514      00
 515              	.LASF1:
 516 0063 756E7369 		.ascii	"unsigned char\000"
 516      676E6564 
 516      20636861 
 516      7200
 517              	.LASF31:
 518 0071 55534246 		.ascii	"USBFS_DispatchClassRqst\000"
 518      535F4469 
 518      73706174 
 518      6368436C 
 518      61737352 
 519              	.LASF5:
 520 0089 6C6F6E67 		.ascii	"long unsigned int\000"
 520      20756E73 
 520      69676E65 
ARM GAS  C:\Users\LAIR\AppData\Local\Temp\cc9FjP6Q.s 			page 13


 520      6420696E 
 520      7400
 521              	.LASF20:
 522 009b 61646472 		.ascii	"addr\000"
 522      00
 523              	.LASF33:
 524 00a0 696E7465 		.ascii	"interfaceNumber\000"
 524      72666163 
 524      654E756D 
 524      62657200 
 525              	.LASF34:
 526 00b0 55534246 		.ascii	"USBFS_EP\000"
 526      535F4550 
 526      00
 527              	.LASF27:
 528 00b9 55534246 		.ascii	"USBFS_ep0_data_struct\000"
 528      535F6570 
 528      305F6461 
 528      74615F73 
 528      74727563 
 529              	.LASF13:
 530 00cf 646F7562 		.ascii	"double\000"
 530      6C6500
 531              	.LASF16:
 532 00d6 61747472 		.ascii	"attrib\000"
 532      696200
 533              	.LASF22:
 534 00dd 62756666 		.ascii	"buffOffset\000"
 534      4F666673 
 534      657400
 535              	.LASF10:
 536 00e8 75696E74 		.ascii	"uint16\000"
 536      313600
 537              	.LASF17:
 538 00ef 61706945 		.ascii	"apiEpState\000"
 538      70537461 
 538      746500
 539              	.LASF11:
 540 00fa 75696E74 		.ascii	"uint32\000"
 540      333200
 541              	.LASF8:
 542 0101 756E7369 		.ascii	"unsigned int\000"
 542      676E6564 
 542      20696E74 
 542      00
 543              	.LASF7:
 544 010e 6C6F6E67 		.ascii	"long long unsigned int\000"
 544      206C6F6E 
 544      6720756E 
 544      7369676E 
 544      65642069 
 545              	.LASF18:
 546 0125 68774570 		.ascii	"hwEpState\000"
 546      53746174 
 546      6500
 547              	.LASF32:
 548 012f 72657175 		.ascii	"requestHandled\000"
ARM GAS  C:\Users\LAIR\AppData\Local\Temp\cc9FjP6Q.s 			page 14


 548      65737448 
 548      616E646C 
 548      656400
 549              	.LASF15:
 550 013e 73697A65 		.ascii	"sizetype\000"
 550      74797065 
 550      00
 551              	.LASF21:
 552 0147 65704D6F 		.ascii	"epMode\000"
 552      646500
 553              	.LASF6:
 554 014e 6C6F6E67 		.ascii	"long long int\000"
 554      206C6F6E 
 554      6720696E 
 554      7400
 555              	.LASF30:
 556 015c 433A5C55 		.ascii	"C:\\Users\\LAIR\\Documents\\GitHub\\ARC-Controller\\"
 556      73657273 
 556      5C4C4149 
 556      525C446F 
 556      63756D65 
 557 018a 50536F43 		.ascii	"PSoC-Code\\ARC-EMBED.cydsn\000"
 557      2D436F64 
 557      655C4152 
 557      432D454D 
 557      4245442E 
 558              	.LASF28:
 559 01a4 474E5520 		.ascii	"GNU C 4.9.3 20150303 (release) [ARM/embedded-4_9-br"
 559      4320342E 
 559      392E3320 
 559      32303135 
 559      30333033 
 560 01d7 616E6368 		.ascii	"anch revision 221220] -mcpu=cortex-m0 -mthumb -g -O"
 560      20726576 
 560      6973696F 
 560      6E203232 
 560      31323230 
 561 020a 67202D66 		.ascii	"g -ffunction-sections -ffat-lto-objects\000"
 561      66756E63 
 561      74696F6E 
 561      2D736563 
 561      74696F6E 
 562              	.LASF23:
 563 0232 62756666 		.ascii	"bufferSize\000"
 563      65725369 
 563      7A6500
 564              	.LASF2:
 565 023d 73686F72 		.ascii	"short int\000"
 565      7420696E 
 565      7400
 566              	.LASF9:
 567 0247 75696E74 		.ascii	"uint8\000"
 567      3800
 568              	.LASF24:
 569 024d 696E7465 		.ascii	"interface\000"
 569      72666163 
 569      6500
ARM GAS  C:\Users\LAIR\AppData\Local\Temp\cc9FjP6Q.s 			page 15


 570              	.LASF4:
 571 0257 6C6F6E67 		.ascii	"long int\000"
 571      20696E74 
 571      00
 572              	.LASF14:
 573 0260 63686172 		.ascii	"char\000"
 573      00
 574              	.LASF0:
 575 0265 7369676E 		.ascii	"signed char\000"
 575      65642063 
 575      68617200 
 576              		.ident	"GCC: (GNU Tools for ARM Embedded Processors) 4.9.3 20150303 (release) [ARM/embedded-4_9-br
