ARM GAS  C:\Users\LAIR\AppData\Local\Temp\ccMr5ieX.s 			page 1


   1              		.cpu cortex-m0
   2              		.fpu softvfp
   3              		.eabi_attribute 20, 1
   4              		.eabi_attribute 21, 1
   5              		.eabi_attribute 23, 3
   6              		.eabi_attribute 24, 1
   7              		.eabi_attribute 25, 1
   8              		.eabi_attribute 26, 1
   9              		.eabi_attribute 30, 1
  10              		.eabi_attribute 34, 0
  11              		.eabi_attribute 18, 4
  12              		.code	16
  13              		.file	"USBFS_vnd.c"
  14              		.text
  15              	.Ltext0:
  16              		.cfi_sections	.debug_frame
  17              		.section	.text.USBFS_HandleVendorRqst,"ax",%progbits
  18              		.align	2
  19              		.global	USBFS_HandleVendorRqst
  20              		.code	16
  21              		.thumb_func
  22              		.type	USBFS_HandleVendorRqst, %function
  23              	USBFS_HandleVendorRqst:
  24              	.LFB65:
  25              		.file 1 ".\\Generated_Source\\PSoC4\\USBFS_vnd.c"
   1:.\Generated_Source\PSoC4/USBFS_vnd.c **** /***************************************************************************//**
   2:.\Generated_Source\PSoC4/USBFS_vnd.c **** * \file USBFS_vnd.c
   3:.\Generated_Source\PSoC4/USBFS_vnd.c **** * \version 3.0
   4:.\Generated_Source\PSoC4/USBFS_vnd.c **** *
   5:.\Generated_Source\PSoC4/USBFS_vnd.c **** * \brief
   6:.\Generated_Source\PSoC4/USBFS_vnd.c **** *  This file contains the  USB vendor request handler.
   7:.\Generated_Source\PSoC4/USBFS_vnd.c **** *
   8:.\Generated_Source\PSoC4/USBFS_vnd.c **** ********************************************************************************
   9:.\Generated_Source\PSoC4/USBFS_vnd.c **** * \copyright
  10:.\Generated_Source\PSoC4/USBFS_vnd.c **** * Copyright 2008-2015, Cypress Semiconductor Corporation.  All rights reserved.
  11:.\Generated_Source\PSoC4/USBFS_vnd.c **** * You may use this file only in accordance with the license, terms, conditions,
  12:.\Generated_Source\PSoC4/USBFS_vnd.c **** * disclaimers, and limitations in the end user license agreement accompanying
  13:.\Generated_Source\PSoC4/USBFS_vnd.c **** * the software package with which this file was provided.
  14:.\Generated_Source\PSoC4/USBFS_vnd.c **** *******************************************************************************/
  15:.\Generated_Source\PSoC4/USBFS_vnd.c **** 
  16:.\Generated_Source\PSoC4/USBFS_vnd.c **** #include "USBFS_pvt.h"
  17:.\Generated_Source\PSoC4/USBFS_vnd.c **** #include "cyapicallbacks.h"
  18:.\Generated_Source\PSoC4/USBFS_vnd.c **** 
  19:.\Generated_Source\PSoC4/USBFS_vnd.c **** #if(USBFS_EXTERN_VND == USBFS_FALSE)
  20:.\Generated_Source\PSoC4/USBFS_vnd.c **** 
  21:.\Generated_Source\PSoC4/USBFS_vnd.c **** /***************************************
  22:.\Generated_Source\PSoC4/USBFS_vnd.c **** * Vendor Specific Declarations
  23:.\Generated_Source\PSoC4/USBFS_vnd.c **** ***************************************/
  24:.\Generated_Source\PSoC4/USBFS_vnd.c **** 
  25:.\Generated_Source\PSoC4/USBFS_vnd.c **** /* `#START VENDOR_SPECIFIC_DECLARATIONS` Place your declaration here */
  26:.\Generated_Source\PSoC4/USBFS_vnd.c **** 
  27:.\Generated_Source\PSoC4/USBFS_vnd.c **** /* `#END` */
  28:.\Generated_Source\PSoC4/USBFS_vnd.c **** 
  29:.\Generated_Source\PSoC4/USBFS_vnd.c **** 
  30:.\Generated_Source\PSoC4/USBFS_vnd.c **** /*******************************************************************************
  31:.\Generated_Source\PSoC4/USBFS_vnd.c **** * Function Name: USBFS_HandleVendorRqst
  32:.\Generated_Source\PSoC4/USBFS_vnd.c **** ****************************************************************************//**
ARM GAS  C:\Users\LAIR\AppData\Local\Temp\ccMr5ieX.s 			page 2


  33:.\Generated_Source\PSoC4/USBFS_vnd.c **** *
  34:.\Generated_Source\PSoC4/USBFS_vnd.c **** *  This routine provide users with a method to implement vendor specific
  35:.\Generated_Source\PSoC4/USBFS_vnd.c **** *  requests.
  36:.\Generated_Source\PSoC4/USBFS_vnd.c **** *
  37:.\Generated_Source\PSoC4/USBFS_vnd.c **** *  To implement vendor specific requests, add your code in this function to
  38:.\Generated_Source\PSoC4/USBFS_vnd.c **** *  decode and disposition the request.  If the request is handled, your code
  39:.\Generated_Source\PSoC4/USBFS_vnd.c **** *  must set the variable "requestHandled" to TRUE, indicating that the
  40:.\Generated_Source\PSoC4/USBFS_vnd.c **** *  request has been handled.
  41:.\Generated_Source\PSoC4/USBFS_vnd.c **** *
  42:.\Generated_Source\PSoC4/USBFS_vnd.c **** * \return
  43:.\Generated_Source\PSoC4/USBFS_vnd.c **** *  requestHandled.
  44:.\Generated_Source\PSoC4/USBFS_vnd.c **** *
  45:.\Generated_Source\PSoC4/USBFS_vnd.c **** * \reentrant
  46:.\Generated_Source\PSoC4/USBFS_vnd.c **** *  No.
  47:.\Generated_Source\PSoC4/USBFS_vnd.c **** *
  48:.\Generated_Source\PSoC4/USBFS_vnd.c **** *******************************************************************************/
  49:.\Generated_Source\PSoC4/USBFS_vnd.c **** uint8 USBFS_HandleVendorRqst(void) 
  50:.\Generated_Source\PSoC4/USBFS_vnd.c **** {
  26              		.loc 1 50 0
  27              		.cfi_startproc
  28 0000 08B5     		push	{r3, lr}
  29              		.cfi_def_cfa_offset 8
  30              		.cfi_offset 3, -8
  31              		.cfi_offset 14, -4
  32              	.LVL0:
  51:.\Generated_Source\PSoC4/USBFS_vnd.c ****     uint8 requestHandled = USBFS_FALSE;
  52:.\Generated_Source\PSoC4/USBFS_vnd.c **** 
  53:.\Generated_Source\PSoC4/USBFS_vnd.c ****     /* Check request direction: D2H or H2D. */
  54:.\Generated_Source\PSoC4/USBFS_vnd.c ****     if (0u != (USBFS_bmRequestTypeReg & USBFS_RQST_DIR_D2H))
  33              		.loc 1 54 0
  34 0002 0A4B     		ldr	r3, .L7
  35 0004 1B68     		ldr	r3, [r3]
  36 0006 1B06     		lsl	r3, r3, #24
  37 0008 0BD5     		bpl	.L4
  55:.\Generated_Source\PSoC4/USBFS_vnd.c ****     {
  56:.\Generated_Source\PSoC4/USBFS_vnd.c ****         /* Handle direction from device to host. */
  57:.\Generated_Source\PSoC4/USBFS_vnd.c ****         
  58:.\Generated_Source\PSoC4/USBFS_vnd.c ****         switch (USBFS_bRequestReg)
  38              		.loc 1 58 0
  39 000a 084B     		ldr	r3, .L7
  40 000c 5B68     		ldr	r3, [r3, #4]
  41 000e 012B     		cmp	r3, #1
  42 0010 09D1     		bne	.L6
  59:.\Generated_Source\PSoC4/USBFS_vnd.c ****         {
  60:.\Generated_Source\PSoC4/USBFS_vnd.c ****             case USBFS_GET_EXTENDED_CONFIG_DESCRIPTOR:
  61:.\Generated_Source\PSoC4/USBFS_vnd.c ****             #if defined(USBFS_ENABLE_MSOS_STRING)
  62:.\Generated_Source\PSoC4/USBFS_vnd.c ****                 USBFS_currentTD.pData = (volatile uint8 *) &USBFS_MSOS_CONFIGURATION_DESCR[0u];
  43              		.loc 1 62 0
  44 0012 074B     		ldr	r3, .L7+4
  45 0014 074A     		ldr	r2, .L7+8
  46 0016 5A60     		str	r2, [r3, #4]
  63:.\Generated_Source\PSoC4/USBFS_vnd.c ****                 USBFS_currentTD.count = USBFS_MSOS_CONFIGURATION_DESCR[0u];
  47              		.loc 1 63 0
  48 0018 1278     		ldrb	r2, [r2]
  49 001a 1A80     		strh	r2, [r3]
  64:.\Generated_Source\PSoC4/USBFS_vnd.c ****                 requestHandled  = USBFS_InitControlRead();
  50              		.loc 1 64 0
ARM GAS  C:\Users\LAIR\AppData\Local\Temp\ccMr5ieX.s 			page 3


  51 001c FFF7FEFF 		bl	USBFS_InitControlRead
  52              	.LVL1:
  65:.\Generated_Source\PSoC4/USBFS_vnd.c ****             #endif /* (USBFS_ENABLE_MSOS_STRING) */
  66:.\Generated_Source\PSoC4/USBFS_vnd.c ****                 break;
  53              		.loc 1 66 0
  54 0020 02E0     		b	.L2
  55              	.LVL2:
  56              	.L4:
  51:.\Generated_Source\PSoC4/USBFS_vnd.c **** 
  57              		.loc 1 51 0
  58 0022 0020     		mov	r0, #0
  59 0024 00E0     		b	.L2
  60              	.L6:
  61 0026 0020     		mov	r0, #0
  62              	.LVL3:
  63              	.L2:
  67:.\Generated_Source\PSoC4/USBFS_vnd.c ****             
  68:.\Generated_Source\PSoC4/USBFS_vnd.c ****             default:
  69:.\Generated_Source\PSoC4/USBFS_vnd.c ****                 break;
  70:.\Generated_Source\PSoC4/USBFS_vnd.c ****         }
  71:.\Generated_Source\PSoC4/USBFS_vnd.c ****     }
  72:.\Generated_Source\PSoC4/USBFS_vnd.c **** 
  73:.\Generated_Source\PSoC4/USBFS_vnd.c ****     /* `#START VENDOR_SPECIFIC_CODE` Place your vendor specific request here */
  74:.\Generated_Source\PSoC4/USBFS_vnd.c **** 
  75:.\Generated_Source\PSoC4/USBFS_vnd.c ****     /* `#END` */
  76:.\Generated_Source\PSoC4/USBFS_vnd.c **** 
  77:.\Generated_Source\PSoC4/USBFS_vnd.c **** #ifdef USBFS_HANDLE_VENDOR_RQST_CALLBACK
  78:.\Generated_Source\PSoC4/USBFS_vnd.c ****     if (USBFS_FALSE == requestHandled)
  79:.\Generated_Source\PSoC4/USBFS_vnd.c ****     {
  80:.\Generated_Source\PSoC4/USBFS_vnd.c ****         requestHandled = USBFS_HandleVendorRqst_Callback();
  81:.\Generated_Source\PSoC4/USBFS_vnd.c ****     }
  82:.\Generated_Source\PSoC4/USBFS_vnd.c **** #endif /* (USBFS_HANDLE_VENDOR_RQST_CALLBACK) */
  83:.\Generated_Source\PSoC4/USBFS_vnd.c **** 
  84:.\Generated_Source\PSoC4/USBFS_vnd.c ****     return (requestHandled);
  85:.\Generated_Source\PSoC4/USBFS_vnd.c **** }
  64              		.loc 1 85 0
  65              		@ sp needed
  66 0028 08BD     		pop	{r3, pc}
  67              	.L8:
  68 002a C046     		.align	2
  69              	.L7:
  70 002c 00002C40 		.word	1076625408
  71 0030 00000000 		.word	USBFS_currentTD
  72 0034 00000000 		.word	USBFS_MSOS_CONFIGURATION_DESCR
  73              		.cfi_endproc
  74              	.LFE65:
  75              		.size	USBFS_HandleVendorRqst, .-USBFS_HandleVendorRqst
  76              		.text
  77              	.Letext0:
  78              		.file 2 ".\\Generated_Source\\PSoC4\\cytypes.h"
  79              		.file 3 ".\\Generated_Source\\PSoC4\\USBFS.h"
  80              		.file 4 ".\\Generated_Source\\PSoC4\\USBFS_pvt.h"
  81              		.section	.debug_info,"",%progbits
  82              	.Ldebug_info0:
  83 0000 BA010000 		.4byte	0x1ba
  84 0004 0400     		.2byte	0x4
  85 0006 00000000 		.4byte	.Ldebug_abbrev0
ARM GAS  C:\Users\LAIR\AppData\Local\Temp\ccMr5ieX.s 			page 4


  86 000a 04       		.byte	0x4
  87 000b 01       		.uleb128 0x1
  88 000c 9B010000 		.4byte	.LASF27
  89 0010 01       		.byte	0x1
  90 0011 13000000 		.4byte	.LASF28
  91 0015 53010000 		.4byte	.LASF29
  92 0019 00000000 		.4byte	.Ldebug_ranges0+0
  93 001d 00000000 		.4byte	0
  94 0021 00000000 		.4byte	.Ldebug_line0
  95 0025 02       		.uleb128 0x2
  96 0026 01       		.byte	0x1
  97 0027 06       		.byte	0x6
  98 0028 6F020000 		.4byte	.LASF0
  99 002c 02       		.uleb128 0x2
 100 002d 01       		.byte	0x1
 101 002e 08       		.byte	0x8
 102 002f 87000000 		.4byte	.LASF1
 103 0033 02       		.uleb128 0x2
 104 0034 02       		.byte	0x2
 105 0035 05       		.byte	0x5
 106 0036 29020000 		.4byte	.LASF2
 107 003a 02       		.uleb128 0x2
 108 003b 02       		.byte	0x2
 109 003c 07       		.byte	0x7
 110 003d 38000000 		.4byte	.LASF3
 111 0041 02       		.uleb128 0x2
 112 0042 04       		.byte	0x4
 113 0043 05       		.byte	0x5
 114 0044 61020000 		.4byte	.LASF4
 115 0048 02       		.uleb128 0x2
 116 0049 04       		.byte	0x4
 117 004a 07       		.byte	0x7
 118 004b AF000000 		.4byte	.LASF5
 119 004f 02       		.uleb128 0x2
 120 0050 08       		.byte	0x8
 121 0051 05       		.byte	0x5
 122 0052 45010000 		.4byte	.LASF6
 123 0056 02       		.uleb128 0x2
 124 0057 08       		.byte	0x8
 125 0058 07       		.byte	0x7
 126 0059 15010000 		.4byte	.LASF7
 127 005d 03       		.uleb128 0x3
 128 005e 04       		.byte	0x4
 129 005f 05       		.byte	0x5
 130 0060 696E7400 		.ascii	"int\000"
 131 0064 02       		.uleb128 0x2
 132 0065 04       		.byte	0x4
 133 0066 07       		.byte	0x7
 134 0067 08010000 		.4byte	.LASF8
 135 006b 04       		.uleb128 0x4
 136 006c C1000000 		.4byte	.LASF9
 137 0070 02       		.byte	0x2
 138 0071 9801     		.2byte	0x198
 139 0073 2C000000 		.4byte	0x2c
 140 0077 04       		.uleb128 0x4
 141 0078 FA000000 		.4byte	.LASF10
 142 007c 02       		.byte	0x2
ARM GAS  C:\Users\LAIR\AppData\Local\Temp\ccMr5ieX.s 			page 5


 143 007d 9901     		.2byte	0x199
 144 007f 3A000000 		.4byte	0x3a
 145 0083 04       		.uleb128 0x4
 146 0084 01010000 		.4byte	.LASF11
 147 0088 02       		.byte	0x2
 148 0089 9A01     		.2byte	0x19a
 149 008b 48000000 		.4byte	0x48
 150 008f 02       		.uleb128 0x2
 151 0090 04       		.byte	0x4
 152 0091 04       		.byte	0x4
 153 0092 81000000 		.4byte	.LASF12
 154 0096 02       		.uleb128 0x2
 155 0097 08       		.byte	0x8
 156 0098 04       		.byte	0x4
 157 0099 DD000000 		.4byte	.LASF13
 158 009d 02       		.uleb128 0x2
 159 009e 01       		.byte	0x1
 160 009f 08       		.byte	0x8
 161 00a0 6A020000 		.4byte	.LASF14
 162 00a4 05       		.uleb128 0x5
 163 00a5 6B000000 		.4byte	0x6b
 164 00a9 02       		.uleb128 0x2
 165 00aa 04       		.byte	0x4
 166 00ab 07       		.byte	0x7
 167 00ac 3C010000 		.4byte	.LASF15
 168 00b0 06       		.uleb128 0x6
 169 00b1 04       		.byte	0x4
 170 00b2 03       		.byte	0x3
 171 00b3 A5       		.byte	0xa5
 172 00b4 D1000000 		.4byte	0xd1
 173 00b8 07       		.uleb128 0x7
 174 00b9 62000000 		.4byte	.LASF16
 175 00bd 03       		.byte	0x3
 176 00be A7       		.byte	0xa7
 177 00bf 6B000000 		.4byte	0x6b
 178 00c3 00       		.byte	0
 179 00c4 07       		.uleb128 0x7
 180 00c5 7B020000 		.4byte	.LASF17
 181 00c9 03       		.byte	0x3
 182 00ca A8       		.byte	0xa8
 183 00cb 77000000 		.4byte	0x77
 184 00cf 02       		.byte	0x2
 185 00d0 00       		.byte	0
 186 00d1 08       		.uleb128 0x8
 187 00d2 95000000 		.4byte	.LASF18
 188 00d6 03       		.byte	0x3
 189 00d7 A9       		.byte	0xa9
 190 00d8 B0000000 		.4byte	0xb0
 191 00dc 06       		.uleb128 0x6
 192 00dd 0C       		.byte	0xc
 193 00de 03       		.byte	0x3
 194 00df AB       		.byte	0xab
 195 00e0 09010000 		.4byte	0x109
 196 00e4 07       		.uleb128 0x7
 197 00e5 0D000000 		.4byte	.LASF19
 198 00e9 03       		.byte	0x3
 199 00ea AD       		.byte	0xad
ARM GAS  C:\Users\LAIR\AppData\Local\Temp\ccMr5ieX.s 			page 6


 200 00eb 77000000 		.4byte	0x77
 201 00ef 00       		.byte	0
 202 00f0 07       		.uleb128 0x7
 203 00f1 69000000 		.4byte	.LASF20
 204 00f5 03       		.byte	0x3
 205 00f6 AE       		.byte	0xae
 206 00f7 09010000 		.4byte	0x109
 207 00fb 04       		.byte	0x4
 208 00fc 07       		.uleb128 0x7
 209 00fd 00000000 		.4byte	.LASF21
 210 0101 03       		.byte	0x3
 211 0102 AF       		.byte	0xaf
 212 0103 0F010000 		.4byte	0x10f
 213 0107 08       		.byte	0x8
 214 0108 00       		.byte	0
 215 0109 09       		.uleb128 0x9
 216 010a 04       		.byte	0x4
 217 010b A4000000 		.4byte	0xa4
 218 010f 09       		.uleb128 0x9
 219 0110 04       		.byte	0x4
 220 0111 D1000000 		.4byte	0xd1
 221 0115 08       		.uleb128 0x8
 222 0116 76000000 		.4byte	.LASF22
 223 011a 03       		.byte	0x3
 224 011b B0       		.byte	0xb0
 225 011c DC000000 		.4byte	0xdc
 226 0120 06       		.uleb128 0x6
 227 0121 20       		.byte	0x20
 228 0122 03       		.byte	0x3
 229 0123 C6       		.byte	0xc6
 230 0124 35010000 		.4byte	0x135
 231 0128 07       		.uleb128 0x7
 232 0129 6F000000 		.4byte	.LASF23
 233 012d 03       		.byte	0x3
 234 012e C8       		.byte	0xc8
 235 012f 35010000 		.4byte	0x135
 236 0133 00       		.byte	0
 237 0134 00       		.byte	0
 238 0135 0A       		.uleb128 0xa
 239 0136 83000000 		.4byte	0x83
 240 013a 45010000 		.4byte	0x145
 241 013e 0B       		.uleb128 0xb
 242 013f A9000000 		.4byte	0xa9
 243 0143 07       		.byte	0x7
 244 0144 00       		.byte	0
 245 0145 08       		.uleb128 0x8
 246 0146 C7000000 		.4byte	.LASF24
 247 014a 03       		.byte	0x3
 248 014b C9       		.byte	0xc9
 249 014c 20010000 		.4byte	0x120
 250 0150 0C       		.uleb128 0xc
 251 0151 4B000000 		.4byte	.LASF30
 252 0155 01       		.byte	0x1
 253 0156 31       		.byte	0x31
 254 0157 6B000000 		.4byte	0x6b
 255 015b 00000000 		.4byte	.LFB65
 256 015f 38000000 		.4byte	.LFE65-.LFB65
ARM GAS  C:\Users\LAIR\AppData\Local\Temp\ccMr5ieX.s 			page 7


 257 0163 01       		.uleb128 0x1
 258 0164 9C       		.byte	0x9c
 259 0165 82010000 		.4byte	0x182
 260 0169 0D       		.uleb128 0xd
 261 016a 52020000 		.4byte	.LASF31
 262 016e 01       		.byte	0x1
 263 016f 33       		.byte	0x33
 264 0170 6B000000 		.4byte	0x6b
 265 0174 00000000 		.4byte	.LLST0
 266 0178 0E       		.uleb128 0xe
 267 0179 20000000 		.4byte	.LVL1
 268 017d B2010000 		.4byte	0x1b2
 269 0181 00       		.byte	0
 270 0182 0A       		.uleb128 0xa
 271 0183 6B000000 		.4byte	0x6b
 272 0187 92010000 		.4byte	0x192
 273 018b 0B       		.uleb128 0xb
 274 018c A9000000 		.4byte	0xa9
 275 0190 27       		.byte	0x27
 276 0191 00       		.byte	0
 277 0192 0F       		.uleb128 0xf
 278 0193 33020000 		.4byte	.LASF25
 279 0197 04       		.byte	0x4
 280 0198 6D       		.byte	0x6d
 281 0199 9D010000 		.4byte	0x19d
 282 019d 10       		.uleb128 0x10
 283 019e 82010000 		.4byte	0x182
 284 01a2 0F       		.uleb128 0xf
 285 01a3 2C010000 		.4byte	.LASF26
 286 01a7 04       		.byte	0x4
 287 01a8 7A       		.byte	0x7a
 288 01a9 AD010000 		.4byte	0x1ad
 289 01ad 05       		.uleb128 0x5
 290 01ae 15010000 		.4byte	0x115
 291 01b2 11       		.uleb128 0x11
 292 01b3 E4000000 		.4byte	.LASF32
 293 01b7 04       		.byte	0x4
 294 01b8 A9       		.byte	0xa9
 295 01b9 6B000000 		.4byte	0x6b
 296 01bd 00       		.byte	0
 297              		.section	.debug_abbrev,"",%progbits
 298              	.Ldebug_abbrev0:
 299 0000 01       		.uleb128 0x1
 300 0001 11       		.uleb128 0x11
 301 0002 01       		.byte	0x1
 302 0003 25       		.uleb128 0x25
 303 0004 0E       		.uleb128 0xe
 304 0005 13       		.uleb128 0x13
 305 0006 0B       		.uleb128 0xb
 306 0007 03       		.uleb128 0x3
 307 0008 0E       		.uleb128 0xe
 308 0009 1B       		.uleb128 0x1b
 309 000a 0E       		.uleb128 0xe
 310 000b 55       		.uleb128 0x55
 311 000c 17       		.uleb128 0x17
 312 000d 11       		.uleb128 0x11
 313 000e 01       		.uleb128 0x1
ARM GAS  C:\Users\LAIR\AppData\Local\Temp\ccMr5ieX.s 			page 8


 314 000f 10       		.uleb128 0x10
 315 0010 17       		.uleb128 0x17
 316 0011 00       		.byte	0
 317 0012 00       		.byte	0
 318 0013 02       		.uleb128 0x2
 319 0014 24       		.uleb128 0x24
 320 0015 00       		.byte	0
 321 0016 0B       		.uleb128 0xb
 322 0017 0B       		.uleb128 0xb
 323 0018 3E       		.uleb128 0x3e
 324 0019 0B       		.uleb128 0xb
 325 001a 03       		.uleb128 0x3
 326 001b 0E       		.uleb128 0xe
 327 001c 00       		.byte	0
 328 001d 00       		.byte	0
 329 001e 03       		.uleb128 0x3
 330 001f 24       		.uleb128 0x24
 331 0020 00       		.byte	0
 332 0021 0B       		.uleb128 0xb
 333 0022 0B       		.uleb128 0xb
 334 0023 3E       		.uleb128 0x3e
 335 0024 0B       		.uleb128 0xb
 336 0025 03       		.uleb128 0x3
 337 0026 08       		.uleb128 0x8
 338 0027 00       		.byte	0
 339 0028 00       		.byte	0
 340 0029 04       		.uleb128 0x4
 341 002a 16       		.uleb128 0x16
 342 002b 00       		.byte	0
 343 002c 03       		.uleb128 0x3
 344 002d 0E       		.uleb128 0xe
 345 002e 3A       		.uleb128 0x3a
 346 002f 0B       		.uleb128 0xb
 347 0030 3B       		.uleb128 0x3b
 348 0031 05       		.uleb128 0x5
 349 0032 49       		.uleb128 0x49
 350 0033 13       		.uleb128 0x13
 351 0034 00       		.byte	0
 352 0035 00       		.byte	0
 353 0036 05       		.uleb128 0x5
 354 0037 35       		.uleb128 0x35
 355 0038 00       		.byte	0
 356 0039 49       		.uleb128 0x49
 357 003a 13       		.uleb128 0x13
 358 003b 00       		.byte	0
 359 003c 00       		.byte	0
 360 003d 06       		.uleb128 0x6
 361 003e 13       		.uleb128 0x13
 362 003f 01       		.byte	0x1
 363 0040 0B       		.uleb128 0xb
 364 0041 0B       		.uleb128 0xb
 365 0042 3A       		.uleb128 0x3a
 366 0043 0B       		.uleb128 0xb
 367 0044 3B       		.uleb128 0x3b
 368 0045 0B       		.uleb128 0xb
 369 0046 01       		.uleb128 0x1
 370 0047 13       		.uleb128 0x13
ARM GAS  C:\Users\LAIR\AppData\Local\Temp\ccMr5ieX.s 			page 9


 371 0048 00       		.byte	0
 372 0049 00       		.byte	0
 373 004a 07       		.uleb128 0x7
 374 004b 0D       		.uleb128 0xd
 375 004c 00       		.byte	0
 376 004d 03       		.uleb128 0x3
 377 004e 0E       		.uleb128 0xe
 378 004f 3A       		.uleb128 0x3a
 379 0050 0B       		.uleb128 0xb
 380 0051 3B       		.uleb128 0x3b
 381 0052 0B       		.uleb128 0xb
 382 0053 49       		.uleb128 0x49
 383 0054 13       		.uleb128 0x13
 384 0055 38       		.uleb128 0x38
 385 0056 0B       		.uleb128 0xb
 386 0057 00       		.byte	0
 387 0058 00       		.byte	0
 388 0059 08       		.uleb128 0x8
 389 005a 16       		.uleb128 0x16
 390 005b 00       		.byte	0
 391 005c 03       		.uleb128 0x3
 392 005d 0E       		.uleb128 0xe
 393 005e 3A       		.uleb128 0x3a
 394 005f 0B       		.uleb128 0xb
 395 0060 3B       		.uleb128 0x3b
 396 0061 0B       		.uleb128 0xb
 397 0062 49       		.uleb128 0x49
 398 0063 13       		.uleb128 0x13
 399 0064 00       		.byte	0
 400 0065 00       		.byte	0
 401 0066 09       		.uleb128 0x9
 402 0067 0F       		.uleb128 0xf
 403 0068 00       		.byte	0
 404 0069 0B       		.uleb128 0xb
 405 006a 0B       		.uleb128 0xb
 406 006b 49       		.uleb128 0x49
 407 006c 13       		.uleb128 0x13
 408 006d 00       		.byte	0
 409 006e 00       		.byte	0
 410 006f 0A       		.uleb128 0xa
 411 0070 01       		.uleb128 0x1
 412 0071 01       		.byte	0x1
 413 0072 49       		.uleb128 0x49
 414 0073 13       		.uleb128 0x13
 415 0074 01       		.uleb128 0x1
 416 0075 13       		.uleb128 0x13
 417 0076 00       		.byte	0
 418 0077 00       		.byte	0
 419 0078 0B       		.uleb128 0xb
 420 0079 21       		.uleb128 0x21
 421 007a 00       		.byte	0
 422 007b 49       		.uleb128 0x49
 423 007c 13       		.uleb128 0x13
 424 007d 2F       		.uleb128 0x2f
 425 007e 0B       		.uleb128 0xb
 426 007f 00       		.byte	0
 427 0080 00       		.byte	0
ARM GAS  C:\Users\LAIR\AppData\Local\Temp\ccMr5ieX.s 			page 10


 428 0081 0C       		.uleb128 0xc
 429 0082 2E       		.uleb128 0x2e
 430 0083 01       		.byte	0x1
 431 0084 3F       		.uleb128 0x3f
 432 0085 19       		.uleb128 0x19
 433 0086 03       		.uleb128 0x3
 434 0087 0E       		.uleb128 0xe
 435 0088 3A       		.uleb128 0x3a
 436 0089 0B       		.uleb128 0xb
 437 008a 3B       		.uleb128 0x3b
 438 008b 0B       		.uleb128 0xb
 439 008c 27       		.uleb128 0x27
 440 008d 19       		.uleb128 0x19
 441 008e 49       		.uleb128 0x49
 442 008f 13       		.uleb128 0x13
 443 0090 11       		.uleb128 0x11
 444 0091 01       		.uleb128 0x1
 445 0092 12       		.uleb128 0x12
 446 0093 06       		.uleb128 0x6
 447 0094 40       		.uleb128 0x40
 448 0095 18       		.uleb128 0x18
 449 0096 9742     		.uleb128 0x2117
 450 0098 19       		.uleb128 0x19
 451 0099 01       		.uleb128 0x1
 452 009a 13       		.uleb128 0x13
 453 009b 00       		.byte	0
 454 009c 00       		.byte	0
 455 009d 0D       		.uleb128 0xd
 456 009e 34       		.uleb128 0x34
 457 009f 00       		.byte	0
 458 00a0 03       		.uleb128 0x3
 459 00a1 0E       		.uleb128 0xe
 460 00a2 3A       		.uleb128 0x3a
 461 00a3 0B       		.uleb128 0xb
 462 00a4 3B       		.uleb128 0x3b
 463 00a5 0B       		.uleb128 0xb
 464 00a6 49       		.uleb128 0x49
 465 00a7 13       		.uleb128 0x13
 466 00a8 02       		.uleb128 0x2
 467 00a9 17       		.uleb128 0x17
 468 00aa 00       		.byte	0
 469 00ab 00       		.byte	0
 470 00ac 0E       		.uleb128 0xe
 471 00ad 898201   		.uleb128 0x4109
 472 00b0 00       		.byte	0
 473 00b1 11       		.uleb128 0x11
 474 00b2 01       		.uleb128 0x1
 475 00b3 31       		.uleb128 0x31
 476 00b4 13       		.uleb128 0x13
 477 00b5 00       		.byte	0
 478 00b6 00       		.byte	0
 479 00b7 0F       		.uleb128 0xf
 480 00b8 34       		.uleb128 0x34
 481 00b9 00       		.byte	0
 482 00ba 03       		.uleb128 0x3
 483 00bb 0E       		.uleb128 0xe
 484 00bc 3A       		.uleb128 0x3a
ARM GAS  C:\Users\LAIR\AppData\Local\Temp\ccMr5ieX.s 			page 11


 485 00bd 0B       		.uleb128 0xb
 486 00be 3B       		.uleb128 0x3b
 487 00bf 0B       		.uleb128 0xb
 488 00c0 49       		.uleb128 0x49
 489 00c1 13       		.uleb128 0x13
 490 00c2 3F       		.uleb128 0x3f
 491 00c3 19       		.uleb128 0x19
 492 00c4 3C       		.uleb128 0x3c
 493 00c5 19       		.uleb128 0x19
 494 00c6 00       		.byte	0
 495 00c7 00       		.byte	0
 496 00c8 10       		.uleb128 0x10
 497 00c9 26       		.uleb128 0x26
 498 00ca 00       		.byte	0
 499 00cb 49       		.uleb128 0x49
 500 00cc 13       		.uleb128 0x13
 501 00cd 00       		.byte	0
 502 00ce 00       		.byte	0
 503 00cf 11       		.uleb128 0x11
 504 00d0 2E       		.uleb128 0x2e
 505 00d1 00       		.byte	0
 506 00d2 3F       		.uleb128 0x3f
 507 00d3 19       		.uleb128 0x19
 508 00d4 03       		.uleb128 0x3
 509 00d5 0E       		.uleb128 0xe
 510 00d6 3A       		.uleb128 0x3a
 511 00d7 0B       		.uleb128 0xb
 512 00d8 3B       		.uleb128 0x3b
 513 00d9 0B       		.uleb128 0xb
 514 00da 27       		.uleb128 0x27
 515 00db 19       		.uleb128 0x19
 516 00dc 49       		.uleb128 0x49
 517 00dd 13       		.uleb128 0x13
 518 00de 3C       		.uleb128 0x3c
 519 00df 19       		.uleb128 0x19
 520 00e0 00       		.byte	0
 521 00e1 00       		.byte	0
 522 00e2 00       		.byte	0
 523              		.section	.debug_loc,"",%progbits
 524              	.Ldebug_loc0:
 525              	.LLST0:
 526 0000 02000000 		.4byte	.LVL0
 527 0004 20000000 		.4byte	.LVL1
 528 0008 0200     		.2byte	0x2
 529 000a 30       		.byte	0x30
 530 000b 9F       		.byte	0x9f
 531 000c 20000000 		.4byte	.LVL1
 532 0010 22000000 		.4byte	.LVL2
 533 0014 0100     		.2byte	0x1
 534 0016 50       		.byte	0x50
 535 0017 22000000 		.4byte	.LVL2
 536 001b 28000000 		.4byte	.LVL3
 537 001f 0200     		.2byte	0x2
 538 0021 30       		.byte	0x30
 539 0022 9F       		.byte	0x9f
 540 0023 28000000 		.4byte	.LVL3
 541 0027 38000000 		.4byte	.LFE65
ARM GAS  C:\Users\LAIR\AppData\Local\Temp\ccMr5ieX.s 			page 12


 542 002b 0100     		.2byte	0x1
 543 002d 50       		.byte	0x50
 544 002e 00000000 		.4byte	0
 545 0032 00000000 		.4byte	0
 546              		.section	.debug_aranges,"",%progbits
 547 0000 1C000000 		.4byte	0x1c
 548 0004 0200     		.2byte	0x2
 549 0006 00000000 		.4byte	.Ldebug_info0
 550 000a 04       		.byte	0x4
 551 000b 00       		.byte	0
 552 000c 0000     		.2byte	0
 553 000e 0000     		.2byte	0
 554 0010 00000000 		.4byte	.LFB65
 555 0014 38000000 		.4byte	.LFE65-.LFB65
 556 0018 00000000 		.4byte	0
 557 001c 00000000 		.4byte	0
 558              		.section	.debug_ranges,"",%progbits
 559              	.Ldebug_ranges0:
 560 0000 00000000 		.4byte	.LFB65
 561 0004 38000000 		.4byte	.LFE65
 562 0008 00000000 		.4byte	0
 563 000c 00000000 		.4byte	0
 564              		.section	.debug_line,"",%progbits
 565              	.Ldebug_line0:
 566 0000 83000000 		.section	.debug_str,"MS",%progbits,1
 566      02006200 
 566      00000201 
 566      FB0E0D00 
 566      01010101 
 567              	.LASF21:
 568 0000 70537461 		.ascii	"pStatusBlock\000"
 568      74757342 
 568      6C6F636B 
 568      00
 569              	.LASF19:
 570 000d 636F756E 		.ascii	"count\000"
 570      7400
 571              	.LASF28:
 572 0013 2E5C4765 		.ascii	".\\Generated_Source\\PSoC4\\USBFS_vnd.c\000"
 572      6E657261 
 572      7465645F 
 572      536F7572 
 572      63655C50 
 573              	.LASF3:
 574 0038 73686F72 		.ascii	"short unsigned int\000"
 574      7420756E 
 574      7369676E 
 574      65642069 
 574      6E7400
 575              	.LASF30:
 576 004b 55534246 		.ascii	"USBFS_HandleVendorRqst\000"
 576      535F4861 
 576      6E646C65 
 576      56656E64 
 576      6F725271 
 577              	.LASF16:
 578 0062 73746174 		.ascii	"status\000"
ARM GAS  C:\Users\LAIR\AppData\Local\Temp\ccMr5ieX.s 			page 13


 578      757300
 579              	.LASF20:
 580 0069 70446174 		.ascii	"pData\000"
 580      6100
 581              	.LASF23:
 582 006f 65704461 		.ascii	"epData\000"
 582      746100
 583              	.LASF22:
 584 0076 545F5553 		.ascii	"T_USBFS_TD\000"
 584      4246535F 
 584      544400
 585              	.LASF12:
 586 0081 666C6F61 		.ascii	"float\000"
 586      7400
 587              	.LASF1:
 588 0087 756E7369 		.ascii	"unsigned char\000"
 588      676E6564 
 588      20636861 
 588      7200
 589              	.LASF18:
 590 0095 545F5553 		.ascii	"T_USBFS_XFER_STATUS_BLOCK\000"
 590      4246535F 
 590      58464552 
 590      5F535441 
 590      5455535F 
 591              	.LASF5:
 592 00af 6C6F6E67 		.ascii	"long unsigned int\000"
 592      20756E73 
 592      69676E65 
 592      6420696E 
 592      7400
 593              	.LASF9:
 594 00c1 75696E74 		.ascii	"uint8\000"
 594      3800
 595              	.LASF24:
 596 00c7 55534246 		.ascii	"USBFS_ep0_data_struct\000"
 596      535F6570 
 596      305F6461 
 596      74615F73 
 596      74727563 
 597              	.LASF13:
 598 00dd 646F7562 		.ascii	"double\000"
 598      6C6500
 599              	.LASF32:
 600 00e4 55534246 		.ascii	"USBFS_InitControlRead\000"
 600      535F496E 
 600      6974436F 
 600      6E74726F 
 600      6C526561 
 601              	.LASF10:
 602 00fa 75696E74 		.ascii	"uint16\000"
 602      313600
 603              	.LASF11:
 604 0101 75696E74 		.ascii	"uint32\000"
 604      333200
 605              	.LASF8:
 606 0108 756E7369 		.ascii	"unsigned int\000"
ARM GAS  C:\Users\LAIR\AppData\Local\Temp\ccMr5ieX.s 			page 14


 606      676E6564 
 606      20696E74 
 606      00
 607              	.LASF7:
 608 0115 6C6F6E67 		.ascii	"long long unsigned int\000"
 608      206C6F6E 
 608      6720756E 
 608      7369676E 
 608      65642069 
 609              	.LASF26:
 610 012c 55534246 		.ascii	"USBFS_currentTD\000"
 610      535F6375 
 610      7272656E 
 610      74544400 
 611              	.LASF15:
 612 013c 73697A65 		.ascii	"sizetype\000"
 612      74797065 
 612      00
 613              	.LASF6:
 614 0145 6C6F6E67 		.ascii	"long long int\000"
 614      206C6F6E 
 614      6720696E 
 614      7400
 615              	.LASF29:
 616 0153 433A5C55 		.ascii	"C:\\Users\\LAIR\\Documents\\GitHub\\ARC-Controller\\"
 616      73657273 
 616      5C4C4149 
 616      525C446F 
 616      63756D65 
 617 0181 50536F43 		.ascii	"PSoC-Code\\ARC-EMBED.cydsn\000"
 617      2D436F64 
 617      655C4152 
 617      432D454D 
 617      4245442E 
 618              	.LASF27:
 619 019b 474E5520 		.ascii	"GNU C 4.9.3 20150303 (release) [ARM/embedded-4_9-br"
 619      4320342E 
 619      392E3320 
 619      32303135 
 619      30333033 
 620 01ce 616E6368 		.ascii	"anch revision 221220] -mcpu=cortex-m0 -mthumb -g -O"
 620      20726576 
 620      6973696F 
 620      6E203232 
 620      31323230 
 621 0201 67202D66 		.ascii	"g -ffunction-sections -ffat-lto-objects\000"
 621      66756E63 
 621      74696F6E 
 621      2D736563 
 621      74696F6E 
 622              	.LASF2:
 623 0229 73686F72 		.ascii	"short int\000"
 623      7420696E 
 623      7400
 624              	.LASF25:
 625 0233 55534246 		.ascii	"USBFS_MSOS_CONFIGURATION_DESCR\000"
 625      535F4D53 
ARM GAS  C:\Users\LAIR\AppData\Local\Temp\ccMr5ieX.s 			page 15


 625      4F535F43 
 625      4F4E4649 
 625      47555241 
 626              	.LASF31:
 627 0252 72657175 		.ascii	"requestHandled\000"
 627      65737448 
 627      616E646C 
 627      656400
 628              	.LASF4:
 629 0261 6C6F6E67 		.ascii	"long int\000"
 629      20696E74 
 629      00
 630              	.LASF14:
 631 026a 63686172 		.ascii	"char\000"
 631      00
 632              	.LASF0:
 633 026f 7369676E 		.ascii	"signed char\000"
 633      65642063 
 633      68617200 
 634              	.LASF17:
 635 027b 6C656E67 		.ascii	"length\000"
 635      746800
 636              		.ident	"GCC: (GNU Tools for ARM Embedded Processors) 4.9.3 20150303 (release) [ARM/embedded-4_9-br
