ARM GAS  C:\Users\LAIR\AppData\Local\Temp\cc7Sa5IX.s 			page 1


   1              		.cpu cortex-m0
   2              		.fpu softvfp
   3              		.eabi_attribute 20, 1
   4              		.eabi_attribute 21, 1
   5              		.eabi_attribute 23, 3
   6              		.eabi_attribute 24, 1
   7              		.eabi_attribute 25, 1
   8              		.eabi_attribute 26, 1
   9              		.eabi_attribute 30, 1
  10              		.eabi_attribute 34, 0
  11              		.eabi_attribute 18, 4
  12              		.code	16
  13              		.file	"USBFS_descr.c"
  14              		.text
  15              	.Ltext0:
  16              		.cfi_sections	.debug_frame
  17              		.comm	USBFS_idSerialNumberStringDescriptor,34,4
  18              		.global	USBFS_MSOS_CONFIGURATION_DESCR
  19              		.global	USBFS_MSOS_DESCRIPTOR
  20              		.global	USBFS_TABLE
  21              		.global	USBFS_DEVICE0_TABLE
  22              		.global	USBFS_DEVICE0_CONFIGURATION0_TABLE
  23              		.global	USBFS_DEVICE0_CONFIGURATION0_INTERFACE_CLASS
  24              		.global	USBFS_DEVICE0_CONFIGURATION0_EP_SETTINGS_TABLE
  25              		.global	USBFS_SN_STRING_DESCRIPTOR
  26              		.global	USBFS_STRING_DESCRIPTORS
  27              		.global	USBFS_DEVICE0_CONFIGURATION0_DESCR
  28              		.global	USBFS_DEVICE0_DESCR
  29              		.section	.rodata
  30              		.align	2
  31              		.type	USBFS_MSOS_CONFIGURATION_DESCR, %object
  32              		.size	USBFS_MSOS_CONFIGURATION_DESCR, 40
  33              	USBFS_MSOS_CONFIGURATION_DESCR:
  34 0000 28       		.byte	40
  35 0001 00       		.byte	0
  36 0002 00       		.byte	0
  37 0003 00       		.byte	0
  38 0004 00       		.byte	0
  39 0005 01       		.byte	1
  40 0006 04       		.byte	4
  41 0007 00       		.byte	0
  42 0008 01       		.byte	1
  43 0009 00       		.byte	0
  44 000a 00       		.byte	0
  45 000b 00       		.byte	0
  46 000c 00       		.byte	0
  47 000d 00       		.byte	0
  48 000e 00       		.byte	0
  49 000f 00       		.byte	0
  50 0010 00       		.byte	0
  51 0011 01       		.byte	1
  52 0012 43       		.byte	67
  53 0013 59       		.byte	89
  54 0014 55       		.byte	85
  55 0015 53       		.byte	83
  56 0016 42       		.byte	66
  57 0017 00       		.byte	0
ARM GAS  C:\Users\LAIR\AppData\Local\Temp\cc7Sa5IX.s 			page 2


  58 0018 00       		.byte	0
  59 0019 00       		.byte	0
  60 001a 30       		.byte	48
  61 001b 30       		.byte	48
  62 001c 30       		.byte	48
  63 001d 30       		.byte	48
  64 001e 31       		.byte	49
  65 001f 00       		.byte	0
  66 0020 00       		.byte	0
  67 0021 00       		.byte	0
  68 0022 00       		.byte	0
  69 0023 00       		.byte	0
  70 0024 00       		.byte	0
  71 0025 00       		.byte	0
  72 0026 00       		.byte	0
  73 0027 00       		.byte	0
  74              		.type	USBFS_MSOS_DESCRIPTOR, %object
  75              		.size	USBFS_MSOS_DESCRIPTOR, 18
  76              	USBFS_MSOS_DESCRIPTOR:
  77 0028 12       		.byte	18
  78 0029 03       		.byte	3
  79 002a 4D       		.byte	77
  80 002b 00       		.byte	0
  81 002c 53       		.byte	83
  82 002d 00       		.byte	0
  83 002e 46       		.byte	70
  84 002f 00       		.byte	0
  85 0030 54       		.byte	84
  86 0031 00       		.byte	0
  87 0032 31       		.byte	49
  88 0033 00       		.byte	0
  89 0034 30       		.byte	48
  90 0035 00       		.byte	0
  91 0036 30       		.byte	48
  92 0037 00       		.byte	0
  93 0038 01       		.byte	1
  94 0039 00       		.byte	0
  95 003a 0000     		.space	2
  96              		.type	USBFS_TABLE, %object
  97              		.size	USBFS_TABLE, 8
  98              	USBFS_TABLE:
  99 003c 01       		.byte	1
 100 003d 000000   		.space	3
 101 0040 00000000 		.word	USBFS_DEVICE0_TABLE
 102              		.type	USBFS_DEVICE0_TABLE, %object
 103              		.size	USBFS_DEVICE0_TABLE, 24
 104              	USBFS_DEVICE0_TABLE:
 105 0044 01       		.byte	1
 106 0045 000000   		.space	3
 107 0048 00000000 		.word	USBFS_DEVICE0_DESCR
 108 004c 00       		.byte	0
 109 004d 000000   		.space	3
 110 0050 00000000 		.word	0
 111 0054 01       		.byte	1
 112 0055 000000   		.space	3
 113 0058 00000000 		.word	USBFS_DEVICE0_CONFIGURATION0_TABLE
 114              		.type	USBFS_DEVICE0_CONFIGURATION0_TABLE, %object
ARM GAS  C:\Users\LAIR\AppData\Local\Temp\cc7Sa5IX.s 			page 3


 115              		.size	USBFS_DEVICE0_CONFIGURATION0_TABLE, 32
 116              	USBFS_DEVICE0_CONFIGURATION0_TABLE:
 117 005c 01       		.byte	1
 118 005d 000000   		.space	3
 119 0060 00000000 		.word	USBFS_DEVICE0_CONFIGURATION0_DESCR
 120 0064 02       		.byte	2
 121 0065 000000   		.space	3
 122 0068 00000000 		.word	USBFS_DEVICE0_CONFIGURATION0_EP_SETTINGS_TABLE
 123 006c 00       		.byte	0
 124 006d 000000   		.space	3
 125 0070 00000000 		.word	0
 126 0074 00       		.byte	0
 127 0075 000000   		.space	3
 128 0078 00000000 		.word	USBFS_DEVICE0_CONFIGURATION0_INTERFACE_CLASS
 129              		.type	USBFS_DEVICE0_CONFIGURATION0_INTERFACE_CLASS, %object
 130              		.size	USBFS_DEVICE0_CONFIGURATION0_INTERFACE_CLASS, 1
 131              	USBFS_DEVICE0_CONFIGURATION0_INTERFACE_CLASS:
 132 007c 00       		.space	1
 133 007d 000000   		.space	3
 134              		.type	USBFS_DEVICE0_CONFIGURATION0_EP_SETTINGS_TABLE, %object
 135              		.size	USBFS_DEVICE0_CONFIGURATION0_EP_SETTINGS_TABLE, 16
 136              	USBFS_DEVICE0_CONFIGURATION0_EP_SETTINGS_TABLE:
 137 0080 00       		.byte	0
 138 0081 00       		.byte	0
 139 0082 81       		.byte	-127
 140 0083 02       		.byte	2
 141 0084 4000     		.short	64
 142 0086 00       		.byte	0
 143 0087 00       		.space	1
 144 0088 00       		.byte	0
 145 0089 00       		.byte	0
 146 008a 02       		.byte	2
 147 008b 02       		.byte	2
 148 008c 4000     		.short	64
 149 008e 00       		.byte	0
 150 008f 00       		.space	1
 151              		.type	USBFS_SN_STRING_DESCRIPTOR, %object
 152              		.size	USBFS_SN_STRING_DESCRIPTOR, 2
 153              	USBFS_SN_STRING_DESCRIPTOR:
 154 0090 02       		.byte	2
 155 0091 03       		.byte	3
 156 0092 0000     		.space	2
 157              		.type	USBFS_STRING_DESCRIPTORS, %object
 158              		.size	USBFS_STRING_DESCRIPTORS, 89
 159              	USBFS_STRING_DESCRIPTORS:
 160 0094 04       		.byte	4
 161 0095 03       		.byte	3
 162 0096 09       		.byte	9
 163 0097 04       		.byte	4
 164 0098 14       		.byte	20
 165 0099 03       		.byte	3
 166 009a 41       		.byte	65
 167 009b 00       		.byte	0
 168 009c 52       		.byte	82
 169 009d 00       		.byte	0
 170 009e 43       		.byte	67
 171 009f 00       		.byte	0
ARM GAS  C:\Users\LAIR\AppData\Local\Temp\cc7Sa5IX.s 			page 4


 172 00a0 2D       		.byte	45
 173 00a1 00       		.byte	0
 174 00a2 42       		.byte	66
 175 00a3 00       		.byte	0
 176 00a4 6F       		.byte	111
 177 00a5 00       		.byte	0
 178 00a6 61       		.byte	97
 179 00a7 00       		.byte	0
 180 00a8 72       		.byte	114
 181 00a9 00       		.byte	0
 182 00aa 64       		.byte	100
 183 00ab 00       		.byte	0
 184 00ac 40       		.byte	64
 185 00ad 03       		.byte	3
 186 00ae 47       		.byte	71
 187 00af 00       		.byte	0
 188 00b0 65       		.byte	101
 189 00b1 00       		.byte	0
 190 00b2 6E       		.byte	110
 191 00b3 00       		.byte	0
 192 00b4 65       		.byte	101
 193 00b5 00       		.byte	0
 194 00b6 72       		.byte	114
 195 00b7 00       		.byte	0
 196 00b8 69       		.byte	105
 197 00b9 00       		.byte	0
 198 00ba 63       		.byte	99
 199 00bb 00       		.byte	0
 200 00bc 20       		.byte	32
 201 00bd 00       		.byte	0
 202 00be 55       		.byte	85
 203 00bf 00       		.byte	0
 204 00c0 53       		.byte	83
 205 00c1 00       		.byte	0
 206 00c2 42       		.byte	66
 207 00c3 00       		.byte	0
 208 00c4 20       		.byte	32
 209 00c5 00       		.byte	0
 210 00c6 42       		.byte	66
 211 00c7 00       		.byte	0
 212 00c8 75       		.byte	117
 213 00c9 00       		.byte	0
 214 00ca 6C       		.byte	108
 215 00cb 00       		.byte	0
 216 00cc 6B       		.byte	107
 217 00cd 00       		.byte	0
 218 00ce 20       		.byte	32
 219 00cf 00       		.byte	0
 220 00d0 43       		.byte	67
 221 00d1 00       		.byte	0
 222 00d2 6F       		.byte	111
 223 00d3 00       		.byte	0
 224 00d4 6D       		.byte	109
 225 00d5 00       		.byte	0
 226 00d6 6D       		.byte	109
 227 00d7 00       		.byte	0
 228 00d8 20       		.byte	32
ARM GAS  C:\Users\LAIR\AppData\Local\Temp\cc7Sa5IX.s 			page 5


 229 00d9 00       		.byte	0
 230 00da 49       		.byte	73
 231 00db 00       		.byte	0
 232 00dc 6E       		.byte	110
 233 00dd 00       		.byte	0
 234 00de 74       		.byte	116
 235 00df 00       		.byte	0
 236 00e0 65       		.byte	101
 237 00e1 00       		.byte	0
 238 00e2 72       		.byte	114
 239 00e3 00       		.byte	0
 240 00e4 66       		.byte	102
 241 00e5 00       		.byte	0
 242 00e6 61       		.byte	97
 243 00e7 00       		.byte	0
 244 00e8 63       		.byte	99
 245 00e9 00       		.byte	0
 246 00ea 65       		.byte	101
 247 00eb 00       		.byte	0
 248 00ec 00       		.byte	0
 249 00ed 000000   		.space	3
 250              		.type	USBFS_DEVICE0_CONFIGURATION0_DESCR, %object
 251              		.size	USBFS_DEVICE0_CONFIGURATION0_DESCR, 32
 252              	USBFS_DEVICE0_CONFIGURATION0_DESCR:
 253 00f0 09       		.byte	9
 254 00f1 02       		.byte	2
 255 00f2 20       		.byte	32
 256 00f3 00       		.byte	0
 257 00f4 01       		.byte	1
 258 00f5 01       		.byte	1
 259 00f6 00       		.byte	0
 260 00f7 80       		.byte	-128
 261 00f8 32       		.byte	50
 262 00f9 09       		.byte	9
 263 00fa 04       		.byte	4
 264 00fb 00       		.byte	0
 265 00fc 00       		.byte	0
 266 00fd 02       		.byte	2
 267 00fe 00       		.byte	0
 268 00ff 00       		.byte	0
 269 0100 00       		.byte	0
 270 0101 00       		.byte	0
 271 0102 07       		.byte	7
 272 0103 05       		.byte	5
 273 0104 81       		.byte	-127
 274 0105 02       		.byte	2
 275 0106 40       		.byte	64
 276 0107 00       		.byte	0
 277 0108 00       		.byte	0
 278 0109 07       		.byte	7
 279 010a 05       		.byte	5
 280 010b 02       		.byte	2
 281 010c 02       		.byte	2
 282 010d 40       		.byte	64
 283 010e 00       		.byte	0
 284 010f 00       		.byte	0
 285              		.type	USBFS_DEVICE0_DESCR, %object
ARM GAS  C:\Users\LAIR\AppData\Local\Temp\cc7Sa5IX.s 			page 6


 286              		.size	USBFS_DEVICE0_DESCR, 18
 287              	USBFS_DEVICE0_DESCR:
 288 0110 12       		.byte	18
 289 0111 01       		.byte	1
 290 0112 00       		.byte	0
 291 0113 02       		.byte	2
 292 0114 00       		.byte	0
 293 0115 00       		.byte	0
 294 0116 00       		.byte	0
 295 0117 08       		.byte	8
 296 0118 B4       		.byte	-76
 297 0119 04       		.byte	4
 298 011a 51       		.byte	81
 299 011b 80       		.byte	-128
 300 011c 00       		.byte	0
 301 011d 00       		.byte	0
 302 011e 01       		.byte	1
 303 011f 02       		.byte	2
 304 0120 80       		.byte	-128
 305 0121 01       		.byte	1
 306 0122 0000     		.text
 307              	.Letext0:
 308              		.file 1 ".\\Generated_Source\\PSoC4\\cytypes.h"
 309              		.file 2 ".\\Generated_Source\\PSoC4\\USBFS.h"
 310              		.file 3 ".\\Generated_Source\\PSoC4\\USBFS_descr.c"
 311              		.section	.debug_info,"",%progbits
 312              	.Ldebug_info0:
 313 0000 D4020000 		.4byte	0x2d4
 314 0004 0400     		.2byte	0x4
 315 0006 00000000 		.4byte	.Ldebug_abbrev0
 316 000a 04       		.byte	0x4
 317 000b 01       		.uleb128 0x1
 318 000c 59020000 		.4byte	.LASF36
 319 0010 01       		.byte	0x1
 320 0011 B0000000 		.4byte	.LASF37
 321 0015 FB010000 		.4byte	.LASF38
 322 0019 00000000 		.4byte	.Ldebug_line0
 323 001d 02       		.uleb128 0x2
 324 001e 01       		.byte	0x1
 325 001f 06       		.byte	0x6
 326 0020 5E030000 		.4byte	.LASF0
 327 0024 02       		.uleb128 0x2
 328 0025 01       		.byte	0x1
 329 0026 08       		.byte	0x8
 330 0027 13010000 		.4byte	.LASF1
 331 002b 02       		.uleb128 0x2
 332 002c 02       		.byte	0x2
 333 002d 05       		.byte	0x5
 334 002e F2020000 		.4byte	.LASF2
 335 0032 02       		.uleb128 0x2
 336 0033 02       		.byte	0x2
 337 0034 07       		.byte	0x7
 338 0035 4D000000 		.4byte	.LASF3
 339 0039 02       		.uleb128 0x2
 340 003a 04       		.byte	0x4
 341 003b 05       		.byte	0x5
 342 003c 50030000 		.4byte	.LASF4
ARM GAS  C:\Users\LAIR\AppData\Local\Temp\cc7Sa5IX.s 			page 7


 343 0040 02       		.uleb128 0x2
 344 0041 04       		.byte	0x4
 345 0042 07       		.byte	0x7
 346 0043 81010000 		.4byte	.LASF5
 347 0047 02       		.uleb128 0x2
 348 0048 08       		.byte	0x8
 349 0049 05       		.byte	0x5
 350 004a E1010000 		.4byte	.LASF6
 351 004e 02       		.uleb128 0x2
 352 004f 08       		.byte	0x8
 353 0050 07       		.byte	0x7
 354 0051 A0010000 		.4byte	.LASF7
 355 0055 03       		.uleb128 0x3
 356 0056 04       		.byte	0x4
 357 0057 05       		.byte	0x5
 358 0058 696E7400 		.ascii	"int\000"
 359 005c 02       		.uleb128 0x2
 360 005d 04       		.byte	0x4
 361 005e 07       		.byte	0x7
 362 005f 93010000 		.4byte	.LASF8
 363 0063 04       		.uleb128 0x4
 364 0064 1B030000 		.4byte	.LASF9
 365 0068 01       		.byte	0x1
 366 0069 9801     		.2byte	0x198
 367 006b 24000000 		.4byte	0x24
 368 006f 04       		.uleb128 0x4
 369 0070 28010000 		.4byte	.LASF10
 370 0074 01       		.byte	0x1
 371 0075 9901     		.2byte	0x199
 372 0077 32000000 		.4byte	0x32
 373 007b 02       		.uleb128 0x2
 374 007c 04       		.byte	0x4
 375 007d 04       		.byte	0x4
 376 007e 7B000000 		.4byte	.LASF11
 377 0082 02       		.uleb128 0x2
 378 0083 08       		.byte	0x8
 379 0084 04       		.byte	0x4
 380 0085 21010000 		.4byte	.LASF12
 381 0089 02       		.uleb128 0x2
 382 008a 01       		.byte	0x1
 383 008b 08       		.byte	0x8
 384 008c 59030000 		.4byte	.LASF13
 385 0090 02       		.uleb128 0x2
 386 0091 04       		.byte	0x4
 387 0092 07       		.byte	0x7
 388 0093 D8010000 		.4byte	.LASF14
 389 0097 05       		.uleb128 0x5
 390 0098 08       		.byte	0x8
 391 0099 02       		.byte	0x2
 392 009a 9B       		.byte	0x9b
 393 009b E8000000 		.4byte	0xe8
 394 009f 06       		.uleb128 0x6
 395 00a0 21030000 		.4byte	.LASF15
 396 00a4 02       		.byte	0x2
 397 00a5 9D       		.byte	0x9d
 398 00a6 63000000 		.4byte	0x63
 399 00aa 00       		.byte	0
ARM GAS  C:\Users\LAIR\AppData\Local\Temp\cc7Sa5IX.s 			page 8


 400 00ab 06       		.uleb128 0x6
 401 00ac 81000000 		.4byte	.LASF16
 402 00b0 02       		.byte	0x2
 403 00b1 9E       		.byte	0x9e
 404 00b2 63000000 		.4byte	0x63
 405 00b6 01       		.byte	0x1
 406 00b7 06       		.uleb128 0x6
 407 00b8 FA000000 		.4byte	.LASF17
 408 00bc 02       		.byte	0x2
 409 00bd 9F       		.byte	0x9f
 410 00be 63000000 		.4byte	0x63
 411 00c2 02       		.byte	0x2
 412 00c3 06       		.uleb128 0x6
 413 00c4 A5000000 		.4byte	.LASF18
 414 00c8 02       		.byte	0x2
 415 00c9 A0       		.byte	0xa0
 416 00ca 63000000 		.4byte	0x63
 417 00ce 03       		.byte	0x3
 418 00cf 06       		.uleb128 0x6
 419 00d0 E7020000 		.4byte	.LASF19
 420 00d4 02       		.byte	0x2
 421 00d5 A1       		.byte	0xa1
 422 00d6 6F000000 		.4byte	0x6f
 423 00da 04       		.byte	0x4
 424 00db 06       		.uleb128 0x6
 425 00dc 6A030000 		.4byte	.LASF20
 426 00e0 02       		.byte	0x2
 427 00e1 A2       		.byte	0xa2
 428 00e2 63000000 		.4byte	0x63
 429 00e6 06       		.byte	0x6
 430 00e7 00       		.byte	0
 431 00e8 07       		.uleb128 0x7
 432 00e9 BE010000 		.4byte	.LASF21
 433 00ed 02       		.byte	0x2
 434 00ee A3       		.byte	0xa3
 435 00ef 97000000 		.4byte	0x97
 436 00f3 05       		.uleb128 0x5
 437 00f4 08       		.byte	0x8
 438 00f5 02       		.byte	0x2
 439 00f6 B2       		.byte	0xb2
 440 00f7 12010000 		.4byte	0x112
 441 00fb 08       		.uleb128 0x8
 442 00fc 6300     		.ascii	"c\000"
 443 00fe 02       		.byte	0x2
 444 00ff B4       		.byte	0xb4
 445 0100 63000000 		.4byte	0x63
 446 0104 00       		.byte	0
 447 0105 06       		.uleb128 0x6
 448 0106 B7010000 		.4byte	.LASF22
 449 010a 02       		.byte	0x2
 450 010b B5       		.byte	0xb5
 451 010c 12010000 		.4byte	0x112
 452 0110 04       		.byte	0x4
 453 0111 00       		.byte	0
 454 0112 09       		.uleb128 0x9
 455 0113 04       		.byte	0x4
 456 0114 18010000 		.4byte	0x118
ARM GAS  C:\Users\LAIR\AppData\Local\Temp\cc7Sa5IX.s 			page 9


 457 0118 0A       		.uleb128 0xa
 458 0119 07       		.uleb128 0x7
 459 011a EF010000 		.4byte	.LASF23
 460 011e 02       		.byte	0x2
 461 011f B6       		.byte	0xb6
 462 0120 F3000000 		.4byte	0xf3
 463 0124 0B       		.uleb128 0xb
 464 0125 63000000 		.4byte	0x63
 465 0129 34010000 		.4byte	0x134
 466 012d 0C       		.uleb128 0xc
 467 012e 90000000 		.4byte	0x90
 468 0132 11       		.byte	0x11
 469 0133 00       		.byte	0
 470 0134 0D       		.uleb128 0xd
 471 0135 00000000 		.4byte	.LASF24
 472 0139 03       		.byte	0x3
 473 013a 24       		.byte	0x24
 474 013b 45010000 		.4byte	0x145
 475 013f 05       		.uleb128 0x5
 476 0140 03       		.byte	0x3
 477 0141 00000000 		.4byte	USBFS_DEVICE0_DESCR
 478 0145 0E       		.uleb128 0xe
 479 0146 24010000 		.4byte	0x124
 480 014a 0B       		.uleb128 0xb
 481 014b 63000000 		.4byte	0x63
 482 014f 5A010000 		.4byte	0x15a
 483 0153 0C       		.uleb128 0xc
 484 0154 90000000 		.4byte	0x90
 485 0158 1F       		.byte	0x1f
 486 0159 00       		.byte	0
 487 015a 0D       		.uleb128 0xd
 488 015b 5E010000 		.4byte	.LASF25
 489 015f 03       		.byte	0x3
 490 0160 37       		.byte	0x37
 491 0161 6B010000 		.4byte	0x16b
 492 0165 05       		.uleb128 0x5
 493 0166 03       		.byte	0x3
 494 0167 00000000 		.4byte	USBFS_DEVICE0_CONFIGURATION0_DESCR
 495 016b 0E       		.uleb128 0xe
 496 016c 4A010000 		.4byte	0x14a
 497 0170 0B       		.uleb128 0xb
 498 0171 E8000000 		.4byte	0xe8
 499 0175 80010000 		.4byte	0x180
 500 0179 0C       		.uleb128 0xc
 501 017a 90000000 		.4byte	0x90
 502 017e 01       		.byte	0x1
 503 017f 00       		.byte	0
 504 0180 0D       		.uleb128 0xd
 505 0181 2F010000 		.4byte	.LASF26
 506 0185 03       		.byte	0x3
 507 0186 93       		.byte	0x93
 508 0187 91010000 		.4byte	0x191
 509 018b 05       		.uleb128 0x5
 510 018c 03       		.byte	0x3
 511 018d 00000000 		.4byte	USBFS_DEVICE0_CONFIGURATION0_EP_SETTINGS_TABLE
 512 0191 0E       		.uleb128 0xe
 513 0192 70010000 		.4byte	0x170
ARM GAS  C:\Users\LAIR\AppData\Local\Temp\cc7Sa5IX.s 			page 10


 514 0196 0B       		.uleb128 0xb
 515 0197 63000000 		.4byte	0x63
 516 019b A6010000 		.4byte	0x1a6
 517 019f 0C       		.uleb128 0xc
 518 01a0 90000000 		.4byte	0x90
 519 01a4 00       		.byte	0
 520 01a5 00       		.byte	0
 521 01a6 0D       		.uleb128 0xd
 522 01a7 14000000 		.4byte	.LASF27
 523 01ab 03       		.byte	0x3
 524 01ac 98       		.byte	0x98
 525 01ad B7010000 		.4byte	0x1b7
 526 01b1 05       		.uleb128 0x5
 527 01b2 03       		.byte	0x3
 528 01b3 00000000 		.4byte	USBFS_DEVICE0_CONFIGURATION0_INTERFACE_CLASS
 529 01b7 0E       		.uleb128 0xe
 530 01b8 96010000 		.4byte	0x196
 531 01bc 0B       		.uleb128 0xb
 532 01bd 19010000 		.4byte	0x119
 533 01c1 CC010000 		.4byte	0x1cc
 534 01c5 0C       		.uleb128 0xc
 535 01c6 90000000 		.4byte	0x90
 536 01ca 03       		.byte	0x3
 537 01cb 00       		.byte	0
 538 01cc 0D       		.uleb128 0xd
 539 01cd D7000000 		.4byte	.LASF28
 540 01d1 03       		.byte	0x3
 541 01d2 A0       		.byte	0xa0
 542 01d3 DD010000 		.4byte	0x1dd
 543 01d7 05       		.uleb128 0x5
 544 01d8 03       		.byte	0x3
 545 01d9 00000000 		.4byte	USBFS_DEVICE0_CONFIGURATION0_TABLE
 546 01dd 0E       		.uleb128 0xe
 547 01de BC010000 		.4byte	0x1bc
 548 01e2 0B       		.uleb128 0xb
 549 01e3 19010000 		.4byte	0x119
 550 01e7 F2010000 		.4byte	0x1f2
 551 01eb 0C       		.uleb128 0xc
 552 01ec 90000000 		.4byte	0x90
 553 01f0 02       		.byte	0x2
 554 01f1 00       		.byte	0
 555 01f2 0D       		.uleb128 0xd
 556 01f3 FF000000 		.4byte	.LASF29
 557 01f7 03       		.byte	0x3
 558 01f8 AA       		.byte	0xaa
 559 01f9 03020000 		.4byte	0x203
 560 01fd 05       		.uleb128 0x5
 561 01fe 03       		.byte	0x3
 562 01ff 00000000 		.4byte	USBFS_DEVICE0_TABLE
 563 0203 0E       		.uleb128 0xe
 564 0204 E2010000 		.4byte	0x1e2
 565 0208 0B       		.uleb128 0xb
 566 0209 19010000 		.4byte	0x119
 567 020d 18020000 		.4byte	0x218
 568 0211 0C       		.uleb128 0xc
 569 0212 90000000 		.4byte	0x90
 570 0216 00       		.byte	0
ARM GAS  C:\Users\LAIR\AppData\Local\Temp\cc7Sa5IX.s 			page 11


 571 0217 00       		.byte	0
 572 0218 0D       		.uleb128 0xd
 573 0219 41000000 		.4byte	.LASF30
 574 021d 03       		.byte	0x3
 575 021e B2       		.byte	0xb2
 576 021f 29020000 		.4byte	0x229
 577 0223 05       		.uleb128 0x5
 578 0224 03       		.byte	0x3
 579 0225 00000000 		.4byte	USBFS_TABLE
 580 0229 0E       		.uleb128 0xe
 581 022a 08020000 		.4byte	0x208
 582 022e 0B       		.uleb128 0xb
 583 022f 63000000 		.4byte	0x63
 584 0233 3E020000 		.4byte	0x23e
 585 0237 0C       		.uleb128 0xc
 586 0238 90000000 		.4byte	0x90
 587 023c 01       		.byte	0x1
 588 023d 00       		.byte	0
 589 023e 0D       		.uleb128 0xd
 590 023f 60000000 		.4byte	.LASF31
 591 0243 03       		.byte	0x3
 592 0244 84       		.byte	0x84
 593 0245 4F020000 		.4byte	0x24f
 594 0249 05       		.uleb128 0x5
 595 024a 03       		.byte	0x3
 596 024b 00000000 		.4byte	USBFS_SN_STRING_DESCRIPTOR
 597 024f 0E       		.uleb128 0xe
 598 0250 2E020000 		.4byte	0x22e
 599 0254 0B       		.uleb128 0xb
 600 0255 63000000 		.4byte	0x63
 601 0259 64020000 		.4byte	0x264
 602 025d 0C       		.uleb128 0xc
 603 025e 90000000 		.4byte	0x90
 604 0262 58       		.byte	0x58
 605 0263 00       		.byte	0
 606 0264 0D       		.uleb128 0xd
 607 0265 8C000000 		.4byte	.LASF32
 608 0269 03       		.byte	0x3
 609 026a 63       		.byte	0x63
 610 026b 75020000 		.4byte	0x275
 611 026f 05       		.uleb128 0x5
 612 0270 03       		.byte	0x3
 613 0271 00000000 		.4byte	USBFS_STRING_DESCRIPTORS
 614 0275 0E       		.uleb128 0xe
 615 0276 54020000 		.4byte	0x254
 616 027a 0D       		.uleb128 0xd
 617 027b 43020000 		.4byte	.LASF33
 618 027f 03       		.byte	0x3
 619 0280 C2       		.byte	0xc2
 620 0281 8B020000 		.4byte	0x28b
 621 0285 05       		.uleb128 0x5
 622 0286 03       		.byte	0x3
 623 0287 00000000 		.4byte	USBFS_MSOS_DESCRIPTOR
 624 028b 0E       		.uleb128 0xe
 625 028c 24010000 		.4byte	0x124
 626 0290 0B       		.uleb128 0xb
 627 0291 63000000 		.4byte	0x63
ARM GAS  C:\Users\LAIR\AppData\Local\Temp\cc7Sa5IX.s 			page 12


 628 0295 A0020000 		.4byte	0x2a0
 629 0299 0C       		.uleb128 0xc
 630 029a 90000000 		.4byte	0x90
 631 029e 27       		.byte	0x27
 632 029f 00       		.byte	0
 633 02a0 0D       		.uleb128 0xd
 634 02a1 FC020000 		.4byte	.LASF34
 635 02a5 03       		.byte	0x3
 636 02a6 CD       		.byte	0xcd
 637 02a7 B1020000 		.4byte	0x2b1
 638 02ab 05       		.uleb128 0x5
 639 02ac 03       		.byte	0x3
 640 02ad 00000000 		.4byte	USBFS_MSOS_CONFIGURATION_DESCR
 641 02b1 0E       		.uleb128 0xe
 642 02b2 90020000 		.4byte	0x290
 643 02b6 0B       		.uleb128 0xb
 644 02b7 63000000 		.4byte	0x63
 645 02bb C6020000 		.4byte	0x2c6
 646 02bf 0C       		.uleb128 0xc
 647 02c0 90000000 		.4byte	0x90
 648 02c4 21       		.byte	0x21
 649 02c5 00       		.byte	0
 650 02c6 0D       		.uleb128 0xd
 651 02c7 2B030000 		.4byte	.LASF35
 652 02cb 03       		.byte	0x3
 653 02cc E0       		.byte	0xe0
 654 02cd B6020000 		.4byte	0x2b6
 655 02d1 05       		.uleb128 0x5
 656 02d2 03       		.byte	0x3
 657 02d3 00000000 		.4byte	USBFS_idSerialNumberStringDescriptor
 658 02d7 00       		.byte	0
 659              		.section	.debug_abbrev,"",%progbits
 660              	.Ldebug_abbrev0:
 661 0000 01       		.uleb128 0x1
 662 0001 11       		.uleb128 0x11
 663 0002 01       		.byte	0x1
 664 0003 25       		.uleb128 0x25
 665 0004 0E       		.uleb128 0xe
 666 0005 13       		.uleb128 0x13
 667 0006 0B       		.uleb128 0xb
 668 0007 03       		.uleb128 0x3
 669 0008 0E       		.uleb128 0xe
 670 0009 1B       		.uleb128 0x1b
 671 000a 0E       		.uleb128 0xe
 672 000b 10       		.uleb128 0x10
 673 000c 17       		.uleb128 0x17
 674 000d 00       		.byte	0
 675 000e 00       		.byte	0
 676 000f 02       		.uleb128 0x2
 677 0010 24       		.uleb128 0x24
 678 0011 00       		.byte	0
 679 0012 0B       		.uleb128 0xb
 680 0013 0B       		.uleb128 0xb
 681 0014 3E       		.uleb128 0x3e
 682 0015 0B       		.uleb128 0xb
 683 0016 03       		.uleb128 0x3
 684 0017 0E       		.uleb128 0xe
ARM GAS  C:\Users\LAIR\AppData\Local\Temp\cc7Sa5IX.s 			page 13


 685 0018 00       		.byte	0
 686 0019 00       		.byte	0
 687 001a 03       		.uleb128 0x3
 688 001b 24       		.uleb128 0x24
 689 001c 00       		.byte	0
 690 001d 0B       		.uleb128 0xb
 691 001e 0B       		.uleb128 0xb
 692 001f 3E       		.uleb128 0x3e
 693 0020 0B       		.uleb128 0xb
 694 0021 03       		.uleb128 0x3
 695 0022 08       		.uleb128 0x8
 696 0023 00       		.byte	0
 697 0024 00       		.byte	0
 698 0025 04       		.uleb128 0x4
 699 0026 16       		.uleb128 0x16
 700 0027 00       		.byte	0
 701 0028 03       		.uleb128 0x3
 702 0029 0E       		.uleb128 0xe
 703 002a 3A       		.uleb128 0x3a
 704 002b 0B       		.uleb128 0xb
 705 002c 3B       		.uleb128 0x3b
 706 002d 05       		.uleb128 0x5
 707 002e 49       		.uleb128 0x49
 708 002f 13       		.uleb128 0x13
 709 0030 00       		.byte	0
 710 0031 00       		.byte	0
 711 0032 05       		.uleb128 0x5
 712 0033 13       		.uleb128 0x13
 713 0034 01       		.byte	0x1
 714 0035 0B       		.uleb128 0xb
 715 0036 0B       		.uleb128 0xb
 716 0037 3A       		.uleb128 0x3a
 717 0038 0B       		.uleb128 0xb
 718 0039 3B       		.uleb128 0x3b
 719 003a 0B       		.uleb128 0xb
 720 003b 01       		.uleb128 0x1
 721 003c 13       		.uleb128 0x13
 722 003d 00       		.byte	0
 723 003e 00       		.byte	0
 724 003f 06       		.uleb128 0x6
 725 0040 0D       		.uleb128 0xd
 726 0041 00       		.byte	0
 727 0042 03       		.uleb128 0x3
 728 0043 0E       		.uleb128 0xe
 729 0044 3A       		.uleb128 0x3a
 730 0045 0B       		.uleb128 0xb
 731 0046 3B       		.uleb128 0x3b
 732 0047 0B       		.uleb128 0xb
 733 0048 49       		.uleb128 0x49
 734 0049 13       		.uleb128 0x13
 735 004a 38       		.uleb128 0x38
 736 004b 0B       		.uleb128 0xb
 737 004c 00       		.byte	0
 738 004d 00       		.byte	0
 739 004e 07       		.uleb128 0x7
 740 004f 16       		.uleb128 0x16
 741 0050 00       		.byte	0
ARM GAS  C:\Users\LAIR\AppData\Local\Temp\cc7Sa5IX.s 			page 14


 742 0051 03       		.uleb128 0x3
 743 0052 0E       		.uleb128 0xe
 744 0053 3A       		.uleb128 0x3a
 745 0054 0B       		.uleb128 0xb
 746 0055 3B       		.uleb128 0x3b
 747 0056 0B       		.uleb128 0xb
 748 0057 49       		.uleb128 0x49
 749 0058 13       		.uleb128 0x13
 750 0059 00       		.byte	0
 751 005a 00       		.byte	0
 752 005b 08       		.uleb128 0x8
 753 005c 0D       		.uleb128 0xd
 754 005d 00       		.byte	0
 755 005e 03       		.uleb128 0x3
 756 005f 08       		.uleb128 0x8
 757 0060 3A       		.uleb128 0x3a
 758 0061 0B       		.uleb128 0xb
 759 0062 3B       		.uleb128 0x3b
 760 0063 0B       		.uleb128 0xb
 761 0064 49       		.uleb128 0x49
 762 0065 13       		.uleb128 0x13
 763 0066 38       		.uleb128 0x38
 764 0067 0B       		.uleb128 0xb
 765 0068 00       		.byte	0
 766 0069 00       		.byte	0
 767 006a 09       		.uleb128 0x9
 768 006b 0F       		.uleb128 0xf
 769 006c 00       		.byte	0
 770 006d 0B       		.uleb128 0xb
 771 006e 0B       		.uleb128 0xb
 772 006f 49       		.uleb128 0x49
 773 0070 13       		.uleb128 0x13
 774 0071 00       		.byte	0
 775 0072 00       		.byte	0
 776 0073 0A       		.uleb128 0xa
 777 0074 26       		.uleb128 0x26
 778 0075 00       		.byte	0
 779 0076 00       		.byte	0
 780 0077 00       		.byte	0
 781 0078 0B       		.uleb128 0xb
 782 0079 01       		.uleb128 0x1
 783 007a 01       		.byte	0x1
 784 007b 49       		.uleb128 0x49
 785 007c 13       		.uleb128 0x13
 786 007d 01       		.uleb128 0x1
 787 007e 13       		.uleb128 0x13
 788 007f 00       		.byte	0
 789 0080 00       		.byte	0
 790 0081 0C       		.uleb128 0xc
 791 0082 21       		.uleb128 0x21
 792 0083 00       		.byte	0
 793 0084 49       		.uleb128 0x49
 794 0085 13       		.uleb128 0x13
 795 0086 2F       		.uleb128 0x2f
 796 0087 0B       		.uleb128 0xb
 797 0088 00       		.byte	0
 798 0089 00       		.byte	0
ARM GAS  C:\Users\LAIR\AppData\Local\Temp\cc7Sa5IX.s 			page 15


 799 008a 0D       		.uleb128 0xd
 800 008b 34       		.uleb128 0x34
 801 008c 00       		.byte	0
 802 008d 03       		.uleb128 0x3
 803 008e 0E       		.uleb128 0xe
 804 008f 3A       		.uleb128 0x3a
 805 0090 0B       		.uleb128 0xb
 806 0091 3B       		.uleb128 0x3b
 807 0092 0B       		.uleb128 0xb
 808 0093 49       		.uleb128 0x49
 809 0094 13       		.uleb128 0x13
 810 0095 3F       		.uleb128 0x3f
 811 0096 19       		.uleb128 0x19
 812 0097 02       		.uleb128 0x2
 813 0098 18       		.uleb128 0x18
 814 0099 00       		.byte	0
 815 009a 00       		.byte	0
 816 009b 0E       		.uleb128 0xe
 817 009c 26       		.uleb128 0x26
 818 009d 00       		.byte	0
 819 009e 49       		.uleb128 0x49
 820 009f 13       		.uleb128 0x13
 821 00a0 00       		.byte	0
 822 00a1 00       		.byte	0
 823 00a2 00       		.byte	0
 824              		.section	.debug_aranges,"",%progbits
 825 0000 14000000 		.4byte	0x14
 826 0004 0200     		.2byte	0x2
 827 0006 00000000 		.4byte	.Ldebug_info0
 828 000a 04       		.byte	0x4
 829 000b 00       		.byte	0
 830 000c 0000     		.2byte	0
 831 000e 0000     		.2byte	0
 832 0010 00000000 		.4byte	0
 833 0014 00000000 		.4byte	0
 834              		.section	.debug_line,"",%progbits
 835              	.Ldebug_line0:
 836 0000 5B000000 		.section	.debug_str,"MS",%progbits,1
 836      02005500 
 836      00000201 
 836      FB0E0D00 
 836      01010101 
 837              	.LASF24:
 838 0000 55534246 		.ascii	"USBFS_DEVICE0_DESCR\000"
 838      535F4445 
 838      56494345 
 838      305F4445 
 838      53435200 
 839              	.LASF27:
 840 0014 55534246 		.ascii	"USBFS_DEVICE0_CONFIGURATION0_INTERFACE_CLASS\000"
 840      535F4445 
 840      56494345 
 840      305F434F 
 840      4E464947 
 841              	.LASF30:
 842 0041 55534246 		.ascii	"USBFS_TABLE\000"
 842      535F5441 
ARM GAS  C:\Users\LAIR\AppData\Local\Temp\cc7Sa5IX.s 			page 16


 842      424C4500 
 843              	.LASF3:
 844 004d 73686F72 		.ascii	"short unsigned int\000"
 844      7420756E 
 844      7369676E 
 844      65642069 
 844      6E7400
 845              	.LASF31:
 846 0060 55534246 		.ascii	"USBFS_SN_STRING_DESCRIPTOR\000"
 846      535F534E 
 846      5F535452 
 846      494E475F 
 846      44455343 
 847              	.LASF11:
 848 007b 666C6F61 		.ascii	"float\000"
 848      7400
 849              	.LASF16:
 850 0081 616C7453 		.ascii	"altSetting\000"
 850      65747469 
 850      6E6700
 851              	.LASF32:
 852 008c 55534246 		.ascii	"USBFS_STRING_DESCRIPTORS\000"
 852      535F5354 
 852      52494E47 
 852      5F444553 
 852      43524950 
 853              	.LASF18:
 854 00a5 61747472 		.ascii	"attributes\000"
 854      69627574 
 854      657300
 855              	.LASF37:
 856 00b0 2E5C4765 		.ascii	".\\Generated_Source\\PSoC4\\USBFS_descr.c\000"
 856      6E657261 
 856      7465645F 
 856      536F7572 
 856      63655C50 
 857              	.LASF28:
 858 00d7 55534246 		.ascii	"USBFS_DEVICE0_CONFIGURATION0_TABLE\000"
 858      535F4445 
 858      56494345 
 858      305F434F 
 858      4E464947 
 859              	.LASF17:
 860 00fa 61646472 		.ascii	"addr\000"
 860      00
 861              	.LASF29:
 862 00ff 55534246 		.ascii	"USBFS_DEVICE0_TABLE\000"
 862      535F4445 
 862      56494345 
 862      305F5441 
 862      424C4500 
 863              	.LASF1:
 864 0113 756E7369 		.ascii	"unsigned char\000"
 864      676E6564 
 864      20636861 
 864      7200
 865              	.LASF12:
ARM GAS  C:\Users\LAIR\AppData\Local\Temp\cc7Sa5IX.s 			page 17


 866 0121 646F7562 		.ascii	"double\000"
 866      6C6500
 867              	.LASF10:
 868 0128 75696E74 		.ascii	"uint16\000"
 868      313600
 869              	.LASF26:
 870 012f 55534246 		.ascii	"USBFS_DEVICE0_CONFIGURATION0_EP_SETTINGS_TABLE\000"
 870      535F4445 
 870      56494345 
 870      305F434F 
 870      4E464947 
 871              	.LASF25:
 872 015e 55534246 		.ascii	"USBFS_DEVICE0_CONFIGURATION0_DESCR\000"
 872      535F4445 
 872      56494345 
 872      305F434F 
 872      4E464947 
 873              	.LASF5:
 874 0181 6C6F6E67 		.ascii	"long unsigned int\000"
 874      20756E73 
 874      69676E65 
 874      6420696E 
 874      7400
 875              	.LASF8:
 876 0193 756E7369 		.ascii	"unsigned int\000"
 876      676E6564 
 876      20696E74 
 876      00
 877              	.LASF7:
 878 01a0 6C6F6E67 		.ascii	"long long unsigned int\000"
 878      206C6F6E 
 878      6720756E 
 878      7369676E 
 878      65642069 
 879              	.LASF22:
 880 01b7 705F6C69 		.ascii	"p_list\000"
 880      737400
 881              	.LASF21:
 882 01be 545F5553 		.ascii	"T_USBFS_EP_SETTINGS_BLOCK\000"
 882      4246535F 
 882      45505F53 
 882      45545449 
 882      4E47535F 
 883              	.LASF14:
 884 01d8 73697A65 		.ascii	"sizetype\000"
 884      74797065 
 884      00
 885              	.LASF6:
 886 01e1 6C6F6E67 		.ascii	"long long int\000"
 886      206C6F6E 
 886      6720696E 
 886      7400
 887              	.LASF23:
 888 01ef 545F5553 		.ascii	"T_USBFS_LUT\000"
 888      4246535F 
 888      4C555400 
 889              	.LASF38:
ARM GAS  C:\Users\LAIR\AppData\Local\Temp\cc7Sa5IX.s 			page 18


 890 01fb 433A5C55 		.ascii	"C:\\Users\\LAIR\\Documents\\GitHub\\ARC-Controller\\"
 890      73657273 
 890      5C4C4149 
 890      525C446F 
 890      63756D65 
 891 0229 50536F43 		.ascii	"PSoC-Code\\ARC-EMBED.cydsn\000"
 891      2D436F64 
 891      655C4152 
 891      432D454D 
 891      4245442E 
 892              	.LASF33:
 893 0243 55534246 		.ascii	"USBFS_MSOS_DESCRIPTOR\000"
 893      535F4D53 
 893      4F535F44 
 893      45534352 
 893      4950544F 
 894              	.LASF36:
 895 0259 474E5520 		.ascii	"GNU C 4.9.3 20150303 (release) [ARM/embedded-4_9-br"
 895      4320342E 
 895      392E3320 
 895      32303135 
 895      30333033 
 896 028c 616E6368 		.ascii	"anch revision 221220] -mcpu=cortex-m0 -mthumb -g -O"
 896      20726576 
 896      6973696F 
 896      6E203232 
 896      31323230 
 897 02bf 67202D66 		.ascii	"g -ffunction-sections -ffat-lto-objects\000"
 897      66756E63 
 897      74696F6E 
 897      2D736563 
 897      74696F6E 
 898              	.LASF19:
 899 02e7 62756666 		.ascii	"bufferSize\000"
 899      65725369 
 899      7A6500
 900              	.LASF2:
 901 02f2 73686F72 		.ascii	"short int\000"
 901      7420696E 
 901      7400
 902              	.LASF34:
 903 02fc 55534246 		.ascii	"USBFS_MSOS_CONFIGURATION_DESCR\000"
 903      535F4D53 
 903      4F535F43 
 903      4F4E4649 
 903      47555241 
 904              	.LASF9:
 905 031b 75696E74 		.ascii	"uint8\000"
 905      3800
 906              	.LASF15:
 907 0321 696E7465 		.ascii	"interface\000"
 907      72666163 
 907      6500
 908              	.LASF35:
 909 032b 55534246 		.ascii	"USBFS_idSerialNumberStringDescriptor\000"
 909      535F6964 
 909      53657269 
ARM GAS  C:\Users\LAIR\AppData\Local\Temp\cc7Sa5IX.s 			page 19


 909      616C4E75 
 909      6D626572 
 910              	.LASF4:
 911 0350 6C6F6E67 		.ascii	"long int\000"
 911      20696E74 
 911      00
 912              	.LASF13:
 913 0359 63686172 		.ascii	"char\000"
 913      00
 914              	.LASF0:
 915 035e 7369676E 		.ascii	"signed char\000"
 915      65642063 
 915      68617200 
 916              	.LASF20:
 917 036a 624D6973 		.ascii	"bMisc\000"
 917      6300
 918              		.ident	"GCC: (GNU Tools for ARM Embedded Processors) 4.9.3 20150303 (release) [ARM/embedded-4_9-br
