ARM GAS  C:\Users\LAIR\AppData\Local\Temp\ccuOdKtZ.s 			page 1


   1              		.cpu cortex-m0
   2              		.fpu softvfp
   3              		.eabi_attribute 20, 1
   4              		.eabi_attribute 21, 1
   5              		.eabi_attribute 23, 3
   6              		.eabi_attribute 24, 1
   7              		.eabi_attribute 25, 1
   8              		.eabi_attribute 26, 1
   9              		.eabi_attribute 30, 1
  10              		.eabi_attribute 34, 0
  11              		.eabi_attribute 18, 4
  12              		.code	16
  13              		.file	"USBFS_Dp_PM.c"
  14              		.text
  15              	.Ltext0:
  16              		.cfi_sections	.debug_frame
  17              		.section	.text.USBFS_Dp_Sleep,"ax",%progbits
  18              		.align	2
  19              		.global	USBFS_Dp_Sleep
  20              		.code	16
  21              		.thumb_func
  22              		.type	USBFS_Dp_Sleep, %function
  23              	USBFS_Dp_Sleep:
  24              	.LFB0:
  25              		.file 1 ".\\Generated_Source\\PSoC4\\USBFS_Dp_PM.c"
   1:.\Generated_Source\PSoC4/USBFS_Dp_PM.c **** /*******************************************************************************
   2:.\Generated_Source\PSoC4/USBFS_Dp_PM.c **** * File Name: USBFS_Dp.c  
   3:.\Generated_Source\PSoC4/USBFS_Dp_PM.c **** * Version 2.20
   4:.\Generated_Source\PSoC4/USBFS_Dp_PM.c **** *
   5:.\Generated_Source\PSoC4/USBFS_Dp_PM.c **** * Description:
   6:.\Generated_Source\PSoC4/USBFS_Dp_PM.c **** *  This file contains APIs to set up the Pins component for low power modes.
   7:.\Generated_Source\PSoC4/USBFS_Dp_PM.c **** *
   8:.\Generated_Source\PSoC4/USBFS_Dp_PM.c **** * Note:
   9:.\Generated_Source\PSoC4/USBFS_Dp_PM.c **** *
  10:.\Generated_Source\PSoC4/USBFS_Dp_PM.c **** ********************************************************************************
  11:.\Generated_Source\PSoC4/USBFS_Dp_PM.c **** * Copyright 2015, Cypress Semiconductor Corporation.  All rights reserved.
  12:.\Generated_Source\PSoC4/USBFS_Dp_PM.c **** * You may use this file only in accordance with the license, terms, conditions, 
  13:.\Generated_Source\PSoC4/USBFS_Dp_PM.c **** * disclaimers, and limitations in the end user license agreement accompanying 
  14:.\Generated_Source\PSoC4/USBFS_Dp_PM.c **** * the software package with which this file was provided.
  15:.\Generated_Source\PSoC4/USBFS_Dp_PM.c **** *******************************************************************************/
  16:.\Generated_Source\PSoC4/USBFS_Dp_PM.c **** 
  17:.\Generated_Source\PSoC4/USBFS_Dp_PM.c **** #include "cytypes.h"
  18:.\Generated_Source\PSoC4/USBFS_Dp_PM.c **** #include "USBFS_Dp.h"
  19:.\Generated_Source\PSoC4/USBFS_Dp_PM.c **** 
  20:.\Generated_Source\PSoC4/USBFS_Dp_PM.c **** static USBFS_Dp_BACKUP_STRUCT  USBFS_Dp_backup = {0u, 0u, 0u};
  21:.\Generated_Source\PSoC4/USBFS_Dp_PM.c **** 
  22:.\Generated_Source\PSoC4/USBFS_Dp_PM.c **** 
  23:.\Generated_Source\PSoC4/USBFS_Dp_PM.c **** /*******************************************************************************
  24:.\Generated_Source\PSoC4/USBFS_Dp_PM.c **** * Function Name: USBFS_Dp_Sleep
  25:.\Generated_Source\PSoC4/USBFS_Dp_PM.c **** ****************************************************************************//**
  26:.\Generated_Source\PSoC4/USBFS_Dp_PM.c **** *
  27:.\Generated_Source\PSoC4/USBFS_Dp_PM.c **** * \brief Stores the pin configuration and prepares the pin for entering chip 
  28:.\Generated_Source\PSoC4/USBFS_Dp_PM.c **** *  deep-sleep/hibernate modes. This function must be called for SIO and USBIO
  29:.\Generated_Source\PSoC4/USBFS_Dp_PM.c **** *  pins. It is not essential if using GPIO or GPIO_OVT pins.
  30:.\Generated_Source\PSoC4/USBFS_Dp_PM.c **** *
  31:.\Generated_Source\PSoC4/USBFS_Dp_PM.c **** * <b>Note</b> This function is available in PSoC 4 only.
  32:.\Generated_Source\PSoC4/USBFS_Dp_PM.c **** *
ARM GAS  C:\Users\LAIR\AppData\Local\Temp\ccuOdKtZ.s 			page 2


  33:.\Generated_Source\PSoC4/USBFS_Dp_PM.c **** * \return 
  34:.\Generated_Source\PSoC4/USBFS_Dp_PM.c **** *  None 
  35:.\Generated_Source\PSoC4/USBFS_Dp_PM.c **** *  
  36:.\Generated_Source\PSoC4/USBFS_Dp_PM.c **** * \sideeffect
  37:.\Generated_Source\PSoC4/USBFS_Dp_PM.c **** *  For SIO pins, this function configures the pin input threshold to CMOS and
  38:.\Generated_Source\PSoC4/USBFS_Dp_PM.c **** *  drive level to Vddio. This is needed for SIO pins when in device 
  39:.\Generated_Source\PSoC4/USBFS_Dp_PM.c **** *  deep-sleep/hibernate modes.
  40:.\Generated_Source\PSoC4/USBFS_Dp_PM.c **** *
  41:.\Generated_Source\PSoC4/USBFS_Dp_PM.c **** * \funcusage
  42:.\Generated_Source\PSoC4/USBFS_Dp_PM.c **** *  \snippet USBFS_Dp_SUT.c usage_USBFS_Dp_Sleep_Wakeup
  43:.\Generated_Source\PSoC4/USBFS_Dp_PM.c **** *******************************************************************************/
  44:.\Generated_Source\PSoC4/USBFS_Dp_PM.c **** void USBFS_Dp_Sleep(void)
  45:.\Generated_Source\PSoC4/USBFS_Dp_PM.c **** {
  26              		.loc 1 45 0
  27              		.cfi_startproc
  46:.\Generated_Source\PSoC4/USBFS_Dp_PM.c ****     #if defined(USBFS_Dp__PC)
  47:.\Generated_Source\PSoC4/USBFS_Dp_PM.c ****         USBFS_Dp_backup.pcState = USBFS_Dp_PC;
  48:.\Generated_Source\PSoC4/USBFS_Dp_PM.c ****     #else
  49:.\Generated_Source\PSoC4/USBFS_Dp_PM.c ****         #if (CY_PSOC4_4200L)
  50:.\Generated_Source\PSoC4/USBFS_Dp_PM.c ****             /* Save the regulator state and put the PHY into suspend mode */
  51:.\Generated_Source\PSoC4/USBFS_Dp_PM.c ****             USBFS_Dp_backup.usbState = USBFS_Dp_CR1_REG;
  28              		.loc 1 51 0
  29 0000 064B     		ldr	r3, .L2
  30 0002 1968     		ldr	r1, [r3]
  31 0004 064A     		ldr	r2, .L2+4
  32 0006 9160     		str	r1, [r2, #8]
  52:.\Generated_Source\PSoC4/USBFS_Dp_PM.c ****             USBFS_Dp_USB_POWER_REG |= USBFS_Dp_USBIO_ENTER_SLEEP;
  33              		.loc 1 52 0
  34 0008 0649     		ldr	r1, .L2+8
  35 000a 0868     		ldr	r0, [r1]
  36 000c 0C22     		mov	r2, #12
  37 000e 0243     		orr	r2, r0
  38 0010 0A60     		str	r2, [r1]
  53:.\Generated_Source\PSoC4/USBFS_Dp_PM.c ****             USBFS_Dp_CR1_REG &= USBFS_Dp_USBIO_CR1_OFF;
  39              		.loc 1 53 0
  40 0012 1A68     		ldr	r2, [r3]
  41 0014 0121     		mov	r1, #1
  42 0016 8A43     		bic	r2, r1
  43 0018 1A60     		str	r2, [r3]
  54:.\Generated_Source\PSoC4/USBFS_Dp_PM.c ****         #endif
  55:.\Generated_Source\PSoC4/USBFS_Dp_PM.c ****     #endif
  56:.\Generated_Source\PSoC4/USBFS_Dp_PM.c ****     #if defined(CYIPBLOCK_m0s8ioss_VERSION) && defined(USBFS_Dp__SIO)
  57:.\Generated_Source\PSoC4/USBFS_Dp_PM.c ****         USBFS_Dp_backup.sioState = USBFS_Dp_SIO_REG;
  58:.\Generated_Source\PSoC4/USBFS_Dp_PM.c ****         /* SIO requires unregulated output buffer and single ended input buffer */
  59:.\Generated_Source\PSoC4/USBFS_Dp_PM.c ****         USBFS_Dp_SIO_REG &= (uint32)(~USBFS_Dp_SIO_LPM_MASK);
  60:.\Generated_Source\PSoC4/USBFS_Dp_PM.c ****     #endif  
  61:.\Generated_Source\PSoC4/USBFS_Dp_PM.c **** }
  44              		.loc 1 61 0
  45              		@ sp needed
  46 001a 7047     		bx	lr
  47              	.L3:
  48              		.align	2
  49              	.L2:
  50 001c 24002C40 		.word	1076625444
  51 0020 00000000 		.word	.LANCHOR0
  52 0024 00202C40 		.word	1076633600
  53              		.cfi_endproc
ARM GAS  C:\Users\LAIR\AppData\Local\Temp\ccuOdKtZ.s 			page 3


  54              	.LFE0:
  55              		.size	USBFS_Dp_Sleep, .-USBFS_Dp_Sleep
  56              		.section	.text.USBFS_Dp_Wakeup,"ax",%progbits
  57              		.align	2
  58              		.global	USBFS_Dp_Wakeup
  59              		.code	16
  60              		.thumb_func
  61              		.type	USBFS_Dp_Wakeup, %function
  62              	USBFS_Dp_Wakeup:
  63              	.LFB1:
  62:.\Generated_Source\PSoC4/USBFS_Dp_PM.c **** 
  63:.\Generated_Source\PSoC4/USBFS_Dp_PM.c **** 
  64:.\Generated_Source\PSoC4/USBFS_Dp_PM.c **** /*******************************************************************************
  65:.\Generated_Source\PSoC4/USBFS_Dp_PM.c **** * Function Name: USBFS_Dp_Wakeup
  66:.\Generated_Source\PSoC4/USBFS_Dp_PM.c **** ****************************************************************************//**
  67:.\Generated_Source\PSoC4/USBFS_Dp_PM.c **** *
  68:.\Generated_Source\PSoC4/USBFS_Dp_PM.c **** * \brief Restores the pin configuration that was saved during Pin_Sleep().
  69:.\Generated_Source\PSoC4/USBFS_Dp_PM.c **** *
  70:.\Generated_Source\PSoC4/USBFS_Dp_PM.c **** * For USBIO pins, the wakeup is only triggered for falling edge interrupts.
  71:.\Generated_Source\PSoC4/USBFS_Dp_PM.c **** *
  72:.\Generated_Source\PSoC4/USBFS_Dp_PM.c **** * <b>Note</b> This function is available in PSoC 4 only.
  73:.\Generated_Source\PSoC4/USBFS_Dp_PM.c **** *
  74:.\Generated_Source\PSoC4/USBFS_Dp_PM.c **** * \return 
  75:.\Generated_Source\PSoC4/USBFS_Dp_PM.c **** *  None
  76:.\Generated_Source\PSoC4/USBFS_Dp_PM.c **** *  
  77:.\Generated_Source\PSoC4/USBFS_Dp_PM.c **** * \funcusage
  78:.\Generated_Source\PSoC4/USBFS_Dp_PM.c **** *  Refer to USBFS_Dp_Sleep() for an example usage.
  79:.\Generated_Source\PSoC4/USBFS_Dp_PM.c **** *******************************************************************************/
  80:.\Generated_Source\PSoC4/USBFS_Dp_PM.c **** void USBFS_Dp_Wakeup(void)
  81:.\Generated_Source\PSoC4/USBFS_Dp_PM.c **** {
  64              		.loc 1 81 0
  65              		.cfi_startproc
  82:.\Generated_Source\PSoC4/USBFS_Dp_PM.c ****     #if defined(USBFS_Dp__PC)
  83:.\Generated_Source\PSoC4/USBFS_Dp_PM.c ****         USBFS_Dp_PC = USBFS_Dp_backup.pcState;
  84:.\Generated_Source\PSoC4/USBFS_Dp_PM.c ****     #else
  85:.\Generated_Source\PSoC4/USBFS_Dp_PM.c ****         #if (CY_PSOC4_4200L)
  86:.\Generated_Source\PSoC4/USBFS_Dp_PM.c ****             /* Restore the regulator state and come out of suspend mode */
  87:.\Generated_Source\PSoC4/USBFS_Dp_PM.c ****             USBFS_Dp_USB_POWER_REG &= USBFS_Dp_USBIO_EXIT_SLEEP_PH1;
  66              		.loc 1 87 0
  67 0000 064B     		ldr	r3, .L5
  68 0002 1A68     		ldr	r2, [r3]
  69 0004 0421     		mov	r1, #4
  70 0006 8A43     		bic	r2, r1
  71 0008 1A60     		str	r2, [r3]
  88:.\Generated_Source\PSoC4/USBFS_Dp_PM.c ****             USBFS_Dp_CR1_REG = USBFS_Dp_backup.usbState;
  72              		.loc 1 88 0
  73 000a 054A     		ldr	r2, .L5+4
  74 000c 9168     		ldr	r1, [r2, #8]
  75 000e 054A     		ldr	r2, .L5+8
  76 0010 1160     		str	r1, [r2]
  89:.\Generated_Source\PSoC4/USBFS_Dp_PM.c ****             USBFS_Dp_USB_POWER_REG &= USBFS_Dp_USBIO_EXIT_SLEEP_PH2;
  77              		.loc 1 89 0
  78 0012 1A68     		ldr	r2, [r3]
  79 0014 0821     		mov	r1, #8
  80 0016 8A43     		bic	r2, r1
  81 0018 1A60     		str	r2, [r3]
  90:.\Generated_Source\PSoC4/USBFS_Dp_PM.c ****         #endif
ARM GAS  C:\Users\LAIR\AppData\Local\Temp\ccuOdKtZ.s 			page 4


  91:.\Generated_Source\PSoC4/USBFS_Dp_PM.c ****     #endif
  92:.\Generated_Source\PSoC4/USBFS_Dp_PM.c ****     #if defined(CYIPBLOCK_m0s8ioss_VERSION) && defined(USBFS_Dp__SIO)
  93:.\Generated_Source\PSoC4/USBFS_Dp_PM.c ****         USBFS_Dp_SIO_REG = USBFS_Dp_backup.sioState;
  94:.\Generated_Source\PSoC4/USBFS_Dp_PM.c ****     #endif
  95:.\Generated_Source\PSoC4/USBFS_Dp_PM.c **** }
  82              		.loc 1 95 0
  83              		@ sp needed
  84 001a 7047     		bx	lr
  85              	.L6:
  86              		.align	2
  87              	.L5:
  88 001c 00202C40 		.word	1076633600
  89 0020 00000000 		.word	.LANCHOR0
  90 0024 24002C40 		.word	1076625444
  91              		.cfi_endproc
  92              	.LFE1:
  93              		.size	USBFS_Dp_Wakeup, .-USBFS_Dp_Wakeup
  94              		.bss
  95              		.align	2
  96              		.set	.LANCHOR0,. + 0
  97              		.type	USBFS_Dp_backup, %object
  98              		.size	USBFS_Dp_backup, 12
  99              	USBFS_Dp_backup:
 100 0000 00000000 		.space	12
 100      00000000 
 100      00000000 
 101              		.text
 102              	.Letext0:
 103              		.file 2 ".\\Generated_Source\\PSoC4\\cytypes.h"
 104              		.file 3 ".\\Generated_Source\\PSoC4\\USBFS_Dp.h"
 105              		.section	.debug_info,"",%progbits
 106              	.Ldebug_info0:
 107 0000 05010000 		.4byte	0x105
 108 0004 0400     		.2byte	0x4
 109 0006 00000000 		.4byte	.Ldebug_abbrev0
 110 000a 04       		.byte	0x4
 111 000b 01       		.uleb128 0x1
 112 000c 46010000 		.4byte	.LASF20
 113 0010 01       		.byte	0x1
 114 0011 B2000000 		.4byte	.LASF21
 115 0015 E7000000 		.4byte	.LASF22
 116 0019 00000000 		.4byte	.Ldebug_ranges0+0
 117 001d 00000000 		.4byte	0
 118 0021 00000000 		.4byte	.Ldebug_line0
 119 0025 02       		.uleb128 0x2
 120 0026 01       		.byte	0x1
 121 0027 06       		.byte	0x6
 122 0028 F4010000 		.4byte	.LASF0
 123 002c 02       		.uleb128 0x2
 124 002d 01       		.byte	0x1
 125 002e 08       		.byte	0x8
 126 002f 34000000 		.4byte	.LASF1
 127 0033 02       		.uleb128 0x2
 128 0034 02       		.byte	0x2
 129 0035 05       		.byte	0x5
 130 0036 D4010000 		.4byte	.LASF2
 131 003a 02       		.uleb128 0x2
ARM GAS  C:\Users\LAIR\AppData\Local\Temp\ccuOdKtZ.s 			page 5


 132 003b 02       		.byte	0x2
 133 003c 07       		.byte	0x7
 134 003d 54000000 		.4byte	.LASF3
 135 0041 02       		.uleb128 0x2
 136 0042 04       		.byte	0x4
 137 0043 05       		.byte	0x5
 138 0044 E6010000 		.4byte	.LASF4
 139 0048 02       		.uleb128 0x2
 140 0049 04       		.byte	0x4
 141 004a 07       		.byte	0x7
 142 004b 42000000 		.4byte	.LASF5
 143 004f 02       		.uleb128 0x2
 144 0050 08       		.byte	0x8
 145 0051 05       		.byte	0x5
 146 0052 D9000000 		.4byte	.LASF6
 147 0056 02       		.uleb128 0x2
 148 0057 08       		.byte	0x8
 149 0058 07       		.byte	0x7
 150 0059 92000000 		.4byte	.LASF7
 151 005d 03       		.uleb128 0x3
 152 005e 04       		.byte	0x4
 153 005f 05       		.byte	0x5
 154 0060 696E7400 		.ascii	"int\000"
 155 0064 02       		.uleb128 0x2
 156 0065 04       		.byte	0x4
 157 0066 07       		.byte	0x7
 158 0067 85000000 		.4byte	.LASF8
 159 006b 04       		.uleb128 0x4
 160 006c 7E000000 		.4byte	.LASF12
 161 0070 02       		.byte	0x2
 162 0071 9A01     		.2byte	0x19a
 163 0073 48000000 		.4byte	0x48
 164 0077 02       		.uleb128 0x2
 165 0078 04       		.byte	0x4
 166 0079 04       		.byte	0x4
 167 007a 1E000000 		.4byte	.LASF9
 168 007e 02       		.uleb128 0x2
 169 007f 08       		.byte	0x8
 170 0080 04       		.byte	0x4
 171 0081 77000000 		.4byte	.LASF10
 172 0085 02       		.uleb128 0x2
 173 0086 01       		.byte	0x1
 174 0087 08       		.byte	0x8
 175 0088 EF010000 		.4byte	.LASF11
 176 008c 04       		.uleb128 0x4
 177 008d 00000000 		.4byte	.LASF13
 178 0091 02       		.byte	0x2
 179 0092 4402     		.2byte	0x244
 180 0094 98000000 		.4byte	0x98
 181 0098 05       		.uleb128 0x5
 182 0099 6B000000 		.4byte	0x6b
 183 009d 06       		.uleb128 0x6
 184 009e 0C       		.byte	0xc
 185 009f 03       		.byte	0x3
 186 00a0 21       		.byte	0x21
 187 00a1 CA000000 		.4byte	0xca
 188 00a5 07       		.uleb128 0x7
ARM GAS  C:\Users\LAIR\AppData\Local\Temp\ccuOdKtZ.s 			page 6


 189 00a6 DE010000 		.4byte	.LASF14
 190 00aa 03       		.byte	0x3
 191 00ab 23       		.byte	0x23
 192 00ac 6B000000 		.4byte	0x6b
 193 00b0 00       		.byte	0
 194 00b1 07       		.uleb128 0x7
 195 00b2 A9000000 		.4byte	.LASF15
 196 00b6 03       		.byte	0x3
 197 00b7 24       		.byte	0x24
 198 00b8 6B000000 		.4byte	0x6b
 199 00bc 04       		.byte	0x4
 200 00bd 07       		.uleb128 0x7
 201 00be 06000000 		.4byte	.LASF16
 202 00c2 03       		.byte	0x3
 203 00c3 25       		.byte	0x25
 204 00c4 6B000000 		.4byte	0x6b
 205 00c8 08       		.byte	0x8
 206 00c9 00       		.byte	0
 207 00ca 08       		.uleb128 0x8
 208 00cb 2F010000 		.4byte	.LASF17
 209 00cf 03       		.byte	0x3
 210 00d0 26       		.byte	0x26
 211 00d1 9D000000 		.4byte	0x9d
 212 00d5 09       		.uleb128 0x9
 213 00d6 0F000000 		.4byte	.LASF18
 214 00da 01       		.byte	0x1
 215 00db 2C       		.byte	0x2c
 216 00dc 00000000 		.4byte	.LFB0
 217 00e0 28000000 		.4byte	.LFE0-.LFB0
 218 00e4 01       		.uleb128 0x1
 219 00e5 9C       		.byte	0x9c
 220 00e6 09       		.uleb128 0x9
 221 00e7 67000000 		.4byte	.LASF19
 222 00eb 01       		.byte	0x1
 223 00ec 50       		.byte	0x50
 224 00ed 00000000 		.4byte	.LFB1
 225 00f1 28000000 		.4byte	.LFE1-.LFB1
 226 00f5 01       		.uleb128 0x1
 227 00f6 9C       		.byte	0x9c
 228 00f7 0A       		.uleb128 0xa
 229 00f8 24000000 		.4byte	.LASF23
 230 00fc 01       		.byte	0x1
 231 00fd 14       		.byte	0x14
 232 00fe CA000000 		.4byte	0xca
 233 0102 05       		.uleb128 0x5
 234 0103 03       		.byte	0x3
 235 0104 00000000 		.4byte	USBFS_Dp_backup
 236 0108 00       		.byte	0
 237              		.section	.debug_abbrev,"",%progbits
 238              	.Ldebug_abbrev0:
 239 0000 01       		.uleb128 0x1
 240 0001 11       		.uleb128 0x11
 241 0002 01       		.byte	0x1
 242 0003 25       		.uleb128 0x25
 243 0004 0E       		.uleb128 0xe
 244 0005 13       		.uleb128 0x13
 245 0006 0B       		.uleb128 0xb
ARM GAS  C:\Users\LAIR\AppData\Local\Temp\ccuOdKtZ.s 			page 7


 246 0007 03       		.uleb128 0x3
 247 0008 0E       		.uleb128 0xe
 248 0009 1B       		.uleb128 0x1b
 249 000a 0E       		.uleb128 0xe
 250 000b 55       		.uleb128 0x55
 251 000c 17       		.uleb128 0x17
 252 000d 11       		.uleb128 0x11
 253 000e 01       		.uleb128 0x1
 254 000f 10       		.uleb128 0x10
 255 0010 17       		.uleb128 0x17
 256 0011 00       		.byte	0
 257 0012 00       		.byte	0
 258 0013 02       		.uleb128 0x2
 259 0014 24       		.uleb128 0x24
 260 0015 00       		.byte	0
 261 0016 0B       		.uleb128 0xb
 262 0017 0B       		.uleb128 0xb
 263 0018 3E       		.uleb128 0x3e
 264 0019 0B       		.uleb128 0xb
 265 001a 03       		.uleb128 0x3
 266 001b 0E       		.uleb128 0xe
 267 001c 00       		.byte	0
 268 001d 00       		.byte	0
 269 001e 03       		.uleb128 0x3
 270 001f 24       		.uleb128 0x24
 271 0020 00       		.byte	0
 272 0021 0B       		.uleb128 0xb
 273 0022 0B       		.uleb128 0xb
 274 0023 3E       		.uleb128 0x3e
 275 0024 0B       		.uleb128 0xb
 276 0025 03       		.uleb128 0x3
 277 0026 08       		.uleb128 0x8
 278 0027 00       		.byte	0
 279 0028 00       		.byte	0
 280 0029 04       		.uleb128 0x4
 281 002a 16       		.uleb128 0x16
 282 002b 00       		.byte	0
 283 002c 03       		.uleb128 0x3
 284 002d 0E       		.uleb128 0xe
 285 002e 3A       		.uleb128 0x3a
 286 002f 0B       		.uleb128 0xb
 287 0030 3B       		.uleb128 0x3b
 288 0031 05       		.uleb128 0x5
 289 0032 49       		.uleb128 0x49
 290 0033 13       		.uleb128 0x13
 291 0034 00       		.byte	0
 292 0035 00       		.byte	0
 293 0036 05       		.uleb128 0x5
 294 0037 35       		.uleb128 0x35
 295 0038 00       		.byte	0
 296 0039 49       		.uleb128 0x49
 297 003a 13       		.uleb128 0x13
 298 003b 00       		.byte	0
 299 003c 00       		.byte	0
 300 003d 06       		.uleb128 0x6
 301 003e 13       		.uleb128 0x13
 302 003f 01       		.byte	0x1
ARM GAS  C:\Users\LAIR\AppData\Local\Temp\ccuOdKtZ.s 			page 8


 303 0040 0B       		.uleb128 0xb
 304 0041 0B       		.uleb128 0xb
 305 0042 3A       		.uleb128 0x3a
 306 0043 0B       		.uleb128 0xb
 307 0044 3B       		.uleb128 0x3b
 308 0045 0B       		.uleb128 0xb
 309 0046 01       		.uleb128 0x1
 310 0047 13       		.uleb128 0x13
 311 0048 00       		.byte	0
 312 0049 00       		.byte	0
 313 004a 07       		.uleb128 0x7
 314 004b 0D       		.uleb128 0xd
 315 004c 00       		.byte	0
 316 004d 03       		.uleb128 0x3
 317 004e 0E       		.uleb128 0xe
 318 004f 3A       		.uleb128 0x3a
 319 0050 0B       		.uleb128 0xb
 320 0051 3B       		.uleb128 0x3b
 321 0052 0B       		.uleb128 0xb
 322 0053 49       		.uleb128 0x49
 323 0054 13       		.uleb128 0x13
 324 0055 38       		.uleb128 0x38
 325 0056 0B       		.uleb128 0xb
 326 0057 00       		.byte	0
 327 0058 00       		.byte	0
 328 0059 08       		.uleb128 0x8
 329 005a 16       		.uleb128 0x16
 330 005b 00       		.byte	0
 331 005c 03       		.uleb128 0x3
 332 005d 0E       		.uleb128 0xe
 333 005e 3A       		.uleb128 0x3a
 334 005f 0B       		.uleb128 0xb
 335 0060 3B       		.uleb128 0x3b
 336 0061 0B       		.uleb128 0xb
 337 0062 49       		.uleb128 0x49
 338 0063 13       		.uleb128 0x13
 339 0064 00       		.byte	0
 340 0065 00       		.byte	0
 341 0066 09       		.uleb128 0x9
 342 0067 2E       		.uleb128 0x2e
 343 0068 00       		.byte	0
 344 0069 3F       		.uleb128 0x3f
 345 006a 19       		.uleb128 0x19
 346 006b 03       		.uleb128 0x3
 347 006c 0E       		.uleb128 0xe
 348 006d 3A       		.uleb128 0x3a
 349 006e 0B       		.uleb128 0xb
 350 006f 3B       		.uleb128 0x3b
 351 0070 0B       		.uleb128 0xb
 352 0071 27       		.uleb128 0x27
 353 0072 19       		.uleb128 0x19
 354 0073 11       		.uleb128 0x11
 355 0074 01       		.uleb128 0x1
 356 0075 12       		.uleb128 0x12
 357 0076 06       		.uleb128 0x6
 358 0077 40       		.uleb128 0x40
 359 0078 18       		.uleb128 0x18
ARM GAS  C:\Users\LAIR\AppData\Local\Temp\ccuOdKtZ.s 			page 9


 360 0079 9742     		.uleb128 0x2117
 361 007b 19       		.uleb128 0x19
 362 007c 00       		.byte	0
 363 007d 00       		.byte	0
 364 007e 0A       		.uleb128 0xa
 365 007f 34       		.uleb128 0x34
 366 0080 00       		.byte	0
 367 0081 03       		.uleb128 0x3
 368 0082 0E       		.uleb128 0xe
 369 0083 3A       		.uleb128 0x3a
 370 0084 0B       		.uleb128 0xb
 371 0085 3B       		.uleb128 0x3b
 372 0086 0B       		.uleb128 0xb
 373 0087 49       		.uleb128 0x49
 374 0088 13       		.uleb128 0x13
 375 0089 02       		.uleb128 0x2
 376 008a 18       		.uleb128 0x18
 377 008b 00       		.byte	0
 378 008c 00       		.byte	0
 379 008d 00       		.byte	0
 380              		.section	.debug_aranges,"",%progbits
 381 0000 24000000 		.4byte	0x24
 382 0004 0200     		.2byte	0x2
 383 0006 00000000 		.4byte	.Ldebug_info0
 384 000a 04       		.byte	0x4
 385 000b 00       		.byte	0
 386 000c 0000     		.2byte	0
 387 000e 0000     		.2byte	0
 388 0010 00000000 		.4byte	.LFB0
 389 0014 28000000 		.4byte	.LFE0-.LFB0
 390 0018 00000000 		.4byte	.LFB1
 391 001c 28000000 		.4byte	.LFE1-.LFB1
 392 0020 00000000 		.4byte	0
 393 0024 00000000 		.4byte	0
 394              		.section	.debug_ranges,"",%progbits
 395              	.Ldebug_ranges0:
 396 0000 00000000 		.4byte	.LFB0
 397 0004 28000000 		.4byte	.LFE0
 398 0008 00000000 		.4byte	.LFB1
 399 000c 28000000 		.4byte	.LFE1
 400 0010 00000000 		.4byte	0
 401 0014 00000000 		.4byte	0
 402              		.section	.debug_line,"",%progbits
 403              	.Ldebug_line0:
 404 0000 85000000 		.section	.debug_str,"MS",%progbits,1
 404      02005800 
 404      00000201 
 404      FB0E0D00 
 404      01010101 
 405              	.LASF13:
 406 0000 72656733 		.ascii	"reg32\000"
 406      3200
 407              	.LASF16:
 408 0006 75736253 		.ascii	"usbState\000"
 408      74617465 
 408      00
 409              	.LASF18:
ARM GAS  C:\Users\LAIR\AppData\Local\Temp\ccuOdKtZ.s 			page 10


 410 000f 55534246 		.ascii	"USBFS_Dp_Sleep\000"
 410      535F4470 
 410      5F536C65 
 410      657000
 411              	.LASF9:
 412 001e 666C6F61 		.ascii	"float\000"
 412      7400
 413              	.LASF23:
 414 0024 55534246 		.ascii	"USBFS_Dp_backup\000"
 414      535F4470 
 414      5F626163 
 414      6B757000 
 415              	.LASF1:
 416 0034 756E7369 		.ascii	"unsigned char\000"
 416      676E6564 
 416      20636861 
 416      7200
 417              	.LASF5:
 418 0042 6C6F6E67 		.ascii	"long unsigned int\000"
 418      20756E73 
 418      69676E65 
 418      6420696E 
 418      7400
 419              	.LASF3:
 420 0054 73686F72 		.ascii	"short unsigned int\000"
 420      7420756E 
 420      7369676E 
 420      65642069 
 420      6E7400
 421              	.LASF19:
 422 0067 55534246 		.ascii	"USBFS_Dp_Wakeup\000"
 422      535F4470 
 422      5F57616B 
 422      65757000 
 423              	.LASF10:
 424 0077 646F7562 		.ascii	"double\000"
 424      6C6500
 425              	.LASF12:
 426 007e 75696E74 		.ascii	"uint32\000"
 426      333200
 427              	.LASF8:
 428 0085 756E7369 		.ascii	"unsigned int\000"
 428      676E6564 
 428      20696E74 
 428      00
 429              	.LASF7:
 430 0092 6C6F6E67 		.ascii	"long long unsigned int\000"
 430      206C6F6E 
 430      6720756E 
 430      7369676E 
 430      65642069 
 431              	.LASF15:
 432 00a9 73696F53 		.ascii	"sioState\000"
 432      74617465 
 432      00
 433              	.LASF21:
 434 00b2 2E5C4765 		.ascii	".\\Generated_Source\\PSoC4\\USBFS_Dp_PM.c\000"
ARM GAS  C:\Users\LAIR\AppData\Local\Temp\ccuOdKtZ.s 			page 11


 434      6E657261 
 434      7465645F 
 434      536F7572 
 434      63655C50 
 435              	.LASF6:
 436 00d9 6C6F6E67 		.ascii	"long long int\000"
 436      206C6F6E 
 436      6720696E 
 436      7400
 437              	.LASF22:
 438 00e7 433A5C55 		.ascii	"C:\\Users\\LAIR\\Documents\\GitHub\\ARC-Controller\\"
 438      73657273 
 438      5C4C4149 
 438      525C446F 
 438      63756D65 
 439 0115 50536F43 		.ascii	"PSoC-Code\\ARC-EMBED.cydsn\000"
 439      2D436F64 
 439      655C4152 
 439      432D454D 
 439      4245442E 
 440              	.LASF17:
 441 012f 55534246 		.ascii	"USBFS_Dp_BACKUP_STRUCT\000"
 441      535F4470 
 441      5F424143 
 441      4B55505F 
 441      53545255 
 442              	.LASF20:
 443 0146 474E5520 		.ascii	"GNU C 4.9.3 20150303 (release) [ARM/embedded-4_9-br"
 443      4320342E 
 443      392E3320 
 443      32303135 
 443      30333033 
 444 0179 616E6368 		.ascii	"anch revision 221220] -mcpu=cortex-m0 -mthumb -g -O"
 444      20726576 
 444      6973696F 
 444      6E203232 
 444      31323230 
 445 01ac 67202D66 		.ascii	"g -ffunction-sections -ffat-lto-objects\000"
 445      66756E63 
 445      74696F6E 
 445      2D736563 
 445      74696F6E 
 446              	.LASF2:
 447 01d4 73686F72 		.ascii	"short int\000"
 447      7420696E 
 447      7400
 448              	.LASF14:
 449 01de 70635374 		.ascii	"pcState\000"
 449      61746500 
 450              	.LASF4:
 451 01e6 6C6F6E67 		.ascii	"long int\000"
 451      20696E74 
 451      00
 452              	.LASF11:
 453 01ef 63686172 		.ascii	"char\000"
 453      00
 454              	.LASF0:
ARM GAS  C:\Users\LAIR\AppData\Local\Temp\ccuOdKtZ.s 			page 12


 455 01f4 7369676E 		.ascii	"signed char\000"
 455      65642063 
 455      68617200 
 456              		.ident	"GCC: (GNU Tools for ARM Embedded Processors) 4.9.3 20150303 (release) [ARM/embedded-4_9-br
