#***************************************************************************

#sjplacer

#Version:            1.1

#Build Date:         Apr 25 2016 12:55:34

#File Generated:     Jan 12 2017 00:18:45

#Purpose:            

#Copyright (C) 2010-2011 by Softjin Technologies Pvt Ltd. All rights reserved.

#***************************************************************************

Executing : C:\Program Files (x86)\Cypress\PSoC Creator\3.3\PSoC Creator\bin/sjplacer.exe --proj-name ARC-EMBED --netlist-vh2 ARC-EMBED_p.vh2 --arch-file C:\Program Files (x86)\Cypress\PSoC Creator\3.3\PSoC Creator\dev/arch/p4_udb2x4.ark --rrg-file C:\Program Files (x86)\Cypress\PSoC Creator\3.3\PSoC Creator\dev/psoc4/2/route_arch-rrg.cydata --irq-file C:\Program Files (x86)\Cypress\PSoC Creator\3.3\PSoC Creator\dev/psoc4/2/irqconn.cydata --drq-file C:\Program Files (x86)\Cypress\PSoC Creator\3.3\PSoC Creator\dev/psoc4/2/triggerconn.cydata --dsi-conn-file C:\Program Files (x86)\Cypress\PSoC Creator\3.3\PSoC Creator\dev/psoc4/2/dsiconn.cydata --pins-file pins_124-VFBGA.xml --lib-file ARC-EMBED_p.lib --sdc-file ARC-EMBED.sdc --io-pcf ARC-EMBED.pci --outdir .

		Softjin Techologies Placer, Version 1.1

Build Date : Apr 25 2016	12:53:53

D2004: Option and Settings Summary
=============================================================
Netlist vh2 file          - ARC-EMBED_p.vh2
Architecture file         - C:\Program Files (x86)\Cypress\PSoC Creator\3.3\PSoC Creator\dev/arch/p4_udb2x4.ark
Package                   - 
Defparam file             - 
SDC file                  - ARC-EMBED.sdc
Output directory          - .
Timing library            - ARC-EMBED_p.lib
IO Placement file         - ARC-EMBED.pci

D2050: Starting reading inputs for placer
=============================================================
D2065: Reading netlist file : "ARC-EMBED_p.vh2"
D2065: Reading arch file : "C:\Program Files (x86)\Cypress\PSoC Creator\3.3\PSoC Creator\dev/arch/p4_udb2x4.ark"
D2051: Reading of inputs for placer completed successfully

D2053: Starting placement of the design
=============================================================

Phase 2
Phase 3

Design Statistics after Packing
    Number of Combinational MCs 	:	4
    Number of Sequential MCs    	:	28
    Number of DPs               	:	8
    Number of Controls          	:	4
    Number of Status            	:	4
    Number of SyncCells         	:	0
    Number of count7cells       	:	0

Device Utilization Summary after Packing
    Macrocells                  :	32/64
    UDBS                        :	8/8
    IOs                         :	34/99


D2088: Phase 3, elapsed time : 0.0 (sec)

Phase 4
D2088: Phase 4, elapsed time : 0.0 (sec)

Phase 6

######################################################################
Placement Timing Summary

The timing summary is based on estimated routing delays after
placement. For final timing report, please carry out the timing
analysis after routing.
======================================================================

######################################################################
                     Clock Summary 
======================================================================
Number of clocks: 15
Clock: CyHFCLK              | Frequency: N/A       | Target:  48.0 MHz
Clock: CyILO                | Frequency: N/A       | Target:   0.0 MHz
Clock: CyIMO                | Frequency: N/A       | Target:  48.0 MHz
Clock: CyLFCLK              | Frequency: N/A       | Target:   0.0 MHz
Clock: CyRouted1            | Frequency: N/A       | Target:  48.0 MHz
Clock: CySYSCLK             | Frequency: N/A       | Target:  48.0 MHz
Clock: EZI2C_1_SCBCLK       | Frequency: N/A       | Target:   1.6 MHz
Clock: EZI2C_1_SCBCLK(FFB)  | Frequency: N/A       | Target:   1.6 MHz
Clock: SPI_SCBCLK           | Frequency: N/A       | Target:  16.0 MHz
Clock: SPI_SCBCLK(FFB)      | Frequency: N/A       | Target:  16.0 MHz
Clock: SRV_CLK              | Frequency:  41.7 MHz | Target:   2.0 MHz
Clock: TCPWM_CLK            | Frequency: N/A       | Target:  24.0 MHz
Clock: TCPWM_CLK(FFB)       | Frequency: N/A       | Target:  24.0 MHz
Clock: UART_SCBCLK          | Frequency: N/A       | Target:   1.4 MHz
Clock: UART_SCBCLK(FFB)     | Frequency: N/A       | Target:   1.4 MHz

======================================================================
                     End of Clock Summary
######################################################################

D2088: Phase 6, elapsed time : 0.0 (sec)

Phase 7
######################################################################
                     Clock Summary 
======================================================================
Number of clocks: 15
Clock: CyHFCLK              | Frequency: N/A       | Target:  48.0 MHz
Clock: CyILO                | Frequency: N/A       | Target:   0.0 MHz
Clock: CyIMO                | Frequency: N/A       | Target:  48.0 MHz
Clock: CyLFCLK              | Frequency: N/A       | Target:   0.0 MHz
Clock: CyRouted1            | Frequency: N/A       | Target:  48.0 MHz
Clock: CySYSCLK             | Frequency: N/A       | Target:  48.0 MHz
Clock: EZI2C_1_SCBCLK       | Frequency: N/A       | Target:   1.6 MHz
Clock: EZI2C_1_SCBCLK(FFB)  | Frequency: N/A       | Target:   1.6 MHz
Clock: SPI_SCBCLK           | Frequency: N/A       | Target:  16.0 MHz
Clock: SPI_SCBCLK(FFB)      | Frequency: N/A       | Target:  16.0 MHz
Clock: SRV_CLK              | Frequency:  41.7 MHz | Target:   2.0 MHz
Clock: TCPWM_CLK            | Frequency: N/A       | Target:  24.0 MHz
Clock: TCPWM_CLK(FFB)       | Frequency: N/A       | Target:  24.0 MHz
Clock: UART_SCBCLK          | Frequency: N/A       | Target:   1.4 MHz
Clock: UART_SCBCLK(FFB)     | Frequency: N/A       | Target:   1.4 MHz

======================================================================
                     End of Clock Summary
######################################################################
D2088: Phase 7, elapsed time : 0.1 (sec)

Final Design Statistics
    Number of Combinational MCs 	:	4
    Number of Sequential MCs    	:	28
    Number of DPs               	:	8
    Number of Controls          	:	4
    Number of Status            	:	4
    Number of SyncCells         	:	0
    Number of count7cells       	:	0
    Number of IOs       	:	34

Device Utilization Summary
    Macrocells                  :	32/64
    IOs                         :	34/99



######################################################################
Placement Timing Summary

The timing summary is based on estimated routing delays after
placement. For final timing report, please carry out the timing
analysis after routing.
======================================================================


######################################################################
                     Clock Summary 
======================================================================
Number of clocks: 15
Clock: CyHFCLK              | Frequency: N/A       | Target:  48.0 MHz
Clock: CyILO                | Frequency: N/A       | Target:   0.0 MHz
Clock: CyIMO                | Frequency: N/A       | Target:  48.0 MHz
Clock: CyLFCLK              | Frequency: N/A       | Target:   0.0 MHz
Clock: CyRouted1            | Frequency: N/A       | Target:  48.0 MHz
Clock: CySYSCLK             | Frequency: N/A       | Target:  48.0 MHz
Clock: EZI2C_1_SCBCLK       | Frequency: N/A       | Target:   1.6 MHz
Clock: EZI2C_1_SCBCLK(FFB)  | Frequency: N/A       | Target:   1.6 MHz
Clock: SPI_SCBCLK           | Frequency: N/A       | Target:  16.0 MHz
Clock: SPI_SCBCLK(FFB)      | Frequency: N/A       | Target:  16.0 MHz
Clock: SRV_CLK              | Frequency:  41.7 MHz | Target:   2.2 MHz
Clock: TCPWM_CLK            | Frequency: N/A       | Target:  24.0 MHz
Clock: TCPWM_CLK(FFB)       | Frequency: N/A       | Target:  24.0 MHz
Clock: UART_SCBCLK          | Frequency: N/A       | Target:   1.4 MHz
Clock: UART_SCBCLK(FFB)     | Frequency: N/A       | Target:   1.4 MHz

======================================================================
                     End of Clock Summary
######################################################################

Phase 6

######################################################################
Placement Timing Summary

The timing summary is based on estimated routing delays after
placement. For final timing report, please carry out the timing
analysis after routing.
======================================================================

######################################################################
                     Clock Summary 
======================================================================
Number of clocks: 15
Clock: CyHFCLK              | Frequency: N/A       | Target:  48.0 MHz
Clock: CyILO                | Frequency: N/A       | Target:   0.0 MHz
Clock: CyIMO                | Frequency: N/A       | Target:  48.0 MHz
Clock: CyLFCLK              | Frequency: N/A       | Target:   0.0 MHz
Clock: CyRouted1            | Frequency: N/A       | Target:  48.0 MHz
Clock: CySYSCLK             | Frequency: N/A       | Target:  48.0 MHz
Clock: EZI2C_1_SCBCLK       | Frequency: N/A       | Target:   1.6 MHz
Clock: EZI2C_1_SCBCLK(FFB)  | Frequency: N/A       | Target:   1.6 MHz
Clock: SPI_SCBCLK           | Frequency: N/A       | Target:  16.0 MHz
Clock: SPI_SCBCLK(FFB)      | Frequency: N/A       | Target:  16.0 MHz
Clock: SRV_CLK              | Frequency:  41.7 MHz | Target:   2.2 MHz
Clock: TCPWM_CLK            | Frequency: N/A       | Target:  24.0 MHz
Clock: TCPWM_CLK(FFB)       | Frequency: N/A       | Target:  24.0 MHz
Clock: UART_SCBCLK          | Frequency: N/A       | Target:   1.4 MHz
Clock: UART_SCBCLK(FFB)     | Frequency: N/A       | Target:   1.4 MHz

======================================================================
                     End of Clock Summary
######################################################################

D2088: Phase 6, elapsed time : 0.0 (sec)

Phase 7
######################################################################
                     Clock Summary 
======================================================================
Number of clocks: 15
Clock: CyHFCLK              | Frequency: N/A       | Target:  48.0 MHz
Clock: CyILO                | Frequency: N/A       | Target:   0.0 MHz
Clock: CyIMO                | Frequency: N/A       | Target:  48.0 MHz
Clock: CyLFCLK              | Frequency: N/A       | Target:   0.0 MHz
Clock: CyRouted1            | Frequency: N/A       | Target:  48.0 MHz
Clock: CySYSCLK             | Frequency: N/A       | Target:  48.0 MHz
Clock: EZI2C_1_SCBCLK       | Frequency: N/A       | Target:   1.6 MHz
Clock: EZI2C_1_SCBCLK(FFB)  | Frequency: N/A       | Target:   1.6 MHz
Clock: SPI_SCBCLK           | Frequency: N/A       | Target:  16.0 MHz
Clock: SPI_SCBCLK(FFB)      | Frequency: N/A       | Target:  16.0 MHz
Clock: SRV_CLK              | Frequency:  41.7 MHz | Target:   2.4 MHz
Clock: TCPWM_CLK            | Frequency: N/A       | Target:  24.0 MHz
Clock: TCPWM_CLK(FFB)       | Frequency: N/A       | Target:  24.0 MHz
Clock: UART_SCBCLK          | Frequency: N/A       | Target:   1.4 MHz
Clock: UART_SCBCLK(FFB)     | Frequency: N/A       | Target:   1.4 MHz

======================================================================
                     End of Clock Summary
######################################################################
D2088: Phase 7, elapsed time : 0.2 (sec)

Final Design Statistics
    Number of Combinational MCs 	:	4
    Number of Sequential MCs    	:	28
    Number of DPs               	:	8
    Number of Controls          	:	4
    Number of Status            	:	4
    Number of SyncCells         	:	0
    Number of count7cells       	:	0
    Number of IOs       	:	34

Device Utilization Summary
    Macrocells                  :	32/64
    IOs                         :	34/99



######################################################################
Placement Timing Summary

The timing summary is based on estimated routing delays after
placement. For final timing report, please carry out the timing
analysis after routing.
======================================================================


######################################################################
                     Clock Summary 
======================================================================
Number of clocks: 15
Clock: CyHFCLK              | Frequency: N/A       | Target:  48.0 MHz
Clock: CyILO                | Frequency: N/A       | Target:   0.0 MHz
Clock: CyIMO                | Frequency: N/A       | Target:  48.0 MHz
Clock: CyLFCLK              | Frequency: N/A       | Target:   0.0 MHz
Clock: CyRouted1            | Frequency: N/A       | Target:  48.0 MHz
Clock: CySYSCLK             | Frequency: N/A       | Target:  48.0 MHz
Clock: EZI2C_1_SCBCLK       | Frequency: N/A       | Target:   1.6 MHz
Clock: EZI2C_1_SCBCLK(FFB)  | Frequency: N/A       | Target:   1.6 MHz
Clock: SPI_SCBCLK           | Frequency: N/A       | Target:  16.0 MHz
Clock: SPI_SCBCLK(FFB)      | Frequency: N/A       | Target:  16.0 MHz
Clock: SRV_CLK              | Frequency:  41.7 MHz | Target:   2.7 MHz
Clock: TCPWM_CLK            | Frequency: N/A       | Target:  24.0 MHz
Clock: TCPWM_CLK(FFB)       | Frequency: N/A       | Target:  24.0 MHz
Clock: UART_SCBCLK          | Frequency: N/A       | Target:   1.4 MHz
Clock: UART_SCBCLK(FFB)     | Frequency: N/A       | Target:   1.4 MHz

======================================================================
                     End of Clock Summary
######################################################################

Phase 8
D2088: Phase 8, elapsed time : 0.0 (sec)

D2054: Placement of the design completed successfully

I2076: Total run-time: 1.1 sec.

